<test-run id="2" testcasecount="110" result="Passed" start-time="2023-03-01 15:47:06.378489" end-time="2023-03-01 15:47:23.046506" duration="16" total="110" passed="98" failed="12" inconclusive="0" skipped="0" asserts="0" clr-version="3.8.10 (default, Mar 15 2022, 12:22:08) &#10;[GCC 9.4.0]" engine-version="3.6.2"><command-line>/home/timadmin/code/nafigator/.venv/bin/pytest tests/</command-line><filter><test re="0">tests/</test></filter><test-suite id="tests/test_utils.py::TestUtils" name="tests/test_utils.py::TestUtils" fullname="tests/test_utils.py::TestUtils" methodname="" classname="" runstate="Runnable" type="Assembly" testcasecount="23" result="Passed" label="The basic class that inherits unittest.TestCase" start-time="2023-03-01 15:47:22.976111" end-time="2023-03-01 15:47:23.046021" duration="0.06991" asserts="0" total="23" passed="23" failed="0" warnings="0" inconclusive="0" skipped="0"><properties><property name="python_version" value="3.8.10 (default, Mar 15 2022, 12:22:08) &#10;[GCC 9.4.0]" /></properties><test-case id="187" name="tests/test_utils.py::TestUtils::test_dataframe2naf" fullname="tests/test_utils.py::TestUtils::test_dataframe2naf" methodname="test_dataframe2naf" classname="TestUtils" runstate="Runnable" seed="1" result="Passed" label="This function evaluates metadata and reruns files with naf error.&#10;        Input:&#10;            df_meta: the dataframe containing the meta data for the NAF files.&#10;            overwrite_existing_naf: if True then existing NAF files are overwritten (default = False)&#10;            rerun_files_with_naf_errors: if True then documents that produced NAF errors are run again (default = False)&#10;            engine: name of the NLP processor to be used (default = None)&#10;            naf_version: NAF version to be used&#10;            dtd_validation: perform validation of each NAF file (default = False)&#10;            params: additional parameters for NAF conversion&#10;        Level: 0&#10;        Scenarios:&#10;            missing dc:language&#10;            missing dc:source&#10;            rerun_files_with_naf_errors True&#10;            overwrite_existing_naf True" start-time="2023-03-01 15:47:22.976111" end-time="2023-03-01 15:47:22.977047" duration="0.000936" asserts="0"><properties><property name="python-version" value="3.8.10 (default, Mar 15 2022, 12:22:08) &#10;[GCC 9.4.0]" /><property name="fspath" value="tests/test_utils.py" /></properties><environment framework-version="3.6.2" clr-version="3.8.10 (default, Mar 15 2022, 12:22:08) &#10;[GCC 9.4.0]" os-version="5.15.79.1-microsoft-standard-WSL2" platform="Linux" cwd="/home/timadmin/code/nafigator" machine-name="x86_64" user="" user-domain="" culture="en_US" uiculture="en_US" os-architecture="64bit" /><failure><message><![CDATA[]]></message><stack-trace><![CDATA[None]]></stack-trace></failure><reason><message><![CDATA[]]></message></reason><output><![CDATA[]]></output></test-case><test-case id="188" name="tests/test_utils.py::TestUtils::test_evaluate_sentence" fullname="tests/test_utils.py::TestUtils::test_evaluate_sentence" methodname="test_evaluate_sentence" classname="TestUtils" runstate="Runnable" seed="1" result="Passed" label="OUTDATED - CHECK TO REMOVE&#10;        This function evaluates a sentence on occurrence of mandatory terms and non occurrence of&#10;        term to avoid&#10;        Input:&#10;        Level: &#10;        Scenarios:" start-time="2023-03-01 15:47:22.977716" end-time="2023-03-01 15:47:22.980524" duration="0.002808" asserts="0"><properties><property name="python-version" value="3.8.10 (default, Mar 15 2022, 12:22:08) &#10;[GCC 9.4.0]" /><property name="fspath" value="tests/test_utils.py" /></properties><environment framework-version="3.6.2" clr-version="3.8.10 (default, Mar 15 2022, 12:22:08) &#10;[GCC 9.4.0]" os-version="5.15.79.1-microsoft-standard-WSL2" platform="Linux" cwd="/home/timadmin/code/nafigator" machine-name="x86_64" user="" user-domain="" culture="en_US" uiculture="en_US" os-architecture="64bit" /><failure><message><![CDATA[]]></message><stack-trace><![CDATA[None]]></stack-trace></failure><reason><message><![CDATA[]]></message></reason><output><![CDATA[]]></output></test-case><test-case id="189" name="tests/test_utils.py::TestUtils::test_get_context_rows" fullname="tests/test_utils.py::TestUtils::test_get_context_rows" methodname="test_get_context_rows" classname="TestUtils" runstate="Runnable" seed="1" result="Passed" label="This function retrieves the line where word has been found with option to also retreive sentences/paragraphs&#10;            before and after&#10;        Input:&#10;            ref_text: a sentence or paragraph from the sentences or paragraphs layer as a dictionary to retrieve extra&#10;                context for&#10;            naf: a NafDocument.sentences or NafDocument.paragaphs (can be rewritten with search_level as extra input)&#10;            context_range: amount of context lines around ref_text&#10;        Level: 0&#10;        Scenarios:&#10;            context range = 0&#10;            context range = 2&#10;            sentence&#10;            paragraph" start-time="2023-03-01 15:47:22.981107" end-time="2023-03-01 15:47:22.981898" duration="0.000791" asserts="0"><properties><property name="python-version" value="3.8.10 (default, Mar 15 2022, 12:22:08) &#10;[GCC 9.4.0]" /><property name="fspath" value="tests/test_utils.py" /></properties><environment framework-version="3.6.2" clr-version="3.8.10 (default, Mar 15 2022, 12:22:08) &#10;[GCC 9.4.0]" os-version="5.15.79.1-microsoft-standard-WSL2" platform="Linux" cwd="/home/timadmin/code/nafigator" machine-name="x86_64" user="" user-domain="" culture="en_US" uiculture="en_US" os-architecture="64bit" /><failure><message><![CDATA[]]></message><stack-trace><![CDATA[None]]></stack-trace></failure><reason><message><![CDATA[]]></message></reason><output><![CDATA[]]></output></test-case><test-case id="190" name="tests/test_utils.py::TestUtils::test_get_textlines" fullname="tests/test_utils.py::TestUtils::test_get_textlines" methodname="test_get_textlines" classname="TestUtils" runstate="Runnable" seed="1" result="Passed" label="test already written above. Move below to follow seem order as in utils.py&#10;        This function&#10;        Input:&#10;        Level:&#10;        Scenarios:" start-time="2023-03-01 15:47:22.982981" end-time="2023-03-01 15:47:22.984142" duration="0.001161" asserts="0"><properties><property name="python-version" value="3.8.10 (default, Mar 15 2022, 12:22:08) &#10;[GCC 9.4.0]" /><property name="fspath" value="tests/test_utils.py" /></properties><environment framework-version="3.6.2" clr-version="3.8.10 (default, Mar 15 2022, 12:22:08) &#10;[GCC 9.4.0]" os-version="5.15.79.1-microsoft-standard-WSL2" platform="Linux" cwd="/home/timadmin/code/nafigator" machine-name="x86_64" user="" user-domain="" culture="en_US" uiculture="en_US" os-architecture="64bit" /><failure><message><![CDATA[]]></message><stack-trace><![CDATA[None]]></stack-trace></failure><reason><message><![CDATA[]]></message></reason><output><![CDATA[]]></output></test-case><test-case id="191" name="tests/test_utils.py::TestUtils::test_get_textlines_0_sentence_in_fist_textline" fullname="tests/test_utils.py::TestUtils::test_get_textlines_0_sentence_in_fist_textline" methodname="test_get_textlines_0_sentence_in_fist_textline" classname="TestUtils" runstate="Runnable" seed="1" result="Passed" label="" start-time="2023-03-01 15:47:22.984712" end-time="2023-03-01 15:47:22.985592" duration="0.00088" asserts="0"><properties><property name="python-version" value="3.8.10 (default, Mar 15 2022, 12:22:08) &#10;[GCC 9.4.0]" /><property name="fspath" value="tests/test_utils.py" /></properties><environment framework-version="3.6.2" clr-version="3.8.10 (default, Mar 15 2022, 12:22:08) &#10;[GCC 9.4.0]" os-version="5.15.79.1-microsoft-standard-WSL2" platform="Linux" cwd="/home/timadmin/code/nafigator" machine-name="x86_64" user="" user-domain="" culture="en_US" uiculture="en_US" os-architecture="64bit" /><failure><message><![CDATA[]]></message><stack-trace><![CDATA[None]]></stack-trace></failure><reason><message><![CDATA[]]></message></reason><output><![CDATA[]]></output></test-case><test-case id="192" name="tests/test_utils.py::TestUtils::test_get_textlines_1_sentence_in_one_textline" fullname="tests/test_utils.py::TestUtils::test_get_textlines_1_sentence_in_one_textline" methodname="test_get_textlines_1_sentence_in_one_textline" classname="TestUtils" runstate="Runnable" seed="1" result="Passed" label="" start-time="2023-03-01 15:47:22.987330" end-time="2023-03-01 15:47:22.988069" duration="0.000739" asserts="0"><properties><property name="python-version" value="3.8.10 (default, Mar 15 2022, 12:22:08) &#10;[GCC 9.4.0]" /><property name="fspath" value="tests/test_utils.py" /></properties><environment framework-version="3.6.2" clr-version="3.8.10 (default, Mar 15 2022, 12:22:08) &#10;[GCC 9.4.0]" os-version="5.15.79.1-microsoft-standard-WSL2" platform="Linux" cwd="/home/timadmin/code/nafigator" machine-name="x86_64" user="" user-domain="" culture="en_US" uiculture="en_US" os-architecture="64bit" /><failure><message><![CDATA[]]></message><stack-trace><![CDATA[None]]></stack-trace></failure><reason><message><![CDATA[]]></message></reason><output><![CDATA[]]></output></test-case><test-case id="193" name="tests/test_utils.py::TestUtils::test_get_textlines_2_sentence_split_over_two_lines" fullname="tests/test_utils.py::TestUtils::test_get_textlines_2_sentence_split_over_two_lines" methodname="test_get_textlines_2_sentence_split_over_two_lines" classname="TestUtils" runstate="Runnable" seed="1" result="Passed" label="" start-time="2023-03-01 15:47:22.988845" end-time="2023-03-01 15:47:22.990227" duration="0.001382" asserts="0"><properties><property name="python-version" value="3.8.10 (default, Mar 15 2022, 12:22:08) &#10;[GCC 9.4.0]" /><property name="fspath" value="tests/test_utils.py" /></properties><environment framework-version="3.6.2" clr-version="3.8.10 (default, Mar 15 2022, 12:22:08) &#10;[GCC 9.4.0]" os-version="5.15.79.1-microsoft-standard-WSL2" platform="Linux" cwd="/home/timadmin/code/nafigator" machine-name="x86_64" user="" user-domain="" culture="en_US" uiculture="en_US" os-architecture="64bit" /><failure><message><![CDATA[]]></message><stack-trace><![CDATA[None]]></stack-trace></failure><reason><message><![CDATA[]]></message></reason><output><![CDATA[]]></output></test-case><test-case id="194" name="tests/test_utils.py::TestUtils::test_get_textlines_3_sentence_in_last_textlines" fullname="tests/test_utils.py::TestUtils::test_get_textlines_3_sentence_in_last_textlines" methodname="test_get_textlines_3_sentence_in_last_textlines" classname="TestUtils" runstate="Runnable" seed="1" result="Passed" label="" start-time="2023-03-01 15:47:22.991263" end-time="2023-03-01 15:47:22.992901" duration="0.001638" asserts="0"><properties><property name="python-version" value="3.8.10 (default, Mar 15 2022, 12:22:08) &#10;[GCC 9.4.0]" /><property name="fspath" value="tests/test_utils.py" /></properties><environment framework-version="3.6.2" clr-version="3.8.10 (default, Mar 15 2022, 12:22:08) &#10;[GCC 9.4.0]" os-version="5.15.79.1-microsoft-standard-WSL2" platform="Linux" cwd="/home/timadmin/code/nafigator" machine-name="x86_64" user="" user-domain="" culture="en_US" uiculture="en_US" os-architecture="64bit" /><failure><message><![CDATA[]]></message><stack-trace><![CDATA[None]]></stack-trace></failure><reason><message><![CDATA[]]></message></reason><output><![CDATA[]]></output></test-case><test-case id="195" name="tests/test_utils.py::TestUtils::test_glue_sentences_separated_by_colons" fullname="tests/test_utils.py::TestUtils::test_glue_sentences_separated_by_colons" methodname="test_glue_sentences_separated_by_colons" classname="TestUtils" runstate="Runnable" seed="1" result="Passed" label="NOT BEING USED IN NAFIGATOR - CHECK USAGE OTHER PACKAGES&#10;        This function glues sentences that are separated by colons&#10;        Input:&#10;            doc: the NafDocument&#10;            language: language used for lemmatization&#10;            nlp: dictionary of nlp processors    &#10;        Level: 0&#10;        Scenarios:&#10;            NafDocument with colons" start-time="2023-03-01 15:47:22.993387" end-time="2023-03-01 15:47:22.994151" duration="0.000764" asserts="0"><properties><property name="python-version" value="3.8.10 (default, Mar 15 2022, 12:22:08) &#10;[GCC 9.4.0]" /><property name="fspath" value="tests/test_utils.py" /></properties><environment framework-version="3.6.2" clr-version="3.8.10 (default, Mar 15 2022, 12:22:08) &#10;[GCC 9.4.0]" os-version="5.15.79.1-microsoft-standard-WSL2" platform="Linux" cwd="/home/timadmin/code/nafigator" machine-name="x86_64" user="" user-domain="" culture="en_US" uiculture="en_US" os-architecture="64bit" /><failure><message><![CDATA[]]></message><stack-trace><![CDATA[None]]></stack-trace></failure><reason><message><![CDATA[]]></message></reason><output><![CDATA[]]></output></test-case><test-case id="196" name="tests/test_utils.py::TestUtils::test_glue_terms_separated_by_hard_hyphens" fullname="tests/test_utils.py::TestUtils::test_glue_terms_separated_by_hard_hyphens" methodname="test_glue_terms_separated_by_hard_hyphens" classname="TestUtils" runstate="Runnable" seed="1" result="Passed" label="NOT BEING USED IN NAFIGATOR - CHECK USAGE OTHER PACKAGES&#10;        This function glues terms that are separated by hard hyphens&#10;        Input:&#10;            doc: the NafDocument&#10;            language: language used for lemmatization&#10;            nlp: dictionary of nlp processors&#10;        Level: 0&#10;        Scenarios:&#10;            NafDocument with hard hyphens" start-time="2023-03-01 15:47:22.995028" end-time="2023-03-01 15:47:22.996170" duration="0.001142" asserts="0"><properties><property name="python-version" value="3.8.10 (default, Mar 15 2022, 12:22:08) &#10;[GCC 9.4.0]" /><property name="fspath" value="tests/test_utils.py" /></properties><environment framework-version="3.6.2" clr-version="3.8.10 (default, Mar 15 2022, 12:22:08) &#10;[GCC 9.4.0]" os-version="5.15.79.1-microsoft-standard-WSL2" platform="Linux" cwd="/home/timadmin/code/nafigator" machine-name="x86_64" user="" user-domain="" culture="en_US" uiculture="en_US" os-architecture="64bit" /><failure><message><![CDATA[]]></message><stack-trace><![CDATA[None]]></stack-trace></failure><reason><message><![CDATA[]]></message></reason><output><![CDATA[]]></output></test-case><test-case id="197" name="tests/test_utils.py::TestUtils::test_glue_terms_separated_by_soft_hyphens" fullname="tests/test_utils.py::TestUtils::test_glue_terms_separated_by_soft_hyphens" methodname="test_glue_terms_separated_by_soft_hyphens" classname="TestUtils" runstate="Runnable" seed="1" result="Passed" label="NOT BEING USED IN NAFIGATOR - CHECK USAGE OTHER PACKAGES&#10;        This function glues terms that are separated by soft hyphens&#10;        Input:&#10;            doc: the NafDocument&#10;            language: language used for lemmatization&#10;            nlp: dictionary of nlp processors&#10;        Level: 0&#10;        Scenarios:&#10;            NafDocument with soft hyphens" start-time="2023-03-01 15:47:22.996644" end-time="2023-03-01 15:47:22.998016" duration="0.001372" asserts="0"><properties><property name="python-version" value="3.8.10 (default, Mar 15 2022, 12:22:08) &#10;[GCC 9.4.0]" /><property name="fspath" value="tests/test_utils.py" /></properties><environment framework-version="3.6.2" clr-version="3.8.10 (default, Mar 15 2022, 12:22:08) &#10;[GCC 9.4.0]" os-version="5.15.79.1-microsoft-standard-WSL2" platform="Linux" cwd="/home/timadmin/code/nafigator" machine-name="x86_64" user="" user-domain="" culture="en_US" uiculture="en_US" os-architecture="64bit" /><failure><message><![CDATA[]]></message><stack-trace><![CDATA[None]]></stack-trace></failure><reason><message><![CDATA[]]></message></reason><output><![CDATA[]]></output></test-case><test-case id="198" name="tests/test_utils.py::TestUtils::test_lemmatize" fullname="tests/test_utils.py::TestUtils::test_lemmatize" methodname="test_lemmatize" classname="TestUtils" runstate="Runnable" seed="1" result="Passed" label="OUTDATED - CHECK TO REMOVE&#10;        This function lemmatizes text in onject&#10;        Input:&#10;            o: the object with text to be lemmatized&#10;            language: language used for lemmatization&#10;            nlp: dictionary of nlp processors&#10;        Level: 0&#10;        Scenarios:&#10;            string&#10;            list&#10;            dict&#10;            series&#10;            dataframe" start-time="2023-03-01 15:47:22.999343" end-time="2023-03-01 15:47:23.000805" duration="0.001462" asserts="0"><properties><property name="python-version" value="3.8.10 (default, Mar 15 2022, 12:22:08) &#10;[GCC 9.4.0]" /><property name="fspath" value="tests/test_utils.py" /></properties><environment framework-version="3.6.2" clr-version="3.8.10 (default, Mar 15 2022, 12:22:08) &#10;[GCC 9.4.0]" os-version="5.15.79.1-microsoft-standard-WSL2" platform="Linux" cwd="/home/timadmin/code/nafigator" machine-name="x86_64" user="" user-domain="" culture="en_US" uiculture="en_US" os-architecture="64bit" /><failure><message><![CDATA[]]></message><stack-trace><![CDATA[None]]></stack-trace></failure><reason><message><![CDATA[]]></message></reason><output><![CDATA[]]></output></test-case><test-case id="199" name="tests/test_utils.py::TestUtils::test_lemmatize_sentence" fullname="tests/test_utils.py::TestUtils::test_lemmatize_sentence" methodname="test_lemmatize_sentence" classname="TestUtils" runstate="Runnable" seed="1" result="Passed" label="OUTDATED - CHECK TO REMOVE&#10;        This function lemmatizes a naf sentence&#10;        Input:&#10;            sentence: dict of sentence (naf)&#10;            terms: list of terms dict (naf)&#10;        Level: 0&#10;        Scenarios:&#10;            sentence to be lemmatized" start-time="2023-03-01 15:47:23.001304" end-time="2023-03-01 15:47:23.002125" duration="0.000821" asserts="0"><properties><property name="python-version" value="3.8.10 (default, Mar 15 2022, 12:22:08) &#10;[GCC 9.4.0]" /><property name="fspath" value="tests/test_utils.py" /></properties><environment framework-version="3.6.2" clr-version="3.8.10 (default, Mar 15 2022, 12:22:08) &#10;[GCC 9.4.0]" os-version="5.15.79.1-microsoft-standard-WSL2" platform="Linux" cwd="/home/timadmin/code/nafigator" machine-name="x86_64" user="" user-domain="" culture="en_US" uiculture="en_US" os-architecture="64bit" /><failure><message><![CDATA[]]></message><stack-trace><![CDATA[None]]></stack-trace></failure><reason><message><![CDATA[]]></message></reason><output><![CDATA[]]></output></test-case><test-case id="200" name="tests/test_utils.py::TestUtils::test_load_dtd" fullname="tests/test_utils.py::TestUtils::test_load_dtd" methodname="test_load_dtd" classname="TestUtils" runstate="Runnable" seed="1" result="Passed" label="This function loads dtd&#10;        Input:&#10;            dtd_url: the location of the dtd file&#10;        Level: 0&#10;        Scenarios:&#10;            check if dtd has been loaded" start-time="2023-03-01 15:47:23.002821" end-time="2023-03-01 15:47:23.003536" duration="0.000715" asserts="0"><properties><property name="python-version" value="3.8.10 (default, Mar 15 2022, 12:22:08) &#10;[GCC 9.4.0]" /><property name="fspath" value="tests/test_utils.py" /></properties><environment framework-version="3.6.2" clr-version="3.8.10 (default, Mar 15 2022, 12:22:08) &#10;[GCC 9.4.0]" os-version="5.15.79.1-microsoft-standard-WSL2" platform="Linux" cwd="/home/timadmin/code/nafigator" machine-name="x86_64" user="" user-domain="" culture="en_US" uiculture="en_US" os-architecture="64bit" /><failure><message><![CDATA[]]></message><stack-trace><![CDATA[None]]></stack-trace></failure><reason><message><![CDATA[]]></message></reason><output><![CDATA[]]></output></test-case><test-case id="201" name="tests/test_utils.py::TestUtils::test_lowercase" fullname="tests/test_utils.py::TestUtils::test_lowercase" methodname="test_lowercase" classname="TestUtils" runstate="Runnable" seed="1" result="Passed" label="OUTDATED - CHECK TO REMOVE&#10;        This function&#10;        Input:&#10;        Level:&#10;        Scenarios:" start-time="2023-03-01 15:47:23.004108" end-time="2023-03-01 15:47:23.004898" duration="0.00079" asserts="0"><properties><property name="python-version" value="3.8.10 (default, Mar 15 2022, 12:22:08) &#10;[GCC 9.4.0]" /><property name="fspath" value="tests/test_utils.py" /></properties><environment framework-version="3.6.2" clr-version="3.8.10 (default, Mar 15 2022, 12:22:08) &#10;[GCC 9.4.0]" os-version="5.15.79.1-microsoft-standard-WSL2" platform="Linux" cwd="/home/timadmin/code/nafigator" machine-name="x86_64" user="" user-domain="" culture="en_US" uiculture="en_US" os-architecture="64bit" /><failure><message><![CDATA[]]></message><stack-trace><![CDATA[None]]></stack-trace></failure><reason><message><![CDATA[]]></message></reason><output><![CDATA[]]></output></test-case><test-case id="202" name="tests/test_utils.py::TestUtils::test_normalize_token_orth" fullname="tests/test_utils.py::TestUtils::test_normalize_token_orth" methodname="test_normalize_token_orth" classname="TestUtils" runstate="Runnable" seed="1" result="Passed" label="This function normalizes the token text&#10;        Input:&#10;            orth: the token text to be normalized&#10;        Level: 1&#10;        Scenarios:&#10;            orth with &#10;&#10;            orth wihout" start-time="2023-03-01 15:47:23.005574" end-time="2023-03-01 15:47:23.007590" duration="0.002016" asserts="0"><properties><property name="python-version" value="3.8.10 (default, Mar 15 2022, 12:22:08) &#10;[GCC 9.4.0]" /><property name="fspath" value="tests/test_utils.py" /></properties><environment framework-version="3.6.2" clr-version="3.8.10 (default, Mar 15 2022, 12:22:08) &#10;[GCC 9.4.0]" os-version="5.15.79.1-microsoft-standard-WSL2" platform="Linux" cwd="/home/timadmin/code/nafigator" machine-name="x86_64" user="" user-domain="" culture="en_US" uiculture="en_US" os-architecture="64bit" /><failure><message><![CDATA[]]></message><stack-trace><![CDATA[None]]></stack-trace></failure><reason><message><![CDATA[]]></message></reason><output><![CDATA[]]></output></test-case><test-case id="203" name="tests/test_utils.py::TestUtils::test_prepare_comment_text" fullname="tests/test_utils.py::TestUtils::test_prepare_comment_text" methodname="test_prepare_comment_text" classname="TestUtils" runstate="Runnable" seed="1" result="Passed" label="This function prepares comment text for xml&#10;        Input:&#10;            text: comment to be converted to xml comment&#10;        Level: 0&#10;        Scenarios:&#10;            text with --&#10;            text ending with -&#10;            text without -- or -" start-time="2023-03-01 15:47:23.008129" end-time="2023-03-01 15:47:23.013383" duration="0.005254" asserts="0"><properties><property name="python-version" value="3.8.10 (default, Mar 15 2022, 12:22:08) &#10;[GCC 9.4.0]" /><property name="fspath" value="tests/test_utils.py" /></properties><environment framework-version="3.6.2" clr-version="3.8.10 (default, Mar 15 2022, 12:22:08) &#10;[GCC 9.4.0]" os-version="5.15.79.1-microsoft-standard-WSL2" platform="Linux" cwd="/home/timadmin/code/nafigator" machine-name="x86_64" user="" user-domain="" culture="en_US" uiculture="en_US" os-architecture="64bit" /><failure><message><![CDATA[]]></message><stack-trace><![CDATA[None]]></stack-trace></failure><reason><message><![CDATA[]]></message></reason><output><![CDATA[]]></output></test-case><test-case id="204" name="tests/test_utils.py::TestUtils::test_remove_control_characters" fullname="tests/test_utils.py::TestUtils::test_remove_control_characters" methodname="test_remove_control_characters" classname="TestUtils" runstate="Runnable" seed="1" result="Passed" label="This function strips invalid XML characters that `lxml` cannot parse.&#10;        Input:&#10;            html: text from which control characters need to be removed&#10;        Level: 1&#10;        Scenarios:&#10;            text with a non-ascii character, such as an emoji" start-time="2023-03-01 15:47:23.013937" end-time="2023-03-01 15:47:23.014675" duration="0.000738" asserts="0"><properties><property name="python-version" value="3.8.10 (default, Mar 15 2022, 12:22:08) &#10;[GCC 9.4.0]" /><property name="fspath" value="tests/test_utils.py" /></properties><environment framework-version="3.6.2" clr-version="3.8.10 (default, Mar 15 2022, 12:22:08) &#10;[GCC 9.4.0]" os-version="5.15.79.1-microsoft-standard-WSL2" platform="Linux" cwd="/home/timadmin/code/nafigator" machine-name="x86_64" user="" user-domain="" culture="en_US" uiculture="en_US" os-architecture="64bit" /><failure><message><![CDATA[]]></message><stack-trace><![CDATA[None]]></stack-trace></failure><reason><message><![CDATA[]]></message></reason><output><![CDATA[]]></output></test-case><test-case id="205" name="tests/test_utils.py::TestUtils::test_remove_illegal_chars" fullname="tests/test_utils.py::TestUtils::test_remove_illegal_chars" methodname="test_remove_illegal_chars" classname="TestUtils" runstate="Runnable" seed="1" result="Passed" label="This function removes illegal characters in text&#10;        Input:&#10;            text: string from which illegal characters need to be removed&#10;        Level: 0&#10;        Scenarios:&#10;            text is None&#10;            text contains an illegal character" start-time="2023-03-01 15:47:23.015219" end-time="2023-03-01 15:47:23.015871" duration="0.000652" asserts="0"><properties><property name="python-version" value="3.8.10 (default, Mar 15 2022, 12:22:08) &#10;[GCC 9.4.0]" /><property name="fspath" value="tests/test_utils.py" /></properties><environment framework-version="3.6.2" clr-version="3.8.10 (default, Mar 15 2022, 12:22:08) &#10;[GCC 9.4.0]" os-version="5.15.79.1-microsoft-standard-WSL2" platform="Linux" cwd="/home/timadmin/code/nafigator" machine-name="x86_64" user="" user-domain="" culture="en_US" uiculture="en_US" os-architecture="64bit" /><failure><message><![CDATA[]]></message><stack-trace><![CDATA[None]]></stack-trace></failure><reason><message><![CDATA[]]></message></reason><output><![CDATA[]]></output></test-case><test-case id="206" name="tests/test_utils.py::TestUtils::test_remove_sublists" fullname="tests/test_utils.py::TestUtils::test_remove_sublists" methodname="test_remove_sublists" classname="TestUtils" runstate="Runnable" seed="1" result="Passed" label="OUTDATED - CHECK TO REMOVE&#10;        This function returns a list where all sublists are removed&#10;        Input:&#10;            lst: list with lists&#10;        Level: 0&#10;        Scenarios:&#10;            see examples in function" start-time="2023-03-01 15:47:23.016340" end-time="2023-03-01 15:47:23.016989" duration="0.000649" asserts="0"><properties><property name="python-version" value="3.8.10 (default, Mar 15 2022, 12:22:08) &#10;[GCC 9.4.0]" /><property name="fspath" value="tests/test_utils.py" /></properties><environment framework-version="3.6.2" clr-version="3.8.10 (default, Mar 15 2022, 12:22:08) &#10;[GCC 9.4.0]" os-version="5.15.79.1-microsoft-standard-WSL2" platform="Linux" cwd="/home/timadmin/code/nafigator" machine-name="x86_64" user="" user-domain="" culture="en_US" uiculture="en_US" os-architecture="64bit" /><failure><message><![CDATA[]]></message><stack-trace><![CDATA[None]]></stack-trace></failure><reason><message><![CDATA[]]></message></reason><output><![CDATA[]]></output></test-case><test-case id="207" name="tests/test_utils.py::TestUtils::test_strip_illegal_xml_characters" fullname="tests/test_utils.py::TestUtils::test_strip_illegal_xml_characters" methodname="test_strip_illegal_xml_characters" classname="TestUtils" runstate="Runnable" seed="1" result="Passed" label="This function compares the &quot;invalid XML character range&quot; numerically&#10;        (needs to be unembedded - out of scope)&#10;        Input:&#10;            s&#10;            def test_ult&#10;            base&#10;        Level: 0&#10;        Scenarios:&#10;            n containing an invalid XML character range&#10;            n not containing an invalid XML character range" start-time="2023-03-01 15:47:23.023036" end-time="2023-03-01 15:47:23.032277" duration="0.009241" asserts="0"><properties><property name="python-version" value="3.8.10 (default, Mar 15 2022, 12:22:08) &#10;[GCC 9.4.0]" /><property name="fspath" value="tests/test_utils.py" /></properties><environment framework-version="3.6.2" clr-version="3.8.10 (default, Mar 15 2022, 12:22:08) &#10;[GCC 9.4.0]" os-version="5.15.79.1-microsoft-standard-WSL2" platform="Linux" cwd="/home/timadmin/code/nafigator" machine-name="x86_64" user="" user-domain="" culture="en_US" uiculture="en_US" os-architecture="64bit" /><failure><message><![CDATA[]]></message><stack-trace><![CDATA[None]]></stack-trace></failure><reason><message><![CDATA[]]></message></reason><output><![CDATA[]]></output></test-case><test-case id="208" name="tests/test_utils.py::TestUtils::test_sublist_indices" fullname="tests/test_utils.py::TestUtils::test_sublist_indices" methodname="test_sublist_indices" classname="TestUtils" runstate="Runnable" seed="1" result="Passed" label="This function returns a list of indices of the full list that contain the sub list&#10;        Input:&#10;            sub: list of words to search in the full list&#10;            full: list of words in which the words of sublist are searched&#10;        Level: 0&#10;        Scenarios:&#10;            sub list with 2 different words&#10;            sub list with 1 word being found twice&#10;            sub list in which words of sublist do not occur" start-time="2023-03-01 15:47:23.039615" end-time="2023-03-01 15:47:23.040801" duration="0.001186" asserts="0"><properties><property name="python-version" value="3.8.10 (default, Mar 15 2022, 12:22:08) &#10;[GCC 9.4.0]" /><property name="fspath" value="tests/test_utils.py" /></properties><environment framework-version="3.6.2" clr-version="3.8.10 (default, Mar 15 2022, 12:22:08) &#10;[GCC 9.4.0]" os-version="5.15.79.1-microsoft-standard-WSL2" platform="Linux" cwd="/home/timadmin/code/nafigator" machine-name="x86_64" user="" user-domain="" culture="en_US" uiculture="en_US" os-architecture="64bit" /><failure><message><![CDATA[]]></message><stack-trace><![CDATA[None]]></stack-trace></failure><reason><message><![CDATA[]]></message></reason><output><![CDATA[]]></output></test-case><test-case id="209" name="tests/test_utils.py::TestUtils::test_time_in_correct_format" fullname="tests/test_utils.py::TestUtils::test_time_in_correct_format" methodname="test_time_in_correct_format" classname="TestUtils" runstate="Runnable" seed="1" result="Passed" label="This function returns the current time (UTC) as a string&#10;        Input:&#10;            datetime_obj: the input to be converted&#10;        Level: 0&#10;        Scenarios:&#10;            check if conversion is correctly done" start-time="2023-03-01 15:47:23.041476" end-time="2023-03-01 15:47:23.046021" duration="0.004545" asserts="0"><properties><property name="python-version" value="3.8.10 (default, Mar 15 2022, 12:22:08) &#10;[GCC 9.4.0]" /><property name="fspath" value="tests/test_utils.py" /></properties><environment framework-version="3.6.2" clr-version="3.8.10 (default, Mar 15 2022, 12:22:08) &#10;[GCC 9.4.0]" os-version="5.15.79.1-microsoft-standard-WSL2" platform="Linux" cwd="/home/timadmin/code/nafigator" machine-name="x86_64" user="" user-domain="" culture="en_US" uiculture="en_US" os-architecture="64bit" /><failure><message><![CDATA[]]></message><stack-trace><![CDATA[None]]></stack-trace></failure><reason><message><![CDATA[]]></message></reason><output><![CDATA[]]></output></test-case><environment framework-version="3.6.2" clr-version="3.8.10 (default, Mar 15 2022, 12:22:08) &#10;[GCC 9.4.0]" os-version="5.15.79.1-microsoft-standard-WSL2" platform="Linux" cwd="/home/timadmin/code/nafigator" machine-name="x86_64" user="" user-domain="" culture="en_US" uiculture="en_US" os-architecture="64bit" /></test-suite><test-suite id="tests/test_nafigator.py::TestNafigator_pdf" name="tests/test_nafigator.py::TestNafigator_pdf" fullname="tests/test_nafigator.py::TestNafigator_pdf" methodname="" classname="" runstate="Runnable" type="Assembly" testcasecount="13" result="Passed" label="Tests for `nafigator` package." start-time="2023-03-01 15:47:07.871221" end-time="2023-03-01 15:47:08.384317" duration="0.513096" asserts="0" total="13" passed="9" failed="4" warnings="0" inconclusive="0" skipped="0"><properties><property name="python_version" value="3.8.10 (default, Mar 15 2022, 12:22:08) &#10;[GCC 9.4.0]" /></properties><test-case id="133" name="tests/test_nafigator.py::TestNafigator_pdf::test_10_pdf_multiwords" fullname="tests/test_nafigator.py::TestNafigator_pdf::test_10_pdf_multiwords" methodname="test_10_pdf_multiwords" classname="TestNafigator_pdf" runstate="Runnable" seed="1" result="Passed" label="" start-time="2023-03-01 15:47:07.871221" end-time="2023-03-01 15:47:07.872897" duration="0.001676" asserts="0"><properties><property name="python-version" value="3.8.10 (default, Mar 15 2022, 12:22:08) &#10;[GCC 9.4.0]" /><property name="fspath" value="tests/test_nafigator.py" /></properties><environment framework-version="3.6.2" clr-version="3.8.10 (default, Mar 15 2022, 12:22:08) &#10;[GCC 9.4.0]" os-version="5.15.79.1-microsoft-standard-WSL2" platform="Linux" cwd="/home/timadmin/code/nafigator" machine-name="x86_64" user="" user-domain="" culture="en_US" uiculture="en_US" os-architecture="64bit" /><failure><message><![CDATA[]]></message><stack-trace><![CDATA[None]]></stack-trace></failure><reason><message><![CDATA[&#x1b;[31m&#x1b;[1mERROR   &#x1b;[0m root:parse2naf.py:70 stanza not installed]]></message></reason><output><![CDATA[&#x1b;[31m&#x1b;[1mERROR   &#x1b;[0m root:parse2naf.py:70 stanza not installed]]></output></test-case><test-case id="134" name="tests/test_nafigator.py::TestNafigator_pdf::test_11_raw" fullname="tests/test_nafigator.py::TestNafigator_pdf::test_11_raw" methodname="test_11_raw" classname="TestNafigator_pdf" runstate="Runnable" seed="1" result="Passed" label="" start-time="2023-03-01 15:47:07.880016" end-time="2023-03-01 15:47:07.890198" duration="0.010182" asserts="0"><properties><property name="python-version" value="3.8.10 (default, Mar 15 2022, 12:22:08) &#10;[GCC 9.4.0]" /><property name="fspath" value="tests/test_nafigator.py" /></properties><environment framework-version="3.6.2" clr-version="3.8.10 (default, Mar 15 2022, 12:22:08) &#10;[GCC 9.4.0]" os-version="5.15.79.1-microsoft-standard-WSL2" platform="Linux" cwd="/home/timadmin/code/nafigator" machine-name="x86_64" user="" user-domain="" culture="en_US" uiculture="en_US" os-architecture="64bit" /><failure><message><![CDATA[]]></message><stack-trace><![CDATA[None]]></stack-trace></failure><reason><message><![CDATA[&#x1b;[31m&#x1b;[1mERROR   &#x1b;[0m root:parse2naf.py:70 stanza not installed]]></message></reason><output><![CDATA[&#x1b;[31m&#x1b;[1mERROR   &#x1b;[0m root:parse2naf.py:70 stanza not installed]]></output></test-case><test-case id="135" name="tests/test_nafigator.py::TestNafigator_pdf::test_12_tables" fullname="tests/test_nafigator.py::TestNafigator_pdf::test_12_tables" methodname="test_12_tables" classname="TestNafigator_pdf" runstate="Runnable" seed="1" result="Failed" label="" start-time="2023-03-01 15:47:07.890940" end-time="2023-03-01 15:47:07.980343" duration="0.089403" asserts="0"><properties><property name="python-version" value="3.8.10 (default, Mar 15 2022, 12:22:08) &#10;[GCC 9.4.0]" /><property name="fspath" value="tests/test_nafigator.py" /></properties><environment framework-version="3.6.2" clr-version="3.8.10 (default, Mar 15 2022, 12:22:08) &#10;[GCC 9.4.0]" os-version="5.15.79.1-microsoft-standard-WSL2" platform="Linux" cwd="/home/timadmin/code/nafigator" machine-name="x86_64" user="" user-domain="" culture="en_US" uiculture="en_US" os-architecture="64bit" /><failure><message><![CDATA[self = &lt;tests.test_nafigator.TestNafigator_pdf testMethod=test_12_tables&gt;

    def test_12_tables(self):
        doc = parse2naf.generate_naf(
            input="tests" + os.sep + "tests" + os.sep + "example_tables.pdf",
            engine="stanza",
            language="en",
            naf_version="v3.1",
            dtd_validation=False,
            params={"parse_tables_with_camelot": True},
            nlp=None,
        )
&gt;       doc.write(
            "tests" + os.sep + "tests" + os.sep + "example_tables.naf.xml"
        ) == None
E       AttributeError: 'NoneType' object has no attribute 'write'

tests/test_nafigator.py:1191: AttributeError]]></message><stack-trace><![CDATA[/home/timadmin/code/nafigator/tests/test_nafigator.py:1191: AttributeError: 'NoneType' object has no attribute 'write']]></stack-trace></failure><reason><message><![CDATA[&#x1b;[31m&#x1b;[1mERROR   &#x1b;[0m root:parse2naf.py:70 stanza not installed
&#x1b;[31m&#x1b;[1mERROR   &#x1b;[0m root:parse2naf.py:70 stanza not installed]]></message></reason><output><![CDATA[&#x1b;[31m&#x1b;[1mERROR   &#x1b;[0m root:parse2naf.py:70 stanza not installed
&#x1b;[31m&#x1b;[1mERROR   &#x1b;[0m root:parse2naf.py:70 stanza not installed]]></output></test-case><test-case id="136" name="tests/test_nafigator.py::TestNafigator_pdf::test_13_formats_copy" fullname="tests/test_nafigator.py::TestNafigator_pdf::test_13_formats_copy" methodname="test_13_formats_copy" classname="TestNafigator_pdf" runstate="Runnable" seed="1" result="Failed" label="" start-time="2023-03-01 15:47:07.981172" end-time="2023-03-01 15:47:08.042339" duration="0.061167" asserts="0"><properties><property name="python-version" value="3.8.10 (default, Mar 15 2022, 12:22:08) &#10;[GCC 9.4.0]" /><property name="fspath" value="tests/test_nafigator.py" /></properties><environment framework-version="3.6.2" clr-version="3.8.10 (default, Mar 15 2022, 12:22:08) &#10;[GCC 9.4.0]" os-version="5.15.79.1-microsoft-standard-WSL2" platform="Linux" cwd="/home/timadmin/code/nafigator" machine-name="x86_64" user="" user-domain="" culture="en_US" uiculture="en_US" os-architecture="64bit" /><failure><message><![CDATA[self = &lt;tests.test_nafigator.TestNafigator_pdf testMethod=test_13_formats_copy&gt;

    def test_13_formats_copy(self):
        # @TODO: naf wordt nu meerdere keren de testen opgeroepen. Deze kan vooraf gedefinieerd worden.
        pdf_naf_copy_formats = parse2naf.generate_naf(
            input="tests" + os.sep + "tests" + os.sep + "example.pdf",
            engine="stanza",
            language="en",
            naf_version="v3.1",
            dtd_validation=False,
            params={'include pdf xml': True},
            nlp=None,
        )
&gt;       actual = pdf_naf_copy_formats.formats_copy
E       AttributeError: 'NoneType' object has no attribute 'formats_copy'

tests/test_nafigator.py:1321: AttributeError]]></message><stack-trace><![CDATA[/home/timadmin/code/nafigator/tests/test_nafigator.py:1321: AttributeError: 'NoneType' object has no attribute 'formats_copy']]></stack-trace></failure><reason><message><![CDATA[&#x1b;[31m&#x1b;[1mERROR   &#x1b;[0m root:parse2naf.py:70 stanza not installed
&#x1b;[31m&#x1b;[1mERROR   &#x1b;[0m root:parse2naf.py:70 stanza not installed]]></message></reason><output><![CDATA[&#x1b;[31m&#x1b;[1mERROR   &#x1b;[0m root:parse2naf.py:70 stanza not installed
&#x1b;[31m&#x1b;[1mERROR   &#x1b;[0m root:parse2naf.py:70 stanza not installed]]></output></test-case><test-case id="137" name="tests/test_nafigator.py::TestNafigator_pdf::test_1_pdf_generate_naf" fullname="tests/test_nafigator.py::TestNafigator_pdf::test_1_pdf_generate_naf" methodname="test_1_pdf_generate_naf" classname="TestNafigator_pdf" runstate="Runnable" seed="1" result="Failed" label="" start-time="2023-03-01 15:47:08.043309" end-time="2023-03-01 15:47:08.096328" duration="0.053019" asserts="0"><properties><property name="python-version" value="3.8.10 (default, Mar 15 2022, 12:22:08) &#10;[GCC 9.4.0]" /><property name="fspath" value="tests/test_nafigator.py" /></properties><environment framework-version="3.6.2" clr-version="3.8.10 (default, Mar 15 2022, 12:22:08) &#10;[GCC 9.4.0]" os-version="5.15.79.1-microsoft-standard-WSL2" platform="Linux" cwd="/home/timadmin/code/nafigator" machine-name="x86_64" user="" user-domain="" culture="en_US" uiculture="en_US" os-architecture="64bit" /><failure><message><![CDATA[self = &lt;tests.test_nafigator.TestNafigator_pdf testMethod=test_1_pdf_generate_naf&gt;

    def test_1_pdf_generate_naf(self):
        """ """
        tree = parse2naf.generate_naf(
            input="tests" + os.sep + "tests" + os.sep + "example.pdf",
            engine="stanza",
            language="en",
            naf_version="v3.1",
            dtd_validation=False,
            params={},
            nlp=None,
        )
&gt;       assert (
            tree.write("tests" + os.sep + "tests" + os.sep + "example.naf.xml") is None
        )
E       AttributeError: 'NoneType' object has no attribute 'write'

tests/test_nafigator.py:42: AttributeError]]></message><stack-trace><![CDATA[/home/timadmin/code/nafigator/tests/test_nafigator.py:42: AttributeError: 'NoneType' object has no attribute 'write']]></stack-trace></failure><reason><message><![CDATA[&#x1b;[31m&#x1b;[1mERROR   &#x1b;[0m root:parse2naf.py:70 stanza not installed
&#x1b;[31m&#x1b;[1mERROR   &#x1b;[0m root:parse2naf.py:70 stanza not installed]]></message></reason><output><![CDATA[&#x1b;[31m&#x1b;[1mERROR   &#x1b;[0m root:parse2naf.py:70 stanza not installed
&#x1b;[31m&#x1b;[1mERROR   &#x1b;[0m root:parse2naf.py:70 stanza not installed]]></output></test-case><test-case id="138" name="tests/test_nafigator.py::TestNafigator_pdf::test_1_split_pre_linguistic" fullname="tests/test_nafigator.py::TestNafigator_pdf::test_1_split_pre_linguistic" methodname="test_1_split_pre_linguistic" classname="TestNafigator_pdf" runstate="Runnable" seed="1" result="Failed" label="" start-time="2023-03-01 15:47:08.099184" end-time="2023-03-01 15:47:08.318380" duration="0.219196" asserts="0"><properties><property name="python-version" value="3.8.10 (default, Mar 15 2022, 12:22:08) &#10;[GCC 9.4.0]" /><property name="fspath" value="tests/test_nafigator.py" /></properties><environment framework-version="3.6.2" clr-version="3.8.10 (default, Mar 15 2022, 12:22:08) &#10;[GCC 9.4.0]" os-version="5.15.79.1-microsoft-standard-WSL2" platform="Linux" cwd="/home/timadmin/code/nafigator" machine-name="x86_64" user="" user-domain="" culture="en_US" uiculture="en_US" os-architecture="64bit" /><failure><message><![CDATA[self = &lt;tests.test_nafigator.TestNafigator_pdf testMethod=test_1_split_pre_linguistic&gt;

    def test_1_split_pre_linguistic(self):
        """ """
        # only save the preprocess steps
        tree = parse2naf.generate_naf(
            input=join("tests", "tests", "example.pdf"),
            engine="stanza",
            language="en",
            naf_version="v3.1",
            dtd_validation=False,
            params={"linguistic_layers": []},
            nlp=None,
        )
&gt;       tree.write(join("tests", "tests", "example_preprocess.naf.xml")) is None
E       AttributeError: 'NoneType' object has no attribute 'write'

tests/test_nafigator.py:58: AttributeError]]></message><stack-trace><![CDATA[/home/timadmin/code/nafigator/tests/test_nafigator.py:58: AttributeError: 'NoneType' object has no attribute 'write']]></stack-trace></failure><reason><message><![CDATA[&#x1b;[31m&#x1b;[1mERROR   &#x1b;[0m root:parse2naf.py:70 stanza not installed
&#x1b;[31m&#x1b;[1mERROR   &#x1b;[0m root:parse2naf.py:70 stanza not installed]]></message></reason><output><![CDATA[&#x1b;[31m&#x1b;[1mERROR   &#x1b;[0m root:parse2naf.py:70 stanza not installed
&#x1b;[31m&#x1b;[1mERROR   &#x1b;[0m root:parse2naf.py:70 stanza not installed]]></output></test-case><test-case id="139" name="tests/test_nafigator.py::TestNafigator_pdf::test_2_pdf_header_filedesc" fullname="tests/test_nafigator.py::TestNafigator_pdf::test_2_pdf_header_filedesc" methodname="test_2_pdf_header_filedesc" classname="TestNafigator_pdf" runstate="Runnable" seed="1" result="Passed" label="" start-time="2023-03-01 15:47:08.319133" end-time="2023-03-01 15:47:08.321037" duration="0.001904" asserts="0"><properties><property name="python-version" value="3.8.10 (default, Mar 15 2022, 12:22:08) &#10;[GCC 9.4.0]" /><property name="fspath" value="tests/test_nafigator.py" /></properties><environment framework-version="3.6.2" clr-version="3.8.10 (default, Mar 15 2022, 12:22:08) &#10;[GCC 9.4.0]" os-version="5.15.79.1-microsoft-standard-WSL2" platform="Linux" cwd="/home/timadmin/code/nafigator" machine-name="x86_64" user="" user-domain="" culture="en_US" uiculture="en_US" os-architecture="64bit" /><failure><message><![CDATA[]]></message><stack-trace><![CDATA[None]]></stack-trace></failure><reason><message><![CDATA[&#x1b;[31m&#x1b;[1mERROR   &#x1b;[0m root:parse2naf.py:70 stanza not installed]]></message></reason><output><![CDATA[&#x1b;[31m&#x1b;[1mERROR   &#x1b;[0m root:parse2naf.py:70 stanza not installed]]></output></test-case><test-case id="140" name="tests/test_nafigator.py::TestNafigator_pdf::test_3_pdf_header_public" fullname="tests/test_nafigator.py::TestNafigator_pdf::test_3_pdf_header_public" methodname="test_3_pdf_header_public" classname="TestNafigator_pdf" runstate="Runnable" seed="1" result="Passed" label="" start-time="2023-03-01 15:47:08.323773" end-time="2023-03-01 15:47:08.327164" duration="0.003391" asserts="0"><properties><property name="python-version" value="3.8.10 (default, Mar 15 2022, 12:22:08) &#10;[GCC 9.4.0]" /><property name="fspath" value="tests/test_nafigator.py" /></properties><environment framework-version="3.6.2" clr-version="3.8.10 (default, Mar 15 2022, 12:22:08) &#10;[GCC 9.4.0]" os-version="5.15.79.1-microsoft-standard-WSL2" platform="Linux" cwd="/home/timadmin/code/nafigator" machine-name="x86_64" user="" user-domain="" culture="en_US" uiculture="en_US" os-architecture="64bit" /><failure><message><![CDATA[]]></message><stack-trace><![CDATA[None]]></stack-trace></failure><reason><message><![CDATA[&#x1b;[31m&#x1b;[1mERROR   &#x1b;[0m root:parse2naf.py:70 stanza not installed]]></message></reason><output><![CDATA[&#x1b;[31m&#x1b;[1mERROR   &#x1b;[0m root:parse2naf.py:70 stanza not installed]]></output></test-case><test-case id="141" name="tests/test_nafigator.py::TestNafigator_pdf::test_5_pdf_formats" fullname="tests/test_nafigator.py::TestNafigator_pdf::test_5_pdf_formats" methodname="test_5_pdf_formats" classname="TestNafigator_pdf" runstate="Runnable" seed="1" result="Passed" label="" start-time="2023-03-01 15:47:08.327766" end-time="2023-03-01 15:47:08.332133" duration="0.004367" asserts="0"><properties><property name="python-version" value="3.8.10 (default, Mar 15 2022, 12:22:08) &#10;[GCC 9.4.0]" /><property name="fspath" value="tests/test_nafigator.py" /></properties><environment framework-version="3.6.2" clr-version="3.8.10 (default, Mar 15 2022, 12:22:08) &#10;[GCC 9.4.0]" os-version="5.15.79.1-microsoft-standard-WSL2" platform="Linux" cwd="/home/timadmin/code/nafigator" machine-name="x86_64" user="" user-domain="" culture="en_US" uiculture="en_US" os-architecture="64bit" /><failure><message><![CDATA[]]></message><stack-trace><![CDATA[None]]></stack-trace></failure><reason><message><![CDATA[&#x1b;[31m&#x1b;[1mERROR   &#x1b;[0m root:parse2naf.py:70 stanza not installed]]></message></reason><output><![CDATA[&#x1b;[31m&#x1b;[1mERROR   &#x1b;[0m root:parse2naf.py:70 stanza not installed]]></output></test-case><test-case id="142" name="tests/test_nafigator.py::TestNafigator_pdf::test_6_pdf_entities" fullname="tests/test_nafigator.py::TestNafigator_pdf::test_6_pdf_entities" methodname="test_6_pdf_entities" classname="TestNafigator_pdf" runstate="Runnable" seed="1" result="Passed" label="" start-time="2023-03-01 15:47:08.332750" end-time="2023-03-01 15:47:08.335581" duration="0.002831" asserts="0"><properties><property name="python-version" value="3.8.10 (default, Mar 15 2022, 12:22:08) &#10;[GCC 9.4.0]" /><property name="fspath" value="tests/test_nafigator.py" /></properties><environment framework-version="3.6.2" clr-version="3.8.10 (default, Mar 15 2022, 12:22:08) &#10;[GCC 9.4.0]" os-version="5.15.79.1-microsoft-standard-WSL2" platform="Linux" cwd="/home/timadmin/code/nafigator" machine-name="x86_64" user="" user-domain="" culture="en_US" uiculture="en_US" os-architecture="64bit" /><failure><message><![CDATA[]]></message><stack-trace><![CDATA[None]]></stack-trace></failure><reason><message><![CDATA[&#x1b;[31m&#x1b;[1mERROR   &#x1b;[0m root:parse2naf.py:70 stanza not installed]]></message></reason><output><![CDATA[&#x1b;[31m&#x1b;[1mERROR   &#x1b;[0m root:parse2naf.py:70 stanza not installed]]></output></test-case><test-case id="143" name="tests/test_nafigator.py::TestNafigator_pdf::test_7_pdf_text" fullname="tests/test_nafigator.py::TestNafigator_pdf::test_7_pdf_text" methodname="test_7_pdf_text" classname="TestNafigator_pdf" runstate="Runnable" seed="1" result="Passed" label="" start-time="2023-03-01 15:47:08.336266" end-time="2023-03-01 15:47:08.356437" duration="0.020171" asserts="0"><properties><property name="python-version" value="3.8.10 (default, Mar 15 2022, 12:22:08) &#10;[GCC 9.4.0]" /><property name="fspath" value="tests/test_nafigator.py" /></properties><environment framework-version="3.6.2" clr-version="3.8.10 (default, Mar 15 2022, 12:22:08) &#10;[GCC 9.4.0]" os-version="5.15.79.1-microsoft-standard-WSL2" platform="Linux" cwd="/home/timadmin/code/nafigator" machine-name="x86_64" user="" user-domain="" culture="en_US" uiculture="en_US" os-architecture="64bit" /><failure><message><![CDATA[]]></message><stack-trace><![CDATA[None]]></stack-trace></failure><reason><message><![CDATA[&#x1b;[31m&#x1b;[1mERROR   &#x1b;[0m root:parse2naf.py:70 stanza not installed]]></message></reason><output><![CDATA[&#x1b;[31m&#x1b;[1mERROR   &#x1b;[0m root:parse2naf.py:70 stanza not installed]]></output></test-case><test-case id="144" name="tests/test_nafigator.py::TestNafigator_pdf::test_8_pdf_terms" fullname="tests/test_nafigator.py::TestNafigator_pdf::test_8_pdf_terms" methodname="test_8_pdf_terms" classname="TestNafigator_pdf" runstate="Runnable" seed="1" result="Passed" label="" start-time="2023-03-01 15:47:08.357763" end-time="2023-03-01 15:47:08.368316" duration="0.010553" asserts="0"><properties><property name="python-version" value="3.8.10 (default, Mar 15 2022, 12:22:08) &#10;[GCC 9.4.0]" /><property name="fspath" value="tests/test_nafigator.py" /></properties><environment framework-version="3.6.2" clr-version="3.8.10 (default, Mar 15 2022, 12:22:08) &#10;[GCC 9.4.0]" os-version="5.15.79.1-microsoft-standard-WSL2" platform="Linux" cwd="/home/timadmin/code/nafigator" machine-name="x86_64" user="" user-domain="" culture="en_US" uiculture="en_US" os-architecture="64bit" /><failure><message><![CDATA[]]></message><stack-trace><![CDATA[None]]></stack-trace></failure><reason><message><![CDATA[&#x1b;[31m&#x1b;[1mERROR   &#x1b;[0m root:parse2naf.py:70 stanza not installed]]></message></reason><output><![CDATA[&#x1b;[31m&#x1b;[1mERROR   &#x1b;[0m root:parse2naf.py:70 stanza not installed]]></output></test-case><test-case id="145" name="tests/test_nafigator.py::TestNafigator_pdf::test_9_pdf_dependencies" fullname="tests/test_nafigator.py::TestNafigator_pdf::test_9_pdf_dependencies" methodname="test_9_pdf_dependencies" classname="TestNafigator_pdf" runstate="Runnable" seed="1" result="Passed" label="" start-time="2023-03-01 15:47:08.369034" end-time="2023-03-01 15:47:08.384317" duration="0.015283" asserts="0"><properties><property name="python-version" value="3.8.10 (default, Mar 15 2022, 12:22:08) &#10;[GCC 9.4.0]" /><property name="fspath" value="tests/test_nafigator.py" /></properties><environment framework-version="3.6.2" clr-version="3.8.10 (default, Mar 15 2022, 12:22:08) &#10;[GCC 9.4.0]" os-version="5.15.79.1-microsoft-standard-WSL2" platform="Linux" cwd="/home/timadmin/code/nafigator" machine-name="x86_64" user="" user-domain="" culture="en_US" uiculture="en_US" os-architecture="64bit" /><failure><message><![CDATA[]]></message><stack-trace><![CDATA[None]]></stack-trace></failure><reason><message><![CDATA[&#x1b;[31m&#x1b;[1mERROR   &#x1b;[0m root:parse2naf.py:70 stanza not installed]]></message></reason><output><![CDATA[&#x1b;[31m&#x1b;[1mERROR   &#x1b;[0m root:parse2naf.py:70 stanza not installed]]></output></test-case><environment framework-version="3.6.2" clr-version="3.8.10 (default, Mar 15 2022, 12:22:08) &#10;[GCC 9.4.0]" os-version="5.15.79.1-microsoft-standard-WSL2" platform="Linux" cwd="/home/timadmin/code/nafigator" machine-name="x86_64" user="" user-domain="" culture="en_US" uiculture="en_US" os-architecture="64bit" /></test-suite><test-suite id="tests/test_nafdocument.py::TestNafDocument" name="tests/test_nafdocument.py::TestNafDocument" fullname="tests/test_nafdocument.py::TestNafDocument" methodname="" classname="" runstate="Runnable" type="Assembly" testcasecount="29" result="Passed" label="" start-time="2023-03-01 15:47:07.594013" end-time="2023-03-01 15:47:07.870106" duration="0.276093" asserts="0" total="29" passed="29" failed="0" warnings="0" inconclusive="0" skipped="0"><properties><property name="python_version" value="3.8.10 (default, Mar 15 2022, 12:22:08) &#10;[GCC 9.4.0]" /></properties><test-case id="104" name="tests/test_nafdocument.py::TestNafDocument::test_generate[language_var]" fullname="tests/test_nafdocument.py::TestNafDocument::test_generate[language_var]" methodname="test_generate[language_var]" classname="TestNafDocument" runstate="Runnable" seed="1" result="Passed" label="This function tests whether the naf document initalization is done correctly&#10;        input: etree._ElementTree + dict&#10;        level: 2&#10;        scenarios: check added features vs input" start-time="2023-03-01 15:47:07.594013" end-time="2023-03-01 15:47:07.595301" duration="0.001288" asserts="0"><properties><property name="python-version" value="3.8.10 (default, Mar 15 2022, 12:22:08) &#10;[GCC 9.4.0]" /><property name="fspath" value="tests/test_nafdocument.py" /></properties><environment framework-version="3.6.2" clr-version="3.8.10 (default, Mar 15 2022, 12:22:08) &#10;[GCC 9.4.0]" os-version="5.15.79.1-microsoft-standard-WSL2" platform="Linux" cwd="/home/timadmin/code/nafigator" machine-name="x86_64" user="" user-domain="" culture="en_US" uiculture="en_US" os-architecture="64bit" /><failure><message><![CDATA[]]></message><stack-trace><![CDATA[None]]></stack-trace></failure><reason><message><![CDATA[]]></message></reason><output><![CDATA[]]></output></test-case><test-case id="105" name="tests/test_nafdocument.py::TestNafDocument::test_generate[None]" fullname="tests/test_nafdocument.py::TestNafDocument::test_generate[None]" methodname="test_generate[None]" classname="TestNafDocument" runstate="Runnable" seed="1" result="Passed" label="This function tests whether the naf document initalization is done correctly&#10;        input: etree._ElementTree + dict&#10;        level: 2&#10;        scenarios: check added features vs input" start-time="2023-03-01 15:47:07.596158" end-time="2023-03-01 15:47:07.597204" duration="0.001046" asserts="0"><properties><property name="python-version" value="3.8.10 (default, Mar 15 2022, 12:22:08) &#10;[GCC 9.4.0]" /><property name="fspath" value="tests/test_nafdocument.py" /></properties><environment framework-version="3.6.2" clr-version="3.8.10 (default, Mar 15 2022, 12:22:08) &#10;[GCC 9.4.0]" os-version="5.15.79.1-microsoft-standard-WSL2" platform="Linux" cwd="/home/timadmin/code/nafigator" machine-name="x86_64" user="" user-domain="" culture="en_US" uiculture="en_US" os-architecture="64bit" /><failure><message><![CDATA[]]></message><stack-trace><![CDATA[None]]></stack-trace></failure><reason><message><![CDATA[]]></message></reason><output><![CDATA[]]></output></test-case><test-case id="106" name="tests/test_nafdocument.py::TestNafDocument::test_open[tests/tests/example.naf.xml-True]" fullname="tests/test_nafdocument.py::TestNafDocument::test_open[tests/tests/example.naf.xml-True]" methodname="test_open[tests/tests/example.naf.xml-True]" classname="TestNafDocument" runstate="Runnable" seed="1" result="Passed" label="This function tests whether the naf document is opened correctly&#10;        input: filepath (str) or bytes&#10;        level: 2&#10;        scenarios: check open and set root functions are called" start-time="2023-03-01 15:47:07.598163" end-time="2023-03-01 15:47:07.608711" duration="0.010548" asserts="0"><properties><property name="python-version" value="3.8.10 (default, Mar 15 2022, 12:22:08) &#10;[GCC 9.4.0]" /><property name="fspath" value="tests/test_nafdocument.py" /></properties><environment framework-version="3.6.2" clr-version="3.8.10 (default, Mar 15 2022, 12:22:08) &#10;[GCC 9.4.0]" os-version="5.15.79.1-microsoft-standard-WSL2" platform="Linux" cwd="/home/timadmin/code/nafigator" machine-name="x86_64" user="" user-domain="" culture="en_US" uiculture="en_US" os-architecture="64bit" /><failure><message><![CDATA[]]></message><stack-trace><![CDATA[None]]></stack-trace></failure><reason><message><![CDATA[]]></message></reason><output><![CDATA[]]></output></test-case><test-case id="107" name="tests/test_nafdocument.py::TestNafDocument::test_open[content-False]" fullname="tests/test_nafdocument.py::TestNafDocument::test_open[content-False]" methodname="test_open[content-False]" classname="TestNafDocument" runstate="Runnable" seed="1" result="Passed" label="This function tests whether the naf document is opened correctly&#10;        input: filepath (str) or bytes&#10;        level: 2&#10;        scenarios: check open and set root functions are called" start-time="2023-03-01 15:47:07.609951" end-time="2023-03-01 15:47:07.646358" duration="0.036407" asserts="0"><properties><property name="python-version" value="3.8.10 (default, Mar 15 2022, 12:22:08) &#10;[GCC 9.4.0]" /><property name="fspath" value="tests/test_nafdocument.py" /></properties><environment framework-version="3.6.2" clr-version="3.8.10 (default, Mar 15 2022, 12:22:08) &#10;[GCC 9.4.0]" os-version="5.15.79.1-microsoft-standard-WSL2" platform="Linux" cwd="/home/timadmin/code/nafigator" machine-name="x86_64" user="" user-domain="" culture="en_US" uiculture="en_US" os-architecture="64bit" /><failure><message><![CDATA[]]></message><stack-trace><![CDATA[None]]></stack-trace></failure><reason><message><![CDATA[]]></message></reason><output><![CDATA[]]></output></test-case><test-case id="108" name="tests/test_nafdocument.py::TestNafDocument::test_open_error" fullname="tests/test_nafdocument.py::TestNafDocument::test_open_error" methodname="test_open_error" classname="TestNafDocument" runstate="Runnable" seed="1" result="Passed" label="This function tests whether an exception is raised when the wrong type is trying to be opened&#10;        input: int&#10;        level: 2&#10;        scenarios: check exception raised" start-time="2023-03-01 15:47:07.647291" end-time="2023-03-01 15:47:07.648646" duration="0.001355" asserts="0"><properties><property name="python-version" value="3.8.10 (default, Mar 15 2022, 12:22:08) &#10;[GCC 9.4.0]" /><property name="fspath" value="tests/test_nafdocument.py" /></properties><environment framework-version="3.6.2" clr-version="3.8.10 (default, Mar 15 2022, 12:22:08) &#10;[GCC 9.4.0]" os-version="5.15.79.1-microsoft-standard-WSL2" platform="Linux" cwd="/home/timadmin/code/nafigator" machine-name="x86_64" user="" user-domain="" culture="en_US" uiculture="en_US" os-architecture="64bit" /><failure><message><![CDATA[]]></message><stack-trace><![CDATA[None]]></stack-trace></failure><reason><message><![CDATA[]]></message></reason><output><![CDATA[]]></output></test-case><test-case id="109" name="tests/test_nafdocument.py::TestNafDocument::test_subelement[data0-attributes_to_ignore0]" fullname="tests/test_nafdocument.py::TestNafDocument::test_subelement[data0-attributes_to_ignore0]" methodname="test_subelement[data0-attributes_to_ignore0]" classname="TestNafDocument" runstate="Runnable" seed="1" result="Passed" label="This function tests whether subelement is added correctly&#10;        input: etree._ElementTree OPTIONAL: [etree._Element, tag-string, data-dict, ignore-list]&#10;        level: 0&#10;        scenarios: check element input and ignore list&#10;        #WARNING Does not override existing subelements" start-time="2023-03-01 15:47:07.654203" end-time="2023-03-01 15:47:07.655031" duration="0.000828" asserts="0"><properties><property name="python-version" value="3.8.10 (default, Mar 15 2022, 12:22:08) &#10;[GCC 9.4.0]" /><property name="fspath" value="tests/test_nafdocument.py" /></properties><environment framework-version="3.6.2" clr-version="3.8.10 (default, Mar 15 2022, 12:22:08) &#10;[GCC 9.4.0]" os-version="5.15.79.1-microsoft-standard-WSL2" platform="Linux" cwd="/home/timadmin/code/nafigator" machine-name="x86_64" user="" user-domain="" culture="en_US" uiculture="en_US" os-architecture="64bit" /><failure><message><![CDATA[]]></message><stack-trace><![CDATA[None]]></stack-trace></failure><reason><message><![CDATA[]]></message></reason><output><![CDATA[]]></output></test-case><test-case id="110" name="tests/test_nafdocument.py::TestNafDocument::test_subelement[data1-attributes_to_ignore1]" fullname="tests/test_nafdocument.py::TestNafDocument::test_subelement[data1-attributes_to_ignore1]" methodname="test_subelement[data1-attributes_to_ignore1]" classname="TestNafDocument" runstate="Runnable" seed="1" result="Passed" label="This function tests whether subelement is added correctly&#10;        input: etree._ElementTree OPTIONAL: [etree._Element, tag-string, data-dict, ignore-list]&#10;        level: 0&#10;        scenarios: check element input and ignore list&#10;        #WARNING Does not override existing subelements" start-time="2023-03-01 15:47:07.660912" end-time="2023-03-01 15:47:07.662471" duration="0.001559" asserts="0"><properties><property name="python-version" value="3.8.10 (default, Mar 15 2022, 12:22:08) &#10;[GCC 9.4.0]" /><property name="fspath" value="tests/test_nafdocument.py" /></properties><environment framework-version="3.6.2" clr-version="3.8.10 (default, Mar 15 2022, 12:22:08) &#10;[GCC 9.4.0]" os-version="5.15.79.1-microsoft-standard-WSL2" platform="Linux" cwd="/home/timadmin/code/nafigator" machine-name="x86_64" user="" user-domain="" culture="en_US" uiculture="en_US" os-architecture="64bit" /><failure><message><![CDATA[]]></message><stack-trace><![CDATA[None]]></stack-trace></failure><reason><message><![CDATA[]]></message></reason><output><![CDATA[]]></output></test-case><test-case id="111" name="tests/test_nafdocument.py::TestNafDocument::test_add_processor_Element" fullname="tests/test_nafdocument.py::TestNafDocument::test_add_processor_Element" methodname="test_add_processor_Element" classname="TestNafDocument" runstate="Runnable" seed="1" result="Passed" label="This function tests whether processor element is added correctly&#10;        input: etree._ElementTree + str + ProcessorElement&#10;        level: 1&#10;        scenarios: check element input and ignore list" start-time="2023-03-01 15:47:07.666812" end-time="2023-03-01 15:47:07.671767" duration="0.004955" asserts="0"><properties><property name="python-version" value="3.8.10 (default, Mar 15 2022, 12:22:08) &#10;[GCC 9.4.0]" /><property name="fspath" value="tests/test_nafdocument.py" /></properties><environment framework-version="3.6.2" clr-version="3.8.10 (default, Mar 15 2022, 12:22:08) &#10;[GCC 9.4.0]" os-version="5.15.79.1-microsoft-standard-WSL2" platform="Linux" cwd="/home/timadmin/code/nafigator" machine-name="x86_64" user="" user-domain="" culture="en_US" uiculture="en_US" os-architecture="64bit" /><failure><message><![CDATA[]]></message><stack-trace><![CDATA[None]]></stack-trace></failure><reason><message><![CDATA[]]></message></reason><output><![CDATA[]]></output></test-case><test-case id="112" name="tests/test_nafdocument.py::TestNafDocument::test_validate" fullname="tests/test_nafdocument.py::TestNafDocument::test_validate" methodname="test_validate" classname="TestNafDocument" runstate="Runnable" seed="1" result="Passed" label="test validate output&#10;        input:etree._ElementTree&#10;        level: 1 (uses utilsfunction load_dtd)&#10;        scenarios: check xml string&#10;        # TODO refactor nafigator code to support universal naf format. Also consider moving to integratin test" start-time="2023-03-01 15:47:07.673636" end-time="2023-03-01 15:47:07.705318" duration="0.031682" asserts="0"><properties><property name="python-version" value="3.8.10 (default, Mar 15 2022, 12:22:08) &#10;[GCC 9.4.0]" /><property name="fspath" value="tests/test_nafdocument.py" /></properties><environment framework-version="3.6.2" clr-version="3.8.10 (default, Mar 15 2022, 12:22:08) &#10;[GCC 9.4.0]" os-version="5.15.79.1-microsoft-standard-WSL2" platform="Linux" cwd="/home/timadmin/code/nafigator" machine-name="x86_64" user="" user-domain="" culture="en_US" uiculture="en_US" os-architecture="64bit" /><failure><message><![CDATA[]]></message><stack-trace><![CDATA[None]]></stack-trace></failure><reason><message><![CDATA[&#x1b;[31m&#x1b;[1mERROR   &#x1b;[0m root:nafdocument.py:584 DTD error log:
&#x1b;[31m&#x1b;[1mERROR   &#x1b;[0m root:nafdocument.py:586 /home/timadmin/code/nafigator/tests/tests/example.naf.xml:2:0:ERROR:VALID:DTD_CONTENT_MODEL: Element NAF content does not follow the DTD, expecting (nafHeader | raw | topics | text | terms | multiwords | deps | chunks | entities | coreferences | constituency | srl | opinions | timeExpressions | factualitylayer | tunits | locations | dates | temporalRelations | causalRelations | markables | attribution | factualities)*, got (nafHeader formats entities text terms deps multiwords raw )
&#x1b;[31m&#x1b;[1mERROR   &#x1b;[0m root:nafdocument.py:586 /home/timadmin/code/nafigator/tests/tests/example.naf.xml:2:0:ERROR:VALID:DTD_UNKNOWN_ATTRIBUTE: No declaration for attribute xmlns:dc of element NAF
&#x1b;[31m&#x1b;[1mERROR   &#x1b;[0m root:nafdocument.py:586 /home/timadmin/code/nafigator/tests/tests/example.naf.xml:5:0:ERROR:VALID:DTD_UNKNOWN_ATTRIBUTE: No declaration for attribute uri of element public
&#x1b;[31m&#x1b;[1mERROR   &#x1b;[0m root:nafdocument.py:586 /home/timadmin/code/nafigator/tests/tests/example.naf.xml:5:0:ERROR:VALID:DTD_UNKNOWN_ATTRIBUTE: No declaration for attribute format of element public
&#x1b;[31m&#x1b;[1mERROR   &#x1b;[0m root:nafdocument.py:586 /home/timadmin/code/nafigator/tests/tests/example.naf.xml:13:0:ERROR:VALID:DTD_UNKNOWN_ATTRIBUTE: No declaration for attribute model of element lp
&#x1b;[31m&#x1b;[1mERROR   &#x1b;[0m root:nafdocument.py:586 /home/timadmin/code/nafigator/tests/tests/example.naf.xml:16:0:ERROR:VALID:DTD_UNKNOWN_ATTRIBUTE: No declaration for attribute model of element lp
&#x1b;[31m&#x1b;[1mERROR   &#x1b;[0m root:nafdocument.py:586 /home/timadmin/code/nafigator/tests/tests/example.naf.xml:19:0:ERROR:VALID:DTD_UNKNOWN_ATTRIBUTE: No declaration for attribute model of element lp
&#x1b;[31m&#x1b;[1mERROR   &#x1b;[0m root:nafdocument.py:586 /home/timadmin/code/nafigator/tests/tests/example.naf.xml:22:0:ERROR:VALID:DTD_UNKNOWN_ATTRIBUTE: No declaration for attribute model of element lp
&#x1b;[31m&#x1b;[1mERROR   &#x1b;[0m root:nafdocument.py:586 /home/timadmin/code/nafigator/tests/tests/example.naf.xml:25:0:ERROR:VALID:DTD_UNKNOWN_ATTRIBUTE: No declaration for attribute model of element lp
&#x1b;[31m&#x1b;[1mERROR   &#x1b;[0m root:nafdocument.py:586 /home/timadmin/code/nafigator/tests/tests/example.naf.xml:28:0:ERROR:VALID:DTD_UNKNOWN_ELEM: No declaration for element formats
&#x1b;[31m&#x1b;[1mERROR   &#x1b;[0m root:nafdocument.py:586 /home/timadmin/code/nafigator/tests/tests/example.naf.xml:29:0:ERROR:VALID:DTD_UNKNOWN_ELEM: No declaration for element page
&#x1b;[31m&#x1b;[1mERROR   &#x1b;[0m root:nafdocument.py:586 /home/timadmin/code/nafigator/tests/tests/example.naf.xml:29:0:ERROR:VALID:DTD_UNKNOWN_ATTRIBUTE: No declaration for attribute length of element page
&#x1b;[31m&#x1b;[1mERROR   &#x1b;[0m root:nafdocument.py:586 /home/timadmin/code/nafigator/tests/tests/example.naf.xml:29:0:ERROR:VALID:DTD_UNKNOWN_ATTRIBUTE: No declaration for attribute offset of element page
&#x1b;[31m&#x1b;[1mERROR   &#x1b;[0m root:nafdocument.py:586 /home/timadmin/code/nafigator/tests/tests/example.naf.xml:30:0:ERROR:VALID:DTD_UNKNOWN_ELEM: No declaration for element textbox
&#x1b;[31m&#x1b;[1mERROR   &#x1b;[0m root:nafdocument.py:586 /home/timadmin/code/nafigator/tests/tests/example.naf.xml:31:0:ERROR:VALID:DTD_UNKNOWN_ELEM: No declaration for element textline
&#x1b;[31m&#x1b;[1mERROR   &#x1b;[0m root:nafdocument.py:586 /home/timadmin/code/nafigator/tests/tests/example.naf.xml:32:0:ERROR:VALID:DTD_CONTENT_MODEL: Element text content does not follow the DTD, expecting (wf)+, got (CDATA)
&#x1b;[31m&#x1b;[1mERROR   &#x1b;[0m root:nafdocument.py:586 /home/timadmin/code/nafigator/tests/tests/example.naf.xml:32:0:ERROR:VALID:DTD_UNKNOWN_ATTRIBUTE: No declaration for attribute font of element text
&#x1b;[31m&#x1b;[1mERROR   &#x1b;[0m root:nafdocument.py:586 /home/timadmin/code/nafigator/tests/tests/example.naf.xml:32:0:ERROR:VALID:DTD_UNKNOWN_ATTRIBUTE: No declaration for attribute size of element text
&#x1b;[31m&#x1b;[1mERROR   &#x1b;[0m root:nafdocument.py:586 /home/timadmin/code/nafigator/tests/tests/example.naf.xml:32:0:ERROR:VALID:DTD_UNKNOWN_ATTRIBUTE: No declaration for attribute length of element text
&#x1b;[31m&#x1b;[1mERROR   &#x1b;[0m root:nafdocument.py:586 /home/timadmin/code/nafigator/tests/tests/example.naf.xml:32:0:ERROR:VALID:DTD_UNKNOWN_ATTRIBUTE: No declaration for attribute offset of element text
&#x1b;[31m&#x1b;[1mERROR   &#x1b;[0m root:nafdocument.py:586 /home/timadmin/code/nafigator/tests/tests/example.naf.xml:34:0:ERROR:VALID:DTD_UNKNOWN_ELEM: No declaration for element textline
&#x1b;[31m&#x1b;[1mERROR   &#x1b;[0m root:nafdocument.py:586 /home/timadmin/code/nafigator/tests/tests/example.naf.xml:35:0:ERROR:VALID:DTD_CONTENT_MODEL: Element text content does not follow the DTD, expecting (wf)+, got (CDATA)
&#x1b;[31m&#x1b;[1mERROR   &#x1b;[0m root:nafdocument.py:586 /home/timadmin/code/nafigator/tests/tests/example.naf.xml:35:0:ERROR:VALID:DTD_UNKNOWN_ATTRIBUTE: No declaration for attribute font of element text
&#x1b;[31m&#x1b;[1mERROR   &#x1b;[0m root:nafdocument.py:586 /home/timadmin/code/nafigator/tests/tests/example.naf.xml:35:0:ERROR:VALID:DTD_UNKNOWN_ATTRIBUTE: No declaration for attribute size of element text
&#x1b;[31m&#x1b;[1mERROR   &#x1b;[0m root:nafdocument.py:586 /home/timadmin/code/nafigator/tests/tests/example.naf.xml:35:0:ERROR:VALID:DTD_UNKNOWN_ATTRIBUTE: No declaration for attribute length of element text
&#x1b;[31m&#x1b;[1mERROR   &#x1b;[0m root:nafdocument.py:586 /home/timadmin/code/nafigator/tests/tests/example.naf.xml:35:0:ERROR:VALID:DTD_UNKNOWN_ATTRIBUTE: No declaration for attribute offset of element text
&#x1b;[31m&#x1b;[1mERROR   &#x1b;[0m root:nafdocument.py:586 /home/timadmin/code/nafigator/tests/tests/example.naf.xml:38:0:ERROR:VALID:DTD_UNKNOWN_ELEM: No declaration for element textbox
&#x1b;[31m&#x1b;[1mERROR   &#x1b;[0m root:nafdocument.py:586 /home/timadmin/code/nafigator/tests/tests/example.naf.xml:39:0:ERROR:VALID:DTD_UNKNOWN_ELEM: No declaration for element textline
&#x1b;[31m&#x1b;[1mERROR   &#x1b;[0m root:nafdocument.py:586 /home/timadmin/code/nafigator/tests/tests/example.naf.xml:40:0:ERROR:VALID:DTD_CONTENT_MODEL: Element text content does not follow the DTD, expecting (wf)+, got (CDATA)
&#x1b;[31m&#x1b;[1mERROR   &#x1b;[0m root:nafdocument.py:586 /home/timadmin/code/nafigator/tests/tests/example.naf.xml:40:0:ERROR:VALID:DTD_UNKNOWN_ATTRIBUTE: No declaration for attribute font of element text
&#x1b;[31m&#x1b;[1mERROR   &#x1b;[0m root:nafdocument.py:586 /home/timadmin/code/nafigator/tests/tests/example.naf.xml:40:0:ERROR:VALID:DTD_UNKNOWN_ATTRIBUTE: No declaration for attribute size of element text
&#x1b;[31m&#x1b;[1mERROR   &#x1b;[0m root:nafdocument.py:586 /home/timadmin/code/nafigator/tests/tests/example.naf.xml:40:0:ERROR:VALID:DTD_UNKNOWN_ATTRIBUTE: No declaration for attribute length of element text
&#x1b;[31m&#x1b;[1mERROR   &#x1b;[0m root:nafdocument.py:586 /home/timadmin/code/nafigator/tests/tests/example.naf.xml:40:0:ERROR:VALID:DTD_UNKNOWN_ATTRIBUTE: No declaration for attribute offset of element text
&#x1b;[31m&#x1b;[1mERROR   &#x1b;[0m root:nafdocument.py:586 /home/timadmin/code/nafigator/tests/tests/example.naf.xml:42:0:ERROR:VALID:DTD_UNKNOWN_ELEM: No declaration for element textline
&#x1b;[31m&#x1b;[1mERROR   &#x1b;[0m root:nafdocument.py:586 /home/timadmin/code/nafigator/tests/tests/example.naf.xml:43:0:ERROR:VALID:DTD_CONTENT_MODEL: Element text content does not follow the DTD, expecting (wf)+, got (CDATA)
&#x1b;[31m&#x1b;[1mERROR   &#x1b;[0m root:nafdocument.py:586 /home/timadmin/code/nafigator/tests/tests/example.naf.xml:43:0:ERROR:VALID:DTD_UNKNOWN_ATTRIBUTE: No declaration for attribute font of element text
&#x1b;[31m&#x1b;[1mERROR   &#x1b;[0m root:nafdocument.py:586 /home/timadmin/code/nafigator/tests/tests/example.naf.xml:43:0:ERROR:VALID:DTD_UNKNOWN_ATTRIBUTE: No declaration for attribute size of element text
&#x1b;[31m&#x1b;[1mERROR   &#x1b;[0m root:nafdocument.py:586 /home/timadmin/code/nafigator/tests/tests/example.naf.xml:43:0:ERROR:VALID:DTD_UNKNOWN_ATTRIBUTE: No declaration for attribute length of element text
&#x1b;[31m&#x1b;[1mERROR   &#x1b;[0m root:nafdocument.py:586 /home/timadmin/code/nafigator/tests/tests/example.naf.xml:43:0:ERROR:VALID:DTD_UNKNOWN_ATTRIBUTE: No declaration for attribute offset of element text
&#x1b;[31m&#x1b;[1mERROR   &#x1b;[0m root:nafdocument.py:586 /home/timadmin/code/nafigator/tests/tests/example.naf.xml:418:0:ERROR:VALID:DTD_MISSING_ATTRIBUTE: Element dep does not carry attribute from
&#x1b;[31m&#x1b;[1mERROR   &#x1b;[0m root:nafdocument.py:586 /home/timadmin/code/nafigator/tests/tests/example.naf.xml:418:0:ERROR:VALID:DTD_MISSING_ATTRIBUTE: Element dep does not carry attribute to
&#x1b;[31m&#x1b;[1mERROR   &#x1b;[0m root:nafdocument.py:586 /home/timadmin/code/nafigator/tests/tests/example.naf.xml:418:0:ERROR:VALID:DTD_UNKNOWN_ATTRIBUTE: No declaration for attribute from_term of element dep
&#x1b;[31m&#x1b;[1mERROR   &#x1b;[0m root:nafdocument.py:586 /home/timadmin/code/nafigator/tests/tests/example.naf.xml:418:0:ERROR:VALID:DTD_UNKNOWN_ATTRIBUTE: No declaration for attribute to_term of element dep
&#x1b;[31m&#x1b;[1mERROR   &#x1b;[0m root:nafdocument.py:586 /home/timadmin/code/nafigator/tests/tests/example.naf.xml:420:0:ERROR:VALID:DTD_MISSING_ATTRIBUTE: Element dep does not carry attribute from
&#x1b;[31m&#x1b;[1mERROR   &#x1b;[0m root:nafdocument.py:586 /home/timadmin/code/nafigator/tests/tests/example.naf.xml:420:0:ERROR:VALID:DTD_MISSING_ATTRIBUTE: Element dep does not carry attribute to
&#x1b;[31m&#x1b;[1mERROR   &#x1b;[0m root:nafdocument.py:586 /home/timadmin/code/nafigator/tests/tests/example.naf.xml:420:0:ERROR:VALID:DTD_UNKNOWN_ATTRIBUTE: No declaration for attribute from_term of element dep
&#x1b;[31m&#x1b;[1mERROR   &#x1b;[0m root:nafdocument.py:586 /home/timadmin/code/nafigator/tests/tests/example.naf.xml:420:0:ERROR:VALID:DTD_UNKNOWN_ATTRIBUTE: No declaration for attribute to_term of element dep
&#x1b;[31m&#x1b;[1mERROR   &#x1b;[0m root:nafdocument.py:586 /home/timadmin/code/nafigator/tests/tests/example.naf.xml:422:0:ERROR:VALID:DTD_MISSING_ATTRIBUTE: Element dep does not carry attribute from
&#x1b;[31m&#x1b;[1mERROR   &#x1b;[0m root:nafdocument.py:586 /home/timadmin/code/nafigator/tests/tests/example.naf.xml:422:0:ERROR:VALID:DTD_MISSING_ATTRIBUTE: Element dep does not carry attribute to
&#x1b;[31m&#x1b;[1mERROR   &#x1b;[0m root:nafdocument.py:586 /home/timadmin/code/nafigator/tests/tests/example.naf.xml:422:0:ERROR:VALID:DTD_UNKNOWN_ATTRIBUTE: No declaration for attribute from_term of element dep
&#x1b;[31m&#x1b;[1mERROR   &#x1b;[0m root:nafdocument.py:586 /home/timadmin/code/nafigator/tests/tests/example.naf.xml:422:0:ERROR:VALID:DTD_UNKNOWN_ATTRIBUTE: No declaration for attribute to_term of element dep
&#x1b;[31m&#x1b;[1mERROR   &#x1b;[0m root:nafdocument.py:586 /home/timadmin/code/nafigator/tests/tests/example.naf.xml:424:0:ERROR:VALID:DTD_MISSING_ATTRIBUTE: Element dep does not carry attribute from
&#x1b;[31m&#x1b;[1mERROR   &#x1b;[0m root:nafdocument.py:586 /home/timadmin/code/nafigator/tests/tests/example.naf.xml:424:0:ERROR:VALID:DTD_MISSING_ATTRIBUTE: Element dep does not carry attribute to
&#x1b;[31m&#x1b;[1mERROR   &#x1b;[0m root:nafdocument.py:586 /home/timadmin/code/nafigator/tests/tests/example.naf.xml:424:0:ERROR:VALID:DTD_UNKNOWN_ATTRIBUTE: No declaration for attribute from_term of element dep
&#x1b;[31m&#x1b;[1mERROR   &#x1b;[0m root:nafdocument.py:586 /home/timadmin/code/nafigator/tests/tests/example.naf.xml:424:0:ERROR:VALID:DTD_UNKNOWN_ATTRIBUTE: No declaration for attribute to_term of element dep
&#x1b;[31m&#x1b;[1mERROR   &#x1b;[0m root:nafdocument.py:586 /home/timadmin/code/nafigator/tests/tests/example.naf.xml:426:0:ERROR:VALID:DTD_MISSING_ATTRIBUTE: Element dep does not carry attribute from
&#x1b;[31m&#x1b;[1mERROR   &#x1b;[0m root:nafdocument.py:586 /home/timadmin/code/nafigator/tests/tests/example.naf.xml:426:0:ERROR:VALID:DTD_MISSING_ATTRIBUTE: Element dep does not carry attribute to
&#x1b;[31m&#x1b;[1mERROR   &#x1b;[0m root:nafdocument.py:586 /home/timadmin/code/nafigator/tests/tests/example.naf.xml:426:0:ERROR:VALID:DTD_UNKNOWN_ATTRIBUTE: No declaration for attribute from_term of element dep
&#x1b;[31m&#x1b;[1mERROR   &#x1b;[0m root:nafdocument.py:586 /home/timadmin/code/nafigator/tests/tests/example.naf.xml:426:0:ERROR:VALID:DTD_UNKNOWN_ATTRIBUTE: No declaration for attribute to_term of element dep
&#x1b;[31m&#x1b;[1mERROR   &#x1b;[0m root:nafdocument.py:586 /home/timadmin/code/nafigator/tests/tests/example.naf.xml:428:0:ERROR:VALID:DTD_MISSING_ATTRIBUTE: Element dep does not carry attribute from
&#x1b;[31m&#x1b;[1mERROR   &#x1b;[0m root:nafdocument.py:586 /home/timadmin/code/nafigator/tests/tests/example.naf.xml:428:0:ERROR:VALID:DTD_MISSING_ATTRIBUTE: Element dep does not carry attribute to
&#x1b;[31m&#x1b;[1mERROR   &#x1b;[0m root:nafdocument.py:586 /home/timadmin/code/nafigator/tests/tests/example.naf.xml:428:0:ERROR:VALID:DTD_UNKNOWN_ATTRIBUTE: No declaration for attribute from_term of element dep
&#x1b;[31m&#x1b;[1mERROR   &#x1b;[0m root:nafdocument.py:586 /home/timadmin/code/nafigator/tests/tests/example.naf.xml:428:0:ERROR:VALID:DTD_UNKNOWN_ATTRIBUTE: No declaration for attribute to_term of element dep
&#x1b;[31m&#x1b;[1mERROR   &#x1b;[0m root:nafdocument.py:586 /home/timadmin/code/nafigator/tests/tests/example.naf.xml:430:0:ERROR:VALID:DTD_MISSING_ATTRIBUTE: Element dep does not carry attribute from
&#x1b;[31m&#x1b;[1mERROR   &#x1b;[0m root:nafdocument.py:586 /home/timadmin/code/nafigator/tests/tests/example.naf.xml:430:0:ERROR:VALID:DTD_MISSING_ATTRIBUTE: Element dep does not carry attribute to
&#x1b;[31m&#x1b;[1mERROR   &#x1b;[0m root:nafdocument.py:586 /home/timadmin/code/nafigator/tests/tests/example.naf.xml:430:0:ERROR:VALID:DTD_UNKNOWN_ATTRIBUTE: No declaration for attribute from_term of element dep
&#x1b;[31m&#x1b;[1mERROR   &#x1b;[0m root:nafdocument.py:586 /home/timadmin/code/nafigator/tests/tests/example.naf.xml:430:0:ERROR:VALID:DTD_UNKNOWN_ATTRIBUTE: No declaration for attribute to_term of element dep
&#x1b;[31m&#x1b;[1mERROR   &#x1b;[0m root:nafdocument.py:586 /home/timadmin/code/nafigator/tests/tests/example.naf.xml:432:0:ERROR:VALID:DTD_MISSING_ATTRIBUTE: Element dep does not carry attribute from
&#x1b;[31m&#x1b;[1mERROR   &#x1b;[0m root:nafdocument.py:586 /home/timadmin/code/nafigator/tests/tests/example.naf.xml:432:0:ERROR:VALID:DTD_MISSING_ATTRIBUTE: Element dep does not carry attribute to
&#x1b;[31m&#x1b;[1mERROR   &#x1b;[0m root:nafdocument.py:586 /home/timadmin/code/nafigator/tests/tests/example.naf.xml:432:0:ERROR:VALID:DTD_UNKNOWN_ATTRIBUTE: No declaration for attribute from_term of element dep
&#x1b;[31m&#x1b;[1mERROR   &#x1b;[0m root:nafdocument.py:586 /home/timadmin/code/nafigator/tests/tests/example.naf.xml:432:0:ERROR:VALID:DTD_UNKNOWN_ATTRIBUTE: No declaration for attribute to_term of element dep
&#x1b;[31m&#x1b;[1mERROR   &#x1b;[0m root:nafdocument.py:586 /home/timadmin/code/nafigator/tests/tests/example.naf.xml:434:0:ERROR:VALID:DTD_MISSING_ATTRIBUTE: Element dep does not carry attribute from
&#x1b;[31m&#x1b;[1mERROR   &#x1b;[0m root:nafdocument.py:586 /home/timadmin/code/nafigator/tests/tests/example.naf.xml:434:0:ERROR:VALID:DTD_MISSING_ATTRIBUTE: Element dep does not carry attribute to
&#x1b;[31m&#x1b;[1mERROR   &#x1b;[0m root:nafdocument.py:586 /home/timadmin/code/nafigator/tests/tests/example.naf.xml:434:0:ERROR:VALID:DTD_UNKNOWN_ATTRIBUTE: No declaration for attribute from_term of element dep
&#x1b;[31m&#x1b;[1mERROR   &#x1b;[0m root:nafdocument.py:586 /home/timadmin/code/nafigator/tests/tests/example.naf.xml:434:0:ERROR:VALID:DTD_UNKNOWN_ATTRIBUTE: No declaration for attribute to_term of element dep
&#x1b;[31m&#x1b;[1mERROR   &#x1b;[0m root:nafdocument.py:586 /home/timadmin/code/nafigator/tests/tests/example.naf.xml:436:0:ERROR:VALID:DTD_MISSING_ATTRIBUTE: Element dep does not carry attribute from
&#x1b;[31m&#x1b;[1mERROR   &#x1b;[0m root:nafdocument.py:586 /home/timadmin/code/nafigator/tests/tests/example.naf.xml:436:0:ERROR:VALID:DTD_MISSING_ATTRIBUTE: Element dep does not carry attribute to
&#x1b;[31m&#x1b;[1mERROR   &#x1b;[0m root:nafdocument.py:586 /home/timadmin/code/nafigator/tests/tests/example.naf.xml:436:0:ERROR:VALID:DTD_UNKNOWN_ATTRIBUTE: No declaration for attribute from_term of element dep
&#x1b;[31m&#x1b;[1mERROR   &#x1b;[0m root:nafdocument.py:586 /home/timadmin/code/nafigator/tests/tests/example.naf.xml:436:0:ERROR:VALID:DTD_UNKNOWN_ATTRIBUTE: No declaration for attribute to_term of element dep
&#x1b;[31m&#x1b;[1mERROR   &#x1b;[0m root:nafdocument.py:586 /home/timadmin/code/nafigator/tests/tests/example.naf.xml:438:0:ERROR:VALID:DTD_MISSING_ATTRIBUTE: Element dep does not carry attribute from
&#x1b;[31m&#x1b;[1mERROR   &#x1b;[0m root:nafdocument.py:586 /home/timadmin/code/nafigator/tests/tests/example.naf.xml:438:0:ERROR:VALID:DTD_MISSING_ATTRIBUTE: Element dep does not carry attribute to
&#x1b;[31m&#x1b;[1mERROR   &#x1b;[0m root:nafdocument.py:586 /home/timadmin/code/nafigator/tests/tests/example.naf.xml:438:0:ERROR:VALID:DTD_UNKNOWN_ATTRIBUTE: No declaration for attribute from_term of element dep
&#x1b;[31m&#x1b;[1mERROR   &#x1b;[0m root:nafdocument.py:586 /home/timadmin/code/nafigator/tests/tests/example.naf.xml:438:0:ERROR:VALID:DTD_UNKNOWN_ATTRIBUTE: No declaration for attribute to_term of element dep
&#x1b;[31m&#x1b;[1mERROR   &#x1b;[0m root:nafdocument.py:586 /home/timadmin/code/nafigator/tests/tests/example.naf.xml:440:0:ERROR:VALID:DTD_MISSING_ATTRIBUTE: Element dep does not carry attribute from
&#x1b;[31m&#x1b;[1mERROR   &#x1b;[0m root:nafdocument.py:586 /home/timadmin/code/nafigator/tests/tests/example.naf.xml:440:0:ERROR:VALID:DTD_MISSING_ATTRIBUTE: Element dep does not carry attribute to
&#x1b;[31m&#x1b;[1mERROR   &#x1b;[0m root:nafdocument.py:586 /home/timadmin/code/nafigator/tests/tests/example.naf.xml:440:0:ERROR:VALID:DTD_UNKNOWN_ATTRIBUTE: No declaration for attribute from_term of element dep
&#x1b;[31m&#x1b;[1mERROR   &#x1b;[0m root:nafdocument.py:586 /home/timadmin/code/nafigator/tests/tests/example.naf.xml:440:0:ERROR:VALID:DTD_UNKNOWN_ATTRIBUTE: No declaration for attribute to_term of element dep
&#x1b;[31m&#x1b;[1mERROR   &#x1b;[0m root:nafdocument.py:586 /home/timadmin/code/nafigator/tests/tests/example.naf.xml:442:0:ERROR:VALID:DTD_MISSING_ATTRIBUTE: Element dep does not carry attribute from
&#x1b;[31m&#x1b;[1mERROR   &#x1b;[0m root:nafdocument.py:586 /home/timadmin/code/nafigator/tests/tests/example.naf.xml:442:0:ERROR:VALID:DTD_MISSING_ATTRIBUTE: Element dep does not carry attribute to
&#x1b;[31m&#x1b;[1mERROR   &#x1b;[0m root:nafdocument.py:586 /home/timadmin/code/nafigator/tests/tests/example.naf.xml:442:0:ERROR:VALID:DTD_UNKNOWN_ATTRIBUTE: No declaration for attribute from_term of element dep
&#x1b;[31m&#x1b;[1mERROR   &#x1b;[0m root:nafdocument.py:586 /home/timadmin/code/nafigator/tests/tests/example.naf.xml:442:0:ERROR:VALID:DTD_UNKNOWN_ATTRIBUTE: No declaration for attribute to_term of element dep
&#x1b;[31m&#x1b;[1mERROR   &#x1b;[0m root:nafdocument.py:586 /home/timadmin/code/nafigator/tests/tests/example.naf.xml:444:0:ERROR:VALID:DTD_MISSING_ATTRIBUTE: Element dep does not carry attribute from
&#x1b;[31m&#x1b;[1mERROR   &#x1b;[0m root:nafdocument.py:586 /home/timadmin/code/nafigator/tests/tests/example.naf.xml:444:0:ERROR:VALID:DTD_MISSING_ATTRIBUTE: Element dep does not carry attribute to
&#x1b;[31m&#x1b;[1mERROR   &#x1b;[0m root:nafdocument.py:586 /home/timadmin/code/nafigator/tests/tests/example.naf.xml:444:0:ERROR:VALID:DTD_UNKNOWN_ATTRIBUTE: No declaration for attribute from_term of element dep
&#x1b;[31m&#x1b;[1mERROR   &#x1b;[0m root:nafdocument.py:586 /home/timadmin/code/nafigator/tests/tests/example.naf.xml:444:0:ERROR:VALID:DTD_UNKNOWN_ATTRIBUTE: No declaration for attribute to_term of element dep
&#x1b;[31m&#x1b;[1mERROR   &#x1b;[0m root:nafdocument.py:586 /home/timadmin/code/nafigator/tests/tests/example.naf.xml:446:0:ERROR:VALID:DTD_MISSING_ATTRIBUTE: Element dep does not carry attribute from
&#x1b;[31m&#x1b;[1mERROR   &#x1b;[0m root:nafdocument.py:586 /home/timadmin/code/nafigator/tests/tests/example.naf.xml:446:0:ERROR:VALID:DTD_MISSING_ATTRIBUTE: Element dep does not carry attribute to
&#x1b;[31m&#x1b;[1mERROR   &#x1b;[0m root:nafdocument.py:586 /home/timadmin/code/nafigator/tests/tests/example.naf.xml:446:0:ERROR:VALID:DTD_UNKNOWN_ATTRIBUTE: No declaration for attribute from_term of element dep
&#x1b;[31m&#x1b;[1mERROR   &#x1b;[0m root:nafdocument.py:586 /home/timadmin/code/nafigator/tests/tests/example.naf.xml:446:0:ERROR:VALID:DTD_UNKNOWN_ATTRIBUTE: No declaration for attribute to_term of element dep
&#x1b;[31m&#x1b;[1mERROR   &#x1b;[0m root:nafdocument.py:586 /home/timadmin/code/nafigator/tests/tests/example.naf.xml:448:0:ERROR:VALID:DTD_MISSING_ATTRIBUTE: Element dep does not carry attribute from
&#x1b;[31m&#x1b;[1mERROR   &#x1b;[0m root:nafdocument.py:586 /home/timadmin/code/nafigator/tests/tests/example.naf.xml:448:0:ERROR:VALID:DTD_MISSING_ATTRIBUTE: Element dep does not carry attribute to
&#x1b;[31m&#x1b;[1mERROR   &#x1b;[0m root:nafdocument.py:586 /home/timadmin/code/nafigator/tests/tests/example.naf.xml:448:0:ERROR:VALID:DTD_UNKNOWN_ATTRIBUTE: No declaration for attribute from_term of element dep
&#x1b;[31m&#x1b;[1mERROR   &#x1b;[0m root:nafdocument.py:586 /home/timadmin/code/nafigator/tests/tests/example.naf.xml:448:0:ERROR:VALID:DTD_UNKNOWN_ATTRIBUTE: No declaration for attribute to_term of element dep
&#x1b;[31m&#x1b;[1mERROR   &#x1b;[0m root:nafdocument.py:586 /home/timadmin/code/nafigator/tests/tests/example.naf.xml:450:0:ERROR:VALID:DTD_MISSING_ATTRIBUTE: Element dep does not carry attribute from
&#x1b;[31m&#x1b;[1mERROR   &#x1b;[0m root:nafdocument.py:586 /home/timadmin/code/nafigator/tests/tests/example.naf.xml:450:0:ERROR:VALID:DTD_MISSING_ATTRIBUTE: Element dep does not carry attribute to
&#x1b;[31m&#x1b;[1mERROR   &#x1b;[0m root:nafdocument.py:586 /home/timadmin/code/nafigator/tests/tests/example.naf.xml:450:0:ERROR:VALID:DTD_UNKNOWN_ATTRIBUTE: No declaration for attribute from_term of element dep
&#x1b;[31m&#x1b;[1mERROR   &#x1b;[0m root:nafdocument.py:586 /home/timadmin/code/nafigator/tests/tests/example.naf.xml:450:0:ERROR:VALID:DTD_UNKNOWN_ATTRIBUTE: No declaration for attribute to_term of element dep
&#x1b;[31m&#x1b;[1mERROR   &#x1b;[0m root:nafdocument.py:586 /home/timadmin/code/nafigator/tests/tests/example.naf.xml:452:0:ERROR:VALID:DTD_MISSING_ATTRIBUTE: Element dep does not carry attribute from
&#x1b;[31m&#x1b;[1mERROR   &#x1b;[0m root:nafdocument.py:586 /home/timadmin/code/nafigator/tests/tests/example.naf.xml:452:0:ERROR:VALID:DTD_MISSING_ATTRIBUTE: Element dep does not carry attribute to
&#x1b;[31m&#x1b;[1mERROR   &#x1b;[0m root:nafdocument.py:586 /home/timadmin/code/nafigator/tests/tests/example.naf.xml:452:0:ERROR:VALID:DTD_UNKNOWN_ATTRIBUTE: No declaration for attribute from_term of element dep
&#x1b;[31m&#x1b;[1mERROR   &#x1b;[0m root:nafdocument.py:586 /home/timadmin/code/nafigator/tests/tests/example.naf.xml:452:0:ERROR:VALID:DTD_UNKNOWN_ATTRIBUTE: No declaration for attribute to_term of element dep
&#x1b;[31m&#x1b;[1mERROR   &#x1b;[0m root:nafdocument.py:586 /home/timadmin/code/nafigator/tests/tests/example.naf.xml:454:0:ERROR:VALID:DTD_MISSING_ATTRIBUTE: Element dep does not carry attribute from
&#x1b;[31m&#x1b;[1mERROR   &#x1b;[0m root:nafdocument.py:586 /home/timadmin/code/nafigator/tests/tests/example.naf.xml:454:0:ERROR:VALID:DTD_MISSING_ATTRIBUTE: Element dep does not carry attribute to
&#x1b;[31m&#x1b;[1mERROR   &#x1b;[0m root:nafdocument.py:586 /home/timadmin/code/nafigator/tests/tests/example.naf.xml:454:0:ERROR:VALID:DTD_UNKNOWN_ATTRIBUTE: No declaration for attribute from_term of element dep
&#x1b;[31m&#x1b;[1mERROR   &#x1b;[0m root:nafdocument.py:586 /home/timadmin/code/nafigator/tests/tests/example.naf.xml:454:0:ERROR:VALID:DTD_UNKNOWN_ATTRIBUTE: No declaration for attribute to_term of element dep
&#x1b;[31m&#x1b;[1mERROR   &#x1b;[0m root:nafdocument.py:586 /home/timadmin/code/nafigator/tests/tests/example.naf.xml:456:0:ERROR:VALID:DTD_MISSING_ATTRIBUTE: Element dep does not carry attribute from
&#x1b;[31m&#x1b;[1mERROR   &#x1b;[0m root:nafdocument.py:586 /home/timadmin/code/nafigator/tests/tests/example.naf.xml:456:0:ERROR:VALID:DTD_MISSING_ATTRIBUTE: Element dep does not carry attribute to
&#x1b;[31m&#x1b;[1mERROR   &#x1b;[0m root:nafdocument.py:586 /home/timadmin/code/nafigator/tests/tests/example.naf.xml:456:0:ERROR:VALID:DTD_UNKNOWN_ATTRIBUTE: No declaration for attribute from_term of element dep
&#x1b;[31m&#x1b;[1mERROR   &#x1b;[0m root:nafdocument.py:586 /home/timadmin/code/nafigator/tests/tests/example.naf.xml:456:0:ERROR:VALID:DTD_UNKNOWN_ATTRIBUTE: No declaration for attribute to_term of element dep
&#x1b;[31m&#x1b;[1mERROR   &#x1b;[0m root:nafdocument.py:586 /home/timadmin/code/nafigator/tests/tests/example.naf.xml:458:0:ERROR:VALID:DTD_MISSING_ATTRIBUTE: Element dep does not carry attribute from
&#x1b;[31m&#x1b;[1mERROR   &#x1b;[0m root:nafdocument.py:586 /home/timadmin/code/nafigator/tests/tests/example.naf.xml:458:0:ERROR:VALID:DTD_MISSING_ATTRIBUTE: Element dep does not carry attribute to
&#x1b;[31m&#x1b;[1mERROR   &#x1b;[0m root:nafdocument.py:586 /home/timadmin/code/nafigator/tests/tests/example.naf.xml:458:0:ERROR:VALID:DTD_UNKNOWN_ATTRIBUTE: No declaration for attribute from_term of element dep
&#x1b;[31m&#x1b;[1mERROR   &#x1b;[0m root:nafdocument.py:586 /home/timadmin/code/nafigator/tests/tests/example.naf.xml:458:0:ERROR:VALID:DTD_UNKNOWN_ATTRIBUTE: No declaration for attribute to_term of element dep
&#x1b;[31m&#x1b;[1mERROR   &#x1b;[0m root:nafdocument.py:586 /home/timadmin/code/nafigator/tests/tests/example.naf.xml:460:0:ERROR:VALID:DTD_MISSING_ATTRIBUTE: Element dep does not carry attribute from
&#x1b;[31m&#x1b;[1mERROR   &#x1b;[0m root:nafdocument.py:586 /home/timadmin/code/nafigator/tests/tests/example.naf.xml:460:0:ERROR:VALID:DTD_MISSING_ATTRIBUTE: Element dep does not carry attribute to
&#x1b;[31m&#x1b;[1mERROR   &#x1b;[0m root:nafdocument.py:586 /home/timadmin/code/nafigator/tests/tests/example.naf.xml:460:0:ERROR:VALID:DTD_UNKNOWN_ATTRIBUTE: No declaration for attribute from_term of element dep
&#x1b;[31m&#x1b;[1mERROR   &#x1b;[0m root:nafdocument.py:586 /home/timadmin/code/nafigator/tests/tests/example.naf.xml:460:0:ERROR:VALID:DTD_UNKNOWN_ATTRIBUTE: No declaration for attribute to_term of element dep
&#x1b;[31m&#x1b;[1mERROR   &#x1b;[0m root:nafdocument.py:586 /home/timadmin/code/nafigator/tests/tests/example.naf.xml:462:0:ERROR:VALID:DTD_MISSING_ATTRIBUTE: Element dep does not carry attribute from
&#x1b;[31m&#x1b;[1mERROR   &#x1b;[0m root:nafdocument.py:586 /home/timadmin/code/nafigator/tests/tests/example.naf.xml:462:0:ERROR:VALID:DTD_MISSING_ATTRIBUTE: Element dep does not carry attribute to
&#x1b;[31m&#x1b;[1mERROR   &#x1b;[0m root:nafdocument.py:586 /home/timadmin/code/nafigator/tests/tests/example.naf.xml:462:0:ERROR:VALID:DTD_UNKNOWN_ATTRIBUTE: No declaration for attribute from_term of element dep
&#x1b;[31m&#x1b;[1mERROR   &#x1b;[0m root:nafdocument.py:586 /home/timadmin/code/nafigator/tests/tests/example.naf.xml:462:0:ERROR:VALID:DTD_UNKNOWN_ATTRIBUTE: No declaration for attribute to_term of element dep
&#x1b;[31m&#x1b;[1mERROR   &#x1b;[0m root:nafdocument.py:586 /home/timadmin/code/nafigator/tests/tests/example.naf.xml:464:0:ERROR:VALID:DTD_MISSING_ATTRIBUTE: Element dep does not carry attribute from
&#x1b;[31m&#x1b;[1mERROR   &#x1b;[0m root:nafdocument.py:586 /home/timadmin/code/nafigator/tests/tests/example.naf.xml:464:0:ERROR:VALID:DTD_MISSING_ATTRIBUTE: Element dep does not carry attribute to
&#x1b;[31m&#x1b;[1mERROR   &#x1b;[0m root:nafdocument.py:586 /home/timadmin/code/nafigator/tests/tests/example.naf.xml:464:0:ERROR:VALID:DTD_UNKNOWN_ATTRIBUTE: No declaration for attribute from_term of element dep
&#x1b;[31m&#x1b;[1mERROR   &#x1b;[0m root:nafdocument.py:586 /home/timadmin/code/nafigator/tests/tests/example.naf.xml:464:0:ERROR:VALID:DTD_UNKNOWN_ATTRIBUTE: No declaration for attribute to_term of element dep
&#x1b;[31m&#x1b;[1mERROR   &#x1b;[0m root:nafdocument.py:586 /home/timadmin/code/nafigator/tests/tests/example.naf.xml:466:0:ERROR:VALID:DTD_MISSING_ATTRIBUTE: Element dep does not carry attribute from
&#x1b;[31m&#x1b;[1mERROR   &#x1b;[0m root:nafdocument.py:586 /home/timadmin/code/nafigator/tests/tests/example.naf.xml:466:0:ERROR:VALID:DTD_MISSING_ATTRIBUTE: Element dep does not carry attribute to
&#x1b;[31m&#x1b;[1mERROR   &#x1b;[0m root:nafdocument.py:586 /home/timadmin/code/nafigator/tests/tests/example.naf.xml:466:0:ERROR:VALID:DTD_UNKNOWN_ATTRIBUTE: No declaration for attribute from_term of element dep
&#x1b;[31m&#x1b;[1mERROR   &#x1b;[0m root:nafdocument.py:586 /home/timadmin/code/nafigator/tests/tests/example.naf.xml:466:0:ERROR:VALID:DTD_UNKNOWN_ATTRIBUTE: No declaration for attribute to_term of element dep
&#x1b;[31m&#x1b;[1mERROR   &#x1b;[0m root:nafdocument.py:586 /home/timadmin/code/nafigator/tests/tests/example.naf.xml:468:0:ERROR:VALID:DTD_MISSING_ATTRIBUTE: Element dep does not carry attribute from
&#x1b;[31m&#x1b;[1mERROR   &#x1b;[0m root:nafdocument.py:586 /home/timadmin/code/nafigator/tests/tests/example.naf.xml:468:0:ERROR:VALID:DTD_MISSING_ATTRIBUTE: Element dep does not carry attribute to
&#x1b;[31m&#x1b;[1mERROR   &#x1b;[0m root:nafdocument.py:586 /home/timadmin/code/nafigator/tests/tests/example.naf.xml:468:0:ERROR:VALID:DTD_UNKNOWN_ATTRIBUTE: No declaration for attribute from_term of element dep
&#x1b;[31m&#x1b;[1mERROR   &#x1b;[0m root:nafdocument.py:586 /home/timadmin/code/nafigator/tests/tests/example.naf.xml:468:0:ERROR:VALID:DTD_UNKNOWN_ATTRIBUTE: No declaration for attribute to_term of element dep
&#x1b;[31m&#x1b;[1mERROR   &#x1b;[0m root:nafdocument.py:586 /home/timadmin/code/nafigator/tests/tests/example.naf.xml:470:0:ERROR:VALID:DTD_MISSING_ATTRIBUTE: Element dep does not carry attribute from
&#x1b;[31m&#x1b;[1mERROR   &#x1b;[0m root:nafdocument.py:586 /home/timadmin/code/nafigator/tests/tests/example.naf.xml:470:0:ERROR:VALID:DTD_MISSING_ATTRIBUTE: Element dep does not carry attribute to
&#x1b;[31m&#x1b;[1mERROR   &#x1b;[0m root:nafdocument.py:586 /home/timadmin/code/nafigator/tests/tests/example.naf.xml:470:0:ERROR:VALID:DTD_UNKNOWN_ATTRIBUTE: No declaration for attribute from_term of element dep
&#x1b;[31m&#x1b;[1mERROR   &#x1b;[0m root:nafdocument.py:586 /home/timadmin/code/nafigator/tests/tests/example.naf.xml:470:0:ERROR:VALID:DTD_UNKNOWN_ATTRIBUTE: No declaration for attribute to_term of element dep
&#x1b;[31m&#x1b;[1mERROR   &#x1b;[0m root:nafdocument.py:586 /home/timadmin/code/nafigator/tests/tests/example.naf.xml:472:0:ERROR:VALID:DTD_MISSING_ATTRIBUTE: Element dep does not carry attribute from
&#x1b;[31m&#x1b;[1mERROR   &#x1b;[0m root:nafdocument.py:586 /home/timadmin/code/nafigator/tests/tests/example.naf.xml:472:0:ERROR:VALID:DTD_MISSING_ATTRIBUTE: Element dep does not carry attribute to
&#x1b;[31m&#x1b;[1mERROR   &#x1b;[0m root:nafdocument.py:586 /home/timadmin/code/nafigator/tests/tests/example.naf.xml:472:0:ERROR:VALID:DTD_UNKNOWN_ATTRIBUTE: No declaration for attribute from_term of element dep
&#x1b;[31m&#x1b;[1mERROR   &#x1b;[0m root:nafdocument.py:586 /home/timadmin/code/nafigator/tests/tests/example.naf.xml:472:0:ERROR:VALID:DTD_UNKNOWN_ATTRIBUTE: No declaration for attribute to_term of element dep
&#x1b;[31m&#x1b;[1mERROR   &#x1b;[0m root:nafdocument.py:586 /home/timadmin/code/nafigator/tests/tests/example.naf.xml:474:0:ERROR:VALID:DTD_MISSING_ATTRIBUTE: Element dep does not carry attribute from
&#x1b;[31m&#x1b;[1mERROR   &#x1b;[0m root:nafdocument.py:586 /home/timadmin/code/nafigator/tests/tests/example.naf.xml:474:0:ERROR:VALID:DTD_MISSING_ATTRIBUTE: Element dep does not carry attribute to
&#x1b;[31m&#x1b;[1mERROR   &#x1b;[0m root:nafdocument.py:586 /home/timadmin/code/nafigator/tests/tests/example.naf.xml:474:0:ERROR:VALID:DTD_UNKNOWN_ATTRIBUTE: No declaration for attribute from_term of element dep
&#x1b;[31m&#x1b;[1mERROR   &#x1b;[0m root:nafdocument.py:586 /home/timadmin/code/nafigator/tests/tests/example.naf.xml:474:0:ERROR:VALID:DTD_UNKNOWN_ATTRIBUTE: No declaration for attribute to_term of element dep
&#x1b;[31m&#x1b;[1mERROR   &#x1b;[0m root:nafdocument.py:586 /home/timadmin/code/nafigator/tests/tests/example.naf.xml:476:0:ERROR:VALID:DTD_MISSING_ATTRIBUTE: Element dep does not carry attribute from
&#x1b;[31m&#x1b;[1mERROR   &#x1b;[0m root:nafdocument.py:586 /home/timadmin/code/nafigator/tests/tests/example.naf.xml:476:0:ERROR:VALID:DTD_MISSING_ATTRIBUTE: Element dep does not carry attribute to
&#x1b;[31m&#x1b;[1mERROR   &#x1b;[0m root:nafdocument.py:586 /home/timadmin/code/nafigator/tests/tests/example.naf.xml:476:0:ERROR:VALID:DTD_UNKNOWN_ATTRIBUTE: No declaration for attribute from_term of element dep
&#x1b;[31m&#x1b;[1mERROR   &#x1b;[0m root:nafdocument.py:586 /home/timadmin/code/nafigator/tests/tests/example.naf.xml:476:0:ERROR:VALID:DTD_UNKNOWN_ATTRIBUTE: No declaration for attribute to_term of element dep
&#x1b;[31m&#x1b;[1mERROR   &#x1b;[0m root:nafdocument.py:586 /home/timadmin/code/nafigator/tests/tests/example.naf.xml:478:0:ERROR:VALID:DTD_MISSING_ATTRIBUTE: Element dep does not carry attribute from
&#x1b;[31m&#x1b;[1mERROR   &#x1b;[0m root:nafdocument.py:586 /home/timadmin/code/nafigator/tests/tests/example.naf.xml:478:0:ERROR:VALID:DTD_MISSING_ATTRIBUTE: Element dep does not carry attribute to
&#x1b;[31m&#x1b;[1mERROR   &#x1b;[0m root:nafdocument.py:586 /home/timadmin/code/nafigator/tests/tests/example.naf.xml:478:0:ERROR:VALID:DTD_UNKNOWN_ATTRIBUTE: No declaration for attribute from_term of element dep
&#x1b;[31m&#x1b;[1mERROR   &#x1b;[0m root:nafdocument.py:586 /home/timadmin/code/nafigator/tests/tests/example.naf.xml:478:0:ERROR:VALID:DTD_UNKNOWN_ATTRIBUTE: No declaration for attribute to_term of element dep
&#x1b;[31m&#x1b;[1mERROR   &#x1b;[0m root:nafdocument.py:586 /home/timadmin/code/nafigator/tests/tests/example.naf.xml:480:0:ERROR:VALID:DTD_MISSING_ATTRIBUTE: Element dep does not carry attribute from
&#x1b;[31m&#x1b;[1mERROR   &#x1b;[0m root:nafdocument.py:586 /home/timadmin/code/nafigator/tests/tests/example.naf.xml:480:0:ERROR:VALID:DTD_MISSING_ATTRIBUTE: Element dep does not carry attribute to
&#x1b;[31m&#x1b;[1mERROR   &#x1b;[0m root:nafdocument.py:586 /home/timadmin/code/nafigator/tests/tests/example.naf.xml:480:0:ERROR:VALID:DTD_UNKNOWN_ATTRIBUTE: No declaration for attribute from_term of element dep
&#x1b;[31m&#x1b;[1mERROR   &#x1b;[0m root:nafdocument.py:586 /home/timadmin/code/nafigator/tests/tests/example.naf.xml:480:0:ERROR:VALID:DTD_UNKNOWN_ATTRIBUTE: No declaration for attribute to_term of element dep
&#x1b;[31m&#x1b;[1mERROR   &#x1b;[0m root:nafdocument.py:586 /home/timadmin/code/nafigator/tests/tests/example.naf.xml:482:0:ERROR:VALID:DTD_MISSING_ATTRIBUTE: Element dep does not carry attribute from
&#x1b;[31m&#x1b;[1mERROR   &#x1b;[0m root:nafdocument.py:586 /home/timadmin/code/nafigator/tests/tests/example.naf.xml:482:0:ERROR:VALID:DTD_MISSING_ATTRIBUTE: Element dep does not carry attribute to
&#x1b;[31m&#x1b;[1mERROR   &#x1b;[0m root:nafdocument.py:586 /home/timadmin/code/nafigator/tests/tests/example.naf.xml:482:0:ERROR:VALID:DTD_UNKNOWN_ATTRIBUTE: No declaration for attribute from_term of element dep
&#x1b;[31m&#x1b;[1mERROR   &#x1b;[0m root:nafdocument.py:586 /home/timadmin/code/nafigator/tests/tests/example.naf.xml:482:0:ERROR:VALID:DTD_UNKNOWN_ATTRIBUTE: No declaration for attribute to_term of element dep
&#x1b;[31m&#x1b;[1mERROR   &#x1b;[0m root:nafdocument.py:586 /home/timadmin/code/nafigator/tests/tests/example.naf.xml:484:0:ERROR:VALID:DTD_MISSING_ATTRIBUTE: Element dep does not carry attribute from
&#x1b;[31m&#x1b;[1mERROR   &#x1b;[0m root:nafdocument.py:586 /home/timadmin/code/nafigator/tests/tests/example.naf.xml:484:0:ERROR:VALID:DTD_MISSING_ATTRIBUTE: Element dep does not carry attribute to
&#x1b;[31m&#x1b;[1mERROR   &#x1b;[0m root:nafdocument.py:586 /home/timadmin/code/nafigator/tests/tests/example.naf.xml:484:0:ERROR:VALID:DTD_UNKNOWN_ATTRIBUTE: No declaration for attribute from_term of element dep
&#x1b;[31m&#x1b;[1mERROR   &#x1b;[0m root:nafdocument.py:586 /home/timadmin/code/nafigator/tests/tests/example.naf.xml:484:0:ERROR:VALID:DTD_UNKNOWN_ATTRIBUTE: No declaration for attribute to_term of element dep
&#x1b;[31m&#x1b;[1mERROR   &#x1b;[0m root:nafdocument.py:586 /home/timadmin/code/nafigator/tests/tests/example.naf.xml:486:0:ERROR:VALID:DTD_MISSING_ATTRIBUTE: Element dep does not carry attribute from
&#x1b;[31m&#x1b;[1mERROR   &#x1b;[0m root:nafdocument.py:586 /home/timadmin/code/nafigator/tests/tests/example.naf.xml:486:0:ERROR:VALID:DTD_MISSING_ATTRIBUTE: Element dep does not carry attribute to
&#x1b;[31m&#x1b;[1mERROR   &#x1b;[0m root:nafdocument.py:586 /home/timadmin/code/nafigator/tests/tests/example.naf.xml:486:0:ERROR:VALID:DTD_UNKNOWN_ATTRIBUTE: No declaration for attribute from_term of element dep
&#x1b;[31m&#x1b;[1mERROR   &#x1b;[0m root:nafdocument.py:586 /home/timadmin/code/nafigator/tests/tests/example.naf.xml:486:0:ERROR:VALID:DTD_UNKNOWN_ATTRIBUTE: No declaration for attribute to_term of element dep
&#x1b;[31m&#x1b;[1mERROR   &#x1b;[0m root:nafdocument.py:586 /home/timadmin/code/nafigator/tests/tests/example.naf.xml:488:0:ERROR:VALID:DTD_MISSING_ATTRIBUTE: Element dep does not carry attribute from
&#x1b;[31m&#x1b;[1mERROR   &#x1b;[0m root:nafdocument.py:586 /home/timadmin/code/nafigator/tests/tests/example.naf.xml:488:0:ERROR:VALID:DTD_MISSING_ATTRIBUTE: Element dep does not carry attribute to
&#x1b;[31m&#x1b;[1mERROR   &#x1b;[0m root:nafdocument.py:586 /home/timadmin/code/nafigator/tests/tests/example.naf.xml:488:0:ERROR:VALID:DTD_UNKNOWN_ATTRIBUTE: No declaration for attribute from_term of element dep
&#x1b;[31m&#x1b;[1mERROR   &#x1b;[0m root:nafdocument.py:586 /home/timadmin/code/nafigator/tests/tests/example.naf.xml:488:0:ERROR:VALID:DTD_UNKNOWN_ATTRIBUTE: No declaration for attribute to_term of element dep
&#x1b;[31m&#x1b;[1mERROR   &#x1b;[0m root:nafdocument.py:586 /home/timadmin/code/nafigator/tests/tests/example.naf.xml:490:0:ERROR:VALID:DTD_MISSING_ATTRIBUTE: Element dep does not carry attribute from
&#x1b;[31m&#x1b;[1mERROR   &#x1b;[0m root:nafdocument.py:586 /home/timadmin/code/nafigator/tests/tests/example.naf.xml:490:0:ERROR:VALID:DTD_MISSING_ATTRIBUTE: Element dep does not carry attribute to
&#x1b;[31m&#x1b;[1mERROR   &#x1b;[0m root:nafdocument.py:586 /home/timadmin/code/nafigator/tests/tests/example.naf.xml:490:0:ERROR:VALID:DTD_UNKNOWN_ATTRIBUTE: No declaration for attribute from_term of element dep
&#x1b;[31m&#x1b;[1mERROR   &#x1b;[0m root:nafdocument.py:586 /home/timadmin/code/nafigator/tests/tests/example.naf.xml:490:0:ERROR:VALID:DTD_UNKNOWN_ATTRIBUTE: No declaration for attribute to_term of element dep
&#x1b;[31m&#x1b;[1mERROR   &#x1b;[0m root:nafdocument.py:586 /home/timadmin/code/nafigator/tests/tests/example.naf.xml:492:0:ERROR:VALID:DTD_MISSING_ATTRIBUTE: Element dep does not carry attribute from
&#x1b;[31m&#x1b;[1mERROR   &#x1b;[0m root:nafdocument.py:586 /home/timadmin/code/nafigator/tests/tests/example.naf.xml:492:0:ERROR:VALID:DTD_MISSING_ATTRIBUTE: Element dep does not carry attribute to
&#x1b;[31m&#x1b;[1mERROR   &#x1b;[0m root:nafdocument.py:586 /home/timadmin/code/nafigator/tests/tests/example.naf.xml:492:0:ERROR:VALID:DTD_UNKNOWN_ATTRIBUTE: No declaration for attribute from_term of element dep
&#x1b;[31m&#x1b;[1mERROR   &#x1b;[0m root:nafdocument.py:586 /home/timadmin/code/nafigator/tests/tests/example.naf.xml:492:0:ERROR:VALID:DTD_UNKNOWN_ATTRIBUTE: No declaration for attribute to_term of element dep
&#x1b;[31m&#x1b;[1mERROR   &#x1b;[0m root:nafdocument.py:586 /home/timadmin/code/nafigator/tests/tests/example.naf.xml:494:0:ERROR:VALID:DTD_MISSING_ATTRIBUTE: Element dep does not carry attribute from
&#x1b;[31m&#x1b;[1mERROR   &#x1b;[0m root:nafdocument.py:586 /home/timadmin/code/nafigator/tests/tests/example.naf.xml:494:0:ERROR:VALID:DTD_MISSING_ATTRIBUTE: Element dep does not carry attribute to
&#x1b;[31m&#x1b;[1mERROR   &#x1b;[0m root:nafdocument.py:586 /home/timadmin/code/nafigator/tests/tests/example.naf.xml:494:0:ERROR:VALID:DTD_UNKNOWN_ATTRIBUTE: No declaration for attribute from_term of element dep
&#x1b;[31m&#x1b;[1mERROR   &#x1b;[0m root:nafdocument.py:586 /home/timadmin/code/nafigator/tests/tests/example.naf.xml:494:0:ERROR:VALID:DTD_UNKNOWN_ATTRIBUTE: No declaration for attribute to_term of element dep
&#x1b;[31m&#x1b;[1mERROR   &#x1b;[0m root:nafdocument.py:586 /home/timadmin/code/nafigator/tests/tests/example.naf.xml:496:0:ERROR:VALID:DTD_MISSING_ATTRIBUTE: Element dep does not carry attribute from
&#x1b;[31m&#x1b;[1mERROR   &#x1b;[0m root:nafdocument.py:586 /home/timadmin/code/nafigator/tests/tests/example.naf.xml:496:0:ERROR:VALID:DTD_MISSING_ATTRIBUTE: Element dep does not carry attribute to
&#x1b;[31m&#x1b;[1mERROR   &#x1b;[0m root:nafdocument.py:586 /home/timadmin/code/nafigator/tests/tests/example.naf.xml:496:0:ERROR:VALID:DTD_UNKNOWN_ATTRIBUTE: No declaration for attribute from_term of element dep
&#x1b;[31m&#x1b;[1mERROR   &#x1b;[0m root:nafdocument.py:586 /home/timadmin/code/nafigator/tests/tests/example.naf.xml:496:0:ERROR:VALID:DTD_UNKNOWN_ATTRIBUTE: No declaration for attribute to_term of element dep
&#x1b;[31m&#x1b;[1mERROR   &#x1b;[0m root:nafdocument.py:586 /home/timadmin/code/nafigator/tests/tests/example.naf.xml:498:0:ERROR:VALID:DTD_MISSING_ATTRIBUTE: Element dep does not carry attribute from
&#x1b;[31m&#x1b;[1mERROR   &#x1b;[0m root:nafdocument.py:586 /home/timadmin/code/nafigator/tests/tests/example.naf.xml:498:0:ERROR:VALID:DTD_MISSING_ATTRIBUTE: Element dep does not carry attribute to
&#x1b;[31m&#x1b;[1mERROR   &#x1b;[0m root:nafdocument.py:586 /home/timadmin/code/nafigator/tests/tests/example.naf.xml:498:0:ERROR:VALID:DTD_UNKNOWN_ATTRIBUTE: No declaration for attribute from_term of element dep
&#x1b;[31m&#x1b;[1mERROR   &#x1b;[0m root:nafdocument.py:586 /home/timadmin/code/nafigator/tests/tests/example.naf.xml:498:0:ERROR:VALID:DTD_UNKNOWN_ATTRIBUTE: No declaration for attribute to_term of element dep
&#x1b;[31m&#x1b;[1mERROR   &#x1b;[0m root:nafdocument.py:586 /home/timadmin/code/nafigator/tests/tests/example.naf.xml:500:0:ERROR:VALID:DTD_MISSING_ATTRIBUTE: Element dep does not carry attribute from
&#x1b;[31m&#x1b;[1mERROR   &#x1b;[0m root:nafdocument.py:586 /home/timadmin/code/nafigator/tests/tests/example.naf.xml:500:0:ERROR:VALID:DTD_MISSING_ATTRIBUTE: Element dep does not carry attribute to
&#x1b;[31m&#x1b;[1mERROR   &#x1b;[0m root:nafdocument.py:586 /home/timadmin/code/nafigator/tests/tests/example.naf.xml:500:0:ERROR:VALID:DTD_UNKNOWN_ATTRIBUTE: No declaration for attribute from_term of element dep
&#x1b;[31m&#x1b;[1mERROR   &#x1b;[0m root:nafdocument.py:586 /home/timadmin/code/nafigator/tests/tests/example.naf.xml:500:0:ERROR:VALID:DTD_UNKNOWN_ATTRIBUTE: No declaration for attribute to_term of element dep
&#x1b;[31m&#x1b;[1mERROR   &#x1b;[0m root:nafdocument.py:586 /home/timadmin/code/nafigator/tests/tests/example.naf.xml:502:0:ERROR:VALID:DTD_MISSING_ATTRIBUTE: Element dep does not carry attribute from
&#x1b;[31m&#x1b;[1mERROR   &#x1b;[0m root:nafdocument.py:586 /home/timadmin/code/nafigator/tests/tests/example.naf.xml:502:0:ERROR:VALID:DTD_MISSING_ATTRIBUTE: Element dep does not carry attribute to
&#x1b;[31m&#x1b;[1mERROR   &#x1b;[0m root:nafdocument.py:586 /home/timadmin/code/nafigator/tests/tests/example.naf.xml:502:0:ERROR:VALID:DTD_UNKNOWN_ATTRIBUTE: No declaration for attribute from_term of element dep
&#x1b;[31m&#x1b;[1mERROR   &#x1b;[0m root:nafdocument.py:586 /home/timadmin/code/nafigator/tests/tests/example.naf.xml:502:0:ERROR:VALID:DTD_UNKNOWN_ATTRIBUTE: No declaration for attribute to_term of element dep
&#x1b;[31m&#x1b;[1mERROR   &#x1b;[0m root:nafdocument.py:586 /home/timadmin/code/nafigator/tests/tests/example.naf.xml:504:0:ERROR:VALID:DTD_MISSING_ATTRIBUTE: Element dep does not carry attribute from
&#x1b;[31m&#x1b;[1mERROR   &#x1b;[0m root:nafdocument.py:586 /home/timadmin/code/nafigator/tests/tests/example.naf.xml:504:0:ERROR:VALID:DTD_MISSING_ATTRIBUTE: Element dep does not carry attribute to
&#x1b;[31m&#x1b;[1mERROR   &#x1b;[0m root:nafdocument.py:586 /home/timadmin/code/nafigator/tests/tests/example.naf.xml:504:0:ERROR:VALID:DTD_UNKNOWN_ATTRIBUTE: No declaration for attribute from_term of element dep
&#x1b;[31m&#x1b;[1mERROR   &#x1b;[0m root:nafdocument.py:586 /home/timadmin/code/nafigator/tests/tests/example.naf.xml:504:0:ERROR:VALID:DTD_UNKNOWN_ATTRIBUTE: No declaration for attribute to_term of element dep
&#x1b;[31m&#x1b;[1mERROR   &#x1b;[0m root:nafdocument.py:586 /home/timadmin/code/nafigator/tests/tests/example.naf.xml:506:0:ERROR:VALID:DTD_MISSING_ATTRIBUTE: Element dep does not carry attribute from
&#x1b;[31m&#x1b;[1mERROR   &#x1b;[0m root:nafdocument.py:586 /home/timadmin/code/nafigator/tests/tests/example.naf.xml:506:0:ERROR:VALID:DTD_MISSING_ATTRIBUTE: Element dep does not carry attribute to
&#x1b;[31m&#x1b;[1mERROR   &#x1b;[0m root:nafdocument.py:586 /home/timadmin/code/nafigator/tests/tests/example.naf.xml:506:0:ERROR:VALID:DTD_UNKNOWN_ATTRIBUTE: No declaration for attribute from_term of element dep
&#x1b;[31m&#x1b;[1mERROR   &#x1b;[0m root:nafdocument.py:586 /home/timadmin/code/nafigator/tests/tests/example.naf.xml:506:0:ERROR:VALID:DTD_UNKNOWN_ATTRIBUTE: No declaration for attribute to_term of element dep
&#x1b;[31m&#x1b;[1mERROR   &#x1b;[0m root:nafdocument.py:586 /home/timadmin/code/nafigator/tests/tests/example.naf.xml:508:0:ERROR:VALID:DTD_MISSING_ATTRIBUTE: Element dep does not carry attribute from
&#x1b;[31m&#x1b;[1mERROR   &#x1b;[0m root:nafdocument.py:586 /home/timadmin/code/nafigator/tests/tests/example.naf.xml:508:0:ERROR:VALID:DTD_MISSING_ATTRIBUTE: Element dep does not carry attribute to
&#x1b;[31m&#x1b;[1mERROR   &#x1b;[0m root:nafdocument.py:586 /home/timadmin/code/nafigator/tests/tests/example.naf.xml:508:0:ERROR:VALID:DTD_UNKNOWN_ATTRIBUTE: No declaration for attribute from_term of element dep
&#x1b;[31m&#x1b;[1mERROR   &#x1b;[0m root:nafdocument.py:586 /home/timadmin/code/nafigator/tests/tests/example.naf.xml:508:0:ERROR:VALID:DTD_UNKNOWN_ATTRIBUTE: No declaration for attribute to_term of element dep
&#x1b;[31m&#x1b;[1mERROR   &#x1b;[0m root:nafdocument.py:586 /home/timadmin/code/nafigator/tests/tests/example.naf.xml:510:0:ERROR:VALID:DTD_MISSING_ATTRIBUTE: Element dep does not carry attribute from
&#x1b;[31m&#x1b;[1mERROR   &#x1b;[0m root:nafdocument.py:586 /home/timadmin/code/nafigator/tests/tests/example.naf.xml:510:0:ERROR:VALID:DTD_MISSING_ATTRIBUTE: Element dep does not carry attribute to
&#x1b;[31m&#x1b;[1mERROR   &#x1b;[0m root:nafdocument.py:586 /home/timadmin/code/nafigator/tests/tests/example.naf.xml:510:0:ERROR:VALID:DTD_UNKNOWN_ATTRIBUTE: No declaration for attribute from_term of element dep
&#x1b;[31m&#x1b;[1mERROR   &#x1b;[0m root:nafdocument.py:586 /home/timadmin/code/nafigator/tests/tests/example.naf.xml:510:0:ERROR:VALID:DTD_UNKNOWN_ATTRIBUTE: No declaration for attribute to_term of element dep
&#x1b;[31m&#x1b;[1mERROR   &#x1b;[0m root:nafdocument.py:586 /home/timadmin/code/nafigator/tests/tests/example.naf.xml:512:0:ERROR:VALID:DTD_MISSING_ATTRIBUTE: Element dep does not carry attribute from
&#x1b;[31m&#x1b;[1mERROR   &#x1b;[0m root:nafdocument.py:586 /home/timadmin/code/nafigator/tests/tests/example.naf.xml:512:0:ERROR:VALID:DTD_MISSING_ATTRIBUTE: Element dep does not carry attribute to
&#x1b;[31m&#x1b;[1mERROR   &#x1b;[0m root:nafdocument.py:586 /home/timadmin/code/nafigator/tests/tests/example.naf.xml:512:0:ERROR:VALID:DTD_UNKNOWN_ATTRIBUTE: No declaration for attribute from_term of element dep
&#x1b;[31m&#x1b;[1mERROR   &#x1b;[0m root:nafdocument.py:586 /home/timadmin/code/nafigator/tests/tests/example.naf.xml:512:0:ERROR:VALID:DTD_UNKNOWN_ATTRIBUTE: No declaration for attribute to_term of element dep]]></message></reason><output><![CDATA[&#x1b;[31m&#x1b;[1mERROR   &#x1b;[0m root:nafdocument.py:584 DTD error log:
&#x1b;[31m&#x1b;[1mERROR   &#x1b;[0m root:nafdocument.py:586 /home/timadmin/code/nafigator/tests/tests/example.naf.xml:2:0:ERROR:VALID:DTD_CONTENT_MODEL: Element NAF content does not follow the DTD, expecting (nafHeader | raw | topics | text | terms | multiwords | deps | chunks | entities | coreferences | constituency | srl | opinions | timeExpressions | factualitylayer | tunits | locations | dates | temporalRelations | causalRelations | markables | attribution | factualities)*, got (nafHeader formats entities text terms deps multiwords raw )
&#x1b;[31m&#x1b;[1mERROR   &#x1b;[0m root:nafdocument.py:586 /home/timadmin/code/nafigator/tests/tests/example.naf.xml:2:0:ERROR:VALID:DTD_UNKNOWN_ATTRIBUTE: No declaration for attribute xmlns:dc of element NAF
&#x1b;[31m&#x1b;[1mERROR   &#x1b;[0m root:nafdocument.py:586 /home/timadmin/code/nafigator/tests/tests/example.naf.xml:5:0:ERROR:VALID:DTD_UNKNOWN_ATTRIBUTE: No declaration for attribute uri of element public
&#x1b;[31m&#x1b;[1mERROR   &#x1b;[0m root:nafdocument.py:586 /home/timadmin/code/nafigator/tests/tests/example.naf.xml:5:0:ERROR:VALID:DTD_UNKNOWN_ATTRIBUTE: No declaration for attribute format of element public
&#x1b;[31m&#x1b;[1mERROR   &#x1b;[0m root:nafdocument.py:586 /home/timadmin/code/nafigator/tests/tests/example.naf.xml:13:0:ERROR:VALID:DTD_UNKNOWN_ATTRIBUTE: No declaration for attribute model of element lp
&#x1b;[31m&#x1b;[1mERROR   &#x1b;[0m root:nafdocument.py:586 /home/timadmin/code/nafigator/tests/tests/example.naf.xml:16:0:ERROR:VALID:DTD_UNKNOWN_ATTRIBUTE: No declaration for attribute model of element lp
&#x1b;[31m&#x1b;[1mERROR   &#x1b;[0m root:nafdocument.py:586 /home/timadmin/code/nafigator/tests/tests/example.naf.xml:19:0:ERROR:VALID:DTD_UNKNOWN_ATTRIBUTE: No declaration for attribute model of element lp
&#x1b;[31m&#x1b;[1mERROR   &#x1b;[0m root:nafdocument.py:586 /home/timadmin/code/nafigator/tests/tests/example.naf.xml:22:0:ERROR:VALID:DTD_UNKNOWN_ATTRIBUTE: No declaration for attribute model of element lp
&#x1b;[31m&#x1b;[1mERROR   &#x1b;[0m root:nafdocument.py:586 /home/timadmin/code/nafigator/tests/tests/example.naf.xml:25:0:ERROR:VALID:DTD_UNKNOWN_ATTRIBUTE: No declaration for attribute model of element lp
&#x1b;[31m&#x1b;[1mERROR   &#x1b;[0m root:nafdocument.py:586 /home/timadmin/code/nafigator/tests/tests/example.naf.xml:28:0:ERROR:VALID:DTD_UNKNOWN_ELEM: No declaration for element formats
&#x1b;[31m&#x1b;[1mERROR   &#x1b;[0m root:nafdocument.py:586 /home/timadmin/code/nafigator/tests/tests/example.naf.xml:29:0:ERROR:VALID:DTD_UNKNOWN_ELEM: No declaration for element page
&#x1b;[31m&#x1b;[1mERROR   &#x1b;[0m root:nafdocument.py:586 /home/timadmin/code/nafigator/tests/tests/example.naf.xml:29:0:ERROR:VALID:DTD_UNKNOWN_ATTRIBUTE: No declaration for attribute length of element page
&#x1b;[31m&#x1b;[1mERROR   &#x1b;[0m root:nafdocument.py:586 /home/timadmin/code/nafigator/tests/tests/example.naf.xml:29:0:ERROR:VALID:DTD_UNKNOWN_ATTRIBUTE: No declaration for attribute offset of element page
&#x1b;[31m&#x1b;[1mERROR   &#x1b;[0m root:nafdocument.py:586 /home/timadmin/code/nafigator/tests/tests/example.naf.xml:30:0:ERROR:VALID:DTD_UNKNOWN_ELEM: No declaration for element textbox
&#x1b;[31m&#x1b;[1mERROR   &#x1b;[0m root:nafdocument.py:586 /home/timadmin/code/nafigator/tests/tests/example.naf.xml:31:0:ERROR:VALID:DTD_UNKNOWN_ELEM: No declaration for element textline
&#x1b;[31m&#x1b;[1mERROR   &#x1b;[0m root:nafdocument.py:586 /home/timadmin/code/nafigator/tests/tests/example.naf.xml:32:0:ERROR:VALID:DTD_CONTENT_MODEL: Element text content does not follow the DTD, expecting (wf)+, got (CDATA)
&#x1b;[31m&#x1b;[1mERROR   &#x1b;[0m root:nafdocument.py:586 /home/timadmin/code/nafigator/tests/tests/example.naf.xml:32:0:ERROR:VALID:DTD_UNKNOWN_ATTRIBUTE: No declaration for attribute font of element text
&#x1b;[31m&#x1b;[1mERROR   &#x1b;[0m root:nafdocument.py:586 /home/timadmin/code/nafigator/tests/tests/example.naf.xml:32:0:ERROR:VALID:DTD_UNKNOWN_ATTRIBUTE: No declaration for attribute size of element text
&#x1b;[31m&#x1b;[1mERROR   &#x1b;[0m root:nafdocument.py:586 /home/timadmin/code/nafigator/tests/tests/example.naf.xml:32:0:ERROR:VALID:DTD_UNKNOWN_ATTRIBUTE: No declaration for attribute length of element text
&#x1b;[31m&#x1b;[1mERROR   &#x1b;[0m root:nafdocument.py:586 /home/timadmin/code/nafigator/tests/tests/example.naf.xml:32:0:ERROR:VALID:DTD_UNKNOWN_ATTRIBUTE: No declaration for attribute offset of element text
&#x1b;[31m&#x1b;[1mERROR   &#x1b;[0m root:nafdocument.py:586 /home/timadmin/code/nafigator/tests/tests/example.naf.xml:34:0:ERROR:VALID:DTD_UNKNOWN_ELEM: No declaration for element textline
&#x1b;[31m&#x1b;[1mERROR   &#x1b;[0m root:nafdocument.py:586 /home/timadmin/code/nafigator/tests/tests/example.naf.xml:35:0:ERROR:VALID:DTD_CONTENT_MODEL: Element text content does not follow the DTD, expecting (wf)+, got (CDATA)
&#x1b;[31m&#x1b;[1mERROR   &#x1b;[0m root:nafdocument.py:586 /home/timadmin/code/nafigator/tests/tests/example.naf.xml:35:0:ERROR:VALID:DTD_UNKNOWN_ATTRIBUTE: No declaration for attribute font of element text
&#x1b;[31m&#x1b;[1mERROR   &#x1b;[0m root:nafdocument.py:586 /home/timadmin/code/nafigator/tests/tests/example.naf.xml:35:0:ERROR:VALID:DTD_UNKNOWN_ATTRIBUTE: No declaration for attribute size of element text
&#x1b;[31m&#x1b;[1mERROR   &#x1b;[0m root:nafdocument.py:586 /home/timadmin/code/nafigator/tests/tests/example.naf.xml:35:0:ERROR:VALID:DTD_UNKNOWN_ATTRIBUTE: No declaration for attribute length of element text
&#x1b;[31m&#x1b;[1mERROR   &#x1b;[0m root:nafdocument.py:586 /home/timadmin/code/nafigator/tests/tests/example.naf.xml:35:0:ERROR:VALID:DTD_UNKNOWN_ATTRIBUTE: No declaration for attribute offset of element text
&#x1b;[31m&#x1b;[1mERROR   &#x1b;[0m root:nafdocument.py:586 /home/timadmin/code/nafigator/tests/tests/example.naf.xml:38:0:ERROR:VALID:DTD_UNKNOWN_ELEM: No declaration for element textbox
&#x1b;[31m&#x1b;[1mERROR   &#x1b;[0m root:nafdocument.py:586 /home/timadmin/code/nafigator/tests/tests/example.naf.xml:39:0:ERROR:VALID:DTD_UNKNOWN_ELEM: No declaration for element textline
&#x1b;[31m&#x1b;[1mERROR   &#x1b;[0m root:nafdocument.py:586 /home/timadmin/code/nafigator/tests/tests/example.naf.xml:40:0:ERROR:VALID:DTD_CONTENT_MODEL: Element text content does not follow the DTD, expecting (wf)+, got (CDATA)
&#x1b;[31m&#x1b;[1mERROR   &#x1b;[0m root:nafdocument.py:586 /home/timadmin/code/nafigator/tests/tests/example.naf.xml:40:0:ERROR:VALID:DTD_UNKNOWN_ATTRIBUTE: No declaration for attribute font of element text
&#x1b;[31m&#x1b;[1mERROR   &#x1b;[0m root:nafdocument.py:586 /home/timadmin/code/nafigator/tests/tests/example.naf.xml:40:0:ERROR:VALID:DTD_UNKNOWN_ATTRIBUTE: No declaration for attribute size of element text
&#x1b;[31m&#x1b;[1mERROR   &#x1b;[0m root:nafdocument.py:586 /home/timadmin/code/nafigator/tests/tests/example.naf.xml:40:0:ERROR:VALID:DTD_UNKNOWN_ATTRIBUTE: No declaration for attribute length of element text
&#x1b;[31m&#x1b;[1mERROR   &#x1b;[0m root:nafdocument.py:586 /home/timadmin/code/nafigator/tests/tests/example.naf.xml:40:0:ERROR:VALID:DTD_UNKNOWN_ATTRIBUTE: No declaration for attribute offset of element text
&#x1b;[31m&#x1b;[1mERROR   &#x1b;[0m root:nafdocument.py:586 /home/timadmin/code/nafigator/tests/tests/example.naf.xml:42:0:ERROR:VALID:DTD_UNKNOWN_ELEM: No declaration for element textline
&#x1b;[31m&#x1b;[1mERROR   &#x1b;[0m root:nafdocument.py:586 /home/timadmin/code/nafigator/tests/tests/example.naf.xml:43:0:ERROR:VALID:DTD_CONTENT_MODEL: Element text content does not follow the DTD, expecting (wf)+, got (CDATA)
&#x1b;[31m&#x1b;[1mERROR   &#x1b;[0m root:nafdocument.py:586 /home/timadmin/code/nafigator/tests/tests/example.naf.xml:43:0:ERROR:VALID:DTD_UNKNOWN_ATTRIBUTE: No declaration for attribute font of element text
&#x1b;[31m&#x1b;[1mERROR   &#x1b;[0m root:nafdocument.py:586 /home/timadmin/code/nafigator/tests/tests/example.naf.xml:43:0:ERROR:VALID:DTD_UNKNOWN_ATTRIBUTE: No declaration for attribute size of element text
&#x1b;[31m&#x1b;[1mERROR   &#x1b;[0m root:nafdocument.py:586 /home/timadmin/code/nafigator/tests/tests/example.naf.xml:43:0:ERROR:VALID:DTD_UNKNOWN_ATTRIBUTE: No declaration for attribute length of element text
&#x1b;[31m&#x1b;[1mERROR   &#x1b;[0m root:nafdocument.py:586 /home/timadmin/code/nafigator/tests/tests/example.naf.xml:43:0:ERROR:VALID:DTD_UNKNOWN_ATTRIBUTE: No declaration for attribute offset of element text
&#x1b;[31m&#x1b;[1mERROR   &#x1b;[0m root:nafdocument.py:586 /home/timadmin/code/nafigator/tests/tests/example.naf.xml:418:0:ERROR:VALID:DTD_MISSING_ATTRIBUTE: Element dep does not carry attribute from
&#x1b;[31m&#x1b;[1mERROR   &#x1b;[0m root:nafdocument.py:586 /home/timadmin/code/nafigator/tests/tests/example.naf.xml:418:0:ERROR:VALID:DTD_MISSING_ATTRIBUTE: Element dep does not carry attribute to
&#x1b;[31m&#x1b;[1mERROR   &#x1b;[0m root:nafdocument.py:586 /home/timadmin/code/nafigator/tests/tests/example.naf.xml:418:0:ERROR:VALID:DTD_UNKNOWN_ATTRIBUTE: No declaration for attribute from_term of element dep
&#x1b;[31m&#x1b;[1mERROR   &#x1b;[0m root:nafdocument.py:586 /home/timadmin/code/nafigator/tests/tests/example.naf.xml:418:0:ERROR:VALID:DTD_UNKNOWN_ATTRIBUTE: No declaration for attribute to_term of element dep
&#x1b;[31m&#x1b;[1mERROR   &#x1b;[0m root:nafdocument.py:586 /home/timadmin/code/nafigator/tests/tests/example.naf.xml:420:0:ERROR:VALID:DTD_MISSING_ATTRIBUTE: Element dep does not carry attribute from
&#x1b;[31m&#x1b;[1mERROR   &#x1b;[0m root:nafdocument.py:586 /home/timadmin/code/nafigator/tests/tests/example.naf.xml:420:0:ERROR:VALID:DTD_MISSING_ATTRIBUTE: Element dep does not carry attribute to
&#x1b;[31m&#x1b;[1mERROR   &#x1b;[0m root:nafdocument.py:586 /home/timadmin/code/nafigator/tests/tests/example.naf.xml:420:0:ERROR:VALID:DTD_UNKNOWN_ATTRIBUTE: No declaration for attribute from_term of element dep
&#x1b;[31m&#x1b;[1mERROR   &#x1b;[0m root:nafdocument.py:586 /home/timadmin/code/nafigator/tests/tests/example.naf.xml:420:0:ERROR:VALID:DTD_UNKNOWN_ATTRIBUTE: No declaration for attribute to_term of element dep
&#x1b;[31m&#x1b;[1mERROR   &#x1b;[0m root:nafdocument.py:586 /home/timadmin/code/nafigator/tests/tests/example.naf.xml:422:0:ERROR:VALID:DTD_MISSING_ATTRIBUTE: Element dep does not carry attribute from
&#x1b;[31m&#x1b;[1mERROR   &#x1b;[0m root:nafdocument.py:586 /home/timadmin/code/nafigator/tests/tests/example.naf.xml:422:0:ERROR:VALID:DTD_MISSING_ATTRIBUTE: Element dep does not carry attribute to
&#x1b;[31m&#x1b;[1mERROR   &#x1b;[0m root:nafdocument.py:586 /home/timadmin/code/nafigator/tests/tests/example.naf.xml:422:0:ERROR:VALID:DTD_UNKNOWN_ATTRIBUTE: No declaration for attribute from_term of element dep
&#x1b;[31m&#x1b;[1mERROR   &#x1b;[0m root:nafdocument.py:586 /home/timadmin/code/nafigator/tests/tests/example.naf.xml:422:0:ERROR:VALID:DTD_UNKNOWN_ATTRIBUTE: No declaration for attribute to_term of element dep
&#x1b;[31m&#x1b;[1mERROR   &#x1b;[0m root:nafdocument.py:586 /home/timadmin/code/nafigator/tests/tests/example.naf.xml:424:0:ERROR:VALID:DTD_MISSING_ATTRIBUTE: Element dep does not carry attribute from
&#x1b;[31m&#x1b;[1mERROR   &#x1b;[0m root:nafdocument.py:586 /home/timadmin/code/nafigator/tests/tests/example.naf.xml:424:0:ERROR:VALID:DTD_MISSING_ATTRIBUTE: Element dep does not carry attribute to
&#x1b;[31m&#x1b;[1mERROR   &#x1b;[0m root:nafdocument.py:586 /home/timadmin/code/nafigator/tests/tests/example.naf.xml:424:0:ERROR:VALID:DTD_UNKNOWN_ATTRIBUTE: No declaration for attribute from_term of element dep
&#x1b;[31m&#x1b;[1mERROR   &#x1b;[0m root:nafdocument.py:586 /home/timadmin/code/nafigator/tests/tests/example.naf.xml:424:0:ERROR:VALID:DTD_UNKNOWN_ATTRIBUTE: No declaration for attribute to_term of element dep
&#x1b;[31m&#x1b;[1mERROR   &#x1b;[0m root:nafdocument.py:586 /home/timadmin/code/nafigator/tests/tests/example.naf.xml:426:0:ERROR:VALID:DTD_MISSING_ATTRIBUTE: Element dep does not carry attribute from
&#x1b;[31m&#x1b;[1mERROR   &#x1b;[0m root:nafdocument.py:586 /home/timadmin/code/nafigator/tests/tests/example.naf.xml:426:0:ERROR:VALID:DTD_MISSING_ATTRIBUTE: Element dep does not carry attribute to
&#x1b;[31m&#x1b;[1mERROR   &#x1b;[0m root:nafdocument.py:586 /home/timadmin/code/nafigator/tests/tests/example.naf.xml:426:0:ERROR:VALID:DTD_UNKNOWN_ATTRIBUTE: No declaration for attribute from_term of element dep
&#x1b;[31m&#x1b;[1mERROR   &#x1b;[0m root:nafdocument.py:586 /home/timadmin/code/nafigator/tests/tests/example.naf.xml:426:0:ERROR:VALID:DTD_UNKNOWN_ATTRIBUTE: No declaration for attribute to_term of element dep
&#x1b;[31m&#x1b;[1mERROR   &#x1b;[0m root:nafdocument.py:586 /home/timadmin/code/nafigator/tests/tests/example.naf.xml:428:0:ERROR:VALID:DTD_MISSING_ATTRIBUTE: Element dep does not carry attribute from
&#x1b;[31m&#x1b;[1mERROR   &#x1b;[0m root:nafdocument.py:586 /home/timadmin/code/nafigator/tests/tests/example.naf.xml:428:0:ERROR:VALID:DTD_MISSING_ATTRIBUTE: Element dep does not carry attribute to
&#x1b;[31m&#x1b;[1mERROR   &#x1b;[0m root:nafdocument.py:586 /home/timadmin/code/nafigator/tests/tests/example.naf.xml:428:0:ERROR:VALID:DTD_UNKNOWN_ATTRIBUTE: No declaration for attribute from_term of element dep
&#x1b;[31m&#x1b;[1mERROR   &#x1b;[0m root:nafdocument.py:586 /home/timadmin/code/nafigator/tests/tests/example.naf.xml:428:0:ERROR:VALID:DTD_UNKNOWN_ATTRIBUTE: No declaration for attribute to_term of element dep
&#x1b;[31m&#x1b;[1mERROR   &#x1b;[0m root:nafdocument.py:586 /home/timadmin/code/nafigator/tests/tests/example.naf.xml:430:0:ERROR:VALID:DTD_MISSING_ATTRIBUTE: Element dep does not carry attribute from
&#x1b;[31m&#x1b;[1mERROR   &#x1b;[0m root:nafdocument.py:586 /home/timadmin/code/nafigator/tests/tests/example.naf.xml:430:0:ERROR:VALID:DTD_MISSING_ATTRIBUTE: Element dep does not carry attribute to
&#x1b;[31m&#x1b;[1mERROR   &#x1b;[0m root:nafdocument.py:586 /home/timadmin/code/nafigator/tests/tests/example.naf.xml:430:0:ERROR:VALID:DTD_UNKNOWN_ATTRIBUTE: No declaration for attribute from_term of element dep
&#x1b;[31m&#x1b;[1mERROR   &#x1b;[0m root:nafdocument.py:586 /home/timadmin/code/nafigator/tests/tests/example.naf.xml:430:0:ERROR:VALID:DTD_UNKNOWN_ATTRIBUTE: No declaration for attribute to_term of element dep
&#x1b;[31m&#x1b;[1mERROR   &#x1b;[0m root:nafdocument.py:586 /home/timadmin/code/nafigator/tests/tests/example.naf.xml:432:0:ERROR:VALID:DTD_MISSING_ATTRIBUTE: Element dep does not carry attribute from
&#x1b;[31m&#x1b;[1mERROR   &#x1b;[0m root:nafdocument.py:586 /home/timadmin/code/nafigator/tests/tests/example.naf.xml:432:0:ERROR:VALID:DTD_MISSING_ATTRIBUTE: Element dep does not carry attribute to
&#x1b;[31m&#x1b;[1mERROR   &#x1b;[0m root:nafdocument.py:586 /home/timadmin/code/nafigator/tests/tests/example.naf.xml:432:0:ERROR:VALID:DTD_UNKNOWN_ATTRIBUTE: No declaration for attribute from_term of element dep
&#x1b;[31m&#x1b;[1mERROR   &#x1b;[0m root:nafdocument.py:586 /home/timadmin/code/nafigator/tests/tests/example.naf.xml:432:0:ERROR:VALID:DTD_UNKNOWN_ATTRIBUTE: No declaration for attribute to_term of element dep
&#x1b;[31m&#x1b;[1mERROR   &#x1b;[0m root:nafdocument.py:586 /home/timadmin/code/nafigator/tests/tests/example.naf.xml:434:0:ERROR:VALID:DTD_MISSING_ATTRIBUTE: Element dep does not carry attribute from
&#x1b;[31m&#x1b;[1mERROR   &#x1b;[0m root:nafdocument.py:586 /home/timadmin/code/nafigator/tests/tests/example.naf.xml:434:0:ERROR:VALID:DTD_MISSING_ATTRIBUTE: Element dep does not carry attribute to
&#x1b;[31m&#x1b;[1mERROR   &#x1b;[0m root:nafdocument.py:586 /home/timadmin/code/nafigator/tests/tests/example.naf.xml:434:0:ERROR:VALID:DTD_UNKNOWN_ATTRIBUTE: No declaration for attribute from_term of element dep
&#x1b;[31m&#x1b;[1mERROR   &#x1b;[0m root:nafdocument.py:586 /home/timadmin/code/nafigator/tests/tests/example.naf.xml:434:0:ERROR:VALID:DTD_UNKNOWN_ATTRIBUTE: No declaration for attribute to_term of element dep
&#x1b;[31m&#x1b;[1mERROR   &#x1b;[0m root:nafdocument.py:586 /home/timadmin/code/nafigator/tests/tests/example.naf.xml:436:0:ERROR:VALID:DTD_MISSING_ATTRIBUTE: Element dep does not carry attribute from
&#x1b;[31m&#x1b;[1mERROR   &#x1b;[0m root:nafdocument.py:586 /home/timadmin/code/nafigator/tests/tests/example.naf.xml:436:0:ERROR:VALID:DTD_MISSING_ATTRIBUTE: Element dep does not carry attribute to
&#x1b;[31m&#x1b;[1mERROR   &#x1b;[0m root:nafdocument.py:586 /home/timadmin/code/nafigator/tests/tests/example.naf.xml:436:0:ERROR:VALID:DTD_UNKNOWN_ATTRIBUTE: No declaration for attribute from_term of element dep
&#x1b;[31m&#x1b;[1mERROR   &#x1b;[0m root:nafdocument.py:586 /home/timadmin/code/nafigator/tests/tests/example.naf.xml:436:0:ERROR:VALID:DTD_UNKNOWN_ATTRIBUTE: No declaration for attribute to_term of element dep
&#x1b;[31m&#x1b;[1mERROR   &#x1b;[0m root:nafdocument.py:586 /home/timadmin/code/nafigator/tests/tests/example.naf.xml:438:0:ERROR:VALID:DTD_MISSING_ATTRIBUTE: Element dep does not carry attribute from
&#x1b;[31m&#x1b;[1mERROR   &#x1b;[0m root:nafdocument.py:586 /home/timadmin/code/nafigator/tests/tests/example.naf.xml:438:0:ERROR:VALID:DTD_MISSING_ATTRIBUTE: Element dep does not carry attribute to
&#x1b;[31m&#x1b;[1mERROR   &#x1b;[0m root:nafdocument.py:586 /home/timadmin/code/nafigator/tests/tests/example.naf.xml:438:0:ERROR:VALID:DTD_UNKNOWN_ATTRIBUTE: No declaration for attribute from_term of element dep
&#x1b;[31m&#x1b;[1mERROR   &#x1b;[0m root:nafdocument.py:586 /home/timadmin/code/nafigator/tests/tests/example.naf.xml:438:0:ERROR:VALID:DTD_UNKNOWN_ATTRIBUTE: No declaration for attribute to_term of element dep
&#x1b;[31m&#x1b;[1mERROR   &#x1b;[0m root:nafdocument.py:586 /home/timadmin/code/nafigator/tests/tests/example.naf.xml:440:0:ERROR:VALID:DTD_MISSING_ATTRIBUTE: Element dep does not carry attribute from
&#x1b;[31m&#x1b;[1mERROR   &#x1b;[0m root:nafdocument.py:586 /home/timadmin/code/nafigator/tests/tests/example.naf.xml:440:0:ERROR:VALID:DTD_MISSING_ATTRIBUTE: Element dep does not carry attribute to
&#x1b;[31m&#x1b;[1mERROR   &#x1b;[0m root:nafdocument.py:586 /home/timadmin/code/nafigator/tests/tests/example.naf.xml:440:0:ERROR:VALID:DTD_UNKNOWN_ATTRIBUTE: No declaration for attribute from_term of element dep
&#x1b;[31m&#x1b;[1mERROR   &#x1b;[0m root:nafdocument.py:586 /home/timadmin/code/nafigator/tests/tests/example.naf.xml:440:0:ERROR:VALID:DTD_UNKNOWN_ATTRIBUTE: No declaration for attribute to_term of element dep
&#x1b;[31m&#x1b;[1mERROR   &#x1b;[0m root:nafdocument.py:586 /home/timadmin/code/nafigator/tests/tests/example.naf.xml:442:0:ERROR:VALID:DTD_MISSING_ATTRIBUTE: Element dep does not carry attribute from
&#x1b;[31m&#x1b;[1mERROR   &#x1b;[0m root:nafdocument.py:586 /home/timadmin/code/nafigator/tests/tests/example.naf.xml:442:0:ERROR:VALID:DTD_MISSING_ATTRIBUTE: Element dep does not carry attribute to
&#x1b;[31m&#x1b;[1mERROR   &#x1b;[0m root:nafdocument.py:586 /home/timadmin/code/nafigator/tests/tests/example.naf.xml:442:0:ERROR:VALID:DTD_UNKNOWN_ATTRIBUTE: No declaration for attribute from_term of element dep
&#x1b;[31m&#x1b;[1mERROR   &#x1b;[0m root:nafdocument.py:586 /home/timadmin/code/nafigator/tests/tests/example.naf.xml:442:0:ERROR:VALID:DTD_UNKNOWN_ATTRIBUTE: No declaration for attribute to_term of element dep
&#x1b;[31m&#x1b;[1mERROR   &#x1b;[0m root:nafdocument.py:586 /home/timadmin/code/nafigator/tests/tests/example.naf.xml:444:0:ERROR:VALID:DTD_MISSING_ATTRIBUTE: Element dep does not carry attribute from
&#x1b;[31m&#x1b;[1mERROR   &#x1b;[0m root:nafdocument.py:586 /home/timadmin/code/nafigator/tests/tests/example.naf.xml:444:0:ERROR:VALID:DTD_MISSING_ATTRIBUTE: Element dep does not carry attribute to
&#x1b;[31m&#x1b;[1mERROR   &#x1b;[0m root:nafdocument.py:586 /home/timadmin/code/nafigator/tests/tests/example.naf.xml:444:0:ERROR:VALID:DTD_UNKNOWN_ATTRIBUTE: No declaration for attribute from_term of element dep
&#x1b;[31m&#x1b;[1mERROR   &#x1b;[0m root:nafdocument.py:586 /home/timadmin/code/nafigator/tests/tests/example.naf.xml:444:0:ERROR:VALID:DTD_UNKNOWN_ATTRIBUTE: No declaration for attribute to_term of element dep
&#x1b;[31m&#x1b;[1mERROR   &#x1b;[0m root:nafdocument.py:586 /home/timadmin/code/nafigator/tests/tests/example.naf.xml:446:0:ERROR:VALID:DTD_MISSING_ATTRIBUTE: Element dep does not carry attribute from
&#x1b;[31m&#x1b;[1mERROR   &#x1b;[0m root:nafdocument.py:586 /home/timadmin/code/nafigator/tests/tests/example.naf.xml:446:0:ERROR:VALID:DTD_MISSING_ATTRIBUTE: Element dep does not carry attribute to
&#x1b;[31m&#x1b;[1mERROR   &#x1b;[0m root:nafdocument.py:586 /home/timadmin/code/nafigator/tests/tests/example.naf.xml:446:0:ERROR:VALID:DTD_UNKNOWN_ATTRIBUTE: No declaration for attribute from_term of element dep
&#x1b;[31m&#x1b;[1mERROR   &#x1b;[0m root:nafdocument.py:586 /home/timadmin/code/nafigator/tests/tests/example.naf.xml:446:0:ERROR:VALID:DTD_UNKNOWN_ATTRIBUTE: No declaration for attribute to_term of element dep
&#x1b;[31m&#x1b;[1mERROR   &#x1b;[0m root:nafdocument.py:586 /home/timadmin/code/nafigator/tests/tests/example.naf.xml:448:0:ERROR:VALID:DTD_MISSING_ATTRIBUTE: Element dep does not carry attribute from
&#x1b;[31m&#x1b;[1mERROR   &#x1b;[0m root:nafdocument.py:586 /home/timadmin/code/nafigator/tests/tests/example.naf.xml:448:0:ERROR:VALID:DTD_MISSING_ATTRIBUTE: Element dep does not carry attribute to
&#x1b;[31m&#x1b;[1mERROR   &#x1b;[0m root:nafdocument.py:586 /home/timadmin/code/nafigator/tests/tests/example.naf.xml:448:0:ERROR:VALID:DTD_UNKNOWN_ATTRIBUTE: No declaration for attribute from_term of element dep
&#x1b;[31m&#x1b;[1mERROR   &#x1b;[0m root:nafdocument.py:586 /home/timadmin/code/nafigator/tests/tests/example.naf.xml:448:0:ERROR:VALID:DTD_UNKNOWN_ATTRIBUTE: No declaration for attribute to_term of element dep
&#x1b;[31m&#x1b;[1mERROR   &#x1b;[0m root:nafdocument.py:586 /home/timadmin/code/nafigator/tests/tests/example.naf.xml:450:0:ERROR:VALID:DTD_MISSING_ATTRIBUTE: Element dep does not carry attribute from
&#x1b;[31m&#x1b;[1mERROR   &#x1b;[0m root:nafdocument.py:586 /home/timadmin/code/nafigator/tests/tests/example.naf.xml:450:0:ERROR:VALID:DTD_MISSING_ATTRIBUTE: Element dep does not carry attribute to
&#x1b;[31m&#x1b;[1mERROR   &#x1b;[0m root:nafdocument.py:586 /home/timadmin/code/nafigator/tests/tests/example.naf.xml:450:0:ERROR:VALID:DTD_UNKNOWN_ATTRIBUTE: No declaration for attribute from_term of element dep
&#x1b;[31m&#x1b;[1mERROR   &#x1b;[0m root:nafdocument.py:586 /home/timadmin/code/nafigator/tests/tests/example.naf.xml:450:0:ERROR:VALID:DTD_UNKNOWN_ATTRIBUTE: No declaration for attribute to_term of element dep
&#x1b;[31m&#x1b;[1mERROR   &#x1b;[0m root:nafdocument.py:586 /home/timadmin/code/nafigator/tests/tests/example.naf.xml:452:0:ERROR:VALID:DTD_MISSING_ATTRIBUTE: Element dep does not carry attribute from
&#x1b;[31m&#x1b;[1mERROR   &#x1b;[0m root:nafdocument.py:586 /home/timadmin/code/nafigator/tests/tests/example.naf.xml:452:0:ERROR:VALID:DTD_MISSING_ATTRIBUTE: Element dep does not carry attribute to
&#x1b;[31m&#x1b;[1mERROR   &#x1b;[0m root:nafdocument.py:586 /home/timadmin/code/nafigator/tests/tests/example.naf.xml:452:0:ERROR:VALID:DTD_UNKNOWN_ATTRIBUTE: No declaration for attribute from_term of element dep
&#x1b;[31m&#x1b;[1mERROR   &#x1b;[0m root:nafdocument.py:586 /home/timadmin/code/nafigator/tests/tests/example.naf.xml:452:0:ERROR:VALID:DTD_UNKNOWN_ATTRIBUTE: No declaration for attribute to_term of element dep
&#x1b;[31m&#x1b;[1mERROR   &#x1b;[0m root:nafdocument.py:586 /home/timadmin/code/nafigator/tests/tests/example.naf.xml:454:0:ERROR:VALID:DTD_MISSING_ATTRIBUTE: Element dep does not carry attribute from
&#x1b;[31m&#x1b;[1mERROR   &#x1b;[0m root:nafdocument.py:586 /home/timadmin/code/nafigator/tests/tests/example.naf.xml:454:0:ERROR:VALID:DTD_MISSING_ATTRIBUTE: Element dep does not carry attribute to
&#x1b;[31m&#x1b;[1mERROR   &#x1b;[0m root:nafdocument.py:586 /home/timadmin/code/nafigator/tests/tests/example.naf.xml:454:0:ERROR:VALID:DTD_UNKNOWN_ATTRIBUTE: No declaration for attribute from_term of element dep
&#x1b;[31m&#x1b;[1mERROR   &#x1b;[0m root:nafdocument.py:586 /home/timadmin/code/nafigator/tests/tests/example.naf.xml:454:0:ERROR:VALID:DTD_UNKNOWN_ATTRIBUTE: No declaration for attribute to_term of element dep
&#x1b;[31m&#x1b;[1mERROR   &#x1b;[0m root:nafdocument.py:586 /home/timadmin/code/nafigator/tests/tests/example.naf.xml:456:0:ERROR:VALID:DTD_MISSING_ATTRIBUTE: Element dep does not carry attribute from
&#x1b;[31m&#x1b;[1mERROR   &#x1b;[0m root:nafdocument.py:586 /home/timadmin/code/nafigator/tests/tests/example.naf.xml:456:0:ERROR:VALID:DTD_MISSING_ATTRIBUTE: Element dep does not carry attribute to
&#x1b;[31m&#x1b;[1mERROR   &#x1b;[0m root:nafdocument.py:586 /home/timadmin/code/nafigator/tests/tests/example.naf.xml:456:0:ERROR:VALID:DTD_UNKNOWN_ATTRIBUTE: No declaration for attribute from_term of element dep
&#x1b;[31m&#x1b;[1mERROR   &#x1b;[0m root:nafdocument.py:586 /home/timadmin/code/nafigator/tests/tests/example.naf.xml:456:0:ERROR:VALID:DTD_UNKNOWN_ATTRIBUTE: No declaration for attribute to_term of element dep
&#x1b;[31m&#x1b;[1mERROR   &#x1b;[0m root:nafdocument.py:586 /home/timadmin/code/nafigator/tests/tests/example.naf.xml:458:0:ERROR:VALID:DTD_MISSING_ATTRIBUTE: Element dep does not carry attribute from
&#x1b;[31m&#x1b;[1mERROR   &#x1b;[0m root:nafdocument.py:586 /home/timadmin/code/nafigator/tests/tests/example.naf.xml:458:0:ERROR:VALID:DTD_MISSING_ATTRIBUTE: Element dep does not carry attribute to
&#x1b;[31m&#x1b;[1mERROR   &#x1b;[0m root:nafdocument.py:586 /home/timadmin/code/nafigator/tests/tests/example.naf.xml:458:0:ERROR:VALID:DTD_UNKNOWN_ATTRIBUTE: No declaration for attribute from_term of element dep
&#x1b;[31m&#x1b;[1mERROR   &#x1b;[0m root:nafdocument.py:586 /home/timadmin/code/nafigator/tests/tests/example.naf.xml:458:0:ERROR:VALID:DTD_UNKNOWN_ATTRIBUTE: No declaration for attribute to_term of element dep
&#x1b;[31m&#x1b;[1mERROR   &#x1b;[0m root:nafdocument.py:586 /home/timadmin/code/nafigator/tests/tests/example.naf.xml:460:0:ERROR:VALID:DTD_MISSING_ATTRIBUTE: Element dep does not carry attribute from
&#x1b;[31m&#x1b;[1mERROR   &#x1b;[0m root:nafdocument.py:586 /home/timadmin/code/nafigator/tests/tests/example.naf.xml:460:0:ERROR:VALID:DTD_MISSING_ATTRIBUTE: Element dep does not carry attribute to
&#x1b;[31m&#x1b;[1mERROR   &#x1b;[0m root:nafdocument.py:586 /home/timadmin/code/nafigator/tests/tests/example.naf.xml:460:0:ERROR:VALID:DTD_UNKNOWN_ATTRIBUTE: No declaration for attribute from_term of element dep
&#x1b;[31m&#x1b;[1mERROR   &#x1b;[0m root:nafdocument.py:586 /home/timadmin/code/nafigator/tests/tests/example.naf.xml:460:0:ERROR:VALID:DTD_UNKNOWN_ATTRIBUTE: No declaration for attribute to_term of element dep
&#x1b;[31m&#x1b;[1mERROR   &#x1b;[0m root:nafdocument.py:586 /home/timadmin/code/nafigator/tests/tests/example.naf.xml:462:0:ERROR:VALID:DTD_MISSING_ATTRIBUTE: Element dep does not carry attribute from
&#x1b;[31m&#x1b;[1mERROR   &#x1b;[0m root:nafdocument.py:586 /home/timadmin/code/nafigator/tests/tests/example.naf.xml:462:0:ERROR:VALID:DTD_MISSING_ATTRIBUTE: Element dep does not carry attribute to
&#x1b;[31m&#x1b;[1mERROR   &#x1b;[0m root:nafdocument.py:586 /home/timadmin/code/nafigator/tests/tests/example.naf.xml:462:0:ERROR:VALID:DTD_UNKNOWN_ATTRIBUTE: No declaration for attribute from_term of element dep
&#x1b;[31m&#x1b;[1mERROR   &#x1b;[0m root:nafdocument.py:586 /home/timadmin/code/nafigator/tests/tests/example.naf.xml:462:0:ERROR:VALID:DTD_UNKNOWN_ATTRIBUTE: No declaration for attribute to_term of element dep
&#x1b;[31m&#x1b;[1mERROR   &#x1b;[0m root:nafdocument.py:586 /home/timadmin/code/nafigator/tests/tests/example.naf.xml:464:0:ERROR:VALID:DTD_MISSING_ATTRIBUTE: Element dep does not carry attribute from
&#x1b;[31m&#x1b;[1mERROR   &#x1b;[0m root:nafdocument.py:586 /home/timadmin/code/nafigator/tests/tests/example.naf.xml:464:0:ERROR:VALID:DTD_MISSING_ATTRIBUTE: Element dep does not carry attribute to
&#x1b;[31m&#x1b;[1mERROR   &#x1b;[0m root:nafdocument.py:586 /home/timadmin/code/nafigator/tests/tests/example.naf.xml:464:0:ERROR:VALID:DTD_UNKNOWN_ATTRIBUTE: No declaration for attribute from_term of element dep
&#x1b;[31m&#x1b;[1mERROR   &#x1b;[0m root:nafdocument.py:586 /home/timadmin/code/nafigator/tests/tests/example.naf.xml:464:0:ERROR:VALID:DTD_UNKNOWN_ATTRIBUTE: No declaration for attribute to_term of element dep
&#x1b;[31m&#x1b;[1mERROR   &#x1b;[0m root:nafdocument.py:586 /home/timadmin/code/nafigator/tests/tests/example.naf.xml:466:0:ERROR:VALID:DTD_MISSING_ATTRIBUTE: Element dep does not carry attribute from
&#x1b;[31m&#x1b;[1mERROR   &#x1b;[0m root:nafdocument.py:586 /home/timadmin/code/nafigator/tests/tests/example.naf.xml:466:0:ERROR:VALID:DTD_MISSING_ATTRIBUTE: Element dep does not carry attribute to
&#x1b;[31m&#x1b;[1mERROR   &#x1b;[0m root:nafdocument.py:586 /home/timadmin/code/nafigator/tests/tests/example.naf.xml:466:0:ERROR:VALID:DTD_UNKNOWN_ATTRIBUTE: No declaration for attribute from_term of element dep
&#x1b;[31m&#x1b;[1mERROR   &#x1b;[0m root:nafdocument.py:586 /home/timadmin/code/nafigator/tests/tests/example.naf.xml:466:0:ERROR:VALID:DTD_UNKNOWN_ATTRIBUTE: No declaration for attribute to_term of element dep
&#x1b;[31m&#x1b;[1mERROR   &#x1b;[0m root:nafdocument.py:586 /home/timadmin/code/nafigator/tests/tests/example.naf.xml:468:0:ERROR:VALID:DTD_MISSING_ATTRIBUTE: Element dep does not carry attribute from
&#x1b;[31m&#x1b;[1mERROR   &#x1b;[0m root:nafdocument.py:586 /home/timadmin/code/nafigator/tests/tests/example.naf.xml:468:0:ERROR:VALID:DTD_MISSING_ATTRIBUTE: Element dep does not carry attribute to
&#x1b;[31m&#x1b;[1mERROR   &#x1b;[0m root:nafdocument.py:586 /home/timadmin/code/nafigator/tests/tests/example.naf.xml:468:0:ERROR:VALID:DTD_UNKNOWN_ATTRIBUTE: No declaration for attribute from_term of element dep
&#x1b;[31m&#x1b;[1mERROR   &#x1b;[0m root:nafdocument.py:586 /home/timadmin/code/nafigator/tests/tests/example.naf.xml:468:0:ERROR:VALID:DTD_UNKNOWN_ATTRIBUTE: No declaration for attribute to_term of element dep
&#x1b;[31m&#x1b;[1mERROR   &#x1b;[0m root:nafdocument.py:586 /home/timadmin/code/nafigator/tests/tests/example.naf.xml:470:0:ERROR:VALID:DTD_MISSING_ATTRIBUTE: Element dep does not carry attribute from
&#x1b;[31m&#x1b;[1mERROR   &#x1b;[0m root:nafdocument.py:586 /home/timadmin/code/nafigator/tests/tests/example.naf.xml:470:0:ERROR:VALID:DTD_MISSING_ATTRIBUTE: Element dep does not carry attribute to
&#x1b;[31m&#x1b;[1mERROR   &#x1b;[0m root:nafdocument.py:586 /home/timadmin/code/nafigator/tests/tests/example.naf.xml:470:0:ERROR:VALID:DTD_UNKNOWN_ATTRIBUTE: No declaration for attribute from_term of element dep
&#x1b;[31m&#x1b;[1mERROR   &#x1b;[0m root:nafdocument.py:586 /home/timadmin/code/nafigator/tests/tests/example.naf.xml:470:0:ERROR:VALID:DTD_UNKNOWN_ATTRIBUTE: No declaration for attribute to_term of element dep
&#x1b;[31m&#x1b;[1mERROR   &#x1b;[0m root:nafdocument.py:586 /home/timadmin/code/nafigator/tests/tests/example.naf.xml:472:0:ERROR:VALID:DTD_MISSING_ATTRIBUTE: Element dep does not carry attribute from
&#x1b;[31m&#x1b;[1mERROR   &#x1b;[0m root:nafdocument.py:586 /home/timadmin/code/nafigator/tests/tests/example.naf.xml:472:0:ERROR:VALID:DTD_MISSING_ATTRIBUTE: Element dep does not carry attribute to
&#x1b;[31m&#x1b;[1mERROR   &#x1b;[0m root:nafdocument.py:586 /home/timadmin/code/nafigator/tests/tests/example.naf.xml:472:0:ERROR:VALID:DTD_UNKNOWN_ATTRIBUTE: No declaration for attribute from_term of element dep
&#x1b;[31m&#x1b;[1mERROR   &#x1b;[0m root:nafdocument.py:586 /home/timadmin/code/nafigator/tests/tests/example.naf.xml:472:0:ERROR:VALID:DTD_UNKNOWN_ATTRIBUTE: No declaration for attribute to_term of element dep
&#x1b;[31m&#x1b;[1mERROR   &#x1b;[0m root:nafdocument.py:586 /home/timadmin/code/nafigator/tests/tests/example.naf.xml:474:0:ERROR:VALID:DTD_MISSING_ATTRIBUTE: Element dep does not carry attribute from
&#x1b;[31m&#x1b;[1mERROR   &#x1b;[0m root:nafdocument.py:586 /home/timadmin/code/nafigator/tests/tests/example.naf.xml:474:0:ERROR:VALID:DTD_MISSING_ATTRIBUTE: Element dep does not carry attribute to
&#x1b;[31m&#x1b;[1mERROR   &#x1b;[0m root:nafdocument.py:586 /home/timadmin/code/nafigator/tests/tests/example.naf.xml:474:0:ERROR:VALID:DTD_UNKNOWN_ATTRIBUTE: No declaration for attribute from_term of element dep
&#x1b;[31m&#x1b;[1mERROR   &#x1b;[0m root:nafdocument.py:586 /home/timadmin/code/nafigator/tests/tests/example.naf.xml:474:0:ERROR:VALID:DTD_UNKNOWN_ATTRIBUTE: No declaration for attribute to_term of element dep
&#x1b;[31m&#x1b;[1mERROR   &#x1b;[0m root:nafdocument.py:586 /home/timadmin/code/nafigator/tests/tests/example.naf.xml:476:0:ERROR:VALID:DTD_MISSING_ATTRIBUTE: Element dep does not carry attribute from
&#x1b;[31m&#x1b;[1mERROR   &#x1b;[0m root:nafdocument.py:586 /home/timadmin/code/nafigator/tests/tests/example.naf.xml:476:0:ERROR:VALID:DTD_MISSING_ATTRIBUTE: Element dep does not carry attribute to
&#x1b;[31m&#x1b;[1mERROR   &#x1b;[0m root:nafdocument.py:586 /home/timadmin/code/nafigator/tests/tests/example.naf.xml:476:0:ERROR:VALID:DTD_UNKNOWN_ATTRIBUTE: No declaration for attribute from_term of element dep
&#x1b;[31m&#x1b;[1mERROR   &#x1b;[0m root:nafdocument.py:586 /home/timadmin/code/nafigator/tests/tests/example.naf.xml:476:0:ERROR:VALID:DTD_UNKNOWN_ATTRIBUTE: No declaration for attribute to_term of element dep
&#x1b;[31m&#x1b;[1mERROR   &#x1b;[0m root:nafdocument.py:586 /home/timadmin/code/nafigator/tests/tests/example.naf.xml:478:0:ERROR:VALID:DTD_MISSING_ATTRIBUTE: Element dep does not carry attribute from
&#x1b;[31m&#x1b;[1mERROR   &#x1b;[0m root:nafdocument.py:586 /home/timadmin/code/nafigator/tests/tests/example.naf.xml:478:0:ERROR:VALID:DTD_MISSING_ATTRIBUTE: Element dep does not carry attribute to
&#x1b;[31m&#x1b;[1mERROR   &#x1b;[0m root:nafdocument.py:586 /home/timadmin/code/nafigator/tests/tests/example.naf.xml:478:0:ERROR:VALID:DTD_UNKNOWN_ATTRIBUTE: No declaration for attribute from_term of element dep
&#x1b;[31m&#x1b;[1mERROR   &#x1b;[0m root:nafdocument.py:586 /home/timadmin/code/nafigator/tests/tests/example.naf.xml:478:0:ERROR:VALID:DTD_UNKNOWN_ATTRIBUTE: No declaration for attribute to_term of element dep
&#x1b;[31m&#x1b;[1mERROR   &#x1b;[0m root:nafdocument.py:586 /home/timadmin/code/nafigator/tests/tests/example.naf.xml:480:0:ERROR:VALID:DTD_MISSING_ATTRIBUTE: Element dep does not carry attribute from
&#x1b;[31m&#x1b;[1mERROR   &#x1b;[0m root:nafdocument.py:586 /home/timadmin/code/nafigator/tests/tests/example.naf.xml:480:0:ERROR:VALID:DTD_MISSING_ATTRIBUTE: Element dep does not carry attribute to
&#x1b;[31m&#x1b;[1mERROR   &#x1b;[0m root:nafdocument.py:586 /home/timadmin/code/nafigator/tests/tests/example.naf.xml:480:0:ERROR:VALID:DTD_UNKNOWN_ATTRIBUTE: No declaration for attribute from_term of element dep
&#x1b;[31m&#x1b;[1mERROR   &#x1b;[0m root:nafdocument.py:586 /home/timadmin/code/nafigator/tests/tests/example.naf.xml:480:0:ERROR:VALID:DTD_UNKNOWN_ATTRIBUTE: No declaration for attribute to_term of element dep
&#x1b;[31m&#x1b;[1mERROR   &#x1b;[0m root:nafdocument.py:586 /home/timadmin/code/nafigator/tests/tests/example.naf.xml:482:0:ERROR:VALID:DTD_MISSING_ATTRIBUTE: Element dep does not carry attribute from
&#x1b;[31m&#x1b;[1mERROR   &#x1b;[0m root:nafdocument.py:586 /home/timadmin/code/nafigator/tests/tests/example.naf.xml:482:0:ERROR:VALID:DTD_MISSING_ATTRIBUTE: Element dep does not carry attribute to
&#x1b;[31m&#x1b;[1mERROR   &#x1b;[0m root:nafdocument.py:586 /home/timadmin/code/nafigator/tests/tests/example.naf.xml:482:0:ERROR:VALID:DTD_UNKNOWN_ATTRIBUTE: No declaration for attribute from_term of element dep
&#x1b;[31m&#x1b;[1mERROR   &#x1b;[0m root:nafdocument.py:586 /home/timadmin/code/nafigator/tests/tests/example.naf.xml:482:0:ERROR:VALID:DTD_UNKNOWN_ATTRIBUTE: No declaration for attribute to_term of element dep
&#x1b;[31m&#x1b;[1mERROR   &#x1b;[0m root:nafdocument.py:586 /home/timadmin/code/nafigator/tests/tests/example.naf.xml:484:0:ERROR:VALID:DTD_MISSING_ATTRIBUTE: Element dep does not carry attribute from
&#x1b;[31m&#x1b;[1mERROR   &#x1b;[0m root:nafdocument.py:586 /home/timadmin/code/nafigator/tests/tests/example.naf.xml:484:0:ERROR:VALID:DTD_MISSING_ATTRIBUTE: Element dep does not carry attribute to
&#x1b;[31m&#x1b;[1mERROR   &#x1b;[0m root:nafdocument.py:586 /home/timadmin/code/nafigator/tests/tests/example.naf.xml:484:0:ERROR:VALID:DTD_UNKNOWN_ATTRIBUTE: No declaration for attribute from_term of element dep
&#x1b;[31m&#x1b;[1mERROR   &#x1b;[0m root:nafdocument.py:586 /home/timadmin/code/nafigator/tests/tests/example.naf.xml:484:0:ERROR:VALID:DTD_UNKNOWN_ATTRIBUTE: No declaration for attribute to_term of element dep
&#x1b;[31m&#x1b;[1mERROR   &#x1b;[0m root:nafdocument.py:586 /home/timadmin/code/nafigator/tests/tests/example.naf.xml:486:0:ERROR:VALID:DTD_MISSING_ATTRIBUTE: Element dep does not carry attribute from
&#x1b;[31m&#x1b;[1mERROR   &#x1b;[0m root:nafdocument.py:586 /home/timadmin/code/nafigator/tests/tests/example.naf.xml:486:0:ERROR:VALID:DTD_MISSING_ATTRIBUTE: Element dep does not carry attribute to
&#x1b;[31m&#x1b;[1mERROR   &#x1b;[0m root:nafdocument.py:586 /home/timadmin/code/nafigator/tests/tests/example.naf.xml:486:0:ERROR:VALID:DTD_UNKNOWN_ATTRIBUTE: No declaration for attribute from_term of element dep
&#x1b;[31m&#x1b;[1mERROR   &#x1b;[0m root:nafdocument.py:586 /home/timadmin/code/nafigator/tests/tests/example.naf.xml:486:0:ERROR:VALID:DTD_UNKNOWN_ATTRIBUTE: No declaration for attribute to_term of element dep
&#x1b;[31m&#x1b;[1mERROR   &#x1b;[0m root:nafdocument.py:586 /home/timadmin/code/nafigator/tests/tests/example.naf.xml:488:0:ERROR:VALID:DTD_MISSING_ATTRIBUTE: Element dep does not carry attribute from
&#x1b;[31m&#x1b;[1mERROR   &#x1b;[0m root:nafdocument.py:586 /home/timadmin/code/nafigator/tests/tests/example.naf.xml:488:0:ERROR:VALID:DTD_MISSING_ATTRIBUTE: Element dep does not carry attribute to
&#x1b;[31m&#x1b;[1mERROR   &#x1b;[0m root:nafdocument.py:586 /home/timadmin/code/nafigator/tests/tests/example.naf.xml:488:0:ERROR:VALID:DTD_UNKNOWN_ATTRIBUTE: No declaration for attribute from_term of element dep
&#x1b;[31m&#x1b;[1mERROR   &#x1b;[0m root:nafdocument.py:586 /home/timadmin/code/nafigator/tests/tests/example.naf.xml:488:0:ERROR:VALID:DTD_UNKNOWN_ATTRIBUTE: No declaration for attribute to_term of element dep
&#x1b;[31m&#x1b;[1mERROR   &#x1b;[0m root:nafdocument.py:586 /home/timadmin/code/nafigator/tests/tests/example.naf.xml:490:0:ERROR:VALID:DTD_MISSING_ATTRIBUTE: Element dep does not carry attribute from
&#x1b;[31m&#x1b;[1mERROR   &#x1b;[0m root:nafdocument.py:586 /home/timadmin/code/nafigator/tests/tests/example.naf.xml:490:0:ERROR:VALID:DTD_MISSING_ATTRIBUTE: Element dep does not carry attribute to
&#x1b;[31m&#x1b;[1mERROR   &#x1b;[0m root:nafdocument.py:586 /home/timadmin/code/nafigator/tests/tests/example.naf.xml:490:0:ERROR:VALID:DTD_UNKNOWN_ATTRIBUTE: No declaration for attribute from_term of element dep
&#x1b;[31m&#x1b;[1mERROR   &#x1b;[0m root:nafdocument.py:586 /home/timadmin/code/nafigator/tests/tests/example.naf.xml:490:0:ERROR:VALID:DTD_UNKNOWN_ATTRIBUTE: No declaration for attribute to_term of element dep
&#x1b;[31m&#x1b;[1mERROR   &#x1b;[0m root:nafdocument.py:586 /home/timadmin/code/nafigator/tests/tests/example.naf.xml:492:0:ERROR:VALID:DTD_MISSING_ATTRIBUTE: Element dep does not carry attribute from
&#x1b;[31m&#x1b;[1mERROR   &#x1b;[0m root:nafdocument.py:586 /home/timadmin/code/nafigator/tests/tests/example.naf.xml:492:0:ERROR:VALID:DTD_MISSING_ATTRIBUTE: Element dep does not carry attribute to
&#x1b;[31m&#x1b;[1mERROR   &#x1b;[0m root:nafdocument.py:586 /home/timadmin/code/nafigator/tests/tests/example.naf.xml:492:0:ERROR:VALID:DTD_UNKNOWN_ATTRIBUTE: No declaration for attribute from_term of element dep
&#x1b;[31m&#x1b;[1mERROR   &#x1b;[0m root:nafdocument.py:586 /home/timadmin/code/nafigator/tests/tests/example.naf.xml:492:0:ERROR:VALID:DTD_UNKNOWN_ATTRIBUTE: No declaration for attribute to_term of element dep
&#x1b;[31m&#x1b;[1mERROR   &#x1b;[0m root:nafdocument.py:586 /home/timadmin/code/nafigator/tests/tests/example.naf.xml:494:0:ERROR:VALID:DTD_MISSING_ATTRIBUTE: Element dep does not carry attribute from
&#x1b;[31m&#x1b;[1mERROR   &#x1b;[0m root:nafdocument.py:586 /home/timadmin/code/nafigator/tests/tests/example.naf.xml:494:0:ERROR:VALID:DTD_MISSING_ATTRIBUTE: Element dep does not carry attribute to
&#x1b;[31m&#x1b;[1mERROR   &#x1b;[0m root:nafdocument.py:586 /home/timadmin/code/nafigator/tests/tests/example.naf.xml:494:0:ERROR:VALID:DTD_UNKNOWN_ATTRIBUTE: No declaration for attribute from_term of element dep
&#x1b;[31m&#x1b;[1mERROR   &#x1b;[0m root:nafdocument.py:586 /home/timadmin/code/nafigator/tests/tests/example.naf.xml:494:0:ERROR:VALID:DTD_UNKNOWN_ATTRIBUTE: No declaration for attribute to_term of element dep
&#x1b;[31m&#x1b;[1mERROR   &#x1b;[0m root:nafdocument.py:586 /home/timadmin/code/nafigator/tests/tests/example.naf.xml:496:0:ERROR:VALID:DTD_MISSING_ATTRIBUTE: Element dep does not carry attribute from
&#x1b;[31m&#x1b;[1mERROR   &#x1b;[0m root:nafdocument.py:586 /home/timadmin/code/nafigator/tests/tests/example.naf.xml:496:0:ERROR:VALID:DTD_MISSING_ATTRIBUTE: Element dep does not carry attribute to
&#x1b;[31m&#x1b;[1mERROR   &#x1b;[0m root:nafdocument.py:586 /home/timadmin/code/nafigator/tests/tests/example.naf.xml:496:0:ERROR:VALID:DTD_UNKNOWN_ATTRIBUTE: No declaration for attribute from_term of element dep
&#x1b;[31m&#x1b;[1mERROR   &#x1b;[0m root:nafdocument.py:586 /home/timadmin/code/nafigator/tests/tests/example.naf.xml:496:0:ERROR:VALID:DTD_UNKNOWN_ATTRIBUTE: No declaration for attribute to_term of element dep
&#x1b;[31m&#x1b;[1mERROR   &#x1b;[0m root:nafdocument.py:586 /home/timadmin/code/nafigator/tests/tests/example.naf.xml:498:0:ERROR:VALID:DTD_MISSING_ATTRIBUTE: Element dep does not carry attribute from
&#x1b;[31m&#x1b;[1mERROR   &#x1b;[0m root:nafdocument.py:586 /home/timadmin/code/nafigator/tests/tests/example.naf.xml:498:0:ERROR:VALID:DTD_MISSING_ATTRIBUTE: Element dep does not carry attribute to
&#x1b;[31m&#x1b;[1mERROR   &#x1b;[0m root:nafdocument.py:586 /home/timadmin/code/nafigator/tests/tests/example.naf.xml:498:0:ERROR:VALID:DTD_UNKNOWN_ATTRIBUTE: No declaration for attribute from_term of element dep
&#x1b;[31m&#x1b;[1mERROR   &#x1b;[0m root:nafdocument.py:586 /home/timadmin/code/nafigator/tests/tests/example.naf.xml:498:0:ERROR:VALID:DTD_UNKNOWN_ATTRIBUTE: No declaration for attribute to_term of element dep
&#x1b;[31m&#x1b;[1mERROR   &#x1b;[0m root:nafdocument.py:586 /home/timadmin/code/nafigator/tests/tests/example.naf.xml:500:0:ERROR:VALID:DTD_MISSING_ATTRIBUTE: Element dep does not carry attribute from
&#x1b;[31m&#x1b;[1mERROR   &#x1b;[0m root:nafdocument.py:586 /home/timadmin/code/nafigator/tests/tests/example.naf.xml:500:0:ERROR:VALID:DTD_MISSING_ATTRIBUTE: Element dep does not carry attribute to
&#x1b;[31m&#x1b;[1mERROR   &#x1b;[0m root:nafdocument.py:586 /home/timadmin/code/nafigator/tests/tests/example.naf.xml:500:0:ERROR:VALID:DTD_UNKNOWN_ATTRIBUTE: No declaration for attribute from_term of element dep
&#x1b;[31m&#x1b;[1mERROR   &#x1b;[0m root:nafdocument.py:586 /home/timadmin/code/nafigator/tests/tests/example.naf.xml:500:0:ERROR:VALID:DTD_UNKNOWN_ATTRIBUTE: No declaration for attribute to_term of element dep
&#x1b;[31m&#x1b;[1mERROR   &#x1b;[0m root:nafdocument.py:586 /home/timadmin/code/nafigator/tests/tests/example.naf.xml:502:0:ERROR:VALID:DTD_MISSING_ATTRIBUTE: Element dep does not carry attribute from
&#x1b;[31m&#x1b;[1mERROR   &#x1b;[0m root:nafdocument.py:586 /home/timadmin/code/nafigator/tests/tests/example.naf.xml:502:0:ERROR:VALID:DTD_MISSING_ATTRIBUTE: Element dep does not carry attribute to
&#x1b;[31m&#x1b;[1mERROR   &#x1b;[0m root:nafdocument.py:586 /home/timadmin/code/nafigator/tests/tests/example.naf.xml:502:0:ERROR:VALID:DTD_UNKNOWN_ATTRIBUTE: No declaration for attribute from_term of element dep
&#x1b;[31m&#x1b;[1mERROR   &#x1b;[0m root:nafdocument.py:586 /home/timadmin/code/nafigator/tests/tests/example.naf.xml:502:0:ERROR:VALID:DTD_UNKNOWN_ATTRIBUTE: No declaration for attribute to_term of element dep
&#x1b;[31m&#x1b;[1mERROR   &#x1b;[0m root:nafdocument.py:586 /home/timadmin/code/nafigator/tests/tests/example.naf.xml:504:0:ERROR:VALID:DTD_MISSING_ATTRIBUTE: Element dep does not carry attribute from
&#x1b;[31m&#x1b;[1mERROR   &#x1b;[0m root:nafdocument.py:586 /home/timadmin/code/nafigator/tests/tests/example.naf.xml:504:0:ERROR:VALID:DTD_MISSING_ATTRIBUTE: Element dep does not carry attribute to
&#x1b;[31m&#x1b;[1mERROR   &#x1b;[0m root:nafdocument.py:586 /home/timadmin/code/nafigator/tests/tests/example.naf.xml:504:0:ERROR:VALID:DTD_UNKNOWN_ATTRIBUTE: No declaration for attribute from_term of element dep
&#x1b;[31m&#x1b;[1mERROR   &#x1b;[0m root:nafdocument.py:586 /home/timadmin/code/nafigator/tests/tests/example.naf.xml:504:0:ERROR:VALID:DTD_UNKNOWN_ATTRIBUTE: No declaration for attribute to_term of element dep
&#x1b;[31m&#x1b;[1mERROR   &#x1b;[0m root:nafdocument.py:586 /home/timadmin/code/nafigator/tests/tests/example.naf.xml:506:0:ERROR:VALID:DTD_MISSING_ATTRIBUTE: Element dep does not carry attribute from
&#x1b;[31m&#x1b;[1mERROR   &#x1b;[0m root:nafdocument.py:586 /home/timadmin/code/nafigator/tests/tests/example.naf.xml:506:0:ERROR:VALID:DTD_MISSING_ATTRIBUTE: Element dep does not carry attribute to
&#x1b;[31m&#x1b;[1mERROR   &#x1b;[0m root:nafdocument.py:586 /home/timadmin/code/nafigator/tests/tests/example.naf.xml:506:0:ERROR:VALID:DTD_UNKNOWN_ATTRIBUTE: No declaration for attribute from_term of element dep
&#x1b;[31m&#x1b;[1mERROR   &#x1b;[0m root:nafdocument.py:586 /home/timadmin/code/nafigator/tests/tests/example.naf.xml:506:0:ERROR:VALID:DTD_UNKNOWN_ATTRIBUTE: No declaration for attribute to_term of element dep
&#x1b;[31m&#x1b;[1mERROR   &#x1b;[0m root:nafdocument.py:586 /home/timadmin/code/nafigator/tests/tests/example.naf.xml:508:0:ERROR:VALID:DTD_MISSING_ATTRIBUTE: Element dep does not carry attribute from
&#x1b;[31m&#x1b;[1mERROR   &#x1b;[0m root:nafdocument.py:586 /home/timadmin/code/nafigator/tests/tests/example.naf.xml:508:0:ERROR:VALID:DTD_MISSING_ATTRIBUTE: Element dep does not carry attribute to
&#x1b;[31m&#x1b;[1mERROR   &#x1b;[0m root:nafdocument.py:586 /home/timadmin/code/nafigator/tests/tests/example.naf.xml:508:0:ERROR:VALID:DTD_UNKNOWN_ATTRIBUTE: No declaration for attribute from_term of element dep
&#x1b;[31m&#x1b;[1mERROR   &#x1b;[0m root:nafdocument.py:586 /home/timadmin/code/nafigator/tests/tests/example.naf.xml:508:0:ERROR:VALID:DTD_UNKNOWN_ATTRIBUTE: No declaration for attribute to_term of element dep
&#x1b;[31m&#x1b;[1mERROR   &#x1b;[0m root:nafdocument.py:586 /home/timadmin/code/nafigator/tests/tests/example.naf.xml:510:0:ERROR:VALID:DTD_MISSING_ATTRIBUTE: Element dep does not carry attribute from
&#x1b;[31m&#x1b;[1mERROR   &#x1b;[0m root:nafdocument.py:586 /home/timadmin/code/nafigator/tests/tests/example.naf.xml:510:0:ERROR:VALID:DTD_MISSING_ATTRIBUTE: Element dep does not carry attribute to
&#x1b;[31m&#x1b;[1mERROR   &#x1b;[0m root:nafdocument.py:586 /home/timadmin/code/nafigator/tests/tests/example.naf.xml:510:0:ERROR:VALID:DTD_UNKNOWN_ATTRIBUTE: No declaration for attribute from_term of element dep
&#x1b;[31m&#x1b;[1mERROR   &#x1b;[0m root:nafdocument.py:586 /home/timadmin/code/nafigator/tests/tests/example.naf.xml:510:0:ERROR:VALID:DTD_UNKNOWN_ATTRIBUTE: No declaration for attribute to_term of element dep
&#x1b;[31m&#x1b;[1mERROR   &#x1b;[0m root:nafdocument.py:586 /home/timadmin/code/nafigator/tests/tests/example.naf.xml:512:0:ERROR:VALID:DTD_MISSING_ATTRIBUTE: Element dep does not carry attribute from
&#x1b;[31m&#x1b;[1mERROR   &#x1b;[0m root:nafdocument.py:586 /home/timadmin/code/nafigator/tests/tests/example.naf.xml:512:0:ERROR:VALID:DTD_MISSING_ATTRIBUTE: Element dep does not carry attribute to
&#x1b;[31m&#x1b;[1mERROR   &#x1b;[0m root:nafdocument.py:586 /home/timadmin/code/nafigator/tests/tests/example.naf.xml:512:0:ERROR:VALID:DTD_UNKNOWN_ATTRIBUTE: No declaration for attribute from_term of element dep
&#x1b;[31m&#x1b;[1mERROR   &#x1b;[0m root:nafdocument.py:586 /home/timadmin/code/nafigator/tests/tests/example.naf.xml:512:0:ERROR:VALID:DTD_UNKNOWN_ATTRIBUTE: No declaration for attribute to_term of element dep]]></output></test-case><test-case id="113" name="tests/test_nafdocument.py::TestNafDocument::test_get_attributes" fullname="tests/test_nafdocument.py::TestNafDocument::test_get_attributes" methodname="test_get_attributes" classname="TestNafDocument" runstate="Runnable" seed="1" result="Passed" label="test data of attributes output&#10;        input: etree._ElementTree + dictlike OPTIONAL = [namespace-str, exclude-list]&#10;        level: 0&#10;        scenarios: check attributes vs input&#10;        # TODO namespace not included yet in test. Add once namespaces are" start-time="2023-03-01 15:47:07.706678" end-time="2023-03-01 15:47:07.707692" duration="0.001014" asserts="0"><properties><property name="python-version" value="3.8.10 (default, Mar 15 2022, 12:22:08) &#10;[GCC 9.4.0]" /><property name="fspath" value="tests/test_nafdocument.py" /></properties><environment framework-version="3.6.2" clr-version="3.8.10 (default, Mar 15 2022, 12:22:08) &#10;[GCC 9.4.0]" os-version="5.15.79.1-microsoft-standard-WSL2" platform="Linux" cwd="/home/timadmin/code/nafigator" machine-name="x86_64" user="" user-domain="" culture="en_US" uiculture="en_US" os-architecture="64bit" /><failure><message><![CDATA[]]></message><stack-trace><![CDATA[None]]></stack-trace></failure><reason><message><![CDATA[]]></message></reason><output><![CDATA[]]></output></test-case><test-case id="114" name="tests/test_nafdocument.py::TestNafDocument::test_layer" fullname="tests/test_nafdocument.py::TestNafDocument::test_layer" methodname="test_layer" classname="TestNafDocument" runstate="Runnable" seed="1" result="Passed" label="test layer output&#10;        input: etree._ElementTree + str&#10;        level: 0&#10;        scenarios: check layer output" start-time="2023-03-01 15:47:07.709431" end-time="2023-03-01 15:47:07.710569" duration="0.001138" asserts="0"><properties><property name="python-version" value="3.8.10 (default, Mar 15 2022, 12:22:08) &#10;[GCC 9.4.0]" /><property name="fspath" value="tests/test_nafdocument.py" /></properties><environment framework-version="3.6.2" clr-version="3.8.10 (default, Mar 15 2022, 12:22:08) &#10;[GCC 9.4.0]" os-version="5.15.79.1-microsoft-standard-WSL2" platform="Linux" cwd="/home/timadmin/code/nafigator" machine-name="x86_64" user="" user-domain="" culture="en_US" uiculture="en_US" os-architecture="64bit" /><failure><message><![CDATA[]]></message><stack-trace><![CDATA[None]]></stack-trace></failure><reason><message><![CDATA[]]></message></reason><output><![CDATA[]]></output></test-case><test-case id="115" name="tests/test_nafdocument.py::TestNafDocument::test_add_filedesc_element" fullname="tests/test_nafdocument.py::TestNafDocument::test_add_filedesc_element" methodname="test_add_filedesc_element" classname="TestNafDocument" runstate="Runnable" seed="1" result="Passed" label="test added filedescription element&#10;        input: etree._ElementTree + dict&#10;        level: 1&#10;        scenarios: test elements vs input" start-time="2023-03-01 15:47:07.712123" end-time="2023-03-01 15:47:07.713281" duration="0.001158" asserts="0"><properties><property name="python-version" value="3.8.10 (default, Mar 15 2022, 12:22:08) &#10;[GCC 9.4.0]" /><property name="fspath" value="tests/test_nafdocument.py" /></properties><environment framework-version="3.6.2" clr-version="3.8.10 (default, Mar 15 2022, 12:22:08) &#10;[GCC 9.4.0]" os-version="5.15.79.1-microsoft-standard-WSL2" platform="Linux" cwd="/home/timadmin/code/nafigator" machine-name="x86_64" user="" user-domain="" culture="en_US" uiculture="en_US" os-architecture="64bit" /><failure><message><![CDATA[]]></message><stack-trace><![CDATA[None]]></stack-trace></failure><reason><message><![CDATA[]]></message></reason><output><![CDATA[]]></output></test-case><test-case id="116" name="tests/test_nafdocument.py::TestNafDocument::test_add_public_element" fullname="tests/test_nafdocument.py::TestNafDocument::test_add_public_element" methodname="test_add_public_element" classname="TestNafDocument" runstate="Runnable" seed="1" result="Passed" label="test added public element&#10;        input: etree._ElementTree + dict&#10;        level: 1&#10;        scenarios: test elements vs input" start-time="2023-03-01 15:47:07.715063" end-time="2023-03-01 15:47:07.716050" duration="0.000987" asserts="0"><properties><property name="python-version" value="3.8.10 (default, Mar 15 2022, 12:22:08) &#10;[GCC 9.4.0]" /><property name="fspath" value="tests/test_nafdocument.py" /></properties><environment framework-version="3.6.2" clr-version="3.8.10 (default, Mar 15 2022, 12:22:08) &#10;[GCC 9.4.0]" os-version="5.15.79.1-microsoft-standard-WSL2" platform="Linux" cwd="/home/timadmin/code/nafigator" machine-name="x86_64" user="" user-domain="" culture="en_US" uiculture="en_US" os-architecture="64bit" /><failure><message><![CDATA[]]></message><stack-trace><![CDATA[None]]></stack-trace></failure><reason><message><![CDATA[]]></message></reason><output><![CDATA[]]></output></test-case><test-case id="117" name="tests/test_nafdocument.py::TestNafDocument::test_add_wf_element[plain text]" fullname="tests/test_nafdocument.py::TestNafDocument::test_add_wf_element[plain text]" methodname="test_add_wf_element[plain text]" classname="TestNafDocument" runstate="Runnable" seed="1" result="Passed" label="test added wf element&#10;        input: etree._ElementTree + wordform element + boolean&#10;        level: 1&#10;        scenarios: test elements vs input" start-time="2023-03-01 15:47:07.717758" end-time="2023-03-01 15:47:07.718983" duration="0.001225" asserts="0"><properties><property name="python-version" value="3.8.10 (default, Mar 15 2022, 12:22:08) &#10;[GCC 9.4.0]" /><property name="fspath" value="tests/test_nafdocument.py" /></properties><environment framework-version="3.6.2" clr-version="3.8.10 (default, Mar 15 2022, 12:22:08) &#10;[GCC 9.4.0]" os-version="5.15.79.1-microsoft-standard-WSL2" platform="Linux" cwd="/home/timadmin/code/nafigator" machine-name="x86_64" user="" user-domain="" culture="en_US" uiculture="en_US" os-architecture="64bit" /><failure><message><![CDATA[]]></message><stack-trace><![CDATA[None]]></stack-trace></failure><reason><message><![CDATA[]]></message></reason><output><![CDATA[]]></output></test-case><test-case id="118" name="tests/test_nafdocument.py::TestNafDocument::test_add_wf_element[text with ]]&gt; more text]" fullname="tests/test_nafdocument.py::TestNafDocument::test_add_wf_element[text with ]]&gt; more text]" methodname="test_add_wf_element[text with ]]&gt; more text]" classname="TestNafDocument" runstate="Runnable" seed="1" result="Passed" label="test added wf element&#10;        input: etree._ElementTree + wordform element + boolean&#10;        level: 1&#10;        scenarios: test elements vs input" start-time="2023-03-01 15:47:07.720596" end-time="2023-03-01 15:47:07.721510" duration="0.000914" asserts="0"><properties><property name="python-version" value="3.8.10 (default, Mar 15 2022, 12:22:08) &#10;[GCC 9.4.0]" /><property name="fspath" value="tests/test_nafdocument.py" /></properties><environment framework-version="3.6.2" clr-version="3.8.10 (default, Mar 15 2022, 12:22:08) &#10;[GCC 9.4.0]" os-version="5.15.79.1-microsoft-standard-WSL2" platform="Linux" cwd="/home/timadmin/code/nafigator" machine-name="x86_64" user="" user-domain="" culture="en_US" uiculture="en_US" os-architecture="64bit" /><failure><message><![CDATA[]]></message><stack-trace><![CDATA[None]]></stack-trace></failure><reason><message><![CDATA[]]></message></reason><output><![CDATA[]]></output></test-case><test-case id="119" name="tests/test_nafdocument.py::TestNafDocument::test_add_raw_text_element" fullname="tests/test_nafdocument.py::TestNafDocument::test_add_raw_text_element" methodname="test_add_raw_text_element" classname="TestNafDocument" runstate="Runnable" seed="1" result="Passed" label="test added wf element&#10;        input: etree._ElementTree + DependencyRelation + boolean&#10;        level: 1&#10;        scenarios: test elements vs input" start-time="2023-03-01 15:47:07.728030" end-time="2023-03-01 15:47:07.741578" duration="0.013548" asserts="0"><properties><property name="python-version" value="3.8.10 (default, Mar 15 2022, 12:22:08) &#10;[GCC 9.4.0]" /><property name="fspath" value="tests/test_nafdocument.py" /></properties><environment framework-version="3.6.2" clr-version="3.8.10 (default, Mar 15 2022, 12:22:08) &#10;[GCC 9.4.0]" os-version="5.15.79.1-microsoft-standard-WSL2" platform="Linux" cwd="/home/timadmin/code/nafigator" machine-name="x86_64" user="" user-domain="" culture="en_US" uiculture="en_US" os-architecture="64bit" /><failure><message><![CDATA[]]></message><stack-trace><![CDATA[None]]></stack-trace></failure><reason><message><![CDATA[]]></message></reason><output><![CDATA[]]></output></test-case><test-case id="120" name="tests/test_nafdocument.py::TestNafDocument::test_add_entity_element[span0-ext_refs0]" fullname="tests/test_nafdocument.py::TestNafDocument::test_add_entity_element[span0-ext_refs0]" methodname="test_add_entity_element[span0-ext_refs0]" classname="TestNafDocument" runstate="Runnable" seed="1" result="Passed" label="test added entity element&#10;        input: etree._ElementTree + EntityElement + str + boolean&#10;        level: 1&#10;        scenarios: test elements vs input" start-time="2023-03-01 15:47:07.757867" end-time="2023-03-01 15:47:07.764961" duration="0.007094" asserts="0"><properties><property name="python-version" value="3.8.10 (default, Mar 15 2022, 12:22:08) &#10;[GCC 9.4.0]" /><property name="fspath" value="tests/test_nafdocument.py" /></properties><environment framework-version="3.6.2" clr-version="3.8.10 (default, Mar 15 2022, 12:22:08) &#10;[GCC 9.4.0]" os-version="5.15.79.1-microsoft-standard-WSL2" platform="Linux" cwd="/home/timadmin/code/nafigator" machine-name="x86_64" user="" user-domain="" culture="en_US" uiculture="en_US" os-architecture="64bit" /><failure><message><![CDATA[]]></message><stack-trace><![CDATA[None]]></stack-trace></failure><reason><message><![CDATA[]]></message></reason><output><![CDATA[]]></output></test-case><test-case id="121" name="tests/test_nafdocument.py::TestNafDocument::test_add_entity_element[span1-ext_refs1]" fullname="tests/test_nafdocument.py::TestNafDocument::test_add_entity_element[span1-ext_refs1]" methodname="test_add_entity_element[span1-ext_refs1]" classname="TestNafDocument" runstate="Runnable" seed="1" result="Passed" label="test added entity element&#10;        input: etree._ElementTree + EntityElement + str + boolean&#10;        level: 1&#10;        scenarios: test elements vs input" start-time="2023-03-01 15:47:07.772611" end-time="2023-03-01 15:47:07.782129" duration="0.009518" asserts="0"><properties><property name="python-version" value="3.8.10 (default, Mar 15 2022, 12:22:08) &#10;[GCC 9.4.0]" /><property name="fspath" value="tests/test_nafdocument.py" /></properties><environment framework-version="3.6.2" clr-version="3.8.10 (default, Mar 15 2022, 12:22:08) &#10;[GCC 9.4.0]" os-version="5.15.79.1-microsoft-standard-WSL2" platform="Linux" cwd="/home/timadmin/code/nafigator" machine-name="x86_64" user="" user-domain="" culture="en_US" uiculture="en_US" os-architecture="64bit" /><failure><message><![CDATA[]]></message><stack-trace><![CDATA[None]]></stack-trace></failure><reason><message><![CDATA[]]></message></reason><output><![CDATA[]]></output></test-case><test-case id="122" name="tests/test_nafdocument.py::TestNafDocument::test_add_term_element[span0-ext_refs0]" fullname="tests/test_nafdocument.py::TestNafDocument::test_add_term_element[span0-ext_refs0]" methodname="test_add_term_element[span0-ext_refs0]" classname="TestNafDocument" runstate="Runnable" seed="1" result="Passed" label="test added term element&#10;        input: etree._ElementTree + TermElement + str + boolean&#10;        level: 2&#10;        scenarios: test elements vs input" start-time="2023-03-01 15:47:07.784161" end-time="2023-03-01 15:47:07.792170" duration="0.008009" asserts="0"><properties><property name="python-version" value="3.8.10 (default, Mar 15 2022, 12:22:08) &#10;[GCC 9.4.0]" /><property name="fspath" value="tests/test_nafdocument.py" /></properties><environment framework-version="3.6.2" clr-version="3.8.10 (default, Mar 15 2022, 12:22:08) &#10;[GCC 9.4.0]" os-version="5.15.79.1-microsoft-standard-WSL2" platform="Linux" cwd="/home/timadmin/code/nafigator" machine-name="x86_64" user="" user-domain="" culture="en_US" uiculture="en_US" os-architecture="64bit" /><failure><message><![CDATA[]]></message><stack-trace><![CDATA[None]]></stack-trace></failure><reason><message><![CDATA[]]></message></reason><output><![CDATA[]]></output></test-case><test-case id="123" name="tests/test_nafdocument.py::TestNafDocument::test_add_term_element[span1-ext_refs1]" fullname="tests/test_nafdocument.py::TestNafDocument::test_add_term_element[span1-ext_refs1]" methodname="test_add_term_element[span1-ext_refs1]" classname="TestNafDocument" runstate="Runnable" seed="1" result="Passed" label="test added term element&#10;        input: etree._ElementTree + TermElement + str + boolean&#10;        level: 2&#10;        scenarios: test elements vs input" start-time="2023-03-01 15:47:07.798201" end-time="2023-03-01 15:47:07.810229" duration="0.012028" asserts="0"><properties><property name="python-version" value="3.8.10 (default, Mar 15 2022, 12:22:08) &#10;[GCC 9.4.0]" /><property name="fspath" value="tests/test_nafdocument.py" /></properties><environment framework-version="3.6.2" clr-version="3.8.10 (default, Mar 15 2022, 12:22:08) &#10;[GCC 9.4.0]" os-version="5.15.79.1-microsoft-standard-WSL2" platform="Linux" cwd="/home/timadmin/code/nafigator" machine-name="x86_64" user="" user-domain="" culture="en_US" uiculture="en_US" os-architecture="64bit" /><failure><message><![CDATA[]]></message><stack-trace><![CDATA[None]]></stack-trace></failure><reason><message><![CDATA[]]></message></reason><output><![CDATA[]]></output></test-case><test-case id="124" name="tests/test_nafdocument.py::TestNafDocument::test_add_chunk_element[span0]" fullname="tests/test_nafdocument.py::TestNafDocument::test_add_chunk_element[span0]" methodname="test_add_chunk_element[span0]" classname="TestNafDocument" runstate="Runnable" seed="1" result="Passed" label="test added chunk element&#10;        input: etree._ElementTree + ChunkElement + boolean&#10;        level: 2&#10;        scenarios: test elements vs input" start-time="2023-03-01 15:47:07.816807" end-time="2023-03-01 15:47:07.818096" duration="0.001289" asserts="0"><properties><property name="python-version" value="3.8.10 (default, Mar 15 2022, 12:22:08) &#10;[GCC 9.4.0]" /><property name="fspath" value="tests/test_nafdocument.py" /></properties><environment framework-version="3.6.2" clr-version="3.8.10 (default, Mar 15 2022, 12:22:08) &#10;[GCC 9.4.0]" os-version="5.15.79.1-microsoft-standard-WSL2" platform="Linux" cwd="/home/timadmin/code/nafigator" machine-name="x86_64" user="" user-domain="" culture="en_US" uiculture="en_US" os-architecture="64bit" /><failure><message><![CDATA[]]></message><stack-trace><![CDATA[None]]></stack-trace></failure><reason><message><![CDATA[]]></message></reason><output><![CDATA[]]></output></test-case><test-case id="125" name="tests/test_nafdocument.py::TestNafDocument::test_add_chunk_element[span1]" fullname="tests/test_nafdocument.py::TestNafDocument::test_add_chunk_element[span1]" methodname="test_add_chunk_element[span1]" classname="TestNafDocument" runstate="Runnable" seed="1" result="Passed" label="test added chunk element&#10;        input: etree._ElementTree + ChunkElement + boolean&#10;        level: 2&#10;        scenarios: test elements vs input" start-time="2023-03-01 15:47:07.824564" end-time="2023-03-01 15:47:07.826235" duration="0.001671" asserts="0"><properties><property name="python-version" value="3.8.10 (default, Mar 15 2022, 12:22:08) &#10;[GCC 9.4.0]" /><property name="fspath" value="tests/test_nafdocument.py" /></properties><environment framework-version="3.6.2" clr-version="3.8.10 (default, Mar 15 2022, 12:22:08) &#10;[GCC 9.4.0]" os-version="5.15.79.1-microsoft-standard-WSL2" platform="Linux" cwd="/home/timadmin/code/nafigator" machine-name="x86_64" user="" user-domain="" culture="en_US" uiculture="en_US" os-architecture="64bit" /><failure><message><![CDATA[]]></message><stack-trace><![CDATA[None]]></stack-trace></failure><reason><message><![CDATA[]]></message></reason><output><![CDATA[]]></output></test-case><test-case id="126" name="tests/test_nafdocument.py::TestNafDocument::test_add_span_element" fullname="tests/test_nafdocument.py::TestNafDocument::test_add_span_element" methodname="test_add_span_element" classname="TestNafDocument" runstate="Runnable" seed="1" result="Passed" label="test added span element&#10;        input: etree._ElementTree + tree._ElementTree(2) + dictlike OPTIONAL [comments-boolean, naf_version str]&#10;        level: 1&#10;        scenarios: test elements vs input" start-time="2023-03-01 15:47:07.826933" end-time="2023-03-01 15:47:07.827434" duration="0.000501" asserts="0"><properties><property name="python-version" value="3.8.10 (default, Mar 15 2022, 12:22:08) &#10;[GCC 9.4.0]" /><property name="fspath" value="tests/test_nafdocument.py" /></properties><environment framework-version="3.6.2" clr-version="3.8.10 (default, Mar 15 2022, 12:22:08) &#10;[GCC 9.4.0]" os-version="5.15.79.1-microsoft-standard-WSL2" platform="Linux" cwd="/home/timadmin/code/nafigator" machine-name="x86_64" user="" user-domain="" culture="en_US" uiculture="en_US" os-architecture="64bit" /><failure><message><![CDATA[]]></message><stack-trace><![CDATA[None]]></stack-trace></failure><reason><message><![CDATA[]]></message></reason><output><![CDATA[]]></output></test-case><test-case id="127" name="tests/test_nafdocument.py::TestNafDocument::test_add_external_reference_element[ext_refs0]" fullname="tests/test_nafdocument.py::TestNafDocument::test_add_external_reference_element[ext_refs0]" methodname="test_add_external_reference_element[ext_refs0]" classname="TestNafDocument" runstate="Runnable" seed="1" result="Passed" label="test added external reference element&#10;        input: etree._ElementTree + tree._ElementTree(2) + list&#10;        level: 1&#10;        scenarios: test elements vs input" start-time="2023-03-01 15:47:07.836115" end-time="2023-03-01 15:47:07.838671" duration="0.002556" asserts="0"><properties><property name="python-version" value="3.8.10 (default, Mar 15 2022, 12:22:08) &#10;[GCC 9.4.0]" /><property name="fspath" value="tests/test_nafdocument.py" /></properties><environment framework-version="3.6.2" clr-version="3.8.10 (default, Mar 15 2022, 12:22:08) &#10;[GCC 9.4.0]" os-version="5.15.79.1-microsoft-standard-WSL2" platform="Linux" cwd="/home/timadmin/code/nafigator" machine-name="x86_64" user="" user-domain="" culture="en_US" uiculture="en_US" os-architecture="64bit" /><failure><message><![CDATA[]]></message><stack-trace><![CDATA[None]]></stack-trace></failure><reason><message><![CDATA[]]></message></reason><output><![CDATA[]]></output></test-case><test-case id="128" name="tests/test_nafdocument.py::TestNafDocument::test_add_external_reference_element[ext_refs1]" fullname="tests/test_nafdocument.py::TestNafDocument::test_add_external_reference_element[ext_refs1]" methodname="test_add_external_reference_element[ext_refs1]" classname="TestNafDocument" runstate="Runnable" seed="1" result="Passed" label="test added external reference element&#10;        input: etree._ElementTree + tree._ElementTree(2) + list&#10;        level: 1&#10;        scenarios: test elements vs input" start-time="2023-03-01 15:47:07.841848" end-time="2023-03-01 15:47:07.843165" duration="0.001317" asserts="0"><properties><property name="python-version" value="3.8.10 (default, Mar 15 2022, 12:22:08) &#10;[GCC 9.4.0]" /><property name="fspath" value="tests/test_nafdocument.py" /></properties><environment framework-version="3.6.2" clr-version="3.8.10 (default, Mar 15 2022, 12:22:08) &#10;[GCC 9.4.0]" os-version="5.15.79.1-microsoft-standard-WSL2" platform="Linux" cwd="/home/timadmin/code/nafigator" machine-name="x86_64" user="" user-domain="" culture="en_US" uiculture="en_US" os-architecture="64bit" /><failure><message><![CDATA[]]></message><stack-trace><![CDATA[None]]></stack-trace></failure><reason><message><![CDATA[]]></message></reason><output><![CDATA[]]></output></test-case><test-case id="129" name="tests/test_nafdocument.py::TestNafDocument::test_add_multiword_element[span0-components0-lemma0]" fullname="tests/test_nafdocument.py::TestNafDocument::test_add_multiword_element[span0-components0-lemma0]" methodname="test_add_multiword_element[span0-components0-lemma0]" classname="TestNafDocument" runstate="Runnable" seed="1" result="Passed" label="test added multiword element&#10;        input: etree._ElementTree + MultiwordElement&#10;        level: 1&#10;        scenarios: test elements vs input" start-time="2023-03-01 15:47:07.845342" end-time="2023-03-01 15:47:07.856301" duration="0.010959" asserts="0"><properties><property name="python-version" value="3.8.10 (default, Mar 15 2022, 12:22:08) &#10;[GCC 9.4.0]" /><property name="fspath" value="tests/test_nafdocument.py" /></properties><environment framework-version="3.6.2" clr-version="3.8.10 (default, Mar 15 2022, 12:22:08) &#10;[GCC 9.4.0]" os-version="5.15.79.1-microsoft-standard-WSL2" platform="Linux" cwd="/home/timadmin/code/nafigator" machine-name="x86_64" user="" user-domain="" culture="en_US" uiculture="en_US" os-architecture="64bit" /><failure><message><![CDATA[]]></message><stack-trace><![CDATA[None]]></stack-trace></failure><reason><message><![CDATA[]]></message></reason><output><![CDATA[]]></output></test-case><test-case id="130" name="tests/test_nafdocument.py::TestNafDocument::test_add_multiword_element[span1-components1-lemma1]" fullname="tests/test_nafdocument.py::TestNafDocument::test_add_multiword_element[span1-components1-lemma1]" methodname="test_add_multiword_element[span1-components1-lemma1]" classname="TestNafDocument" runstate="Runnable" seed="1" result="Passed" label="test added multiword element&#10;        input: etree._ElementTree + MultiwordElement&#10;        level: 1&#10;        scenarios: test elements vs input" start-time="2023-03-01 15:47:07.858164" end-time="2023-03-01 15:47:07.859534" duration="0.00137" asserts="0"><properties><property name="python-version" value="3.8.10 (default, Mar 15 2022, 12:22:08) &#10;[GCC 9.4.0]" /><property name="fspath" value="tests/test_nafdocument.py" /></properties><environment framework-version="3.6.2" clr-version="3.8.10 (default, Mar 15 2022, 12:22:08) &#10;[GCC 9.4.0]" os-version="5.15.79.1-microsoft-standard-WSL2" platform="Linux" cwd="/home/timadmin/code/nafigator" machine-name="x86_64" user="" user-domain="" culture="en_US" uiculture="en_US" os-architecture="64bit" /><failure><message><![CDATA[]]></message><stack-trace><![CDATA[None]]></stack-trace></failure><reason><message><![CDATA[]]></message></reason><output><![CDATA[]]></output></test-case><test-case id="131" name="tests/test_nafdocument.py::TestNafDocument::test_add_formats_copy_element" fullname="tests/test_nafdocument.py::TestNafDocument::test_add_formats_copy_element" methodname="test_add_formats_copy_element" classname="TestNafDocument" runstate="Runnable" seed="1" result="Passed" label="test added formats copy element&#10;        input: etree._ElementTree + src str + formats str&#10;        level: 0&#10;        scenarios: test elements vs input" start-time="2023-03-01 15:47:07.860055" end-time="2023-03-01 15:47:07.864790" duration="0.004735" asserts="0"><properties><property name="python-version" value="3.8.10 (default, Mar 15 2022, 12:22:08) &#10;[GCC 9.4.0]" /><property name="fspath" value="tests/test_nafdocument.py" /></properties><environment framework-version="3.6.2" clr-version="3.8.10 (default, Mar 15 2022, 12:22:08) &#10;[GCC 9.4.0]" os-version="5.15.79.1-microsoft-standard-WSL2" platform="Linux" cwd="/home/timadmin/code/nafigator" machine-name="x86_64" user="" user-domain="" culture="en_US" uiculture="en_US" os-architecture="64bit" /><failure><message><![CDATA[]]></message><stack-trace><![CDATA[None]]></stack-trace></failure><reason><message><![CDATA[]]></message></reason><output><![CDATA[]]></output></test-case><test-case id="132" name="tests/test_nafdocument.py::TestNafDocument::test_add_formats_element" fullname="tests/test_nafdocument.py::TestNafDocument::test_add_formats_element" methodname="test_add_formats_element" classname="TestNafDocument" runstate="Runnable" seed="1" result="Passed" label="test added formats element&#10;        input: etree._ElementTree + src str + formats str + bool Optional: [camelot.core.TableList]&#10;        level: 1&#10;        scenarios: test elements vs input" start-time="2023-03-01 15:47:07.869527" end-time="2023-03-01 15:47:07.870106" duration="0.000579" asserts="0"><properties><property name="python-version" value="3.8.10 (default, Mar 15 2022, 12:22:08) &#10;[GCC 9.4.0]" /><property name="fspath" value="tests/test_nafdocument.py" /></properties><environment framework-version="3.6.2" clr-version="3.8.10 (default, Mar 15 2022, 12:22:08) &#10;[GCC 9.4.0]" os-version="5.15.79.1-microsoft-standard-WSL2" platform="Linux" cwd="/home/timadmin/code/nafigator" machine-name="x86_64" user="" user-domain="" culture="en_US" uiculture="en_US" os-architecture="64bit" /><failure><message><![CDATA[]]></message><stack-trace><![CDATA[None]]></stack-trace></failure><reason><message><![CDATA[]]></message></reason><output><![CDATA[]]></output></test-case><environment framework-version="3.6.2" clr-version="3.8.10 (default, Mar 15 2022, 12:22:08) &#10;[GCC 9.4.0]" os-version="5.15.79.1-microsoft-standard-WSL2" platform="Linux" cwd="/home/timadmin/code/nafigator" machine-name="x86_64" user="" user-domain="" culture="en_US" uiculture="en_US" os-architecture="64bit" /></test-suite><test-suite id="tests/test_parse2naf.py::TestParse2naf" name="tests/test_parse2naf.py::TestParse2naf" fullname="tests/test_parse2naf.py::TestParse2naf" methodname="" classname="" runstate="Runnable" type="Assembly" testcasecount="19" result="Passed" label="The basic class that inherits unittest.TestCase" start-time="2023-03-01 15:47:08.694237" end-time="2023-03-01 15:47:08.733413" duration="0.039176" asserts="0" total="19" passed="19" failed="0" warnings="0" inconclusive="0" skipped="0"><properties><property name="python_version" value="3.8.10 (default, Mar 15 2022, 12:22:08) &#10;[GCC 9.4.0]" /></properties><test-case id="155" name="tests/test_parse2naf.py::TestParse2naf::test_add_chunks_layer" fullname="tests/test_parse2naf.py::TestParse2naf::test_add_chunks_layer" methodname="test_add_chunks_layer" classname="TestParse2naf" runstate="Runnable" seed="1" result="Passed" label="test if output chunks layer = correct&#10;        input: dict&#10;        level: 1&#10;        scenarios: check chunks layer vs chunks" start-time="2023-03-01 15:47:08.694237" end-time="2023-03-01 15:47:08.696269" duration="0.002032" asserts="0"><properties><property name="python-version" value="3.8.10 (default, Mar 15 2022, 12:22:08) &#10;[GCC 9.4.0]" /><property name="fspath" value="tests/test_parse2naf.py" /></properties><environment framework-version="3.6.2" clr-version="3.8.10 (default, Mar 15 2022, 12:22:08) &#10;[GCC 9.4.0]" os-version="5.15.79.1-microsoft-standard-WSL2" platform="Linux" cwd="/home/timadmin/code/nafigator" machine-name="x86_64" user="" user-domain="" culture="en_US" uiculture="en_US" os-architecture="64bit" /><failure><message><![CDATA[]]></message><stack-trace><![CDATA[None]]></stack-trace></failure><reason><message><![CDATA[]]></message></reason><output><![CDATA[]]></output></test-case><test-case id="156" name="tests/test_parse2naf.py::TestParse2naf::test_add_deps_layer" fullname="tests/test_parse2naf.py::TestParse2naf::test_add_deps_layer" methodname="test_add_deps_layer" classname="TestParse2naf" runstate="Runnable" seed="1" result="Passed" label="test if output deps layer = correct&#10;        input: dict&#10;        level: 1&#10;        scenarios: check dependencies layer vs dependencies" start-time="2023-03-01 15:47:08.697108" end-time="2023-03-01 15:47:08.697757" duration="0.000649" asserts="0"><properties><property name="python-version" value="3.8.10 (default, Mar 15 2022, 12:22:08) &#10;[GCC 9.4.0]" /><property name="fspath" value="tests/test_parse2naf.py" /></properties><environment framework-version="3.6.2" clr-version="3.8.10 (default, Mar 15 2022, 12:22:08) &#10;[GCC 9.4.0]" os-version="5.15.79.1-microsoft-standard-WSL2" platform="Linux" cwd="/home/timadmin/code/nafigator" machine-name="x86_64" user="" user-domain="" culture="en_US" uiculture="en_US" os-architecture="64bit" /><failure><message><![CDATA[]]></message><stack-trace><![CDATA[None]]></stack-trace></failure><reason><message><![CDATA[]]></message></reason><output><![CDATA[]]></output></test-case><test-case id="157" name="tests/test_parse2naf.py::TestParse2naf::test_add_entities_layer" fullname="tests/test_parse2naf.py::TestParse2naf::test_add_entities_layer" methodname="test_add_entities_layer" classname="TestParse2naf" runstate="Runnable" seed="1" result="Passed" label="test if output entities layer = correct&#10;        input: dict&#10;        level: 1&#10;        scenarios: check entities for multiple input" start-time="2023-03-01 15:47:08.700589" end-time="2023-03-01 15:47:08.701366" duration="0.000777" asserts="0"><properties><property name="python-version" value="3.8.10 (default, Mar 15 2022, 12:22:08) &#10;[GCC 9.4.0]" /><property name="fspath" value="tests/test_parse2naf.py" /></properties><environment framework-version="3.6.2" clr-version="3.8.10 (default, Mar 15 2022, 12:22:08) &#10;[GCC 9.4.0]" os-version="5.15.79.1-microsoft-standard-WSL2" platform="Linux" cwd="/home/timadmin/code/nafigator" machine-name="x86_64" user="" user-domain="" culture="en_US" uiculture="en_US" os-architecture="64bit" /><failure><message><![CDATA[]]></message><stack-trace><![CDATA[None]]></stack-trace></failure><reason><message><![CDATA[]]></message></reason><output><![CDATA[]]></output></test-case><test-case id="158" name="tests/test_parse2naf.py::TestParse2naf::test_add_formats_layer" fullname="tests/test_parse2naf.py::TestParse2naf::test_add_formats_layer" methodname="test_add_formats_layer" classname="TestParse2naf" runstate="Runnable" seed="1" result="Passed" label="test if output formats layer = correct&#10;        input: dict&#10;        level: 1&#10;        scenarios: check format elements layer vs format elements" start-time="2023-03-01 15:47:08.702434" end-time="2023-03-01 15:47:08.703268" duration="0.000834" asserts="0"><properties><property name="python-version" value="3.8.10 (default, Mar 15 2022, 12:22:08) &#10;[GCC 9.4.0]" /><property name="fspath" value="tests/test_parse2naf.py" /></properties><environment framework-version="3.6.2" clr-version="3.8.10 (default, Mar 15 2022, 12:22:08) &#10;[GCC 9.4.0]" os-version="5.15.79.1-microsoft-standard-WSL2" platform="Linux" cwd="/home/timadmin/code/nafigator" machine-name="x86_64" user="" user-domain="" culture="en_US" uiculture="en_US" os-architecture="64bit" /><failure><message><![CDATA[]]></message><stack-trace><![CDATA[None]]></stack-trace></failure><reason><message><![CDATA[]]></message></reason><output><![CDATA[]]></output></test-case><test-case id="159" name="tests/test_parse2naf.py::TestParse2naf::test_add_multiwords_layer" fullname="tests/test_parse2naf.py::TestParse2naf::test_add_multiwords_layer" methodname="test_add_multiwords_layer" classname="TestParse2naf" runstate="Runnable" seed="1" result="Passed" label="test multiword output data&#10;        input: dict&#10;        level: 1&#10;        scenarios: check multiword layer vs multiword" start-time="2023-03-01 15:47:08.704494" end-time="2023-03-01 15:47:08.705744" duration="0.00125" asserts="0"><properties><property name="python-version" value="3.8.10 (default, Mar 15 2022, 12:22:08) &#10;[GCC 9.4.0]" /><property name="fspath" value="tests/test_parse2naf.py" /></properties><environment framework-version="3.6.2" clr-version="3.8.10 (default, Mar 15 2022, 12:22:08) &#10;[GCC 9.4.0]" os-version="5.15.79.1-microsoft-standard-WSL2" platform="Linux" cwd="/home/timadmin/code/nafigator" machine-name="x86_64" user="" user-domain="" culture="en_US" uiculture="en_US" os-architecture="64bit" /><failure><message><![CDATA[]]></message><stack-trace><![CDATA[None]]></stack-trace></failure><reason><message><![CDATA[]]></message></reason><output><![CDATA[]]></output></test-case><test-case id="160" name="tests/test_parse2naf.py::TestParse2naf::test_add_terms_layer" fullname="tests/test_parse2naf.py::TestParse2naf::test_add_terms_layer" methodname="test_add_terms_layer" classname="TestParse2naf" runstate="Runnable" seed="1" result="Passed" label="test if output terms layer = correct&#10;        input: dict&#10;        level: 1&#10;        scenarios: check terms layer vs terms" start-time="2023-03-01 15:47:08.706594" end-time="2023-03-01 15:47:08.707367" duration="0.000773" asserts="0"><properties><property name="python-version" value="3.8.10 (default, Mar 15 2022, 12:22:08) &#10;[GCC 9.4.0]" /><property name="fspath" value="tests/test_parse2naf.py" /></properties><environment framework-version="3.6.2" clr-version="3.8.10 (default, Mar 15 2022, 12:22:08) &#10;[GCC 9.4.0]" os-version="5.15.79.1-microsoft-standard-WSL2" platform="Linux" cwd="/home/timadmin/code/nafigator" machine-name="x86_64" user="" user-domain="" culture="en_US" uiculture="en_US" os-architecture="64bit" /><failure><message><![CDATA[]]></message><stack-trace><![CDATA[None]]></stack-trace></failure><reason><message><![CDATA[]]></message></reason><output><![CDATA[]]></output></test-case><test-case id="161" name="tests/test_parse2naf.py::TestParse2naf::test_add_text_layer" fullname="tests/test_parse2naf.py::TestParse2naf::test_add_text_layer" methodname="test_add_text_layer" classname="TestParse2naf" runstate="Runnable" seed="1" result="Passed" label="test if output text layer = correct&#10;        input: dict&#10;        level: 1&#10;        scenarios: check text layer vs text" start-time="2023-03-01 15:47:08.708354" end-time="2023-03-01 15:47:08.709245" duration="0.000891" asserts="0"><properties><property name="python-version" value="3.8.10 (default, Mar 15 2022, 12:22:08) &#10;[GCC 9.4.0]" /><property name="fspath" value="tests/test_parse2naf.py" /></properties><environment framework-version="3.6.2" clr-version="3.8.10 (default, Mar 15 2022, 12:22:08) &#10;[GCC 9.4.0]" os-version="5.15.79.1-microsoft-standard-WSL2" platform="Linux" cwd="/home/timadmin/code/nafigator" machine-name="x86_64" user="" user-domain="" culture="en_US" uiculture="en_US" os-architecture="64bit" /><failure><message><![CDATA[]]></message><stack-trace><![CDATA[None]]></stack-trace></failure><reason><message><![CDATA[]]></message></reason><output><![CDATA[]]></output></test-case><test-case id="162" name="tests/test_parse2naf.py::TestParse2naf::test_chunk_tuples_for_doc" fullname="tests/test_parse2naf.py::TestParse2naf::test_chunk_tuples_for_doc" methodname="test_chunk_tuples_for_doc" classname="TestParse2naf" runstate="Runnable" seed="1" result="Passed" label="test chunk element on ...?&#10;        input: str, dict&#10;        level: 0&#10;        scenarios: check tuples for multiple input" start-time="2023-03-01 15:47:08.710339" end-time="2023-03-01 15:47:08.710996" duration="0.000657" asserts="0"><properties><property name="python-version" value="3.8.10 (default, Mar 15 2022, 12:22:08) &#10;[GCC 9.4.0]" /><property name="fspath" value="tests/test_parse2naf.py" /></properties><environment framework-version="3.6.2" clr-version="3.8.10 (default, Mar 15 2022, 12:22:08) &#10;[GCC 9.4.0]" os-version="5.15.79.1-microsoft-standard-WSL2" platform="Linux" cwd="/home/timadmin/code/nafigator" machine-name="x86_64" user="" user-domain="" culture="en_US" uiculture="en_US" os-architecture="64bit" /><failure><message><![CDATA[]]></message><stack-trace><![CDATA[None]]></stack-trace></failure><reason><message><![CDATA[]]></message></reason><output><![CDATA[]]></output></test-case><test-case id="163" name="tests/test_parse2naf.py::TestParse2naf::test_chunks_for_doc" fullname="tests/test_parse2naf.py::TestParse2naf::test_chunks_for_doc" methodname="test_chunks_for_doc" classname="TestParse2naf" runstate="Runnable" seed="1" result="Passed" label="test if span is right&#10;        input: str, dict&#10;        level: 0&#10;        scenarios:  check chunks for ADP&#10;                    check chunks for not ADP" start-time="2023-03-01 15:47:08.712359" end-time="2023-03-01 15:47:08.713425" duration="0.001066" asserts="0"><properties><property name="python-version" value="3.8.10 (default, Mar 15 2022, 12:22:08) &#10;[GCC 9.4.0]" /><property name="fspath" value="tests/test_parse2naf.py" /></properties><environment framework-version="3.6.2" clr-version="3.8.10 (default, Mar 15 2022, 12:22:08) &#10;[GCC 9.4.0]" os-version="5.15.79.1-microsoft-standard-WSL2" platform="Linux" cwd="/home/timadmin/code/nafigator" machine-name="x86_64" user="" user-domain="" culture="en_US" uiculture="en_US" os-architecture="64bit" /><failure><message><![CDATA[]]></message><stack-trace><![CDATA[None]]></stack-trace></failure><reason><message><![CDATA[]]></message></reason><output><![CDATA[]]></output></test-case><test-case id="164" name="tests/test_parse2naf.py::TestParse2naf::test_create_params" fullname="tests/test_parse2naf.py::TestParse2naf::test_create_params" methodname="test_create_params" classname="TestParse2naf" runstate="Runnable" seed="1" result="Passed" label="This function tests whether the input params are updated&#10;        input:  str, str, str, str, bool, params dict, any&#10;        level: 0&#10;        scenarios: input = nafdocument or something else" start-time="2023-03-01 15:47:08.714678" end-time="2023-03-01 15:47:08.716470" duration="0.001792" asserts="0"><properties><property name="python-version" value="3.8.10 (default, Mar 15 2022, 12:22:08) &#10;[GCC 9.4.0]" /><property name="fspath" value="tests/test_parse2naf.py" /></properties><environment framework-version="3.6.2" clr-version="3.8.10 (default, Mar 15 2022, 12:22:08) &#10;[GCC 9.4.0]" os-version="5.15.79.1-microsoft-standard-WSL2" platform="Linux" cwd="/home/timadmin/code/nafigator" machine-name="x86_64" user="" user-domain="" culture="en_US" uiculture="en_US" os-architecture="64bit" /><failure><message><![CDATA[]]></message><stack-trace><![CDATA[None]]></stack-trace></failure><reason><message><![CDATA[]]></message></reason><output><![CDATA[]]></output></test-case><test-case id="165" name="tests/test_parse2naf.py::TestParse2naf::test_dependencies_to_add" fullname="tests/test_parse2naf.py::TestParse2naf::test_dependencies_to_add" methodname="test_dependencies_to_add" classname="TestParse2naf" runstate="Runnable" seed="1" result="Passed" label="test output on dependencies that are added&#10;        input: str, str, int, dict&#10;        level: 0&#10;        scenarios: check dependency list for multiple input" start-time="2023-03-01 15:47:08.717291" end-time="2023-03-01 15:47:08.718175" duration="0.000884" asserts="0"><properties><property name="python-version" value="3.8.10 (default, Mar 15 2022, 12:22:08) &#10;[GCC 9.4.0]" /><property name="fspath" value="tests/test_parse2naf.py" /></properties><environment framework-version="3.6.2" clr-version="3.8.10 (default, Mar 15 2022, 12:22:08) &#10;[GCC 9.4.0]" os-version="5.15.79.1-microsoft-standard-WSL2" platform="Linux" cwd="/home/timadmin/code/nafigator" machine-name="x86_64" user="" user-domain="" culture="en_US" uiculture="en_US" os-architecture="64bit" /><failure><message><![CDATA[]]></message><stack-trace><![CDATA[None]]></stack-trace></failure><reason><message><![CDATA[]]></message></reason><output><![CDATA[]]></output></test-case><test-case id="166" name="tests/test_parse2naf.py::TestParse2naf::test_derive_text_from_formats_layer" fullname="tests/test_parse2naf.py::TestParse2naf::test_derive_text_from_formats_layer" methodname="test_derive_text_from_formats_layer" classname="TestParse2naf" runstate="Runnable" seed="1" result="Passed" label="test for expected text return&#10;        input: dict&#10;        level: 0&#10;        scenarios:  check text with formats&#10;                    check text without formats&#10;                    check for different spaces" start-time="2023-03-01 15:47:08.719404" end-time="2023-03-01 15:47:08.720113" duration="0.000709" asserts="0"><properties><property name="python-version" value="3.8.10 (default, Mar 15 2022, 12:22:08) &#10;[GCC 9.4.0]" /><property name="fspath" value="tests/test_parse2naf.py" /></properties><environment framework-version="3.6.2" clr-version="3.8.10 (default, Mar 15 2022, 12:22:08) &#10;[GCC 9.4.0]" os-version="5.15.79.1-microsoft-standard-WSL2" platform="Linux" cwd="/home/timadmin/code/nafigator" machine-name="x86_64" user="" user-domain="" culture="en_US" uiculture="en_US" os-architecture="64bit" /><failure><message><![CDATA[]]></message><stack-trace><![CDATA[None]]></stack-trace></failure><reason><message><![CDATA[]]></message></reason><output><![CDATA[]]></output></test-case><test-case id="167" name="tests/test_parse2naf.py::TestParse2naf::test_entities_generator" fullname="tests/test_parse2naf.py::TestParse2naf::test_entities_generator" methodname="test_entities_generator" classname="TestParse2naf" runstate="Runnable" seed="1" result="Passed" label="tests if start and end are right&#10;        input: str, dict&#10;        level: 0&#10;        scenarios: check entities for multiple input" start-time="2023-03-01 15:47:08.725118" end-time="2023-03-01 15:47:08.725709" duration="0.000591" asserts="0"><properties><property name="python-version" value="3.8.10 (default, Mar 15 2022, 12:22:08) &#10;[GCC 9.4.0]" /><property name="fspath" value="tests/test_parse2naf.py" /></properties><environment framework-version="3.6.2" clr-version="3.8.10 (default, Mar 15 2022, 12:22:08) &#10;[GCC 9.4.0]" os-version="5.15.79.1-microsoft-standard-WSL2" platform="Linux" cwd="/home/timadmin/code/nafigator" machine-name="x86_64" user="" user-domain="" culture="en_US" uiculture="en_US" os-architecture="64bit" /><failure><message><![CDATA[]]></message><stack-trace><![CDATA[None]]></stack-trace></failure><reason><message><![CDATA[]]></message></reason><output><![CDATA[]]></output></test-case><test-case id="168" name="tests/test_parse2naf.py::TestParse2naf::test_evaluate_naf" fullname="tests/test_parse2naf.py::TestParse2naf::test_evaluate_naf" methodname="test_evaluate_naf" classname="TestParse2naf" runstate="Runnable" seed="1" result="Passed" label="This function tests whether the expected logging errors occur&#10;        input: dict&#10;        level: 1&#10;        scenarios: check all logging" start-time="2023-03-01 15:47:08.726199" end-time="2023-03-01 15:47:08.726736" duration="0.000537" asserts="0"><properties><property name="python-version" value="3.8.10 (default, Mar 15 2022, 12:22:08) &#10;[GCC 9.4.0]" /><property name="fspath" value="tests/test_parse2naf.py" /></properties><environment framework-version="3.6.2" clr-version="3.8.10 (default, Mar 15 2022, 12:22:08) &#10;[GCC 9.4.0]" os-version="5.15.79.1-microsoft-standard-WSL2" platform="Linux" cwd="/home/timadmin/code/nafigator" machine-name="x86_64" user="" user-domain="" culture="en_US" uiculture="en_US" os-architecture="64bit" /><failure><message><![CDATA[]]></message><stack-trace><![CDATA[None]]></stack-trace></failure><reason><message><![CDATA[]]></message></reason><output><![CDATA[]]></output></test-case><test-case id="169" name="tests/test_parse2naf.py::TestParse2naf::test_get_next_mw_id" fullname="tests/test_parse2naf.py::TestParse2naf::test_get_next_mw_id" methodname="test_get_next_mw_id" classname="TestParse2naf" runstate="Runnable" seed="1" result="Passed" label="test multiword id output&#10;        input: dict&#10;        level: 0&#10;        scenarios: check ids for multiple input" start-time="2023-03-01 15:47:08.727204" end-time="2023-03-01 15:47:08.727728" duration="0.000524" asserts="0"><properties><property name="python-version" value="3.8.10 (default, Mar 15 2022, 12:22:08) &#10;[GCC 9.4.0]" /><property name="fspath" value="tests/test_parse2naf.py" /></properties><environment framework-version="3.6.2" clr-version="3.8.10 (default, Mar 15 2022, 12:22:08) &#10;[GCC 9.4.0]" os-version="5.15.79.1-microsoft-standard-WSL2" platform="Linux" cwd="/home/timadmin/code/nafigator" machine-name="x86_64" user="" user-domain="" culture="en_US" uiculture="en_US" os-architecture="64bit" /><failure><message><![CDATA[]]></message><stack-trace><![CDATA[None]]></stack-trace></failure><reason><message><![CDATA[]]></message></reason><output><![CDATA[]]></output></test-case><test-case id="170" name="tests/test_parse2naf.py::TestParse2naf::test_process_linguistic_layers" fullname="tests/test_parse2naf.py::TestParse2naf::test_process_linguistic_layers" methodname="test_process_linguistic_layers" classname="TestParse2naf" runstate="Runnable" seed="1" result="Passed" label="test for multiple layers add&#10;        input: dict&#10;        level: 1&#10;        scenarios: check output preprocess layer" start-time="2023-03-01 15:47:08.728393" end-time="2023-03-01 15:47:08.729078" duration="0.000685" asserts="0"><properties><property name="python-version" value="3.8.10 (default, Mar 15 2022, 12:22:08) &#10;[GCC 9.4.0]" /><property name="fspath" value="tests/test_parse2naf.py" /></properties><environment framework-version="3.6.2" clr-version="3.8.10 (default, Mar 15 2022, 12:22:08) &#10;[GCC 9.4.0]" os-version="5.15.79.1-microsoft-standard-WSL2" platform="Linux" cwd="/home/timadmin/code/nafigator" machine-name="x86_64" user="" user-domain="" culture="en_US" uiculture="en_US" os-architecture="64bit" /><failure><message><![CDATA[]]></message><stack-trace><![CDATA[None]]></stack-trace></failure><reason><message><![CDATA[]]></message></reason><output><![CDATA[]]></output></test-case><test-case id="171" name="tests/test_parse2naf.py::TestParse2naf::test_process_linguistic_steps" fullname="tests/test_parse2naf.py::TestParse2naf::test_process_linguistic_steps" methodname="test_process_linguistic_steps" classname="TestParse2naf" runstate="Runnable" seed="1" result="Passed" label="test for multiple language input&#10;        input: dict&#10;        level: 1&#10;        scenarios: check language and engine" start-time="2023-03-01 15:47:08.729824" end-time="2023-03-01 15:47:08.730554" duration="0.00073" asserts="0"><properties><property name="python-version" value="3.8.10 (default, Mar 15 2022, 12:22:08) &#10;[GCC 9.4.0]" /><property name="fspath" value="tests/test_parse2naf.py" /></properties><environment framework-version="3.6.2" clr-version="3.8.10 (default, Mar 15 2022, 12:22:08) &#10;[GCC 9.4.0]" os-version="5.15.79.1-microsoft-standard-WSL2" platform="Linux" cwd="/home/timadmin/code/nafigator" machine-name="x86_64" user="" user-domain="" culture="en_US" uiculture="en_US" os-architecture="64bit" /><failure><message><![CDATA[]]></message><stack-trace><![CDATA[None]]></stack-trace></failure><reason><message><![CDATA[]]></message></reason><output><![CDATA[]]></output></test-case><test-case id="172" name="tests/test_parse2naf.py::TestParse2naf::test_process_preprocess_steps" fullname="tests/test_parse2naf.py::TestParse2naf::test_process_preprocess_steps" methodname="test_process_preprocess_steps" classname="TestParse2naf" runstate="Runnable" seed="1" result="Passed" label="tests whether the input is encoded correctly and&#10;        tests if the right conversion of input document is used&#10;        input: dict&#10;        level: 1 (imports from preprocessor)&#10;        scenarios: check generated text" start-time="2023-03-01 15:47:08.731271" end-time="2023-03-01 15:47:08.731815" duration="0.000544" asserts="0"><properties><property name="python-version" value="3.8.10 (default, Mar 15 2022, 12:22:08) &#10;[GCC 9.4.0]" /><property name="fspath" value="tests/test_parse2naf.py" /></properties><environment framework-version="3.6.2" clr-version="3.8.10 (default, Mar 15 2022, 12:22:08) &#10;[GCC 9.4.0]" os-version="5.15.79.1-microsoft-standard-WSL2" platform="Linux" cwd="/home/timadmin/code/nafigator" machine-name="x86_64" user="" user-domain="" culture="en_US" uiculture="en_US" os-architecture="64bit" /><failure><message><![CDATA[]]></message><stack-trace><![CDATA[None]]></stack-trace></failure><reason><message><![CDATA[]]></message></reason><output><![CDATA[]]></output></test-case><test-case id="173" name="tests/test_parse2naf.py::TestParse2naf::test_raw_layer" fullname="tests/test_parse2naf.py::TestParse2naf::test_raw_layer" methodname="test_raw_layer" classname="TestParse2naf" runstate="Runnable" seed="1" result="Passed" label="test multiword output data&#10;        input: dict&#10;        level: 1&#10;        scenarios: check multiword layer vs multiword" start-time="2023-03-01 15:47:08.732600" end-time="2023-03-01 15:47:08.733413" duration="0.000813" asserts="0"><properties><property name="python-version" value="3.8.10 (default, Mar 15 2022, 12:22:08) &#10;[GCC 9.4.0]" /><property name="fspath" value="tests/test_parse2naf.py" /></properties><environment framework-version="3.6.2" clr-version="3.8.10 (default, Mar 15 2022, 12:22:08) &#10;[GCC 9.4.0]" os-version="5.15.79.1-microsoft-standard-WSL2" platform="Linux" cwd="/home/timadmin/code/nafigator" machine-name="x86_64" user="" user-domain="" culture="en_US" uiculture="en_US" os-architecture="64bit" /><failure><message><![CDATA[]]></message><stack-trace><![CDATA[None]]></stack-trace></failure><reason><message><![CDATA[]]></message></reason><output><![CDATA[]]></output></test-case><environment framework-version="3.6.2" clr-version="3.8.10 (default, Mar 15 2022, 12:22:08) &#10;[GCC 9.4.0]" os-version="5.15.79.1-microsoft-standard-WSL2" platform="Linux" cwd="/home/timadmin/code/nafigator" machine-name="x86_64" user="" user-domain="" culture="en_US" uiculture="en_US" os-architecture="64bit" /></test-suite><test-suite id="tests/test_highlighter.py::TestHighlighter" name="tests/test_highlighter.py::TestHighlighter" fullname="tests/test_highlighter.py::TestHighlighter" methodname="" classname="" runstate="Runnable" type="Assembly" testcasecount="4" result="Passed" label="The basic class that inherits unittest.TestCase" start-time="2023-03-01 15:47:07.374028" end-time="2023-03-01 15:47:07.592771" duration="0.218743" asserts="0" total="4" passed="3" failed="1" warnings="0" inconclusive="0" skipped="0"><properties><property name="python_version" value="3.8.10 (default, Mar 15 2022, 12:22:08) &#10;[GCC 9.4.0]" /></properties><test-case id="100" name="tests/test_highlighter.py::TestHighlighter::test__get_char_bbox" fullname="tests/test_highlighter.py::TestHighlighter::test__get_char_bbox" methodname="test__get_char_bbox" classname="TestHighlighter" runstate="Runnable" seed="1" result="Passed" label="" start-time="2023-03-01 15:47:07.374028" end-time="2023-03-01 15:47:07.375557" duration="0.001529" asserts="0"><properties><property name="python-version" value="3.8.10 (default, Mar 15 2022, 12:22:08) &#10;[GCC 9.4.0]" /><property name="fspath" value="tests/test_highlighter.py" /></properties><environment framework-version="3.6.2" clr-version="3.8.10 (default, Mar 15 2022, 12:22:08) &#10;[GCC 9.4.0]" os-version="5.15.79.1-microsoft-standard-WSL2" platform="Linux" cwd="/home/timadmin/code/nafigator" machine-name="x86_64" user="" user-domain="" culture="en_US" uiculture="en_US" os-architecture="64bit" /><failure><message><![CDATA[]]></message><stack-trace><![CDATA[None]]></stack-trace></failure><reason><message><![CDATA[]]></message></reason><output><![CDATA[]]></output></test-case><test-case id="101" name="tests/test_highlighter.py::TestHighlighter::test_get_word_bbox" fullname="tests/test_highlighter.py::TestHighlighter::test_get_word_bbox" methodname="test_get_word_bbox" classname="TestHighlighter" runstate="Runnable" seed="1" result="Passed" label="" start-time="2023-03-01 15:47:07.379003" end-time="2023-03-01 15:47:07.384985" duration="0.005982" asserts="0"><properties><property name="python-version" value="3.8.10 (default, Mar 15 2022, 12:22:08) &#10;[GCC 9.4.0]" /><property name="fspath" value="tests/test_highlighter.py" /></properties><environment framework-version="3.6.2" clr-version="3.8.10 (default, Mar 15 2022, 12:22:08) &#10;[GCC 9.4.0]" os-version="5.15.79.1-microsoft-standard-WSL2" platform="Linux" cwd="/home/timadmin/code/nafigator" machine-name="x86_64" user="" user-domain="" culture="en_US" uiculture="en_US" os-architecture="64bit" /><failure><message><![CDATA[]]></message><stack-trace><![CDATA[None]]></stack-trace></failure><reason><message><![CDATA[]]></message></reason><output><![CDATA[]]></output></test-case><test-case id="102" name="tests/test_highlighter.py::TestHighlighter::test_highlight_box_in_pdf" fullname="tests/test_highlighter.py::TestHighlighter::test_highlight_box_in_pdf" methodname="test_highlight_box_in_pdf" classname="TestHighlighter" runstate="Runnable" seed="1" result="Failed" label="" start-time="2023-03-01 15:47:07.386186" end-time="2023-03-01 15:47:07.588225" duration="0.202039" asserts="0"><properties><property name="python-version" value="3.8.10 (default, Mar 15 2022, 12:22:08) &#10;[GCC 9.4.0]" /><property name="fspath" value="tests/test_highlighter.py" /></properties><environment framework-version="3.6.2" clr-version="3.8.10 (default, Mar 15 2022, 12:22:08) &#10;[GCC 9.4.0]" os-version="5.15.79.1-microsoft-standard-WSL2" platform="Linux" cwd="/home/timadmin/code/nafigator" machine-name="x86_64" user="" user-domain="" culture="en_US" uiculture="en_US" os-architecture="64bit" /><failure><message><![CDATA[self = &lt;tests.test_highlighter.TestHighlighter testMethod=test_highlight_box_in_pdf&gt;

    def test_highlight_box_in_pdf(self):
        bbox = {'x0': 203.963, 'y0': 771.408, 'x1': 221.964, 'y1': 783.408}
        path_highlighted_pdf = 'tests/tests/example_highlighted.pdf'
        page_nr = 1
    
        origin_bl = True
&gt;       self.highlighter.highlight_box_in_pdf(bbox, path_highlighted_pdf, page_nr, origin_bl)

tests/test_highlighter.py:25: 
_ _ _ _ _ _ _ _ _ _ _ _ _ _ _ _ _ _ _ _ _ _ _ _ _ _ _ _ _ _ _ _ _ _ _ _ _ _ _ _ _ _ _ _ _ _ _ _ _ _ _ _ _ _ _ _ _ _ _ _ _ _ _ _ _ _ _ _ _ _ _ _ _ _ _ _ _ _ _ _ _ _ _ _ _ _ _ _ _ _ _ _ _ _ _ _ _ _ _ _ _ _ _ _ _ _ _ _ _ _ _ _ _ _ _ _ _ _ _ _ _ _ _ _ _ _ _ _

self = &lt;nafigator.postprocessor.highlighter.Highlighter object at 0x7f6246609250&gt;, bbox = {'x0': 203.963, 'x1': 221.964, 'y0': 58.511999999999944, 'y1': 70.51199999999994}, path_highlighted_pdf = 'tests/tests/example_highlighted.pdf', page_nr = 1
origin_bl = True

    def highlight_box_in_pdf(self, bbox: dict, path_highlighted_pdf: str, page_nr: int = 1,
                             origin_bl: bool = True,
                             ):
        """
        Highlights a box in a pdf file
    
        args
        bbox: the coordinates of the box to be highlighted
        path_highlighted_pdf: the path of the highlighted pdf file
        page_nr: page number on which to highlight the box
        page_height: height of page
        origin_bl: a boolean. specifying the origin of the coordinate system.
        If True it is bottem left, if False it is top left.
    
        return
        a saved pdf file with the highlighted box
        """
    
        page_bbox = ast.literal_eval(self.root_xml[page_nr-1].attrib['bbox'])
        page_height = page_bbox[3]
    
        if origin_bl:
            bbox = self.convert_origin_to_topleft(bbox, page_height)
    
        x0, y0, x1, y1 = tuple([v for _, v in bbox.items()])
    
        # check if realistic coordinates were passed
        if (x0 &gt; x1) or (y0 &gt; y1):
            logging.error("No valid coordinates or wrong coordinate system origin is passed. \n"
                          f"x0 ({x0}) can not be larger than x1 ({x1}) and \n"
                          f"y0 ({y0}) can not be larger than y1 ({y1}). \n"
                          "Also check if the right coordination system origin was passed. \n")
        doc = fitz.open(self.path_input_pdf)
    
        # check if passed page number is within the bound
        if page_nr &gt; len(doc):
            logging.error(f"The passed page is out of bound. \n")
            raise IndexError(f"The document contains {len(doc)} page(s). Page {page_nr} is passed.")
    
        page = doc[page_nr - 1]
        rectangle = [fitz.Quad((fitz.Point(x0, y0), fitz.Point(x1, y0),
                                fitz.Point(x0, y1), fitz.Point(x1, y1)))]
&gt;       page.addHighlightAnnot(rectangle)
E       AttributeError: 'Page' object has no attribute 'addHighlightAnnot'

nafigator/postprocessor/highlighter.py:76: AttributeError]]></message><stack-trace><![CDATA[/home/timadmin/code/nafigator/nafigator/postprocessor/highlighter.py:76: AttributeError: 'Page' object has no attribute 'addHighlightAnnot']]></stack-trace></failure><reason><message><![CDATA[]]></message></reason><output><![CDATA[]]></output></test-case><test-case id="103" name="tests/test_highlighter.py::TestHighlighter::test_retreive_subelements_by_tag" fullname="tests/test_highlighter.py::TestHighlighter::test_retreive_subelements_by_tag" methodname="test_retreive_subelements_by_tag" classname="TestHighlighter" runstate="Runnable" seed="1" result="Passed" label="" start-time="2023-03-01 15:47:07.589627" end-time="2023-03-01 15:47:07.592771" duration="0.003144" asserts="0"><properties><property name="python-version" value="3.8.10 (default, Mar 15 2022, 12:22:08) &#10;[GCC 9.4.0]" /><property name="fspath" value="tests/test_highlighter.py" /></properties><environment framework-version="3.6.2" clr-version="3.8.10 (default, Mar 15 2022, 12:22:08) &#10;[GCC 9.4.0]" os-version="5.15.79.1-microsoft-standard-WSL2" platform="Linux" cwd="/home/timadmin/code/nafigator" machine-name="x86_64" user="" user-domain="" culture="en_US" uiculture="en_US" os-architecture="64bit" /><failure><message><![CDATA[]]></message><stack-trace><![CDATA[None]]></stack-trace></failure><reason><message><![CDATA[]]></message></reason><output><![CDATA[]]></output></test-case><environment framework-version="3.6.2" clr-version="3.8.10 (default, Mar 15 2022, 12:22:08) &#10;[GCC 9.4.0]" os-version="5.15.79.1-microsoft-standard-WSL2" platform="Linux" cwd="/home/timadmin/code/nafigator" machine-name="x86_64" user="" user-domain="" culture="en_US" uiculture="en_US" os-architecture="64bit" /></test-suite><test-suite id="tests/test_preprocessprocessor.py::TestConverter" name="tests/test_preprocessprocessor.py::TestConverter" fullname="tests/test_preprocessprocessor.py::TestConverter" methodname="" classname="" runstate="Runnable" type="Assembly" testcasecount="5" result="Passed" label="" start-time="2023-03-01 15:47:08.740300" end-time="2023-03-01 15:47:22.463177" duration="13.722877" asserts="0" total="5" passed="4" failed="1" warnings="0" inconclusive="0" skipped="0"><properties><property name="python_version" value="3.8.10 (default, Mar 15 2022, 12:22:08) &#10;[GCC 9.4.0]" /></properties><test-case id="174" name="tests/test_preprocessprocessor.py::TestConverter::test_convert_pdf[text-params0]" fullname="tests/test_preprocessprocessor.py::TestConverter::test_convert_pdf[text-params0]" methodname="test_convert_pdf[text-params0]" classname="TestConverter" runstate="Runnable" seed="1" result="Passed" label="This function converts a pdf file into text, html or xml.&#10;        Input:&#10;            path: location of the file to be converted&#10;            format: html, text or xml&#10;            codec: codec to be used to conversion&#10;            password: password to be used for conversion&#10;            params: the general params dict to store results&#10;        Level: 0&#10;        Scenarios:&#10;            conversion to text&#10;            conversion to html&#10;            conversion to xml" start-time="2023-03-01 15:47:08.740300" end-time="2023-03-01 15:47:10.006915" duration="1.266615" asserts="0"><properties><property name="python-version" value="3.8.10 (default, Mar 15 2022, 12:22:08) &#10;[GCC 9.4.0]" /><property name="fspath" value="tests/test_preprocessprocessor.py" /></properties><environment framework-version="3.6.2" clr-version="3.8.10 (default, Mar 15 2022, 12:22:08) &#10;[GCC 9.4.0]" os-version="5.15.79.1-microsoft-standard-WSL2" platform="Linux" cwd="/home/timadmin/code/nafigator" machine-name="x86_64" user="" user-domain="" culture="en_US" uiculture="en_US" os-architecture="64bit" /><failure><message><![CDATA[]]></message><stack-trace><![CDATA[None]]></stack-trace></failure><reason><message><![CDATA[]]></message></reason><output><![CDATA[]]></output></test-case><test-case id="175" name="tests/test_preprocessprocessor.py::TestConverter::test_convert_pdf[xml-params1]" fullname="tests/test_preprocessprocessor.py::TestConverter::test_convert_pdf[xml-params1]" methodname="test_convert_pdf[xml-params1]" classname="TestConverter" runstate="Runnable" seed="1" result="Failed" label="This function converts a pdf file into text, html or xml.&#10;        Input:&#10;            path: location of the file to be converted&#10;            format: html, text or xml&#10;            codec: codec to be used to conversion&#10;            password: password to be used for conversion&#10;            params: the general params dict to store results&#10;        Level: 0&#10;        Scenarios:&#10;            conversion to text&#10;            conversion to html&#10;            conversion to xml" start-time="2023-03-01 15:47:10.009008" end-time="2023-03-01 15:47:22.390761" duration="12.381753" asserts="0"><properties><property name="python-version" value="3.8.10 (default, Mar 15 2022, 12:22:08) &#10;[GCC 9.4.0]" /><property name="fspath" value="tests/test_preprocessprocessor.py" /></properties><environment framework-version="3.6.2" clr-version="3.8.10 (default, Mar 15 2022, 12:22:08) &#10;[GCC 9.4.0]" os-version="5.15.79.1-microsoft-standard-WSL2" platform="Linux" cwd="/home/timadmin/code/nafigator" machine-name="x86_64" user="" user-domain="" culture="en_US" uiculture="en_US" os-architecture="64bit" /><failure><message><![CDATA[self = &lt;tests.test_preprocessprocessor.TestConverter object at 0x7f62219c3520&gt;
pdf_exp_output = {'pdftohtml': '&lt;html&gt;&lt;head&gt;\n&lt;meta http-equiv="Content-Type" content="text/html; charset=utf-8"&gt;\n&lt;/head&gt;&lt;body&gt;\n&lt;span...1,783.408" /&gt;\n&lt;textbox id="1" bbox="56.760,716.208,485.922,742.008" /&gt;\n&lt;/textgroup&gt;\n&lt;/layout&gt;\n&lt;/page&gt;\n&lt;/pages&gt;\n'}
format = 'xml'
params = {'fileDesc': {'author': 'anonymous', 'pages': 1}, 'pdftoxml': '&lt;?xml version="1.0" encoding="utf-8" ?&gt;\n&lt;pages&gt;\n&lt;page...1,783.408" /&gt;\n&lt;textbox id="1" bbox="56.760,716.208,485.922,742.008" /&gt;\n&lt;/textgroup&gt;\n&lt;/layout&gt;\n&lt;/page&gt;\n&lt;/pages&gt;\n'}

    @pytest.mark.parametrize("format, params",
                             [('text', {'fileDesc': {'author': 'anonymous'},
                                        'parse_tables_with_camelot': True}),
                              ('xml', {'fileDesc': {'author': 'anonymous'}}),
                              ('html', {'fileDesc': {'author': 'anonymous'}})])
    def test_convert_pdf(self, pdf_exp_output: dict, format: str, params: dict):
        """
        This function converts a pdf file into text, html or xml.
        Input:
            path: location of the file to be converted
            format: html, text or xml
            codec: codec to be used to conversion
            password: password to be used for conversion
            params: the general params dict to store results
        Level: 0
        Scenarios:
            conversion to text
            conversion to html
            conversion to xml
        """
        path = 'tests/tests/example.pdf'
        convert_pdf(path=path, format=format, params=params)
        if params.get('parse_tables_with_camelot', False):
            assert type(params["pdftotables"]) == camelot.core.TableList
        output_key = "pdfto" + format
&gt;       assert params[output_key] == pdf_exp_output[output_key]
E       assert '&lt;?xml versio...&gt;\n&lt;/pages&gt;\n' == '&lt;?xml versio...&gt;\n&lt;/pages&gt;\n'
E         Skipping 282 identical leading characters in diff, use -v to show
E         - ce="DeviceGray" ncolour="(0.0, 0.0, 0.0)" size="12.000"&gt;T&lt;/text&gt;
E         ?            ^^^
E         + ce="DeviceRGB" ncolour="(0.0, 0.0, 0.0)" size="12.000"&gt;T&lt;/text&gt;
E         ?           + ^
E         - &lt;text font="CIDFont+F1" bbox="64.090,771.408,70.091,783.408" colourspace="DeviceGray" ncolour="(0.0, 0.0, 0.0)" size="12.000"&gt;h&lt;/text&gt;
E         ?                                                                                  ^^^...
E         
E         ...Full output truncated (1065 lines hidden), use '-vv' to show

tests/test_preprocessprocessor.py:50: AssertionError]]></message><stack-trace><![CDATA[/home/timadmin/code/nafigator/tests/test_preprocessprocessor.py:50: assert '&lt;?xml versio...&gt;\n&lt;/pages&gt;\n' == '&lt;?xml versio...&gt;\n&lt;/pages&gt;\n']]></stack-trace></failure><reason><message><![CDATA[]]></message></reason><output><![CDATA[]]></output></test-case><test-case id="176" name="tests/test_preprocessprocessor.py::TestConverter::test_convert_pdf[html-params2]" fullname="tests/test_preprocessprocessor.py::TestConverter::test_convert_pdf[html-params2]" methodname="test_convert_pdf[html-params2]" classname="TestConverter" runstate="Runnable" seed="1" result="Passed" label="This function converts a pdf file into text, html or xml.&#10;        Input:&#10;            path: location of the file to be converted&#10;            format: html, text or xml&#10;            codec: codec to be used to conversion&#10;            password: password to be used for conversion&#10;            params: the general params dict to store results&#10;        Level: 0&#10;        Scenarios:&#10;            conversion to text&#10;            conversion to html&#10;            conversion to xml" start-time="2023-03-01 15:47:22.392370" end-time="2023-03-01 15:47:22.449967" duration="0.057597" asserts="0"><properties><property name="python-version" value="3.8.10 (default, Mar 15 2022, 12:22:08) &#10;[GCC 9.4.0]" /><property name="fspath" value="tests/test_preprocessprocessor.py" /></properties><environment framework-version="3.6.2" clr-version="3.8.10 (default, Mar 15 2022, 12:22:08) &#10;[GCC 9.4.0]" os-version="5.15.79.1-microsoft-standard-WSL2" platform="Linux" cwd="/home/timadmin/code/nafigator" machine-name="x86_64" user="" user-domain="" culture="en_US" uiculture="en_US" os-architecture="64bit" /><failure><message><![CDATA[]]></message><stack-trace><![CDATA[None]]></stack-trace></failure><reason><message><![CDATA[]]></message></reason><output><![CDATA[]]></output></test-case><test-case id="177" name="tests/test_preprocessprocessor.py::TestConverter::test_convert_docx[text]" fullname="tests/test_preprocessprocessor.py::TestConverter::test_convert_docx[text]" methodname="test_convert_docx[text]" classname="TestConverter" runstate="Runnable" seed="1" result="Passed" label="This function converts a docx file into text or xml.&#10;        Input:&#10;            path: location of the file to be converted&#10;            format: text or xml&#10;            codec: codec to be used to conversion&#10;            password: password to be used for conversion&#10;            params: the general params dict to store results&#10;        Level: Out of scope in refactoring phase 1" start-time="2023-03-01 15:47:22.454849" end-time="2023-03-01 15:47:22.461114" duration="0.006265" asserts="0"><properties><property name="python-version" value="3.8.10 (default, Mar 15 2022, 12:22:08) &#10;[GCC 9.4.0]" /><property name="fspath" value="tests/test_preprocessprocessor.py" /></properties><environment framework-version="3.6.2" clr-version="3.8.10 (default, Mar 15 2022, 12:22:08) &#10;[GCC 9.4.0]" os-version="5.15.79.1-microsoft-standard-WSL2" platform="Linux" cwd="/home/timadmin/code/nafigator" machine-name="x86_64" user="" user-domain="" culture="en_US" uiculture="en_US" os-architecture="64bit" /><failure><message><![CDATA[]]></message><stack-trace><![CDATA[None]]></stack-trace></failure><reason><message><![CDATA[]]></message></reason><output><![CDATA[]]></output></test-case><test-case id="178" name="tests/test_preprocessprocessor.py::TestConverter::test_convert_docx[xml]" fullname="tests/test_preprocessprocessor.py::TestConverter::test_convert_docx[xml]" methodname="test_convert_docx[xml]" classname="TestConverter" runstate="Runnable" seed="1" result="Passed" label="This function converts a docx file into text or xml.&#10;        Input:&#10;            path: location of the file to be converted&#10;            format: text or xml&#10;            codec: codec to be used to conversion&#10;            password: password to be used for conversion&#10;            params: the general params dict to store results&#10;        Level: Out of scope in refactoring phase 1" start-time="2023-03-01 15:47:22.462136" end-time="2023-03-01 15:47:22.463177" duration="0.001041" asserts="0"><properties><property name="python-version" value="3.8.10 (default, Mar 15 2022, 12:22:08) &#10;[GCC 9.4.0]" /><property name="fspath" value="tests/test_preprocessprocessor.py" /></properties><environment framework-version="3.6.2" clr-version="3.8.10 (default, Mar 15 2022, 12:22:08) &#10;[GCC 9.4.0]" os-version="5.15.79.1-microsoft-standard-WSL2" platform="Linux" cwd="/home/timadmin/code/nafigator" machine-name="x86_64" user="" user-domain="" culture="en_US" uiculture="en_US" os-architecture="64bit" /><failure><message><![CDATA[]]></message><stack-trace><![CDATA[None]]></stack-trace></failure><reason><message><![CDATA[]]></message></reason><output><![CDATA[]]></output></test-case><environment framework-version="3.6.2" clr-version="3.8.10 (default, Mar 15 2022, 12:22:08) &#10;[GCC 9.4.0]" os-version="5.15.79.1-microsoft-standard-WSL2" platform="Linux" cwd="/home/timadmin/code/nafigator" machine-name="x86_64" user="" user-domain="" culture="en_US" uiculture="en_US" os-architecture="64bit" /></test-suite><test-suite id="tests/test_tableformatter.py::TestTableFormatter" name="tests/test_tableformatter.py::TestTableFormatter" fullname="tests/test_tableformatter.py::TestTableFormatter" methodname="" classname="" runstate="Runnable" type="Assembly" testcasecount="8" result="Passed" label="The basic class that inherits unittest.TestCase" start-time="2023-03-01 15:47:22.464404" end-time="2023-03-01 15:47:22.974741" duration="0.510337" asserts="0" total="8" passed="5" failed="3" warnings="0" inconclusive="0" skipped="0"><properties><property name="python_version" value="3.8.10 (default, Mar 15 2022, 12:22:08) &#10;[GCC 9.4.0]" /></properties><test-case id="179" name="tests/test_tableformatter.py::TestTableFormatter::test1_is_joint_table" fullname="tests/test_tableformatter.py::TestTableFormatter::test1_is_joint_table" methodname="test1_is_joint_table" classname="TestTableFormatter" runstate="Runnable" seed="1" result="Failed" label="" start-time="2023-03-01 15:47:22.464404" end-time="2023-03-01 15:47:22.706881" duration="0.242477" asserts="0"><properties><property name="python-version" value="3.8.10 (default, Mar 15 2022, 12:22:08) &#10;[GCC 9.4.0]" /><property name="fspath" value="tests/test_tableformatter.py" /></properties><environment framework-version="3.6.2" clr-version="3.8.10 (default, Mar 15 2022, 12:22:08) &#10;[GCC 9.4.0]" os-version="5.15.79.1-microsoft-standard-WSL2" platform="Linux" cwd="/home/timadmin/code/nafigator" machine-name="x86_64" user="" user-domain="" culture="en_US" uiculture="en_US" os-architecture="64bit" /><failure><message><![CDATA[self = &lt;tests.test_tableformatter.TestTableFormatter testMethod=test1_is_joint_table&gt;

    def test1_is_joint_table(self):
        doc = NafDocument().open('tests/tests/test3_tabel.naf.xml')
        pdf_path = 'tests/tests/test3_tabel.pdf'
        table_formatter = TableFormatter(doc, pdf_path)
    
        # test where tables are joint
        metadata_table1_t = ({0: [None, 'Kolom 1', 'Kolom 2'], 1: ['Rij 1', 'Eerste cell', 'Tweede cell'],
                              2: ['Rij 2', 'Derde cell', 'Vierde cell'], 3: ['Rij 3', 'Vijfde cell', 'Zesde cell']},
                             {'page': '1', 'order': '1',
                              'shape': '(4, 3)', '_bbox': '(71.98548972188634, 154.56, 439.351438935913, 731.52)',
                              'cols': ('[(72.21794286577993, 194.6007738814994), (194.6007738814994, 316.7361547762999)'
                                       ',(316.7361547762999, 439.2314631197098)]')})
        metadata_table2_t = ({0: ['Rij 4', 'Zevende cell', 'Achtste cell'],
                              1: ['Rij 5', 'Negende cell', 'Tiende cell']},
                             {'page': '2', 'order': '1', 'shape': '(2, 3)',
                              '_bbox': '(71.98548972188634, 394.8, 439.351438935913, 714.24)',
                              'cols': ('[(72.19544740024185, 194.6007738814994), (194.6007738814994, 316.7361547762999)'
                                       ', (316.7361547762999, 439.2314631197098)]')})
    
&gt;       actual_true = table_formatter.is_joint_table(metadata_table1_t, metadata_table2_t)

tests/test_tableformatter.py:166: 
_ _ _ _ _ _ _ _ _ _ _ _ _ _ _ _ _ _ _ _ _ _ _ _ _ _ _ _ _ _ _ _ _ _ _ _ _ _ _ _ _ _ _ _ _ _ _ _ _ _ _ _ _ _ _ _ _ _ _ _ _ _ _ _ _ _ _ _ _ _ _ _ _ _ _ _ _ _ _ _ _ _ _ _ _ _ _ _ _ _ _ _ _ _ _ _ _ _ _ _ _ _ _ _ _ _ _ _ _ _ _ _ _ _ _ _ _ _ _ _ _ _ _ _ _ _ _ _
nafigator/postprocessor/tableformatter.py:115: in is_joint_table
    pdf_doc = PdfFileReader(open(self.pdf_path, 'rb'))
.venv/lib/python3.8/site-packages/pypdf/_reader.py:2257: in __init__
    deprecation_with_replacement("PdfFileReader", "PdfReader", "3.0.0")
.venv/lib/python3.8/site-packages/pypdf/_utils.py:397: in deprecation_with_replacement
    deprecation(DEPR_MSG_HAPPENED.format(old_name, removed_in, new_name))
_ _ _ _ _ _ _ _ _ _ _ _ _ _ _ _ _ _ _ _ _ _ _ _ _ _ _ _ _ _ _ _ _ _ _ _ _ _ _ _ _ _ _ _ _ _ _ _ _ _ _ _ _ _ _ _ _ _ _ _ _ _ _ _ _ _ _ _ _ _ _ _ _ _ _ _ _ _ _ _ _ _ _ _ _ _ _ _ _ _ _ _ _ _ _ _ _ _ _ _ _ _ _ _ _ _ _ _ _ _ _ _ _ _ _ _ _ _ _ _ _ _ _ _ _ _ _ _

msg = 'PdfFileReader is deprecated and was removed in pypdf 3.0.0. Use PdfReader instead.'

    def deprecation(msg: str) -&gt; None:
&gt;       raise DeprecationError(msg)
E       pypdf.errors.DeprecationError: PdfFileReader is deprecated and was removed in pypdf 3.0.0. Use PdfReader instead.

.venv/lib/python3.8/site-packages/pypdf/_utils.py:383: DeprecationError]]></message><stack-trace><![CDATA[/home/timadmin/code/nafigator/.venv/lib/python3.8/site-packages/pypdf/_utils.py:383: pypdf.errors.DeprecationError: PdfFileReader is deprecated and was removed in pypdf 3.0.0. Use PdfReader instead.]]></stack-trace></failure><reason><message><![CDATA[]]></message></reason><output><![CDATA[]]></output></test-case><test-case id="180" name="tests/test_tableformatter.py::TestTableFormatter::test2_is_joint_table" fullname="tests/test_tableformatter.py::TestTableFormatter::test2_is_joint_table" methodname="test2_is_joint_table" classname="TestTableFormatter" runstate="Runnable" seed="1" result="Failed" label="" start-time="2023-03-01 15:47:22.707569" end-time="2023-03-01 15:47:22.805760" duration="0.098191" asserts="0"><properties><property name="python-version" value="3.8.10 (default, Mar 15 2022, 12:22:08) &#10;[GCC 9.4.0]" /><property name="fspath" value="tests/test_tableformatter.py" /></properties><environment framework-version="3.6.2" clr-version="3.8.10 (default, Mar 15 2022, 12:22:08) &#10;[GCC 9.4.0]" os-version="5.15.79.1-microsoft-standard-WSL2" platform="Linux" cwd="/home/timadmin/code/nafigator" machine-name="x86_64" user="" user-domain="" culture="en_US" uiculture="en_US" os-architecture="64bit" /><failure><message><![CDATA[self = &lt;tests.test_tableformatter.TestTableFormatter testMethod=test2_is_joint_table&gt;

    def test2_is_joint_table(self):
        doc = NafDocument().open('tests/tests/test5_tabel.naf.xml')
        pdf_path = 'tests/tests/test5_tabel.pdf'
        table_formatter = TableFormatter(doc, pdf_path)
    
        # test where tables are joint
        metadata_table1_f = ({0: ['T       1 Rij 1', 'T1 cell 1', 'T1 cell 1', 'T1 cell 1'],
                              1: ['T                 1 Rij 2', 'T1 cell 1', 'T1 cell 1', 'T1 cell 1'],
                              2: ['T         1 Rij 3', 'T1 cell 1', 'T1 cell 1', 'T1 cell 1']},
                             {'page': '1', 'order': '1',
                              'shape': '(3, 4)', '_bbox': '(71.98548972188634, 72.96, 523.3345102781137, 545.04)',
                              'cols': ('[(72.21044437726724, 185.0027085852479), (185.0027085852479, 297.5400241837969)'
                                       ', (297.5400241837969, 410.31729141475216), (410.31729141475216,'
                                       ' 523.2145344619105)]')})
        metadata_table2_f = ({0: ['T       2 Rij 1', 'T2 Cell 1', 'T2 Cell 2', None],
                              1: ['T                   2 Rij 2',
                                  'T2 Cell 3', 'T2 Cell 4', None]},
                             {'page': '2', 'order': '1', 'shape': '(2, 4)',
                              '_bbox': '(71.98548972188634, 423.59999999999997, 523.3345102781137, 747.36)',
                              'cols': ('[(72.19544740024185, 135.8126239419589), (135.8126239419589, 297.5400241837969)'
                                       ', (297.5400241837969, 490.22118500604597), (490.22118500604597, '
                                       '523.2145344619105)]')})
    
&gt;       actual_false = table_formatter.is_joint_table(metadata_table1_f, metadata_table2_f)

tests/test_tableformatter.py:192: 
_ _ _ _ _ _ _ _ _ _ _ _ _ _ _ _ _ _ _ _ _ _ _ _ _ _ _ _ _ _ _ _ _ _ _ _ _ _ _ _ _ _ _ _ _ _ _ _ _ _ _ _ _ _ _ _ _ _ _ _ _ _ _ _ _ _ _ _ _ _ _ _ _ _ _ _ _ _ _ _ _ _ _ _ _ _ _ _ _ _ _ _ _ _ _ _ _ _ _ _ _ _ _ _ _ _ _ _ _ _ _ _ _ _ _ _ _ _ _ _ _ _ _ _ _ _ _ _
nafigator/postprocessor/tableformatter.py:115: in is_joint_table
    pdf_doc = PdfFileReader(open(self.pdf_path, 'rb'))
.venv/lib/python3.8/site-packages/pypdf/_reader.py:2257: in __init__
    deprecation_with_replacement("PdfFileReader", "PdfReader", "3.0.0")
.venv/lib/python3.8/site-packages/pypdf/_utils.py:397: in deprecation_with_replacement
    deprecation(DEPR_MSG_HAPPENED.format(old_name, removed_in, new_name))
_ _ _ _ _ _ _ _ _ _ _ _ _ _ _ _ _ _ _ _ _ _ _ _ _ _ _ _ _ _ _ _ _ _ _ _ _ _ _ _ _ _ _ _ _ _ _ _ _ _ _ _ _ _ _ _ _ _ _ _ _ _ _ _ _ _ _ _ _ _ _ _ _ _ _ _ _ _ _ _ _ _ _ _ _ _ _ _ _ _ _ _ _ _ _ _ _ _ _ _ _ _ _ _ _ _ _ _ _ _ _ _ _ _ _ _ _ _ _ _ _ _ _ _ _ _ _ _

msg = 'PdfFileReader is deprecated and was removed in pypdf 3.0.0. Use PdfReader instead.'

    def deprecation(msg: str) -&gt; None:
&gt;       raise DeprecationError(msg)
E       pypdf.errors.DeprecationError: PdfFileReader is deprecated and was removed in pypdf 3.0.0. Use PdfReader instead.

.venv/lib/python3.8/site-packages/pypdf/_utils.py:383: DeprecationError]]></message><stack-trace><![CDATA[/home/timadmin/code/nafigator/.venv/lib/python3.8/site-packages/pypdf/_utils.py:383: pypdf.errors.DeprecationError: PdfFileReader is deprecated and was removed in pypdf 3.0.0. Use PdfReader instead.]]></stack-trace></failure><reason><message><![CDATA[]]></message></reason><output><![CDATA[]]></output></test-case><test-case id="181" name="tests/test_tableformatter.py::TestTableFormatter::test_1_extract_table" fullname="tests/test_tableformatter.py::TestTableFormatter::test_1_extract_table" methodname="test_1_extract_table" classname="TestTableFormatter" runstate="Runnable" seed="1" result="Passed" label="" start-time="2023-03-01 15:47:22.807020" end-time="2023-03-01 15:47:22.807811" duration="0.000791" asserts="0"><properties><property name="python-version" value="3.8.10 (default, Mar 15 2022, 12:22:08) &#10;[GCC 9.4.0]" /><property name="fspath" value="tests/test_tableformatter.py" /></properties><environment framework-version="3.6.2" clr-version="3.8.10 (default, Mar 15 2022, 12:22:08) &#10;[GCC 9.4.0]" os-version="5.15.79.1-microsoft-standard-WSL2" platform="Linux" cwd="/home/timadmin/code/nafigator" machine-name="x86_64" user="" user-domain="" culture="en_US" uiculture="en_US" os-architecture="64bit" /><failure><message><![CDATA[]]></message><stack-trace><![CDATA[None]]></stack-trace></failure><reason><message><![CDATA[]]></message></reason><output><![CDATA[]]></output></test-case><test-case id="182" name="tests/test_tableformatter.py::TestTableFormatter::test_1_xml2table" fullname="tests/test_tableformatter.py::TestTableFormatter::test_1_xml2table" methodname="test_1_xml2table" classname="TestTableFormatter" runstate="Runnable" seed="1" result="Passed" label="" start-time="2023-03-01 15:47:22.808673" end-time="2023-03-01 15:47:22.813967" duration="0.005294" asserts="0"><properties><property name="python-version" value="3.8.10 (default, Mar 15 2022, 12:22:08) &#10;[GCC 9.4.0]" /><property name="fspath" value="tests/test_tableformatter.py" /></properties><environment framework-version="3.6.2" clr-version="3.8.10 (default, Mar 15 2022, 12:22:08) &#10;[GCC 9.4.0]" os-version="5.15.79.1-microsoft-standard-WSL2" platform="Linux" cwd="/home/timadmin/code/nafigator" machine-name="x86_64" user="" user-domain="" culture="en_US" uiculture="en_US" os-architecture="64bit" /><failure><message><![CDATA[]]></message><stack-trace><![CDATA[None]]></stack-trace></failure><reason><message><![CDATA[]]></message></reason><output><![CDATA[]]></output></test-case><test-case id="183" name="tests/test_tableformatter.py::TestTableFormatter::test_2_xml2table" fullname="tests/test_tableformatter.py::TestTableFormatter::test_2_xml2table" methodname="test_2_xml2table" classname="TestTableFormatter" runstate="Runnable" seed="1" result="Passed" label="" start-time="2023-03-01 15:47:22.814518" end-time="2023-03-01 15:47:22.817205" duration="0.002687" asserts="0"><properties><property name="python-version" value="3.8.10 (default, Mar 15 2022, 12:22:08) &#10;[GCC 9.4.0]" /><property name="fspath" value="tests/test_tableformatter.py" /></properties><environment framework-version="3.6.2" clr-version="3.8.10 (default, Mar 15 2022, 12:22:08) &#10;[GCC 9.4.0]" os-version="5.15.79.1-microsoft-standard-WSL2" platform="Linux" cwd="/home/timadmin/code/nafigator" machine-name="x86_64" user="" user-domain="" culture="en_US" uiculture="en_US" os-architecture="64bit" /><failure><message><![CDATA[]]></message><stack-trace><![CDATA[None]]></stack-trace></failure><reason><message><![CDATA[]]></message></reason><output><![CDATA[]]></output></test-case><test-case id="184" name="tests/test_tableformatter.py::TestTableFormatter::test_3_xml2table" fullname="tests/test_tableformatter.py::TestTableFormatter::test_3_xml2table" methodname="test_3_xml2table" classname="TestTableFormatter" runstate="Runnable" seed="1" result="Passed" label="" start-time="2023-03-01 15:47:22.817910" end-time="2023-03-01 15:47:22.823511" duration="0.005601" asserts="0"><properties><property name="python-version" value="3.8.10 (default, Mar 15 2022, 12:22:08) &#10;[GCC 9.4.0]" /><property name="fspath" value="tests/test_tableformatter.py" /></properties><environment framework-version="3.6.2" clr-version="3.8.10 (default, Mar 15 2022, 12:22:08) &#10;[GCC 9.4.0]" os-version="5.15.79.1-microsoft-standard-WSL2" platform="Linux" cwd="/home/timadmin/code/nafigator" machine-name="x86_64" user="" user-domain="" culture="en_US" uiculture="en_US" os-architecture="64bit" /><failure><message><![CDATA[]]></message><stack-trace><![CDATA[None]]></stack-trace></failure><reason><message><![CDATA[]]></message></reason><output><![CDATA[]]></output></test-case><test-case id="185" name="tests/test_tableformatter.py::TestTableFormatter::test_4_xml2table" fullname="tests/test_tableformatter.py::TestTableFormatter::test_4_xml2table" methodname="test_4_xml2table" classname="TestTableFormatter" runstate="Runnable" seed="1" result="Passed" label="" start-time="2023-03-01 15:47:22.824134" end-time="2023-03-01 15:47:22.830666" duration="0.006532" asserts="0"><properties><property name="python-version" value="3.8.10 (default, Mar 15 2022, 12:22:08) &#10;[GCC 9.4.0]" /><property name="fspath" value="tests/test_tableformatter.py" /></properties><environment framework-version="3.6.2" clr-version="3.8.10 (default, Mar 15 2022, 12:22:08) &#10;[GCC 9.4.0]" os-version="5.15.79.1-microsoft-standard-WSL2" platform="Linux" cwd="/home/timadmin/code/nafigator" machine-name="x86_64" user="" user-domain="" culture="en_US" uiculture="en_US" os-architecture="64bit" /><failure><message><![CDATA[]]></message><stack-trace><![CDATA[None]]></stack-trace></failure><reason><message><![CDATA[]]></message></reason><output><![CDATA[]]></output></test-case><test-case id="186" name="tests/test_tableformatter.py::TestTableFormatter::test_join_split_tables" fullname="tests/test_tableformatter.py::TestTableFormatter::test_join_split_tables" methodname="test_join_split_tables" classname="TestTableFormatter" runstate="Runnable" seed="1" result="Failed" label="" start-time="2023-03-01 15:47:22.831266" end-time="2023-03-01 15:47:22.974741" duration="0.143475" asserts="0"><properties><property name="python-version" value="3.8.10 (default, Mar 15 2022, 12:22:08) &#10;[GCC 9.4.0]" /><property name="fspath" value="tests/test_tableformatter.py" /></properties><environment framework-version="3.6.2" clr-version="3.8.10 (default, Mar 15 2022, 12:22:08) &#10;[GCC 9.4.0]" os-version="5.15.79.1-microsoft-standard-WSL2" platform="Linux" cwd="/home/timadmin/code/nafigator" machine-name="x86_64" user="" user-domain="" culture="en_US" uiculture="en_US" os-architecture="64bit" /><failure><message><![CDATA[self = &lt;tests.test_tableformatter.TestTableFormatter testMethod=test_join_split_tables&gt;

    def test_join_split_tables(self):
        doc = NafDocument().open('tests/tests/test3_tabel.naf.xml')
        pdf_path = 'tests/tests/test3_tabel.pdf'
        table_formatter = TableFormatter(doc, pdf_path)
        tables = [
            (
                {0: [None, 'Kolom 1', 'Kolom 2'],
                 1: ['Rij 1', 'Eerste cell', 'Tweede cell'],
                 2: ['Rij 2', 'Derde cell', 'Vierde cell'],
                 3: ['Rij 3', 'Vijfde cell', 'Zesde cell']},
                {'page': '1', 'order': '1', 'shape': '(4, 3)',
                 '_bbox': '(71.98548972188634, 154.56, 439.351438935913, 731.52)',
                 'cols': ('[(72.21794286577993, 194.6007738814994), (194.6007738814994, 316.7361547762999), '
                          '(316.7361547762999, 439.2314631197098)]')}),
            ({0: ['Rij 4', 'Zevende cell', 'Achtste cell'],
              1: ['Rij 5', 'Negende cell', 'Tiende cell']},
             {'page': '2', 'order': '1', 'shape': '(2, 3)',
              '_bbox': '(71.98548972188634, 394.8, 439.351438935913, 714.24)',
              'cols': ('[(72.19544740024185, 194.6007738814994), (194.6007738814994, 316.7361547762999), '
                       '(316.7361547762999, 439.2314631197098)]')})]
    
&gt;       actual = table_formatter.join_split_tables(tables, headers=False)

tests/test_tableformatter.py:218: 
_ _ _ _ _ _ _ _ _ _ _ _ _ _ _ _ _ _ _ _ _ _ _ _ _ _ _ _ _ _ _ _ _ _ _ _ _ _ _ _ _ _ _ _ _ _ _ _ _ _ _ _ _ _ _ _ _ _ _ _ _ _ _ _ _ _ _ _ _ _ _ _ _ _ _ _ _ _ _ _ _ _ _ _ _ _ _ _ _ _ _ _ _ _ _ _ _ _ _ _ _ _ _ _ _ _ _ _ _ _ _ _ _ _ _ _ _ _ _ _ _ _ _ _ _ _ _ _
nafigator/postprocessor/tableformatter.py:163: in join_split_tables
    check_joint_table = [self.is_joint_table(tables[i], tables[i+1])
nafigator/postprocessor/tableformatter.py:163: in &lt;listcomp&gt;
    check_joint_table = [self.is_joint_table(tables[i], tables[i+1])
nafigator/postprocessor/tableformatter.py:115: in is_joint_table
    pdf_doc = PdfFileReader(open(self.pdf_path, 'rb'))
.venv/lib/python3.8/site-packages/pypdf/_reader.py:2257: in __init__
    deprecation_with_replacement("PdfFileReader", "PdfReader", "3.0.0")
.venv/lib/python3.8/site-packages/pypdf/_utils.py:397: in deprecation_with_replacement
    deprecation(DEPR_MSG_HAPPENED.format(old_name, removed_in, new_name))
_ _ _ _ _ _ _ _ _ _ _ _ _ _ _ _ _ _ _ _ _ _ _ _ _ _ _ _ _ _ _ _ _ _ _ _ _ _ _ _ _ _ _ _ _ _ _ _ _ _ _ _ _ _ _ _ _ _ _ _ _ _ _ _ _ _ _ _ _ _ _ _ _ _ _ _ _ _ _ _ _ _ _ _ _ _ _ _ _ _ _ _ _ _ _ _ _ _ _ _ _ _ _ _ _ _ _ _ _ _ _ _ _ _ _ _ _ _ _ _ _ _ _ _ _ _ _ _

msg = 'PdfFileReader is deprecated and was removed in pypdf 3.0.0. Use PdfReader instead.'

    def deprecation(msg: str) -&gt; None:
&gt;       raise DeprecationError(msg)
E       pypdf.errors.DeprecationError: PdfFileReader is deprecated and was removed in pypdf 3.0.0. Use PdfReader instead.

.venv/lib/python3.8/site-packages/pypdf/_utils.py:383: DeprecationError]]></message><stack-trace><![CDATA[/home/timadmin/code/nafigator/.venv/lib/python3.8/site-packages/pypdf/_utils.py:383: pypdf.errors.DeprecationError: PdfFileReader is deprecated and was removed in pypdf 3.0.0. Use PdfReader instead.]]></stack-trace></failure><reason><message><![CDATA[]]></message></reason><output><![CDATA[]]></output></test-case><environment framework-version="3.6.2" clr-version="3.8.10 (default, Mar 15 2022, 12:22:08) &#10;[GCC 9.4.0]" os-version="5.15.79.1-microsoft-standard-WSL2" platform="Linux" cwd="/home/timadmin/code/nafigator" machine-name="x86_64" user="" user-domain="" culture="en_US" uiculture="en_US" os-architecture="64bit" /></test-suite><test-suite id="tests/test_nafigator.py::TestNafigator_docx" name="tests/test_nafigator.py::TestNafigator_docx" fullname="tests/test_nafigator.py::TestNafigator_docx" methodname="" classname="" runstate="Runnable" type="Assembly" testcasecount="9" result="Passed" label="" start-time="2023-03-01 15:47:08.392566" end-time="2023-03-01 15:47:08.687115" duration="0.294549" asserts="0" total="9" passed="6" failed="3" warnings="0" inconclusive="0" skipped="0"><properties><property name="python_version" value="3.8.10 (default, Mar 15 2022, 12:22:08) &#10;[GCC 9.4.0]" /></properties><test-case id="146" name="tests/test_nafigator.py::TestNafigator_docx::test_10_docx_multiwords" fullname="tests/test_nafigator.py::TestNafigator_docx::test_10_docx_multiwords" methodname="test_10_docx_multiwords" classname="TestNafigator_docx" runstate="Runnable" seed="1" result="Passed" label="" start-time="2023-03-01 15:47:08.392566" end-time="2023-03-01 15:47:08.399112" duration="0.006546" asserts="0"><properties><property name="python-version" value="3.8.10 (default, Mar 15 2022, 12:22:08) &#10;[GCC 9.4.0]" /><property name="fspath" value="tests/test_nafigator.py" /></properties><environment framework-version="3.6.2" clr-version="3.8.10 (default, Mar 15 2022, 12:22:08) &#10;[GCC 9.4.0]" os-version="5.15.79.1-microsoft-standard-WSL2" platform="Linux" cwd="/home/timadmin/code/nafigator" machine-name="x86_64" user="" user-domain="" culture="en_US" uiculture="en_US" os-architecture="64bit" /><failure><message><![CDATA[]]></message><stack-trace><![CDATA[None]]></stack-trace></failure><reason><message><![CDATA[]]></message></reason><output><![CDATA[]]></output></test-case><test-case id="147" name="tests/test_nafigator.py::TestNafigator_docx::test_11_docx_raw" fullname="tests/test_nafigator.py::TestNafigator_docx::test_11_docx_raw" methodname="test_11_docx_raw" classname="TestNafigator_docx" runstate="Runnable" seed="1" result="Passed" label="" start-time="2023-03-01 15:47:08.399936" end-time="2023-03-01 15:47:08.417341" duration="0.017405" asserts="0"><properties><property name="python-version" value="3.8.10 (default, Mar 15 2022, 12:22:08) &#10;[GCC 9.4.0]" /><property name="fspath" value="tests/test_nafigator.py" /></properties><environment framework-version="3.6.2" clr-version="3.8.10 (default, Mar 15 2022, 12:22:08) &#10;[GCC 9.4.0]" os-version="5.15.79.1-microsoft-standard-WSL2" platform="Linux" cwd="/home/timadmin/code/nafigator" machine-name="x86_64" user="" user-domain="" culture="en_US" uiculture="en_US" os-architecture="64bit" /><failure><message><![CDATA[]]></message><stack-trace><![CDATA[None]]></stack-trace></failure><reason><message><![CDATA[]]></message></reason><output><![CDATA[]]></output></test-case><test-case id="148" name="tests/test_nafigator.py::TestNafigator_docx::test_1_docx_generate_naf" fullname="tests/test_nafigator.py::TestNafigator_docx::test_1_docx_generate_naf" methodname="test_1_docx_generate_naf" classname="TestNafigator_docx" runstate="Runnable" seed="1" result="Failed" label="" start-time="2023-03-01 15:47:08.418809" end-time="2023-03-01 15:47:08.458244" duration="0.039435" asserts="0"><properties><property name="python-version" value="3.8.10 (default, Mar 15 2022, 12:22:08) &#10;[GCC 9.4.0]" /><property name="fspath" value="tests/test_nafigator.py" /></properties><environment framework-version="3.6.2" clr-version="3.8.10 (default, Mar 15 2022, 12:22:08) &#10;[GCC 9.4.0]" os-version="5.15.79.1-microsoft-standard-WSL2" platform="Linux" cwd="/home/timadmin/code/nafigator" machine-name="x86_64" user="" user-domain="" culture="en_US" uiculture="en_US" os-architecture="64bit" /><failure><message><![CDATA[self = &lt;tests.test_nafigator.TestNafigator_docx testMethod=test_1_docx_generate_naf&gt;

    def test_1_docx_generate_naf(self):
        """ """
        tree = parse2naf.generate_naf(
            input=join("tests", "tests", "example.docx"),
            engine="stanza",
            language="en",
            naf_version="v3.1",
            dtd_validation=False,
            params={},
            nlp=None,
        )
&gt;       assert tree.write(join("tests", "tests", "example.docx.naf.xml")) == None
E       AttributeError: 'NoneType' object has no attribute 'write'

tests/test_nafigator.py:1363: AttributeError]]></message><stack-trace><![CDATA[/home/timadmin/code/nafigator/tests/test_nafigator.py:1363: AttributeError: 'NoneType' object has no attribute 'write']]></stack-trace></failure><reason><message><![CDATA[&#x1b;[31m&#x1b;[1mERROR   &#x1b;[0m root:parse2naf.py:70 stanza not installed]]></message></reason><output><![CDATA[&#x1b;[31m&#x1b;[1mERROR   &#x1b;[0m root:parse2naf.py:70 stanza not installed]]></output></test-case><test-case id="149" name="tests/test_nafigator.py::TestNafigator_docx::test_2_docx_header_filedesc" fullname="tests/test_nafigator.py::TestNafigator_docx::test_2_docx_header_filedesc" methodname="test_2_docx_header_filedesc" classname="TestNafigator_docx" runstate="Runnable" seed="1" result="Passed" label="" start-time="2023-03-01 15:47:08.463578" end-time="2023-03-01 15:47:08.470624" duration="0.007046" asserts="0"><properties><property name="python-version" value="3.8.10 (default, Mar 15 2022, 12:22:08) &#10;[GCC 9.4.0]" /><property name="fspath" value="tests/test_nafigator.py" /></properties><environment framework-version="3.6.2" clr-version="3.8.10 (default, Mar 15 2022, 12:22:08) &#10;[GCC 9.4.0]" os-version="5.15.79.1-microsoft-standard-WSL2" platform="Linux" cwd="/home/timadmin/code/nafigator" machine-name="x86_64" user="" user-domain="" culture="en_US" uiculture="en_US" os-architecture="64bit" /><failure><message><![CDATA[]]></message><stack-trace><![CDATA[None]]></stack-trace></failure><reason><message><![CDATA[]]></message></reason><output><![CDATA[]]></output></test-case><test-case id="150" name="tests/test_nafigator.py::TestNafigator_docx::test_3_docx_header_public" fullname="tests/test_nafigator.py::TestNafigator_docx::test_3_docx_header_public" methodname="test_3_docx_header_public" classname="TestNafigator_docx" runstate="Runnable" seed="1" result="Passed" label="" start-time="2023-03-01 15:47:08.476461" end-time="2023-03-01 15:47:08.479296" duration="0.002835" asserts="0"><properties><property name="python-version" value="3.8.10 (default, Mar 15 2022, 12:22:08) &#10;[GCC 9.4.0]" /><property name="fspath" value="tests/test_nafigator.py" /></properties><environment framework-version="3.6.2" clr-version="3.8.10 (default, Mar 15 2022, 12:22:08) &#10;[GCC 9.4.0]" os-version="5.15.79.1-microsoft-standard-WSL2" platform="Linux" cwd="/home/timadmin/code/nafigator" machine-name="x86_64" user="" user-domain="" culture="en_US" uiculture="en_US" os-architecture="64bit" /><failure><message><![CDATA[]]></message><stack-trace><![CDATA[None]]></stack-trace></failure><reason><message><![CDATA[]]></message></reason><output><![CDATA[]]></output></test-case><test-case id="151" name="tests/test_nafigator.py::TestNafigator_docx::test_6_docx_entities" fullname="tests/test_nafigator.py::TestNafigator_docx::test_6_docx_entities" methodname="test_6_docx_entities" classname="TestNafigator_docx" runstate="Runnable" seed="1" result="Passed" label="" start-time="2023-03-01 15:47:08.480442" end-time="2023-03-01 15:47:08.491725" duration="0.011283" asserts="0"><properties><property name="python-version" value="3.8.10 (default, Mar 15 2022, 12:22:08) &#10;[GCC 9.4.0]" /><property name="fspath" value="tests/test_nafigator.py" /></properties><environment framework-version="3.6.2" clr-version="3.8.10 (default, Mar 15 2022, 12:22:08) &#10;[GCC 9.4.0]" os-version="5.15.79.1-microsoft-standard-WSL2" platform="Linux" cwd="/home/timadmin/code/nafigator" machine-name="x86_64" user="" user-domain="" culture="en_US" uiculture="en_US" os-architecture="64bit" /><failure><message><![CDATA[]]></message><stack-trace><![CDATA[None]]></stack-trace></failure><reason><message><![CDATA[]]></message></reason><output><![CDATA[]]></output></test-case><test-case id="152" name="tests/test_nafigator.py::TestNafigator_docx::test_7_docx_text" fullname="tests/test_nafigator.py::TestNafigator_docx::test_7_docx_text" methodname="test_7_docx_text" classname="TestNafigator_docx" runstate="Runnable" seed="1" result="Passed" label="" start-time="2023-03-01 15:47:08.492990" end-time="2023-03-01 15:47:08.538949" duration="0.045959" asserts="0"><properties><property name="python-version" value="3.8.10 (default, Mar 15 2022, 12:22:08) &#10;[GCC 9.4.0]" /><property name="fspath" value="tests/test_nafigator.py" /></properties><environment framework-version="3.6.2" clr-version="3.8.10 (default, Mar 15 2022, 12:22:08) &#10;[GCC 9.4.0]" os-version="5.15.79.1-microsoft-standard-WSL2" platform="Linux" cwd="/home/timadmin/code/nafigator" machine-name="x86_64" user="" user-domain="" culture="en_US" uiculture="en_US" os-architecture="64bit" /><failure><message><![CDATA[]]></message><stack-trace><![CDATA[None]]></stack-trace></failure><reason><message><![CDATA[]]></message></reason><output><![CDATA[]]></output></test-case><test-case id="153" name="tests/test_nafigator.py::TestNafigator_docx::test_8_docx_terms" fullname="tests/test_nafigator.py::TestNafigator_docx::test_8_docx_terms" methodname="test_8_docx_terms" classname="TestNafigator_docx" runstate="Runnable" seed="1" result="Failed" label="" start-time="2023-03-01 15:47:08.539794" end-time="2023-03-01 15:47:08.615361" duration="0.075567" asserts="0"><properties><property name="python-version" value="3.8.10 (default, Mar 15 2022, 12:22:08) &#10;[GCC 9.4.0]" /><property name="fspath" value="tests/test_nafigator.py" /></properties><environment framework-version="3.6.2" clr-version="3.8.10 (default, Mar 15 2022, 12:22:08) &#10;[GCC 9.4.0]" os-version="5.15.79.1-microsoft-standard-WSL2" platform="Linux" cwd="/home/timadmin/code/nafigator" machine-name="x86_64" user="" user-domain="" culture="en_US" uiculture="en_US" os-architecture="64bit" /><failure><message><![CDATA[self = &lt;tests.test_nafigator.TestNafigator_docx testMethod=test_8_docx_terms&gt;

    def test_8_docx_terms(self):
        naf = NafDocument().open(join("tests", "tests", "example.docx.naf.xml"))
        actual = naf.terms
    
        expected = [
            {
                "id": "t1",
                "type": "open",
                "lemma": "the",
                "pos": "DET",
                "morphofeat": "Definite=Def|PronType=Art",
                "span": [{"id": "w1"}],
            },
            {
                "id": "t2",
                "type": "open",
                "lemma": "Nafigator",
                "pos": "PROPN",
                "morphofeat": "Number=Sing",
                "span": [{"id": "w2"}],
            },
            {
                "id": "t3",
                "type": "open",
                "lemma": "package",
                "pos": "NOUN",
                "morphofeat": "Number=Sing",
                "span": [{"id": "w3"}],
            },
            {
                "id": "t4",
                "type": "open",
                "lemma": "allow",
                "pos": "VERB",
                "morphofeat": "Mood=Ind|Number=Sing|Person=3|Tense=Pres|VerbForm=Fin",
                "span": [{"id": "w4"}],
            },
            {
                "id": "t5",
                "type": "open",
                "lemma": "you",
                "pos": "PRON",
                "morphofeat": "Case=Acc|Person=2|PronType=Prs",
                "span": [{"id": "w5"}],
            },
            {
                "id": "t6",
                "type": "open",
                "lemma": "to",
                "pos": "PART",
                "span": [{"id": "w6"}],
            },
            {
                "id": "t7",
                "type": "open",
                "lemma": "store",
                "pos": "VERB",
                "morphofeat": "VerbForm=Inf",
                "span": [{"id": "w7"}],
            },
            {
                "id": "t8",
                "type": "open",
                "lemma": "nlp",
                "pos": "NOUN",
                "morphofeat": "Number=Sing",
                "span": [{"id": "w8"}],
            },
            {
                "id": "t9",
                "type": "open",
                "lemma": "output",
                "pos": "NOUN",
                "morphofeat": "Number=Sing",
                "span": [{"id": "w9"}],
            },
            {
                "id": "t10",
                "type": "open",
                "lemma": "from",
                "pos": "ADP",
                "span": [{"id": "w10"}],
            },
            {
                "id": "t11",
                "type": "open",
                "lemma": "custom",
                "pos": "ADJ",
                "morphofeat": "Degree=Pos",
                "span": [{"id": "w11"}],
            },
            {
                "id": "t12",
                "type": "open",
                "lemma": "make",
                "pos": "VERB",
                "morphofeat": "Tense=Past|VerbForm=Part",
                "span": [{"id": "w12"}],
            },
            {
                "id": "t13",
                "type": "open",
                "lemma": "Spacy",
                "pos": "PROPN",
                "morphofeat": "Number=Sing",
                "span": [{"id": "w13"}],
            },
            {
                "id": "t14",
                "type": "open",
                "lemma": "and",
                "pos": "CCONJ",
                "span": [{"id": "w14"}],
            },
            {
                "id": "t15",
                "type": "open",
                "lemma": "stanza",
                "pos": "NOUN",
                "morphofeat": "Number=Sing",
                "span": [{"id": "w15"}],
            },
            {
                "id": "t16",
                "type": "open",
                "lemma": "pipeline",
                "pos": "NOUN",
                "morphofeat": "Number=Plur",
                "span": [{"id": "w16"}],
            },
            {
                "id": "t17",
                "type": "open",
                "lemma": "with",
                "pos": "ADP",
                "span": [{"id": "w17"}],
            },
            {
                "id": "t18",
                "type": "open",
                "lemma": "(",
                "pos": "PUNCT",
                "span": [{"id": "w18"}],
            },
            {
                "id": "t19",
                "type": "open",
                "lemma": "intermediate",
                "pos": "ADJ",
                "morphofeat": "Degree=Pos",
                "span": [{"id": "w19"}],
            },
            {
                "id": "t20",
                "type": "open",
                "lemma": ")",
                "pos": "PUNCT",
                "span": [{"id": "w20"}],
            },
            {
                "id": "t21",
                "type": "open",
                "lemma": "result",
                "pos": "NOUN",
                "morphofeat": "Number=Plur",
                "span": [{"id": "w21"}],
            },
            {
                "id": "t22",
                "type": "open",
                "lemma": "and",
                "pos": "CCONJ",
                "span": [{"id": "w22"}],
            },
            {
                "id": "t23",
                "type": "open",
                "lemma": "all",
                "pos": "DET",
                "span": [{"id": "w23"}],
            },
            {
                "id": "t24",
                "type": "open",
                "lemma": "processing",
                "pos": "NOUN",
                "morphofeat": "Number=Sing",
                "span": [{"id": "w24"}],
            },
            {
                "id": "t25",
                "type": "open",
                "lemma": "step",
                "pos": "NOUN",
                "morphofeat": "Number=Plur",
                "span": [{"id": "w25"}],
            },
            {
                "id": "t26",
                "type": "open",
                "lemma": "in",
                "pos": "ADP",
                "span": [{"id": "w26"}],
            },
            {
                "id": "t27",
                "type": "open",
                "lemma": "one",
                "pos": "NUM",
                "morphofeat": "NumType=Card",
                "span": [{"id": "w27"}],
            },
            {
                "id": "t28",
                "type": "open",
                "lemma": "format",
                "pos": "NOUN",
                "morphofeat": "Number=Sing",
                "span": [{"id": "w28"}],
            },
            {
                "id": "t29",
                "type": "open",
                "lemma": ".",
                "pos": "PUNCT",
                "span": [{"id": "w29"}],
            },
            {
                "id": "t30",
                "type": "open",
                "lemma": "multiword",
                "pos": "NOUN",
                "morphofeat": "Number=Plur",
                "span": [{"id": "w30"}],
            },
            {
                "id": "t31",
                "type": "open",
                "lemma": "like",
                "pos": "ADP",
                "span": [{"id": "w31"}],
            },
            {
                "id": "t32",
                "type": "open",
                "lemma": "in",
                "pos": "ADP",
                "span": [{"id": "w32"}],
            },
            {
                "id": "t33",
                "type": "open",
                "lemma": "''",
                "pos": "PUNCT",
                "span": [{"id": "w33"}],
            },
            {
                "id": "t34",
                "type": "open",
                "lemma": "we",
                "pos": "PRON",
                "morphofeat": "Case=Nom|Number=Plur|Person=1|PronType=Prs",
                "span": [{"id": "w34"}],
            },
            {
                "id": "t35",
                "type": "open",
                "lemma": "have",
                "pos": "AUX",
                "morphofeat": "Mood=Ind|Tense=Pres|VerbForm=Fin",
                "span": [{"id": "w35"}],
            },
            {
                "id": "t36",
                "type": "open",
                "lemma": "set",
                "pos": "VERB",
                "morphofeat": "Tense=Past|VerbForm=Part",
                "component_of": "mw1",
                "span": [{"id": "w36"}],
            },
            {
                "id": "t37",
                "type": "open",
                "lemma": "that",
                "pos": "PRON",
                "morphofeat": "Number=Sing|PronType=Dem",
                "span": [{"id": "w37"}],
            },
            {
                "id": "t38",
                "type": "open",
                "lemma": "out",
                "pos": "ADP",
                "component_of": "mw1",
                "span": [{"id": "w38"}],
            },
            {
                "id": "t39",
                "type": "open",
                "lemma": "below",
                "pos": "ADV",
                "span": [{"id": "w39"}],
            },
            {
                "id": "t40",
                "type": "open",
                "lemma": "''",
                "pos": "PUNCT",
                "span": [{"id": "w40"}],
            },
            {
                "id": "t41",
                "type": "open",
                "lemma": "be",
                "pos": "AUX",
                "morphofeat": "Mood=Ind|Tense=Pres|VerbForm=Fin",
                "span": [{"id": "w41"}],
            },
            {
                "id": "t42",
                "type": "open",
                "lemma": "recognize",
                "pos": "VERB",
                "morphofeat": "Tense=Past|VerbForm=Part|Voice=Pass",
                "span": [{"id": "w42"}],
            },
            {
                "id": "t43",
                "type": "open",
                "lemma": "(",
                "pos": "PUNCT",
                "span": [{"id": "w43"}],
            },
            {
                "id": "t44",
                "type": "open",
                "lemma": "depend",
                "pos": "VERB",
                "morphofeat": "VerbForm=Ger",
                "span": [{"id": "w44"}],
            },
            {
                "id": "t45",
                "type": "open",
                "lemma": "on",
                "pos": "ADP",
                "span": [{"id": "w45"}],
            },
            {
                "id": "t46",
                "type": "open",
                "lemma": "you",
                "pos": "PRON",
                "morphofeat": "Person=2|Poss=Yes|PronType=Prs",
                "span": [{"id": "w46"}],
            },
            {
                "id": "t47",
                "type": "open",
                "lemma": "nlp",
                "pos": "NOUN",
                "morphofeat": "Number=Sing",
                "span": [{"id": "w47"}],
            },
            {
                "id": "t48",
                "type": "open",
                "lemma": "processor",
                "pos": "NOUN",
                "morphofeat": "Number=Sing",
                "span": [{"id": "w48"}],
            },
            {
                "id": "t49",
                "type": "open",
                "lemma": ")",
                "pos": "PUNCT",
                "span": [{"id": "w49"}],
            },
            {
                "id": "t50",
                "type": "open",
                "lemma": ".",
                "pos": "PUNCT",
                "span": [{"id": "w50"}],
            },
        ]
    
&gt;       assert actual == expected, (
            "expected: " + str(expected) + ", actual: " + str(actual)
        )
E       AssertionError: expected: [{'id': 't1', 'type': 'open', 'lemma': 'the', 'pos': 'DET', 'morphofeat': 'Definite=Def|PronType=Art', 'span': [{'id': 'w1'}]}, {'id': 't2', 'type': 'open', 'lemma': 'Nafigator', 'pos': 'PROPN', 'morphofeat': 'Number=Sing', 'span': [{'id': 'w2'}]}, {'id': 't3', 'type': 'open', 'lemma': 'package', 'pos': 'NOUN', 'morphofeat': 'Number=Sing', 'span': [{'id': 'w3'}]}, {'id': 't4', 'type': 'open', 'lemma': 'allow', 'pos': 'VERB', 'morphofeat': 'Mood=Ind|Number=Sing|Person=3|Tense=Pres|VerbForm=Fin', 'span': [{'id': 'w4'}]}, {'id': 't5', 'type': 'open', 'lemma': 'you', 'pos': 'PRON', 'morphofeat': 'Case=Acc|Person=2|PronType=Prs', 'span': [{'id': 'w5'}]}, {'id': 't6', 'type': 'open', 'lemma': 'to', 'pos': 'PART', 'span': [{'id': 'w6'}]}, {'id': 't7', 'type': 'open', 'lemma': 'store', 'pos': 'VERB', 'morphofeat': 'VerbForm=Inf', 'span': [{'id': 'w7'}]}, {'id': 't8', 'type': 'open', 'lemma': 'nlp', 'pos': 'NOUN', 'morphofeat': 'Number=Sing', 'span': [{'id': 'w8'}]}, {'id': 't9', 'type': 'open', 'lemma': 'output', 'pos': 'NOUN', 'morphofeat': 'Number=Sing', 'span': [{'id': 'w9'}]}, {'id': 't10', 'type': 'open', 'lemma': 'from', 'pos': 'ADP', 'span': [{'id': 'w10'}]}, {'id': 't11', 'type': 'open', 'lemma': 'custom', 'pos': 'ADJ', 'morphofeat': 'Degree=Pos', 'span': [{'id': 'w11'}]}, {'id': 't12', 'type': 'open', 'lemma': 'make', 'pos': 'VERB', 'morphofeat': 'Tense=Past|VerbForm=Part', 'span': [{'id': 'w12'}]}, {'id': 't13', 'type': 'open', 'lemma': 'Spacy', 'pos': 'PROPN', 'morphofeat': 'Number=Sing', 'span': [{'id': 'w13'}]}, {'id': 't14', 'type': 'open', 'lemma': 'and', 'pos': 'CCONJ', 'span': [{'id': 'w14'}]}, {'id': 't15', 'type': 'open', 'lemma': 'stanza', 'pos': 'NOUN', 'morphofeat': 'Number=Sing', 'span': [{'id': 'w15'}]}, {'id': 't16', 'type': 'open', 'lemma': 'pipeline', 'pos': 'NOUN', 'morphofeat': 'Number=Plur', 'span': [{'id': 'w16'}]}, {'id': 't17', 'type': 'open', 'lemma': 'with', 'pos': 'ADP', 'span': [{'id': 'w17'}]}, {'id': 't18', 'type': 'open', 'lemma': '(', 'pos': 'PUNCT', 'span': [{'id': 'w18'}]}, {'id': 't19', 'type': 'open', 'lemma': 'intermediate', 'pos': 'ADJ', 'morphofeat': 'Degree=Pos', 'span': [{'id': 'w19'}]}, {'id': 't20', 'type': 'open', 'lemma': ')', 'pos': 'PUNCT', 'span': [{'id': 'w20'}]}, {'id': 't21', 'type': 'open', 'lemma': 'result', 'pos': 'NOUN', 'morphofeat': 'Number=Plur', 'span': [{'id': 'w21'}]}, {'id': 't22', 'type': 'open', 'lemma': 'and', 'pos': 'CCONJ', 'span': [{'id': 'w22'}]}, {'id': 't23', 'type': 'open', 'lemma': 'all', 'pos': 'DET', 'span': [{'id': 'w23'}]}, {'id': 't24', 'type': 'open', 'lemma': 'processing', 'pos': 'NOUN', 'morphofeat': 'Number=Sing', 'span': [{'id': 'w24'}]}, {'id': 't25', 'type': 'open', 'lemma': 'step', 'pos': 'NOUN', 'morphofeat': 'Number=Plur', 'span': [{'id': 'w25'}]}, {'id': 't26', 'type': 'open', 'lemma': 'in', 'pos': 'ADP', 'span': [{'id': 'w26'}]}, {'id': 't27', 'type': 'open', 'lemma': 'one', 'pos': 'NUM', 'morphofeat': 'NumType=Card', 'span': [{'id': 'w27'}]}, {'id': 't28', 'type': 'open', 'lemma': 'format', 'pos': 'NOUN', 'morphofeat': 'Number=Sing', 'span': [{'id': 'w28'}]}, {'id': 't29', 'type': 'open', 'lemma': '.', 'pos': 'PUNCT', 'span': [{'id': 'w29'}]}, {'id': 't30', 'type': 'open', 'lemma': 'multiword', 'pos': 'NOUN', 'morphofeat': 'Number=Plur', 'span': [{'id': 'w30'}]}, {'id': 't31', 'type': 'open', 'lemma': 'like', 'pos': 'ADP', 'span': [{'id': 'w31'}]}, {'id': 't32', 'type': 'open', 'lemma': 'in', 'pos': 'ADP', 'span': [{'id': 'w32'}]}, {'id': 't33', 'type': 'open', 'lemma': "''", 'pos': 'PUNCT', 'span': [{'id': 'w33'}]}, {'id': 't34', 'type': 'open', 'lemma': 'we', 'pos': 'PRON', 'morphofeat': 'Case=Nom|Number=Plur|Person=1|PronType=Prs', 'span': [{'id': 'w34'}]}, {'id': 't35', 'type': 'open', 'lemma': 'have', 'pos': 'AUX', 'morphofeat': 'Mood=Ind|Tense=Pres|VerbForm=Fin', 'span': [{'id': 'w35'}]}, {'id': 't36', 'type': 'open', 'lemma': 'set', 'pos': 'VERB', 'morphofeat': 'Tense=Past|VerbForm=Part', 'component_of': 'mw1', 'span': [{'id': 'w36'}]}, {'id': 't37', 'type': 'open', 'lemma': 'that', 'pos': 'PRON', 'morphofeat': 'Number=Sing|PronType=Dem', 'span': [{'id': 'w37'}]}, {'id': 't38', 'type': 'open', 'lemma': 'out', 'pos': 'ADP', 'component_of': 'mw1', 'span': [{'id': 'w38'}]}, {'id': 't39', 'type': 'open', 'lemma': 'below', 'pos': 'ADV', 'span': [{'id': 'w39'}]}, {'id': 't40', 'type': 'open', 'lemma': "''", 'pos': 'PUNCT', 'span': [{'id': 'w40'}]}, {'id': 't41', 'type': 'open', 'lemma': 'be', 'pos': 'AUX', 'morphofeat': 'Mood=Ind|Tense=Pres|VerbForm=Fin', 'span': [{'id': 'w41'}]}, {'id': 't42', 'type': 'open', 'lemma': 'recognize', 'pos': 'VERB', 'morphofeat': 'Tense=Past|VerbForm=Part|Voice=Pass', 'span': [{'id': 'w42'}]}, {'id': 't43', 'type': 'open', 'lemma': '(', 'pos': 'PUNCT', 'span': [{'id': 'w43'}]}, {'id': 't44', 'type': 'open', 'lemma': 'depend', 'pos': 'VERB', 'morphofeat': 'VerbForm=Ger', 'span': [{'id': 'w44'}]}, {'id': 't45', 'type': 'open', 'lemma': 'on', 'pos': 'ADP', 'span': [{'id': 'w45'}]}, {'id': 't46', 'type': 'open', 'lemma': 'you', 'pos': 'PRON', 'morphofeat': 'Person=2|Poss=Yes|PronType=Prs', 'span': [{'id': 'w46'}]}, {'id': 't47', 'type': 'open', 'lemma': 'nlp', 'pos': 'NOUN', 'morphofeat': 'Number=Sing', 'span': [{'id': 'w47'}]}, {'id': 't48', 'type': 'open', 'lemma': 'processor', 'pos': 'NOUN', 'morphofeat': 'Number=Sing', 'span': [{'id': 'w48'}]}, {'id': 't49', 'type': 'open', 'lemma': ')', 'pos': 'PUNCT', 'span': [{'id': 'w49'}]}, {'id': 't50', 'type': 'open', 'lemma': '.', 'pos': 'PUNCT', 'span': [{'id': 'w50'}]}], actual: [{'id': 't1', 'type': 'open', 'lemma': 'the', 'pos': 'DET', 'morphofeat': 'Definite=Def|PronType=Art', 'span': [{'id': 'w1'}]}, {'id': 't2', 'type': 'open', 'lemma': 'Nafigator', 'pos': 'PROPN', 'morphofeat': 'Number=Sing', 'span': [{'id': 'w2'}]}, {'id': 't3', 'type': 'open', 'lemma': 'package', 'pos': 'NOUN', 'morphofeat': 'Number=Sing', 'span': [{'id': 'w3'}]}, {'id': 't4', 'type': 'open', 'lemma': 'allow', 'pos': 'VERB', 'morphofeat': 'Mood=Ind|Number=Sing|Person=3|Tense=Pres|VerbForm=Fin', 'span': [{'id': 'w4'}]}, {'id': 't5', 'type': 'open', 'lemma': 'you', 'pos': 'PRON', 'morphofeat': 'Case=Acc|Person=2|PronType=Prs', 'span': [{'id': 'w5'}]}, {'id': 't6', 'type': 'open', 'lemma': 'to', 'pos': 'PART', 'span': [{'id': 'w6'}]}, {'id': 't7', 'type': 'open', 'lemma': 'store', 'pos': 'VERB', 'morphofeat': 'VerbForm=Inf', 'span': [{'id': 'w7'}]}, {'id': 't8', 'type': 'open', 'lemma': 'NLP', 'pos': 'PROPN', 'morphofeat': 'Number=Sing', 'span': [{'id': 'w8'}]}, {'id': 't9', 'type': 'open', 'lemma': 'output', 'pos': 'NOUN', 'morphofeat': 'Number=Sing', 'span': [{'id': 'w9'}]}, {'id': 't10', 'type': 'open', 'lemma': 'from', 'pos': 'ADP', 'span': [{'id': 'w10'}]}, {'id': 't11', 'type': 'open', 'lemma': 'custom', 'pos': 'ADJ', 'morphofeat': 'Degree=Pos', 'span': [{'id': 'w11'}]}, {'id': 't12', 'type': 'open', 'lemma': 'make', 'pos': 'VERB', 'morphofeat': 'Tense=Past|VerbForm=Part', 'span': [{'id': 'w12'}]}, {'id': 't13', 'type': 'open', 'lemma': 'Spacy', 'pos': 'PROPN', 'morphofeat': 'Number=Sing', 'span': [{'id': 'w13'}]}, {'id': 't14', 'type': 'open', 'lemma': 'and', 'pos': 'CCONJ', 'span': [{'id': 'w14'}]}, {'id': 't15', 'type': 'open', 'lemma': 'stanza', 'pos': 'NOUN', 'morphofeat': 'Number=Sing', 'span': [{'id': 'w15'}]}, {'id': 't16', 'type': 'open', 'lemma': 'pipeline', 'pos': 'NOUN', 'morphofeat': 'Number=Plur', 'span': [{'id': 'w16'}]}, {'id': 't17', 'type': 'open', 'lemma': 'with', 'pos': 'ADP', 'span': [{'id': 'w17'}]}, {'id': 't18', 'type': 'open', 'lemma': '(', 'pos': 'PUNCT', 'span': [{'id': 'w18'}]}, {'id': 't19', 'type': 'open', 'lemma': 'intermediate', 'pos': 'ADJ', 'morphofeat': 'Degree=Pos', 'span': [{'id': 'w19'}]}, {'id': 't20', 'type': 'open', 'lemma': ')', 'pos': 'PUNCT', 'span': [{'id': 'w20'}]}, {'id': 't21', 'type': 'open', 'lemma': 'result', 'pos': 'NOUN', 'morphofeat': 'Number=Plur', 'span': [{'id': 'w21'}]}, {'id': 't22', 'type': 'open', 'lemma': 'and', 'pos': 'CCONJ', 'span': [{'id': 'w22'}]}, {'id': 't23', 'type': 'open', 'lemma': 'all', 'pos': 'DET', 'span': [{'id': 'w23'}]}, {'id': 't24', 'type': 'open', 'lemma': 'processing', 'pos': 'NOUN', 'morphofeat': 'Number=Sing', 'span': [{'id': 'w24'}]}, {'id': 't25', 'type': 'open', 'lemma': 'step', 'pos': 'NOUN', 'morphofeat': 'Number=Plur', 'span': [{'id': 'w25'}]}, {'id': 't26', 'type': 'open', 'lemma': 'in', 'pos': 'ADP', 'span': [{'id': 'w26'}]}, {'id': 't27', 'type': 'open', 'lemma': 'one', 'pos': 'NUM', 'morphofeat': 'NumType=Card', 'span': [{'id': 'w27'}]}, {'id': 't28', 'type': 'open', 'lemma': 'format', 'pos': 'NOUN', 'morphofeat': 'Number=Sing', 'span': [{'id': 'w28'}]}, {'id': 't29', 'type': 'open', 'lemma': '.', 'pos': 'PUNCT', 'span': [{'id': 'w29'}]}, {'id': 't30', 'type': 'open', 'lemma': 'multiword', 'pos': 'NOUN', 'morphofeat': 'Number=Plur', 'span': [{'id': 'w30'}]}, {'id': 't31', 'type': 'open', 'lemma': 'like', 'pos': 'VERB', 'morphofeat': 'Mood=Ind|Number=Plur|Person=3|Tense=Pres|VerbForm=Fin', 'span': [{'id': 'w31'}]}, {'id': 't32', 'type': 'open', 'lemma': 'in', 'pos': 'ADP', 'span': [{'id': 'w32'}]}, {'id': 't33', 'type': 'open', 'lemma': "''", 'pos': 'PUNCT', 'span': [{'id': 'w33'}]}, {'id': 't34', 'type': 'open', 'lemma': 'we', 'pos': 'PRON', 'morphofeat': 'Case=Nom|Number=Plur|Person=1|PronType=Prs', 'span': [{'id': 'w34'}]}, {'id': 't35', 'type': 'open', 'lemma': 'have', 'pos': 'AUX', 'morphofeat': 'Mood=Ind|Number=Plur|Person=1|Tense=Pres|VerbForm=Fin', 'span': [{'id': 'w35'}]}, {'id': 't36', 'type': 'open', 'lemma': 'set', 'pos': 'VERB', 'morphofeat': 'Tense=Past|VerbForm=Part', 'component_of': 'mw1', 'span': [{'id': 'w36'}]}, {'id': 't37', 'type': 'open', 'lemma': 'that', 'pos': 'PRON', 'morphofeat': 'Number=Sing|PronType=Dem', 'span': [{'id': 'w37'}]}, {'id': 't38', 'type': 'open', 'lemma': 'out', 'pos': 'ADP', 'component_of': 'mw1', 'span': [{'id': 'w38'}]}, {'id': 't39', 'type': 'open', 'lemma': 'below', 'pos': 'ADV', 'span': [{'id': 'w39'}]}, {'id': 't40', 'type': 'open', 'lemma': "''", 'pos': 'PUNCT', 'span': [{'id': 'w40'}]}, {'id': 't41', 'type': 'open', 'lemma': 'be', 'pos': 'AUX', 'morphofeat': 'Mood=Ind|Number=Plur|Person=3|Tense=Pres|VerbForm=Fin', 'span': [{'id': 'w41'}]}, {'id': 't42', 'type': 'open', 'lemma': 'recognize', 'pos': 'VERB', 'morphofeat': 'Tense=Past|VerbForm=Part|Voice=Pass', 'span': [{'id': 'w42'}]}, {'id': 't43', 'type': 'open', 'lemma': '(', 'pos': 'PUNCT', 'span': [{'id': 'w43'}]}, {'id': 't44', 'type': 'open', 'lemma': 'depend', 'pos': 'VERB', 'morphofeat': 'VerbForm=Ger', 'span': [{'id': 'w44'}]}, {'id': 't45', 'type': 'open', 'lemma': 'on', 'pos': 'ADP', 'span': [{'id': 'w45'}]}, {'id': 't46', 'type': 'open', 'lemma': 'you', 'pos': 'PRON', 'morphofeat': 'Person=2|Poss=Yes|PronType=Prs', 'span': [{'id': 'w46'}]}, {'id': 't47', 'type': 'open', 'lemma': 'nlp', 'pos': 'NOUN', 'morphofeat': 'Number=Sing', 'span': [{'id': 'w47'}]}, {'id': 't48', 'type': 'open', 'lemma': 'processor', 'pos': 'NOUN', 'morphofeat': 'Number=Sing', 'span': [{'id': 'w48'}]}, {'id': 't49', 'type': 'open', 'lemma': ')', 'pos': 'PUNCT', 'span': [{'id': 'w49'}]}, {'id': 't50', 'type': 'open', 'lemma': '.', 'pos': 'PUNCT', 'span': [{'id': 'w50'}]}]
E       assert [{'id': 't1',...}], ...}, ...] == [{'id': 't1',...}], ...}, ...]
E         At index 7 diff: {'id': 't8', 'type': 'open', 'lemma': 'NLP', 'pos': 'PROPN', 'morphofeat': 'Number=Sing', 'span': [{'id': 'w8'}]} != {'id': 't8', 'type': 'open', 'lemma': 'nlp', 'pos': 'NOUN', 'morphofeat': 'Number=Sing', 'span': [{'id': 'w8'}]}
E         Use -v to get more diff

tests/test_nafigator.py:2264: AssertionError]]></message><stack-trace><![CDATA[/home/timadmin/code/nafigator/tests/test_nafigator.py:2264: AssertionError: expected: [{'id': 't1', 'type': 'open', 'lemma': 'the', 'pos': 'DET', 'morphofeat': 'Definite=Def|PronType=Art', 'span': [{'id': 'w1'}]}, {'id': 't2', 'type': 'open', 'lemma': 'Nafigator', 'pos': 'PROPN', 'morphofeat': 'Number=Sing', 'span': [{'id': 'w2'}]}, {'id': 't3', 'type': 'open', 'lemma': 'package', 'pos': 'NOUN', 'morphofeat': 'Number=Sing', 'span': [{'id': 'w3'}]}, {'id': 't4', 'type': 'open', 'lemma': 'allow', 'pos': 'VERB', 'morphofeat': 'Mood=Ind|Number=Sing|Person=3|Tense=Pres|VerbForm=Fin', 'span': [{'id': 'w4'}]}, {'id': 't5', 'type': 'open', 'lemma': 'you', 'pos': 'PRON', 'morphofeat': 'Case=Acc|Person=2|PronType=Prs', 'span': [{'id': 'w5'}]}, {'id': 't6', 'type': 'open', 'lemma': 'to', 'pos': 'PART', 'span': [{'id': 'w6'}]}, {'id': 't7', 'type': 'open', 'lemma': 'store', 'pos': 'VERB', 'morphofeat': 'VerbForm=Inf', 'span': [{'id': 'w7'}]}, {'id': 't8', 'type': 'open', 'lemma': 'nlp', 'pos': 'NOUN', 'morphofeat': 'Number=Sing', 'span': [{'id': 'w8'}]}, {'id': 't9', 'type': 'open', 'lemma': 'output', 'pos': 'NOUN', 'morphofeat': 'Number=Sing', 'span': [{'id': 'w9'}]}, {'id': 't10', 'type': 'open', 'lemma': 'from', 'pos': 'ADP', 'span': [{'id': 'w10'}]}, {'id': 't11', 'type': 'open', 'lemma': 'custom', 'pos': 'ADJ', 'morphofeat': 'Degree=Pos', 'span': [{'id': 'w11'}]}, {'id': 't12', 'type': 'open', 'lemma': 'make', 'pos': 'VERB', 'morphofeat': 'Tense=Past|VerbForm=Part', 'span': [{'id': 'w12'}]}, {'id': 't13', 'type': 'open', 'lemma': 'Spacy', 'pos': 'PROPN', 'morphofeat': 'Number=Sing', 'span': [{'id': 'w13'}]}, {'id': 't14', 'type': 'open', 'lemma': 'and', 'pos': 'CCONJ', 'span': [{'id': 'w14'}]}, {'id': 't15', 'type': 'open', 'lemma': 'stanza', 'pos': 'NOUN', 'morphofeat': 'Number=Sing', 'span': [{'id': 'w15'}]}, {'id': 't16', 'type': 'open', 'lemma': 'pipeline', 'pos': 'NOUN', 'morphofeat': 'Number=Plur', 'span': [{'id': 'w16'}]}, {'id': 't17', 'type': 'open', 'lemma': 'with', 'pos': 'ADP', 'span': [{'id': 'w17'}]}, {'id': 't18', 'type': 'open', 'lemma': '(', 'pos': 'PUNCT', 'span': [{'id': 'w18'}]}, {'id': 't19', 'type': 'open', 'lemma': 'intermediate', 'pos': 'ADJ', 'morphofeat': 'Degree=Pos', 'span': [{'id': 'w19'}]}, {'id': 't20', 'type': 'open', 'lemma': ')', 'pos': 'PUNCT', 'span': [{'id': 'w20'}]}, {'id': 't21', 'type': 'open', 'lemma': 'result', 'pos': 'NOUN', 'morphofeat': 'Number=Plur', 'span': [{'id': 'w21'}]}, {'id': 't22', 'type': 'open', 'lemma': 'and', 'pos': 'CCONJ', 'span': [{'id': 'w22'}]}, {'id': 't23', 'type': 'open', 'lemma': 'all', 'pos': 'DET', 'span': [{'id': 'w23'}]}, {'id': 't24', 'type': 'open', 'lemma': 'processing', 'pos': 'NOUN', 'morphofeat': 'Number=Sing', 'span': [{'id': 'w24'}]}, {'id': 't25', 'type': 'open', 'lemma': 'step', 'pos': 'NOUN', 'morphofeat': 'Number=Plur', 'span': [{'id': 'w25'}]}, {'id': 't26', 'type': 'open', 'lemma': 'in', 'pos': 'ADP', 'span': [{'id': 'w26'}]}, {'id': 't27', 'type': 'open', 'lemma': 'one', 'pos': 'NUM', 'morphofeat': 'NumType=Card', 'span': [{'id': 'w27'}]}, {'id': 't28', 'type': 'open', 'lemma': 'format', 'pos': 'NOUN', 'morphofeat': 'Number=Sing', 'span': [{'id': 'w28'}]}, {'id': 't29', 'type': 'open', 'lemma': '.', 'pos': 'PUNCT', 'span': [{'id': 'w29'}]}, {'id': 't30', 'type': 'open', 'lemma': 'multiword', 'pos': 'NOUN', 'morphofeat': 'Number=Plur', 'span': [{'id': 'w30'}]}, {'id': 't31', 'type': 'open', 'lemma': 'like', 'pos': 'ADP', 'span': [{'id': 'w31'}]}, {'id': 't32', 'type': 'open', 'lemma': 'in', 'pos': 'ADP', 'span': [{'id': 'w32'}]}, {'id': 't33', 'type': 'open', 'lemma': "''", 'pos': 'PUNCT', 'span': [{'id': 'w33'}]}, {'id': 't34', 'type': 'open', 'lemma': 'we', 'pos': 'PRON', 'morphofeat': 'Case=Nom|Number=Plur|Person=1|PronType=Prs', 'span': [{'id': 'w34'}]}, {'id': 't35', 'type': 'open', 'lemma': 'have', 'pos': 'AUX', 'morphofeat': 'Mood=Ind|Tense=Pres|VerbForm=Fin', 'span': [{'id': 'w35'}]}, {'id': 't36', 'type': 'open', 'lemma': 'set', 'pos': 'VERB', 'morphofeat': 'Tense=Past|VerbForm=Part', 'component_of': 'mw1', 'span': [{'id': 'w36'}]}, {'id': 't37', 'type': 'open', 'lemma': 'that', 'pos': 'PRON', 'morphofeat': 'Number=Sing|PronType=Dem', 'span': [{'id': 'w37'}]}, {'id': 't38', 'type': 'open', 'lemma': 'out', 'pos': 'ADP', 'component_of': 'mw1', 'span': [{'id': 'w38'}]}, {'id': 't39', 'type': 'open', 'lemma': 'below', 'pos': 'ADV', 'span': [{'id': 'w39'}]}, {'id': 't40', 'type': 'open', 'lemma': "''", 'pos': 'PUNCT', 'span': [{'id': 'w40'}]}, {'id': 't41', 'type': 'open', 'lemma': 'be', 'pos': 'AUX', 'morphofeat': 'Mood=Ind|Tense=Pres|VerbForm=Fin', 'span': [{'id': 'w41'}]}, {'id': 't42', 'type': 'open', 'lemma': 'recognize', 'pos': 'VERB', 'morphofeat': 'Tense=Past|VerbForm=Part|Voice=Pass', 'span': [{'id': 'w42'}]}, {'id': 't43', 'type': 'open', 'lemma': '(', 'pos': 'PUNCT', 'span': [{'id': 'w43'}]}, {'id': 't44', 'type': 'open', 'lemma': 'depend', 'pos': 'VERB', 'morphofeat': 'VerbForm=Ger', 'span': [{'id': 'w44'}]}, {'id': 't45', 'type': 'open', 'lemma': 'on', 'pos': 'ADP', 'span': [{'id': 'w45'}]}, {'id': 't46', 'type': 'open', 'lemma': 'you', 'pos': 'PRON', 'morphofeat': 'Person=2|Poss=Yes|PronType=Prs', 'span': [{'id': 'w46'}]}, {'id': 't47', 'type': 'open', 'lemma': 'nlp', 'pos': 'NOUN', 'morphofeat': 'Number=Sing', 'span': [{'id': 'w47'}]}, {'id': 't48', 'type': 'open', 'lemma': 'processor', 'pos': 'NOUN', 'morphofeat': 'Number=Sing', 'span': [{'id': 'w48'}]}, {'id': 't49', 'type': 'open', 'lemma': ')', 'pos': 'PUNCT', 'span': [{'id': 'w49'}]}, {'id': 't50', 'type': 'open', 'lemma': '.', 'pos': 'PUNCT', 'span': [{'id': 'w50'}]}], actual: [{'id': 't1', 'type': 'open', 'lemma': 'the', 'pos': 'DET', 'morphofeat': 'Definite=Def|PronType=Art', 'span': [{'id': 'w1'}]}, {'id': 't2', 'type': 'open', 'lemma': 'Nafigator', 'pos': 'PROPN', 'morphofeat': 'Number=Sing', 'span': [{'id': 'w2'}]}, {'id': 't3', 'type': 'open', 'lemma': 'package', 'pos': 'NOUN', 'morphofeat': 'Number=Sing', 'span': [{'id': 'w3'}]}, {'id': 't4', 'type': 'open', 'lemma': 'allow', 'pos': 'VERB', 'morphofeat': 'Mood=Ind|Number=Sing|Person=3|Tense=Pres|VerbForm=Fin', 'span': [{'id': 'w4'}]}, {'id': 't5', 'type': 'open', 'lemma': 'you', 'pos': 'PRON', 'morphofeat': 'Case=Acc|Person=2|PronType=Prs', 'span': [{'id': 'w5'}]}, {'id': 't6', 'type': 'open', 'lemma': 'to', 'pos': 'PART', 'span': [{'id': 'w6'}]}, {'id': 't7', 'type': 'open', 'lemma': 'store', 'pos': 'VERB', 'morphofeat': 'VerbForm=Inf', 'span': [{'id': 'w7'}]}, {'id': 't8', 'type': 'open', 'lemma': 'NLP', 'pos': 'PROPN', 'morphofeat': 'Number=Sing', 'span': [{'id': 'w8'}]}, {'id': 't9', 'type': 'open', 'lemma': 'output', 'pos': 'NOUN', 'morphofeat': 'Number=Sing', 'span': [{'id': 'w9'}]}, {'id': 't10', 'type': 'open', 'lemma': 'from', 'pos': 'ADP', 'span': [{'id': 'w10'}]}, {'id': 't11', 'type': 'open', 'lemma': 'custom', 'pos': 'ADJ', 'morphofeat': 'Degree=Pos', 'span': [{'id': 'w11'}]}, {'id': 't12', 'type': 'open', 'lemma': 'make', 'pos': 'VERB', 'morphofeat': 'Tense=Past|VerbForm=Part', 'span': [{'id': 'w12'}]}, {'id': 't13', 'type': 'open', 'lemma': 'Spacy', 'pos': 'PROPN', 'morphofeat': 'Number=Sing', 'span': [{'id': 'w13'}]}, {'id': 't14', 'type': 'open', 'lemma': 'and', 'pos': 'CCONJ', 'span': [{'id': 'w14'}]}, {'id': 't15', 'type': 'open', 'lemma': 'stanza', 'pos': 'NOUN', 'morphofeat': 'Number=Sing', 'span': [{'id': 'w15'}]}, {'id': 't16', 'type': 'open', 'lemma': 'pipeline', 'pos': 'NOUN', 'morphofeat': 'Number=Plur', 'span': [{'id': 'w16'}]}, {'id': 't17', 'type': 'open', 'lemma': 'with', 'pos': 'ADP', 'span': [{'id': 'w17'}]}, {'id': 't18', 'type': 'open', 'lemma': '(', 'pos': 'PUNCT', 'span': [{'id': 'w18'}]}, {'id': 't19', 'type': 'open', 'lemma': 'intermediate', 'pos': 'ADJ', 'morphofeat': 'Degree=Pos', 'span': [{'id': 'w19'}]}, {'id': 't20', 'type': 'open', 'lemma': ')', 'pos': 'PUNCT', 'span': [{'id': 'w20'}]}, {'id': 't21', 'type': 'open', 'lemma': 'result', 'pos': 'NOUN', 'morphofeat': 'Number=Plur', 'span': [{'id': 'w21'}]}, {'id': 't22', 'type': 'open', 'lemma': 'and', 'pos': 'CCONJ', 'span': [{'id': 'w22'}]}, {'id': 't23', 'type': 'open', 'lemma': 'all', 'pos': 'DET', 'span': [{'id': 'w23'}]}, {'id': 't24', 'type': 'open', 'lemma': 'processing', 'pos': 'NOUN', 'morphofeat': 'Number=Sing', 'span': [{'id': 'w24'}]}, {'id': 't25', 'type': 'open', 'lemma': 'step', 'pos': 'NOUN', 'morphofeat': 'Number=Plur', 'span': [{'id': 'w25'}]}, {'id': 't26', 'type': 'open', 'lemma': 'in', 'pos': 'ADP', 'span': [{'id': 'w26'}]}, {'id': 't27', 'type': 'open', 'lemma': 'one', 'pos': 'NUM', 'morphofeat': 'NumType=Card', 'span': [{'id': 'w27'}]}, {'id': 't28', 'type': 'open', 'lemma': 'format', 'pos': 'NOUN', 'morphofeat': 'Number=Sing', 'span': [{'id': 'w28'}]}, {'id': 't29', 'type': 'open', 'lemma': '.', 'pos': 'PUNCT', 'span': [{'id': 'w29'}]}, {'id': 't30', 'type': 'open', 'lemma': 'multiword', 'pos': 'NOUN', 'morphofeat': 'Number=Plur', 'span': [{'id': 'w30'}]}, {'id': 't31', 'type': 'open', 'lemma': 'like', 'pos': 'VERB', 'morphofeat': 'Mood=Ind|Number=Plur|Person=3|Tense=Pres|VerbForm=Fin', 'span': [{'id': 'w31'}]}, {'id': 't32', 'type': 'open', 'lemma': 'in', 'pos': 'ADP', 'span': [{'id': 'w32'}]}, {'id': 't33', 'type': 'open', 'lemma': "''", 'pos': 'PUNCT', 'span': [{'id': 'w33'}]}, {'id': 't34', 'type': 'open', 'lemma': 'we', 'pos': 'PRON', 'morphofeat': 'Case=Nom|Number=Plur|Person=1|PronType=Prs', 'span': [{'id': 'w34'}]}, {'id': 't35', 'type': 'open', 'lemma': 'have', 'pos': 'AUX', 'morphofeat': 'Mood=Ind|Number=Plur|Person=1|Tense=Pres|VerbForm=Fin', 'span': [{'id': 'w35'}]}, {'id': 't36', 'type': 'open', 'lemma': 'set', 'pos': 'VERB', 'morphofeat': 'Tense=Past|VerbForm=Part', 'component_of': 'mw1', 'span': [{'id': 'w36'}]}, {'id': 't37', 'type': 'open', 'lemma': 'that', 'pos': 'PRON', 'morphofeat': 'Number=Sing|PronType=Dem', 'span': [{'id': 'w37'}]}, {'id': 't38', 'type': 'open', 'lemma': 'out', 'pos': 'ADP', 'component_of': 'mw1', 'span': [{'id': 'w38'}]}, {'id': 't39', 'type': 'open', 'lemma': 'below', 'pos': 'ADV', 'span': [{'id': 'w39'}]}, {'id': 't40', 'type': 'open', 'lemma': "''", 'pos': 'PUNCT', 'span': [{'id': 'w40'}]}, {'id': 't41', 'type': 'open', 'lemma': 'be', 'pos': 'AUX', 'morphofeat': 'Mood=Ind|Number=Plur|Person=3|Tense=Pres|VerbForm=Fin', 'span': [{'id': 'w41'}]}, {'id': 't42', 'type': 'open', 'lemma': 'recognize', 'pos': 'VERB', 'morphofeat': 'Tense=Past|VerbForm=Part|Voice=Pass', 'span': [{'id': 'w42'}]}, {'id': 't43', 'type': 'open', 'lemma': '(', 'pos': 'PUNCT', 'span': [{'id': 'w43'}]}, {'id': 't44', 'type': 'open', 'lemma': 'depend', 'pos': 'VERB', 'morphofeat': 'VerbForm=Ger', 'span': [{'id': 'w44'}]}, {'id': 't45', 'type': 'open', 'lemma': 'on', 'pos': 'ADP', 'span': [{'id': 'w45'}]}, {'id': 't46', 'type': 'open', 'lemma': 'you', 'pos': 'PRON', 'morphofeat': 'Person=2|Poss=Yes|PronType=Prs', 'span': [{'id': 'w46'}]}, {'id': 't47', 'type': 'open', 'lemma': 'nlp', 'pos': 'NOUN', 'morphofeat': 'Number=Sing', 'span': [{'id': 'w47'}]}, {'id': 't48', 'type': 'open', 'lemma': 'processor', 'pos': 'NOUN', 'morphofeat': 'Number=Sing', 'span': [{'id': 'w48'}]}, {'id': 't49', 'type': 'open', 'lemma': ')', 'pos': 'PUNCT', 'span': [{'id': 'w49'}]}, {'id': 't50', 'type': 'open', 'lemma': '.', 'pos': 'PUNCT', 'span': [{'id': 'w50'}]}]]]></stack-trace></failure><reason><message><![CDATA[]]></message></reason><output><![CDATA[]]></output></test-case><test-case id="154" name="tests/test_nafigator.py::TestNafigator_docx::test_9_docx_dependencies" fullname="tests/test_nafigator.py::TestNafigator_docx::test_9_docx_dependencies" methodname="test_9_docx_dependencies" classname="TestNafigator_docx" runstate="Runnable" seed="1" result="Failed" label="" start-time="2023-03-01 15:47:08.616274" end-time="2023-03-01 15:47:08.687115" duration="0.070841" asserts="0"><properties><property name="python-version" value="3.8.10 (default, Mar 15 2022, 12:22:08) &#10;[GCC 9.4.0]" /><property name="fspath" value="tests/test_nafigator.py" /></properties><environment framework-version="3.6.2" clr-version="3.8.10 (default, Mar 15 2022, 12:22:08) &#10;[GCC 9.4.0]" os-version="5.15.79.1-microsoft-standard-WSL2" platform="Linux" cwd="/home/timadmin/code/nafigator" machine-name="x86_64" user="" user-domain="" culture="en_US" uiculture="en_US" os-architecture="64bit" /><failure><message><![CDATA[self = &lt;tests.test_nafigator.TestNafigator_docx testMethod=test_9_docx_dependencies&gt;

    def test_9_docx_dependencies(self):
        naf = NafDocument().open(join("tests", "tests", "example.docx.naf.xml"))
        actual = naf.deps
    
        expected = [
            {"from_term": "t3", "to_term": "t1", "rfunc": "det"},
            {"from_term": "t4", "to_term": "t3", "rfunc": "nsubj"},
            {"from_term": "t3", "to_term": "t2", "rfunc": "compound"},
            {"from_term": "t4", "to_term": "t5", "rfunc": "obj"},
            {"from_term": "t7", "to_term": "t6", "rfunc": "mark"},
            {"from_term": "t4", "to_term": "t7", "rfunc": "xcomp"},
            {"from_term": "t9", "to_term": "t8", "rfunc": "compound"},
            {"from_term": "t7", "to_term": "t9", "rfunc": "obj"},
            {"from_term": "t16", "to_term": "t10", "rfunc": "case"},
            {"from_term": "t7", "to_term": "t16", "rfunc": "obl"},
            {"from_term": "t16", "to_term": "t11", "rfunc": "amod"},
            {"from_term": "t16", "to_term": "t12", "rfunc": "amod"},
            {"from_term": "t16", "to_term": "t13", "rfunc": "compound"},
            {"from_term": "t15", "to_term": "t14", "rfunc": "cc"},
            {"from_term": "t13", "to_term": "t15", "rfunc": "conj"},
            {"from_term": "t21", "to_term": "t17", "rfunc": "case"},
            {"from_term": "t7", "to_term": "t21", "rfunc": "obl"},
            {"from_term": "t19", "to_term": "t18", "rfunc": "punct"},
            {"from_term": "t21", "to_term": "t19", "rfunc": "amod"},
            {"from_term": "t19", "to_term": "t20", "rfunc": "punct"},
            {"from_term": "t25", "to_term": "t22", "rfunc": "cc"},
            {"from_term": "t21", "to_term": "t25", "rfunc": "conj"},
            {"from_term": "t25", "to_term": "t23", "rfunc": "det"},
            {"from_term": "t25", "to_term": "t24", "rfunc": "compound"},
            {"from_term": "t28", "to_term": "t26", "rfunc": "case"},
            {"from_term": "t25", "to_term": "t28", "rfunc": "nmod"},
            {"from_term": "t28", "to_term": "t27", "rfunc": "nummod"},
            {"from_term": "t4", "to_term": "t29", "rfunc": "punct"},
            {"from_term": "t42", "to_term": "t30", "rfunc": "nsubj:pass"},
            {"from_term": "t36", "to_term": "t31", "rfunc": "mark"},
            {"from_term": "t42", "to_term": "t36", "rfunc": "advcl"},
            {"from_term": "t36", "to_term": "t32", "rfunc": "mark"},
            {"from_term": "t36", "to_term": "t33", "rfunc": "punct"},
            {"from_term": "t36", "to_term": "t34", "rfunc": "nsubj"},
            {"from_term": "t36", "to_term": "t35", "rfunc": "aux"},
            {"from_term": "t36", "to_term": "t37", "rfunc": "obj"},
            {"from_term": "t36", "to_term": "t38", "rfunc": "compound:prt"},
            {"from_term": "t36", "to_term": "t39", "rfunc": "advmod"},
            {"from_term": "t36", "to_term": "t40", "rfunc": "punct"},
            {"from_term": "t42", "to_term": "t41", "rfunc": "aux:pass"},
            {"from_term": "t48", "to_term": "t43", "rfunc": "punct"},
            {"from_term": "t42", "to_term": "t48", "rfunc": "obl"},
            {"from_term": "t48", "to_term": "t44", "rfunc": "case"},
            {"from_term": "t44", "to_term": "t45", "rfunc": "fixed"},
            {"from_term": "t48", "to_term": "t46", "rfunc": "nmod:poss"},
            {"from_term": "t48", "to_term": "t47", "rfunc": "compound"},
            {"from_term": "t48", "to_term": "t49", "rfunc": "punct"},
            {"from_term": "t42", "to_term": "t50", "rfunc": "punct"},
        ]
    
&gt;       assert actual == expected, (
            "expected: " + str(expected) + ", actual: " + str(actual)
        )
E       AssertionError: expected: [{'from_term': 't3', 'to_term': 't1', 'rfunc': 'det'}, {'from_term': 't4', 'to_term': 't3', 'rfunc': 'nsubj'}, {'from_term': 't3', 'to_term': 't2', 'rfunc': 'compound'}, {'from_term': 't4', 'to_term': 't5', 'rfunc': 'obj'}, {'from_term': 't7', 'to_term': 't6', 'rfunc': 'mark'}, {'from_term': 't4', 'to_term': 't7', 'rfunc': 'xcomp'}, {'from_term': 't9', 'to_term': 't8', 'rfunc': 'compound'}, {'from_term': 't7', 'to_term': 't9', 'rfunc': 'obj'}, {'from_term': 't16', 'to_term': 't10', 'rfunc': 'case'}, {'from_term': 't7', 'to_term': 't16', 'rfunc': 'obl'}, {'from_term': 't16', 'to_term': 't11', 'rfunc': 'amod'}, {'from_term': 't16', 'to_term': 't12', 'rfunc': 'amod'}, {'from_term': 't16', 'to_term': 't13', 'rfunc': 'compound'}, {'from_term': 't15', 'to_term': 't14', 'rfunc': 'cc'}, {'from_term': 't13', 'to_term': 't15', 'rfunc': 'conj'}, {'from_term': 't21', 'to_term': 't17', 'rfunc': 'case'}, {'from_term': 't7', 'to_term': 't21', 'rfunc': 'obl'}, {'from_term': 't19', 'to_term': 't18', 'rfunc': 'punct'}, {'from_term': 't21', 'to_term': 't19', 'rfunc': 'amod'}, {'from_term': 't19', 'to_term': 't20', 'rfunc': 'punct'}, {'from_term': 't25', 'to_term': 't22', 'rfunc': 'cc'}, {'from_term': 't21', 'to_term': 't25', 'rfunc': 'conj'}, {'from_term': 't25', 'to_term': 't23', 'rfunc': 'det'}, {'from_term': 't25', 'to_term': 't24', 'rfunc': 'compound'}, {'from_term': 't28', 'to_term': 't26', 'rfunc': 'case'}, {'from_term': 't25', 'to_term': 't28', 'rfunc': 'nmod'}, {'from_term': 't28', 'to_term': 't27', 'rfunc': 'nummod'}, {'from_term': 't4', 'to_term': 't29', 'rfunc': 'punct'}, {'from_term': 't42', 'to_term': 't30', 'rfunc': 'nsubj:pass'}, {'from_term': 't36', 'to_term': 't31', 'rfunc': 'mark'}, {'from_term': 't42', 'to_term': 't36', 'rfunc': 'advcl'}, {'from_term': 't36', 'to_term': 't32', 'rfunc': 'mark'}, {'from_term': 't36', 'to_term': 't33', 'rfunc': 'punct'}, {'from_term': 't36', 'to_term': 't34', 'rfunc': 'nsubj'}, {'from_term': 't36', 'to_term': 't35', 'rfunc': 'aux'}, {'from_term': 't36', 'to_term': 't37', 'rfunc': 'obj'}, {'from_term': 't36', 'to_term': 't38', 'rfunc': 'compound:prt'}, {'from_term': 't36', 'to_term': 't39', 'rfunc': 'advmod'}, {'from_term': 't36', 'to_term': 't40', 'rfunc': 'punct'}, {'from_term': 't42', 'to_term': 't41', 'rfunc': 'aux:pass'}, {'from_term': 't48', 'to_term': 't43', 'rfunc': 'punct'}, {'from_term': 't42', 'to_term': 't48', 'rfunc': 'obl'}, {'from_term': 't48', 'to_term': 't44', 'rfunc': 'case'}, {'from_term': 't44', 'to_term': 't45', 'rfunc': 'fixed'}, {'from_term': 't48', 'to_term': 't46', 'rfunc': 'nmod:poss'}, {'from_term': 't48', 'to_term': 't47', 'rfunc': 'compound'}, {'from_term': 't48', 'to_term': 't49', 'rfunc': 'punct'}, {'from_term': 't42', 'to_term': 't50', 'rfunc': 'punct'}], actual: [{'from_term': 't3', 'to_term': 't1', 'rfunc': 'det'}, {'from_term': 't4', 'to_term': 't3', 'rfunc': 'nsubj'}, {'from_term': 't3', 'to_term': 't2', 'rfunc': 'compound'}, {'from_term': 't4', 'to_term': 't5', 'rfunc': 'obj'}, {'from_term': 't7', 'to_term': 't6', 'rfunc': 'mark'}, {'from_term': 't4', 'to_term': 't7', 'rfunc': 'xcomp'}, {'from_term': 't9', 'to_term': 't8', 'rfunc': 'compound'}, {'from_term': 't7', 'to_term': 't9', 'rfunc': 'obj'}, {'from_term': 't13', 'to_term': 't10', 'rfunc': 'case'}, {'from_term': 't9', 'to_term': 't13', 'rfunc': 'nmod'}, {'from_term': 't13', 'to_term': 't11', 'rfunc': 'amod'}, {'from_term': 't13', 'to_term': 't12', 'rfunc': 'amod'}, {'from_term': 't16', 'to_term': 't14', 'rfunc': 'cc'}, {'from_term': 't13', 'to_term': 't16', 'rfunc': 'conj'}, {'from_term': 't16', 'to_term': 't15', 'rfunc': 'compound'}, {'from_term': 't21', 'to_term': 't17', 'rfunc': 'case'}, {'from_term': 't7', 'to_term': 't21', 'rfunc': 'obl'}, {'from_term': 't19', 'to_term': 't18', 'rfunc': 'punct'}, {'from_term': 't21', 'to_term': 't19', 'rfunc': 'amod'}, {'from_term': 't19', 'to_term': 't20', 'rfunc': 'punct'}, {'from_term': 't25', 'to_term': 't22', 'rfunc': 'cc'}, {'from_term': 't21', 'to_term': 't25', 'rfunc': 'conj'}, {'from_term': 't25', 'to_term': 't23', 'rfunc': 'det'}, {'from_term': 't25', 'to_term': 't24', 'rfunc': 'compound'}, {'from_term': 't28', 'to_term': 't26', 'rfunc': 'case'}, {'from_term': 't25', 'to_term': 't28', 'rfunc': 'nmod'}, {'from_term': 't28', 'to_term': 't27', 'rfunc': 'nummod'}, {'from_term': 't4', 'to_term': 't29', 'rfunc': 'punct'}, {'from_term': 't31', 'to_term': 't30', 'rfunc': 'nsubj'}, {'from_term': 't36', 'to_term': 't32', 'rfunc': 'mark'}, {'from_term': 't42', 'to_term': 't36', 'rfunc': 'advcl'}, {'from_term': 't31', 'to_term': 't42', 'rfunc': 'ccomp'}, {'from_term': 't36', 'to_term': 't33', 'rfunc': 'punct'}, {'from_term': 't36', 'to_term': 't34', 'rfunc': 'nsubj'}, {'from_term': 't36', 'to_term': 't35', 'rfunc': 'aux'}, {'from_term': 't36', 'to_term': 't37', 'rfunc': 'obj'}, {'from_term': 't36', 'to_term': 't38', 'rfunc': 'compound:prt'}, {'from_term': 't36', 'to_term': 't39', 'rfunc': 'advmod'}, {'from_term': 't36', 'to_term': 't40', 'rfunc': 'punct'}, {'from_term': 't42', 'to_term': 't41', 'rfunc': 'aux:pass'}, {'from_term': 't48', 'to_term': 't43', 'rfunc': 'punct'}, {'from_term': 't42', 'to_term': 't48', 'rfunc': 'obl'}, {'from_term': 't48', 'to_term': 't44', 'rfunc': 'case'}, {'from_term': 't44', 'to_term': 't45', 'rfunc': 'fixed'}, {'from_term': 't48', 'to_term': 't46', 'rfunc': 'nmod:poss'}, {'from_term': 't48', 'to_term': 't47', 'rfunc': 'compound'}, {'from_term': 't48', 'to_term': 't49', 'rfunc': 'punct'}, {'from_term': 't42', 'to_term': 't50', 'rfunc': 'punct'}]
E       assert [{'from_term'...'xcomp'}, ...] == [{'from_term'...': 't7'}, ...]
E         At index 8 diff: {'from_term': 't13', 'to_term': 't10', 'rfunc': 'case'} != {'from_term': 't16', 'to_term': 't10', 'rfunc': 'case'}
E         Use -v to get more diff

tests/test_nafigator.py:2323: AssertionError]]></message><stack-trace><![CDATA[/home/timadmin/code/nafigator/tests/test_nafigator.py:2323: AssertionError: expected: [{'from_term': 't3', 'to_term': 't1', 'rfunc': 'det'}, {'from_term': 't4', 'to_term': 't3', 'rfunc': 'nsubj'}, {'from_term': 't3', 'to_term': 't2', 'rfunc': 'compound'}, {'from_term': 't4', 'to_term': 't5', 'rfunc': 'obj'}, {'from_term': 't7', 'to_term': 't6', 'rfunc': 'mark'}, {'from_term': 't4', 'to_term': 't7', 'rfunc': 'xcomp'}, {'from_term': 't9', 'to_term': 't8', 'rfunc': 'compound'}, {'from_term': 't7', 'to_term': 't9', 'rfunc': 'obj'}, {'from_term': 't16', 'to_term': 't10', 'rfunc': 'case'}, {'from_term': 't7', 'to_term': 't16', 'rfunc': 'obl'}, {'from_term': 't16', 'to_term': 't11', 'rfunc': 'amod'}, {'from_term': 't16', 'to_term': 't12', 'rfunc': 'amod'}, {'from_term': 't16', 'to_term': 't13', 'rfunc': 'compound'}, {'from_term': 't15', 'to_term': 't14', 'rfunc': 'cc'}, {'from_term': 't13', 'to_term': 't15', 'rfunc': 'conj'}, {'from_term': 't21', 'to_term': 't17', 'rfunc': 'case'}, {'from_term': 't7', 'to_term': 't21', 'rfunc': 'obl'}, {'from_term': 't19', 'to_term': 't18', 'rfunc': 'punct'}, {'from_term': 't21', 'to_term': 't19', 'rfunc': 'amod'}, {'from_term': 't19', 'to_term': 't20', 'rfunc': 'punct'}, {'from_term': 't25', 'to_term': 't22', 'rfunc': 'cc'}, {'from_term': 't21', 'to_term': 't25', 'rfunc': 'conj'}, {'from_term': 't25', 'to_term': 't23', 'rfunc': 'det'}, {'from_term': 't25', 'to_term': 't24', 'rfunc': 'compound'}, {'from_term': 't28', 'to_term': 't26', 'rfunc': 'case'}, {'from_term': 't25', 'to_term': 't28', 'rfunc': 'nmod'}, {'from_term': 't28', 'to_term': 't27', 'rfunc': 'nummod'}, {'from_term': 't4', 'to_term': 't29', 'rfunc': 'punct'}, {'from_term': 't42', 'to_term': 't30', 'rfunc': 'nsubj:pass'}, {'from_term': 't36', 'to_term': 't31', 'rfunc': 'mark'}, {'from_term': 't42', 'to_term': 't36', 'rfunc': 'advcl'}, {'from_term': 't36', 'to_term': 't32', 'rfunc': 'mark'}, {'from_term': 't36', 'to_term': 't33', 'rfunc': 'punct'}, {'from_term': 't36', 'to_term': 't34', 'rfunc': 'nsubj'}, {'from_term': 't36', 'to_term': 't35', 'rfunc': 'aux'}, {'from_term': 't36', 'to_term': 't37', 'rfunc': 'obj'}, {'from_term': 't36', 'to_term': 't38', 'rfunc': 'compound:prt'}, {'from_term': 't36', 'to_term': 't39', 'rfunc': 'advmod'}, {'from_term': 't36', 'to_term': 't40', 'rfunc': 'punct'}, {'from_term': 't42', 'to_term': 't41', 'rfunc': 'aux:pass'}, {'from_term': 't48', 'to_term': 't43', 'rfunc': 'punct'}, {'from_term': 't42', 'to_term': 't48', 'rfunc': 'obl'}, {'from_term': 't48', 'to_term': 't44', 'rfunc': 'case'}, {'from_term': 't44', 'to_term': 't45', 'rfunc': 'fixed'}, {'from_term': 't48', 'to_term': 't46', 'rfunc': 'nmod:poss'}, {'from_term': 't48', 'to_term': 't47', 'rfunc': 'compound'}, {'from_term': 't48', 'to_term': 't49', 'rfunc': 'punct'}, {'from_term': 't42', 'to_term': 't50', 'rfunc': 'punct'}], actual: [{'from_term': 't3', 'to_term': 't1', 'rfunc': 'det'}, {'from_term': 't4', 'to_term': 't3', 'rfunc': 'nsubj'}, {'from_term': 't3', 'to_term': 't2', 'rfunc': 'compound'}, {'from_term': 't4', 'to_term': 't5', 'rfunc': 'obj'}, {'from_term': 't7', 'to_term': 't6', 'rfunc': 'mark'}, {'from_term': 't4', 'to_term': 't7', 'rfunc': 'xcomp'}, {'from_term': 't9', 'to_term': 't8', 'rfunc': 'compound'}, {'from_term': 't7', 'to_term': 't9', 'rfunc': 'obj'}, {'from_term': 't13', 'to_term': 't10', 'rfunc': 'case'}, {'from_term': 't9', 'to_term': 't13', 'rfunc': 'nmod'}, {'from_term': 't13', 'to_term': 't11', 'rfunc': 'amod'}, {'from_term': 't13', 'to_term': 't12', 'rfunc': 'amod'}, {'from_term': 't16', 'to_term': 't14', 'rfunc': 'cc'}, {'from_term': 't13', 'to_term': 't16', 'rfunc': 'conj'}, {'from_term': 't16', 'to_term': 't15', 'rfunc': 'compound'}, {'from_term': 't21', 'to_term': 't17', 'rfunc': 'case'}, {'from_term': 't7', 'to_term': 't21', 'rfunc': 'obl'}, {'from_term': 't19', 'to_term': 't18', 'rfunc': 'punct'}, {'from_term': 't21', 'to_term': 't19', 'rfunc': 'amod'}, {'from_term': 't19', 'to_term': 't20', 'rfunc': 'punct'}, {'from_term': 't25', 'to_term': 't22', 'rfunc': 'cc'}, {'from_term': 't21', 'to_term': 't25', 'rfunc': 'conj'}, {'from_term': 't25', 'to_term': 't23', 'rfunc': 'det'}, {'from_term': 't25', 'to_term': 't24', 'rfunc': 'compound'}, {'from_term': 't28', 'to_term': 't26', 'rfunc': 'case'}, {'from_term': 't25', 'to_term': 't28', 'rfunc': 'nmod'}, {'from_term': 't28', 'to_term': 't27', 'rfunc': 'nummod'}, {'from_term': 't4', 'to_term': 't29', 'rfunc': 'punct'}, {'from_term': 't31', 'to_term': 't30', 'rfunc': 'nsubj'}, {'from_term': 't36', 'to_term': 't32', 'rfunc': 'mark'}, {'from_term': 't42', 'to_term': 't36', 'rfunc': 'advcl'}, {'from_term': 't31', 'to_term': 't42', 'rfunc': 'ccomp'}, {'from_term': 't36', 'to_term': 't33', 'rfunc': 'punct'}, {'from_term': 't36', 'to_term': 't34', 'rfunc': 'nsubj'}, {'from_term': 't36', 'to_term': 't35', 'rfunc': 'aux'}, {'from_term': 't36', 'to_term': 't37', 'rfunc': 'obj'}, {'from_term': 't36', 'to_term': 't38', 'rfunc': 'compound:prt'}, {'from_term': 't36', 'to_term': 't39', 'rfunc': 'advmod'}, {'from_term': 't36', 'to_term': 't40', 'rfunc': 'punct'}, {'from_term': 't42', 'to_term': 't41', 'rfunc': 'aux:pass'}, {'from_term': 't48', 'to_term': 't43', 'rfunc': 'punct'}, {'from_term': 't42', 'to_term': 't48', 'rfunc': 'obl'}, {'from_term': 't48', 'to_term': 't44', 'rfunc': 'case'}, {'from_term': 't44', 'to_term': 't45', 'rfunc': 'fixed'}, {'from_term': 't48', 'to_term': 't46', 'rfunc': 'nmod:poss'}, {'from_term': 't48', 'to_term': 't47', 'rfunc': 'compound'}, {'from_term': 't48', 'to_term': 't49', 'rfunc': 'punct'}, {'from_term': 't42', 'to_term': 't50', 'rfunc': 'punct'}]]]></stack-trace></failure><reason><message><![CDATA[]]></message></reason><output><![CDATA[]]></output></test-case><environment framework-version="3.6.2" clr-version="3.8.10 (default, Mar 15 2022, 12:22:08) &#10;[GCC 9.4.0]" os-version="5.15.79.1-microsoft-standard-WSL2" platform="Linux" cwd="/home/timadmin/code/nafigator" machine-name="x86_64" user="" user-domain="" culture="en_US" uiculture="en_US" os-architecture="64bit" /></test-suite></test-run>