<test-run id="2" testcasecount="19" result="Passed" start-time="2023-03-16 09:11:20.053221" end-time="2023-03-16 09:12:10.387306" duration="50" total="19" passed="18" failed="1" inconclusive="0" skipped="0" asserts="0" clr-version="3.9.13 (main, Aug 25 2022, 23:51:50) [MSC v.1916 64 bit (AMD64)]" engine-version="3.6.2"><command-line>C:\ProgramData\Anaconda3\Scripts\pytest tests/test_nafigator.py</command-line><filter><test re="0">tests/test_nafigator.py</test></filter><test-suite id="tests/test_nafigator.py::TestNafigator_pdf" name="tests/test_nafigator.py::TestNafigator_pdf" fullname="tests/test_nafigator.py::TestNafigator_pdf" methodname="" classname="" runstate="Runnable" type="Assembly" testcasecount="12" result="Passed" label="Tests for `nafigator` package." start-time="2023-03-16 09:11:22.972392" end-time="2023-03-16 09:12:07.520388" duration="44.547996" asserts="0" total="12" passed="11" failed="1" warnings="0" inconclusive="0" skipped="0"><properties><property name="python_version" value="3.9.13 (main, Aug 25 2022, 23:51:50) [MSC v.1916 64 bit (AMD64)]" /></properties><test-case id="100" name="tests/test_nafigator.py::TestNafigator_pdf::test_10_pdf_multiwords" fullname="tests/test_nafigator.py::TestNafigator_pdf::test_10_pdf_multiwords" methodname="test_10_pdf_multiwords" classname="TestNafigator_pdf" runstate="Runnable" seed="1" result="Passed" label="" start-time="2023-03-16 09:11:22.972392" end-time="2023-03-16 09:11:25.899075" duration="2.926683" asserts="0"><properties><property name="python-version" value="3.9.13 (main, Aug 25 2022, 23:51:50) [MSC v.1916 64 bit (AMD64)]" /><property name="fspath" value="tests/test_nafigator.py" /></properties><environment framework-version="3.6.2" clr-version="3.9.13 (main, Aug 25 2022, 23:51:50) [MSC v.1916 64 bit (AMD64)]" os-version="10" platform="Windows" cwd="C:\Users\lsevereijns\Documents\nafigator" machine-name="AMD64" user="" user-domain="" culture="en_US" uiculture="en_US" os-architecture="64bit" /><failure><message><![CDATA[]]></message><stack-trace><![CDATA[None]]></stack-trace></failure><reason><message><![CDATA[]]></message></reason><output><![CDATA[]]></output></test-case><test-case id="101" name="tests/test_nafigator.py::TestNafigator_pdf::test_11_raw" fullname="tests/test_nafigator.py::TestNafigator_pdf::test_11_raw" methodname="test_11_raw" classname="TestNafigator_pdf" runstate="Runnable" seed="1" result="Passed" label="" start-time="2023-03-16 09:11:25.899075" end-time="2023-03-16 09:11:28.796243" duration="2.897168" asserts="0"><properties><property name="python-version" value="3.9.13 (main, Aug 25 2022, 23:51:50) [MSC v.1916 64 bit (AMD64)]" /><property name="fspath" value="tests/test_nafigator.py" /></properties><environment framework-version="3.6.2" clr-version="3.9.13 (main, Aug 25 2022, 23:51:50) [MSC v.1916 64 bit (AMD64)]" os-version="10" platform="Windows" cwd="C:\Users\lsevereijns\Documents\nafigator" machine-name="AMD64" user="" user-domain="" culture="en_US" uiculture="en_US" os-architecture="64bit" /><failure><message><![CDATA[]]></message><stack-trace><![CDATA[None]]></stack-trace></failure><reason><message><![CDATA[]]></message></reason><output><![CDATA[]]></output></test-case><test-case id="102" name="tests/test_nafigator.py::TestNafigator_pdf::test_13_formats_copy" fullname="tests/test_nafigator.py::TestNafigator_pdf::test_13_formats_copy" methodname="test_13_formats_copy" classname="TestNafigator_pdf" runstate="Runnable" seed="1" result="Passed" label="" start-time="2023-03-16 09:11:28.797246" end-time="2023-03-16 09:11:34.524580" duration="5.727334" asserts="0"><properties><property name="python-version" value="3.9.13 (main, Aug 25 2022, 23:51:50) [MSC v.1916 64 bit (AMD64)]" /><property name="fspath" value="tests/test_nafigator.py" /></properties><environment framework-version="3.6.2" clr-version="3.9.13 (main, Aug 25 2022, 23:51:50) [MSC v.1916 64 bit (AMD64)]" os-version="10" platform="Windows" cwd="C:\Users\lsevereijns\Documents\nafigator" machine-name="AMD64" user="" user-domain="" culture="en_US" uiculture="en_US" os-architecture="64bit" /><failure><message><![CDATA[]]></message><stack-trace><![CDATA[None]]></stack-trace></failure><reason><message><![CDATA[]]></message></reason><output><![CDATA[]]></output></test-case><test-case id="103" name="tests/test_nafigator.py::TestNafigator_pdf::test_1_pdf_generate_naf" fullname="tests/test_nafigator.py::TestNafigator_pdf::test_1_pdf_generate_naf" methodname="test_1_pdf_generate_naf" classname="TestNafigator_pdf" runstate="Runnable" seed="1" result="Passed" label="" start-time="2023-03-16 09:11:34.525583" end-time="2023-03-16 09:11:40.495930" duration="5.970347" asserts="0"><properties><property name="python-version" value="3.9.13 (main, Aug 25 2022, 23:51:50) [MSC v.1916 64 bit (AMD64)]" /><property name="fspath" value="tests/test_nafigator.py" /></properties><environment framework-version="3.6.2" clr-version="3.9.13 (main, Aug 25 2022, 23:51:50) [MSC v.1916 64 bit (AMD64)]" os-version="10" platform="Windows" cwd="C:\Users\lsevereijns\Documents\nafigator" machine-name="AMD64" user="" user-domain="" culture="en_US" uiculture="en_US" os-architecture="64bit" /><failure><message><![CDATA[]]></message><stack-trace><![CDATA[None]]></stack-trace></failure><reason><message><![CDATA[]]></message></reason><output><![CDATA[]]></output></test-case><test-case id="104" name="tests/test_nafigator.py::TestNafigator_pdf::test_1_split_pre_linguistic" fullname="tests/test_nafigator.py::TestNafigator_pdf::test_1_split_pre_linguistic" methodname="test_1_split_pre_linguistic" classname="TestNafigator_pdf" runstate="Runnable" seed="1" result="Passed" label="" start-time="2023-03-16 09:11:40.496931" end-time="2023-03-16 09:11:46.303802" duration="5.806871" asserts="0"><properties><property name="python-version" value="3.9.13 (main, Aug 25 2022, 23:51:50) [MSC v.1916 64 bit (AMD64)]" /><property name="fspath" value="tests/test_nafigator.py" /></properties><environment framework-version="3.6.2" clr-version="3.9.13 (main, Aug 25 2022, 23:51:50) [MSC v.1916 64 bit (AMD64)]" os-version="10" platform="Windows" cwd="C:\Users\lsevereijns\Documents\nafigator" machine-name="AMD64" user="" user-domain="" culture="en_US" uiculture="en_US" os-architecture="64bit" /><failure><message><![CDATA[]]></message><stack-trace><![CDATA[None]]></stack-trace></failure><reason><message><![CDATA[]]></message></reason><output><![CDATA[]]></output></test-case><test-case id="105" name="tests/test_nafigator.py::TestNafigator_pdf::test_2_pdf_header_filedesc" fullname="tests/test_nafigator.py::TestNafigator_pdf::test_2_pdf_header_filedesc" methodname="test_2_pdf_header_filedesc" classname="TestNafigator_pdf" runstate="Runnable" seed="1" result="Passed" label="" start-time="2023-03-16 09:11:46.303802" end-time="2023-03-16 09:11:49.268973" duration="2.965171" asserts="0"><properties><property name="python-version" value="3.9.13 (main, Aug 25 2022, 23:51:50) [MSC v.1916 64 bit (AMD64)]" /><property name="fspath" value="tests/test_nafigator.py" /></properties><environment framework-version="3.6.2" clr-version="3.9.13 (main, Aug 25 2022, 23:51:50) [MSC v.1916 64 bit (AMD64)]" os-version="10" platform="Windows" cwd="C:\Users\lsevereijns\Documents\nafigator" machine-name="AMD64" user="" user-domain="" culture="en_US" uiculture="en_US" os-architecture="64bit" /><failure><message><![CDATA[]]></message><stack-trace><![CDATA[None]]></stack-trace></failure><reason><message><![CDATA[]]></message></reason><output><![CDATA[]]></output></test-case><test-case id="106" name="tests/test_nafigator.py::TestNafigator_pdf::test_3_pdf_header_public" fullname="tests/test_nafigator.py::TestNafigator_pdf::test_3_pdf_header_public" methodname="test_3_pdf_header_public" classname="TestNafigator_pdf" runstate="Runnable" seed="1" result="Passed" label="" start-time="2023-03-16 09:11:49.269975" end-time="2023-03-16 09:11:52.161142" duration="2.891167" asserts="0"><properties><property name="python-version" value="3.9.13 (main, Aug 25 2022, 23:51:50) [MSC v.1916 64 bit (AMD64)]" /><property name="fspath" value="tests/test_nafigator.py" /></properties><environment framework-version="3.6.2" clr-version="3.9.13 (main, Aug 25 2022, 23:51:50) [MSC v.1916 64 bit (AMD64)]" os-version="10" platform="Windows" cwd="C:\Users\lsevereijns\Documents\nafigator" machine-name="AMD64" user="" user-domain="" culture="en_US" uiculture="en_US" os-architecture="64bit" /><failure><message><![CDATA[]]></message><stack-trace><![CDATA[None]]></stack-trace></failure><reason><message><![CDATA[]]></message></reason><output><![CDATA[]]></output></test-case><test-case id="107" name="tests/test_nafigator.py::TestNafigator_pdf::test_5_pdf_formats" fullname="tests/test_nafigator.py::TestNafigator_pdf::test_5_pdf_formats" methodname="test_5_pdf_formats" classname="TestNafigator_pdf" runstate="Runnable" seed="1" result="Passed" label="" start-time="2023-03-16 09:11:52.162147" end-time="2023-03-16 09:11:55.632345" duration="3.470198" asserts="0"><properties><property name="python-version" value="3.9.13 (main, Aug 25 2022, 23:51:50) [MSC v.1916 64 bit (AMD64)]" /><property name="fspath" value="tests/test_nafigator.py" /></properties><environment framework-version="3.6.2" clr-version="3.9.13 (main, Aug 25 2022, 23:51:50) [MSC v.1916 64 bit (AMD64)]" os-version="10" platform="Windows" cwd="C:\Users\lsevereijns\Documents\nafigator" machine-name="AMD64" user="" user-domain="" culture="en_US" uiculture="en_US" os-architecture="64bit" /><failure><message><![CDATA[]]></message><stack-trace><![CDATA[None]]></stack-trace></failure><reason><message><![CDATA[]]></message></reason><output><![CDATA[]]></output></test-case><test-case id="108" name="tests/test_nafigator.py::TestNafigator_pdf::test_6_pdf_entities" fullname="tests/test_nafigator.py::TestNafigator_pdf::test_6_pdf_entities" methodname="test_6_pdf_entities" classname="TestNafigator_pdf" runstate="Runnable" seed="1" result="Passed" label="" start-time="2023-03-16 09:11:55.633348" end-time="2023-03-16 09:11:58.500857" duration="2.867509" asserts="0"><properties><property name="python-version" value="3.9.13 (main, Aug 25 2022, 23:51:50) [MSC v.1916 64 bit (AMD64)]" /><property name="fspath" value="tests/test_nafigator.py" /></properties><environment framework-version="3.6.2" clr-version="3.9.13 (main, Aug 25 2022, 23:51:50) [MSC v.1916 64 bit (AMD64)]" os-version="10" platform="Windows" cwd="C:\Users\lsevereijns\Documents\nafigator" machine-name="AMD64" user="" user-domain="" culture="en_US" uiculture="en_US" os-architecture="64bit" /><failure><message><![CDATA[]]></message><stack-trace><![CDATA[None]]></stack-trace></failure><reason><message><![CDATA[]]></message></reason><output><![CDATA[]]></output></test-case><test-case id="109" name="tests/test_nafigator.py::TestNafigator_pdf::test_7_pdf_text" fullname="tests/test_nafigator.py::TestNafigator_pdf::test_7_pdf_text" methodname="test_7_pdf_text" classname="TestNafigator_pdf" runstate="Runnable" seed="1" result="Passed" label="" start-time="2023-03-16 09:11:58.500857" end-time="2023-03-16 09:12:01.394027" duration="2.89317" asserts="0"><properties><property name="python-version" value="3.9.13 (main, Aug 25 2022, 23:51:50) [MSC v.1916 64 bit (AMD64)]" /><property name="fspath" value="tests/test_nafigator.py" /></properties><environment framework-version="3.6.2" clr-version="3.9.13 (main, Aug 25 2022, 23:51:50) [MSC v.1916 64 bit (AMD64)]" os-version="10" platform="Windows" cwd="C:\Users\lsevereijns\Documents\nafigator" machine-name="AMD64" user="" user-domain="" culture="en_US" uiculture="en_US" os-architecture="64bit" /><failure><message><![CDATA[]]></message><stack-trace><![CDATA[None]]></stack-trace></failure><reason><message><![CDATA[]]></message></reason><output><![CDATA[]]></output></test-case><test-case id="110" name="tests/test_nafigator.py::TestNafigator_pdf::test_8_pdf_terms" fullname="tests/test_nafigator.py::TestNafigator_pdf::test_8_pdf_terms" methodname="test_8_pdf_terms" classname="TestNafigator_pdf" runstate="Runnable" seed="1" result="Passed" label="" start-time="2023-03-16 09:12:01.395028" end-time="2023-03-16 09:12:04.274198" duration="2.87917" asserts="0"><properties><property name="python-version" value="3.9.13 (main, Aug 25 2022, 23:51:50) [MSC v.1916 64 bit (AMD64)]" /><property name="fspath" value="tests/test_nafigator.py" /></properties><environment framework-version="3.6.2" clr-version="3.9.13 (main, Aug 25 2022, 23:51:50) [MSC v.1916 64 bit (AMD64)]" os-version="10" platform="Windows" cwd="C:\Users\lsevereijns\Documents\nafigator" machine-name="AMD64" user="" user-domain="" culture="en_US" uiculture="en_US" os-architecture="64bit" /><failure><message><![CDATA[]]></message><stack-trace><![CDATA[None]]></stack-trace></failure><reason><message><![CDATA[]]></message></reason><output><![CDATA[]]></output></test-case><test-case id="111" name="tests/test_nafigator.py::TestNafigator_pdf::test_9_pdf_dependencies" fullname="tests/test_nafigator.py::TestNafigator_pdf::test_9_pdf_dependencies" methodname="test_9_pdf_dependencies" classname="TestNafigator_pdf" runstate="Runnable" seed="1" result="Failed" label="" start-time="2023-03-16 09:12:04.274198" end-time="2023-03-16 09:12:07.520388" duration="3.24619" asserts="0"><properties><property name="python-version" value="3.9.13 (main, Aug 25 2022, 23:51:50) [MSC v.1916 64 bit (AMD64)]" /><property name="fspath" value="tests/test_nafigator.py" /></properties><environment framework-version="3.6.2" clr-version="3.9.13 (main, Aug 25 2022, 23:51:50) [MSC v.1916 64 bit (AMD64)]" os-version="10" platform="Windows" cwd="C:\Users\lsevereijns\Documents\nafigator" machine-name="AMD64" user="" user-domain="" culture="en_US" uiculture="en_US" os-architecture="64bit" /><failure><message><![CDATA[self = &lt;tests.test_nafigator.TestNafigator_pdf testMethod=test_9_pdf_dependencies&gt;

    def test_9_pdf_dependencies(self):
        naf = NafDocument().open(join("tests", "tests", "example.naf.xml"))
        actual = naf.deps
    
        expected = [
            {"from_term": "t3", "to_term": "t1", "rfunc": "det"},
            {"from_term": "t4", "to_term": "t3", "rfunc": "nsubj"},
            {"from_term": "t3", "to_term": "t2", "rfunc": "compound"},
            {"from_term": "t4", "to_term": "t5", "rfunc": "obj"},
            {"from_term": "t7", "to_term": "t6", "rfunc": "mark"},
            {"from_term": "t4", "to_term": "t7", "rfunc": "xcomp"},
            {"from_term": "t9", "to_term": "t8", "rfunc": "compound"},
            {"from_term": "t7", "to_term": "t9", "rfunc": "obj"},
            {'from_term': 't11', 'to_term': 't10', 'rfunc': 'case'},
            {'from_term': 't7', 'to_term': 't11', 'rfunc': 'obl'},
            {'from_term': 't11', 'to_term': 't12', 'rfunc': 'acl'},
            {'from_term': 't16', 'to_term': 't13', 'rfunc': 'amod'},
            {'from_term': 't12', 'to_term': 't16', 'rfunc': 'obj'},
            {'from_term': 't15', 'to_term': 't14', 'rfunc': 'cc'},
            {'from_term': 't13', 'to_term': 't15', 'rfunc': 'conj'},
            {"from_term": "t21", "to_term": "t17", "rfunc": "case"},
            {'from_term': 't16', 'to_term': 't21', 'rfunc': 'nmod'},
            {"from_term": "t19", "to_term": "t18", "rfunc": "punct"},
            {"from_term": "t21", "to_term": "t19", "rfunc": "amod"},
            {"from_term": "t19", "to_term": "t20", "rfunc": "punct"},
            {"from_term": "t25", "to_term": "t22", "rfunc": "cc"},
            {"from_term": "t21", "to_term": "t25", "rfunc": "conj"},
            {"from_term": "t25", "to_term": "t23", "rfunc": "det"},
            {"from_term": "t25", "to_term": "t24", "rfunc": "compound"},
            {"from_term": "t28", "to_term": "t26", "rfunc": "case"},
            {"from_term": "t25", "to_term": "t28", "rfunc": "nmod"},
            {"from_term": "t28", "to_term": "t27", "rfunc": "nummod"},
            {"from_term": "t4", "to_term": "t29", "rfunc": "punct"},
            {'from_term': 't31', 'to_term': 't30', 'rfunc': 'nsubj'},
            {'from_term': 't36', 'to_term': 't32', 'rfunc': 'mark'},
            {"from_term": "t42", "to_term": "t36", "rfunc": "advcl"},
            {'from_term': 't31', 'to_term': 't42', 'rfunc': 'ccomp'},
            {"from_term": "t36", "to_term": "t33", "rfunc": "punct"},
            {"from_term": "t36", "to_term": "t34", "rfunc": "nsubj"},
            {"from_term": "t36", "to_term": "t35", "rfunc": "aux"},
            {"from_term": "t36", "to_term": "t37", "rfunc": "obj"},
            {"from_term": "t36", "to_term": "t38", "rfunc": "compound:prt"},
            {"from_term": "t36", "to_term": "t39", "rfunc": "advmod"},
            {"from_term": "t36", "to_term": "t40", "rfunc": "punct"},
            {"from_term": "t42", "to_term": "t41", "rfunc": "aux:pass"},
            {"from_term": "t48", "to_term": "t43", "rfunc": "punct"},
            {"from_term": "t42", "to_term": "t48", "rfunc": "obl"},
            {"from_term": "t48", "to_term": "t44", "rfunc": "case"},
            {"from_term": "t44", "to_term": "t45", "rfunc": "fixed"},
            {"from_term": "t48", "to_term": "t46", "rfunc": "nmod:poss"},
            {"from_term": "t48", "to_term": "t47", "rfunc": "compound"},
            {"from_term": "t48", "to_term": "t49", "rfunc": "punct"},
            {"from_term": "t42", "to_term": "t50", "rfunc": "punct"},
        ]
    
&gt;       assert actual == expected, (
            "expected: " + str(expected) + ", actual: " + str(actual)
        )
E       AssertionError: expected: [{'from_term': 't3', 'to_term': 't1', 'rfunc': 'det'}, {'from_term': 't4', 'to_term': 't3', 'rfunc': 'nsubj'}, {'from_term': 't3', 'to_term': 't2', 'rfunc': 'compound'}, {'from_term': 't4', 'to_term': 't5', 'rfunc': 'obj'}, {'from_term': 't7', 'to_term': 't6', 'rfunc': 'mark'}, {'from_term': 't4', 'to_term': 't7', 'rfunc': 'xcomp'}, {'from_term': 't9', 'to_term': 't8', 'rfunc': 'compound'}, {'from_term': 't7', 'to_term': 't9', 'rfunc': 'obj'}, {'from_term': 't11', 'to_term': 't10', 'rfunc': 'case'}, {'from_term': 't7', 'to_term': 't11', 'rfunc': 'obl'}, {'from_term': 't11', 'to_term': 't12', 'rfunc': 'acl'}, {'from_term': 't16', 'to_term': 't13', 'rfunc': 'amod'}, {'from_term': 't12', 'to_term': 't16', 'rfunc': 'obj'}, {'from_term': 't15', 'to_term': 't14', 'rfunc': 'cc'}, {'from_term': 't13', 'to_term': 't15', 'rfunc': 'conj'}, {'from_term': 't21', 'to_term': 't17', 'rfunc': 'case'}, {'from_term': 't16', 'to_term': 't21', 'rfunc': 'nmod'}, {'from_term': 't19', 'to_term': 't18', 'rfunc': 'punct'}, {'from_term': 't21', 'to_term': 't19', 'rfunc': 'amod'}, {'from_term': 't19', 'to_term': 't20', 'rfunc': 'punct'}, {'from_term': 't25', 'to_term': 't22', 'rfunc': 'cc'}, {'from_term': 't21', 'to_term': 't25', 'rfunc': 'conj'}, {'from_term': 't25', 'to_term': 't23', 'rfunc': 'det'}, {'from_term': 't25', 'to_term': 't24', 'rfunc': 'compound'}, {'from_term': 't28', 'to_term': 't26', 'rfunc': 'case'}, {'from_term': 't25', 'to_term': 't28', 'rfunc': 'nmod'}, {'from_term': 't28', 'to_term': 't27', 'rfunc': 'nummod'}, {'from_term': 't4', 'to_term': 't29', 'rfunc': 'punct'}, {'from_term': 't31', 'to_term': 't30', 'rfunc': 'nsubj'}, {'from_term': 't36', 'to_term': 't32', 'rfunc': 'mark'}, {'from_term': 't42', 'to_term': 't36', 'rfunc': 'advcl'}, {'from_term': 't31', 'to_term': 't42', 'rfunc': 'ccomp'}, {'from_term': 't36', 'to_term': 't33', 'rfunc': 'punct'}, {'from_term': 't36', 'to_term': 't34', 'rfunc': 'nsubj'}, {'from_term': 't36', 'to_term': 't35', 'rfunc': 'aux'}, {'from_term': 't36', 'to_term': 't37', 'rfunc': 'obj'}, {'from_term': 't36', 'to_term': 't38', 'rfunc': 'compound:prt'}, {'from_term': 't36', 'to_term': 't39', 'rfunc': 'advmod'}, {'from_term': 't36', 'to_term': 't40', 'rfunc': 'punct'}, {'from_term': 't42', 'to_term': 't41', 'rfunc': 'aux:pass'}, {'from_term': 't48', 'to_term': 't43', 'rfunc': 'punct'}, {'from_term': 't42', 'to_term': 't48', 'rfunc': 'obl'}, {'from_term': 't48', 'to_term': 't44', 'rfunc': 'case'}, {'from_term': 't44', 'to_term': 't45', 'rfunc': 'fixed'}, {'from_term': 't48', 'to_term': 't46', 'rfunc': 'nmod:poss'}, {'from_term': 't48', 'to_term': 't47', 'rfunc': 'compound'}, {'from_term': 't48', 'to_term': 't49', 'rfunc': 'punct'}, {'from_term': 't42', 'to_term': 't50', 'rfunc': 'punct'}], actual: [{'from_term': 't3', 'to_term': 't1', 'rfunc': 'det'}, {'from_term': 't4', 'to_term': 't3', 'rfunc': 'nsubj'}, {'from_term': 't3', 'to_term': 't2', 'rfunc': 'compound'}, {'from_term': 't4', 'to_term': 't5', 'rfunc': 'obj'}, {'from_term': 't7', 'to_term': 't6', 'rfunc': 'mark'}, {'from_term': 't4', 'to_term': 't7', 'rfunc': 'xcomp'}, {'from_term': 't9', 'to_term': 't8', 'rfunc': 'compound'}, {'from_term': 't7', 'to_term': 't9', 'rfunc': 'obj'}, {'from_term': 't13', 'to_term': 't10', 'rfunc': 'case'}, {'from_term': 't7', 'to_term': 't13', 'rfunc': 'obl'}, {'from_term': 't13', 'to_term': 't11', 'rfunc': 'amod'}, {'from_term': 't13', 'to_term': 't12', 'rfunc': 'amod'}, {'from_term': 't16', 'to_term': 't14', 'rfunc': 'cc'}, {'from_term': 't13', 'to_term': 't16', 'rfunc': 'conj'}, {'from_term': 't16', 'to_term': 't15', 'rfunc': 'compound'}, {'from_term': 't21', 'to_term': 't17', 'rfunc': 'case'}, {'from_term': 't7', 'to_term': 't21', 'rfunc': 'obl'}, {'from_term': 't19', 'to_term': 't18', 'rfunc': 'punct'}, {'from_term': 't21', 'to_term': 't19', 'rfunc': 'amod'}, {'from_term': 't19', 'to_term': 't20', 'rfunc': 'punct'}, {'from_term': 't25', 'to_term': 't22', 'rfunc': 'cc'}, {'from_term': 't21', 'to_term': 't25', 'rfunc': 'conj'}, {'from_term': 't25', 'to_term': 't23', 'rfunc': 'det'}, {'from_term': 't25', 'to_term': 't24', 'rfunc': 'compound'}, {'from_term': 't28', 'to_term': 't26', 'rfunc': 'case'}, {'from_term': 't25', 'to_term': 't28', 'rfunc': 'nmod'}, {'from_term': 't28', 'to_term': 't27', 'rfunc': 'nummod'}, {'from_term': 't4', 'to_term': 't29', 'rfunc': 'punct'}, {'from_term': 't42', 'to_term': 't30', 'rfunc': 'nsubj:pass'}, {'from_term': 't42', 'to_term': 't31', 'rfunc': 'obl'}, {'from_term': 't36', 'to_term': 't32', 'rfunc': 'mark'}, {'from_term': 't30', 'to_term': 't36', 'rfunc': 'appos'}, {'from_term': 't36', 'to_term': 't33', 'rfunc': 'punct'}, {'from_term': 't36', 'to_term': 't34', 'rfunc': 'nsubj'}, {'from_term': 't36', 'to_term': 't35', 'rfunc': 'aux'}, {'from_term': 't36', 'to_term': 't37', 'rfunc': 'obj'}, {'from_term': 't36', 'to_term': 't38', 'rfunc': 'compound:prt'}, {'from_term': 't36', 'to_term': 't39', 'rfunc': 'advmod'}, {'from_term': 't36', 'to_term': 't40', 'rfunc': 'punct'}, {'from_term': 't42', 'to_term': 't41', 'rfunc': 'aux:pass'}, {'from_term': 't48', 'to_term': 't43', 'rfunc': 'punct'}, {'from_term': 't42', 'to_term': 't48', 'rfunc': 'obl'}, {'from_term': 't48', 'to_term': 't44', 'rfunc': 'case'}, {'from_term': 't44', 'to_term': 't45', 'rfunc': 'fixed'}, {'from_term': 't48', 'to_term': 't46', 'rfunc': 'nmod:poss'}, {'from_term': 't48', 'to_term': 't47', 'rfunc': 'compound'}, {'from_term': 't48', 'to_term': 't49', 'rfunc': 'punct'}, {'from_term': 't42', 'to_term': 't50', 'rfunc': 'punct'}]
E       assert [{'from_term'...'xcomp'}, ...] == [{'from_term'...': 't7'}, ...]
E         At index 8 diff: {'from_term': 't13', 'to_term': 't10', 'rfunc': 'case'} != {'from_term': 't11', 'to_term': 't10', 'rfunc': 'case'}
E         Use -v to get more diff

tests\test_nafigator.py:1049: AssertionError]]></message><stack-trace><![CDATA[C:\Users\lsevereijns\Documents\nafigator\tests\test_nafigator.py:1049: AssertionError: expected: [{'from_term': 't3', 'to_term': 't1', 'rfunc': 'det'}, {'from_term': 't4', 'to_term': 't3', 'rfunc': 'nsubj'}, {'from_term': 't3', 'to_term': 't2', 'rfunc': 'compound'}, {'from_term': 't4', 'to_term': 't5', 'rfunc': 'obj'}, {'from_term': 't7', 'to_term': 't6', 'rfunc': 'mark'}, {'from_term': 't4', 'to_term': 't7', 'rfunc': 'xcomp'}, {'from_term': 't9', 'to_term': 't8', 'rfunc': 'compound'}, {'from_term': 't7', 'to_term': 't9', 'rfunc': 'obj'}, {'from_term': 't11', 'to_term': 't10', 'rfunc': 'case'}, {'from_term': 't7', 'to_term': 't11', 'rfunc': 'obl'}, {'from_term': 't11', 'to_term': 't12', 'rfunc': 'acl'}, {'from_term': 't16', 'to_term': 't13', 'rfunc': 'amod'}, {'from_term': 't12', 'to_term': 't16', 'rfunc': 'obj'}, {'from_term': 't15', 'to_term': 't14', 'rfunc': 'cc'}, {'from_term': 't13', 'to_term': 't15', 'rfunc': 'conj'}, {'from_term': 't21', 'to_term': 't17', 'rfunc': 'case'}, {'from_term': 't16', 'to_term': 't21', 'rfunc': 'nmod'}, {'from_term': 't19', 'to_term': 't18', 'rfunc': 'punct'}, {'from_term': 't21', 'to_term': 't19', 'rfunc': 'amod'}, {'from_term': 't19', 'to_term': 't20', 'rfunc': 'punct'}, {'from_term': 't25', 'to_term': 't22', 'rfunc': 'cc'}, {'from_term': 't21', 'to_term': 't25', 'rfunc': 'conj'}, {'from_term': 't25', 'to_term': 't23', 'rfunc': 'det'}, {'from_term': 't25', 'to_term': 't24', 'rfunc': 'compound'}, {'from_term': 't28', 'to_term': 't26', 'rfunc': 'case'}, {'from_term': 't25', 'to_term': 't28', 'rfunc': 'nmod'}, {'from_term': 't28', 'to_term': 't27', 'rfunc': 'nummod'}, {'from_term': 't4', 'to_term': 't29', 'rfunc': 'punct'}, {'from_term': 't31', 'to_term': 't30', 'rfunc': 'nsubj'}, {'from_term': 't36', 'to_term': 't32', 'rfunc': 'mark'}, {'from_term': 't42', 'to_term': 't36', 'rfunc': 'advcl'}, {'from_term': 't31', 'to_term': 't42', 'rfunc': 'ccomp'}, {'from_term': 't36', 'to_term': 't33', 'rfunc': 'punct'}, {'from_term': 't36', 'to_term': 't34', 'rfunc': 'nsubj'}, {'from_term': 't36', 'to_term': 't35', 'rfunc': 'aux'}, {'from_term': 't36', 'to_term': 't37', 'rfunc': 'obj'}, {'from_term': 't36', 'to_term': 't38', 'rfunc': 'compound:prt'}, {'from_term': 't36', 'to_term': 't39', 'rfunc': 'advmod'}, {'from_term': 't36', 'to_term': 't40', 'rfunc': 'punct'}, {'from_term': 't42', 'to_term': 't41', 'rfunc': 'aux:pass'}, {'from_term': 't48', 'to_term': 't43', 'rfunc': 'punct'}, {'from_term': 't42', 'to_term': 't48', 'rfunc': 'obl'}, {'from_term': 't48', 'to_term': 't44', 'rfunc': 'case'}, {'from_term': 't44', 'to_term': 't45', 'rfunc': 'fixed'}, {'from_term': 't48', 'to_term': 't46', 'rfunc': 'nmod:poss'}, {'from_term': 't48', 'to_term': 't47', 'rfunc': 'compound'}, {'from_term': 't48', 'to_term': 't49', 'rfunc': 'punct'}, {'from_term': 't42', 'to_term': 't50', 'rfunc': 'punct'}], actual: [{'from_term': 't3', 'to_term': 't1', 'rfunc': 'det'}, {'from_term': 't4', 'to_term': 't3', 'rfunc': 'nsubj'}, {'from_term': 't3', 'to_term': 't2', 'rfunc': 'compound'}, {'from_term': 't4', 'to_term': 't5', 'rfunc': 'obj'}, {'from_term': 't7', 'to_term': 't6', 'rfunc': 'mark'}, {'from_term': 't4', 'to_term': 't7', 'rfunc': 'xcomp'}, {'from_term': 't9', 'to_term': 't8', 'rfunc': 'compound'}, {'from_term': 't7', 'to_term': 't9', 'rfunc': 'obj'}, {'from_term': 't13', 'to_term': 't10', 'rfunc': 'case'}, {'from_term': 't7', 'to_term': 't13', 'rfunc': 'obl'}, {'from_term': 't13', 'to_term': 't11', 'rfunc': 'amod'}, {'from_term': 't13', 'to_term': 't12', 'rfunc': 'amod'}, {'from_term': 't16', 'to_term': 't14', 'rfunc': 'cc'}, {'from_term': 't13', 'to_term': 't16', 'rfunc': 'conj'}, {'from_term': 't16', 'to_term': 't15', 'rfunc': 'compound'}, {'from_term': 't21', 'to_term': 't17', 'rfunc': 'case'}, {'from_term': 't7', 'to_term': 't21', 'rfunc': 'obl'}, {'from_term': 't19', 'to_term': 't18', 'rfunc': 'punct'}, {'from_term': 't21', 'to_term': 't19', 'rfunc': 'amod'}, {'from_term': 't19', 'to_term': 't20', 'rfunc': 'punct'}, {'from_term': 't25', 'to_term': 't22', 'rfunc': 'cc'}, {'from_term': 't21', 'to_term': 't25', 'rfunc': 'conj'}, {'from_term': 't25', 'to_term': 't23', 'rfunc': 'det'}, {'from_term': 't25', 'to_term': 't24', 'rfunc': 'compound'}, {'from_term': 't28', 'to_term': 't26', 'rfunc': 'case'}, {'from_term': 't25', 'to_term': 't28', 'rfunc': 'nmod'}, {'from_term': 't28', 'to_term': 't27', 'rfunc': 'nummod'}, {'from_term': 't4', 'to_term': 't29', 'rfunc': 'punct'}, {'from_term': 't42', 'to_term': 't30', 'rfunc': 'nsubj:pass'}, {'from_term': 't42', 'to_term': 't31', 'rfunc': 'obl'}, {'from_term': 't36', 'to_term': 't32', 'rfunc': 'mark'}, {'from_term': 't30', 'to_term': 't36', 'rfunc': 'appos'}, {'from_term': 't36', 'to_term': 't33', 'rfunc': 'punct'}, {'from_term': 't36', 'to_term': 't34', 'rfunc': 'nsubj'}, {'from_term': 't36', 'to_term': 't35', 'rfunc': 'aux'}, {'from_term': 't36', 'to_term': 't37', 'rfunc': 'obj'}, {'from_term': 't36', 'to_term': 't38', 'rfunc': 'compound:prt'}, {'from_term': 't36', 'to_term': 't39', 'rfunc': 'advmod'}, {'from_term': 't36', 'to_term': 't40', 'rfunc': 'punct'}, {'from_term': 't42', 'to_term': 't41', 'rfunc': 'aux:pass'}, {'from_term': 't48', 'to_term': 't43', 'rfunc': 'punct'}, {'from_term': 't42', 'to_term': 't48', 'rfunc': 'obl'}, {'from_term': 't48', 'to_term': 't44', 'rfunc': 'case'}, {'from_term': 't44', 'to_term': 't45', 'rfunc': 'fixed'}, {'from_term': 't48', 'to_term': 't46', 'rfunc': 'nmod:poss'}, {'from_term': 't48', 'to_term': 't47', 'rfunc': 'compound'}, {'from_term': 't48', 'to_term': 't49', 'rfunc': 'punct'}, {'from_term': 't42', 'to_term': 't50', 'rfunc': 'punct'}]]]></stack-trace></failure><reason><message><![CDATA[]]></message></reason><output><![CDATA[]]></output></test-case><environment framework-version="3.6.2" clr-version="3.9.13 (main, Aug 25 2022, 23:51:50) [MSC v.1916 64 bit (AMD64)]" os-version="10" platform="Windows" cwd="C:\Users\lsevereijns\Documents\nafigator" machine-name="AMD64" user="" user-domain="" culture="en_US" uiculture="en_US" os-architecture="64bit" /></test-suite><test-suite id="tests/test_nafigator.py::TestNafigator_docx" name="tests/test_nafigator.py::TestNafigator_docx" fullname="tests/test_nafigator.py::TestNafigator_docx" methodname="" classname="" runstate="Runnable" type="Assembly" testcasecount="7" result="Passed" label="" start-time="2023-03-16 09:12:07.520388" end-time="2023-03-16 09:12:10.386306" duration="2.865918" asserts="0" total="7" passed="7" failed="0" warnings="0" inconclusive="0" skipped="0"><properties><property name="python_version" value="3.9.13 (main, Aug 25 2022, 23:51:50) [MSC v.1916 64 bit (AMD64)]" /></properties><test-case id="112" name="tests/test_nafigator.py::TestNafigator_docx::test_10_docx_multiwords" fullname="tests/test_nafigator.py::TestNafigator_docx::test_10_docx_multiwords" methodname="test_10_docx_multiwords" classname="TestNafigator_docx" runstate="Runnable" seed="1" result="Passed" label="" start-time="2023-03-16 09:12:07.520388" end-time="2023-03-16 09:12:07.530387" duration="0.009999" asserts="0"><properties><property name="python-version" value="3.9.13 (main, Aug 25 2022, 23:51:50) [MSC v.1916 64 bit (AMD64)]" /><property name="fspath" value="tests/test_nafigator.py" /></properties><environment framework-version="3.6.2" clr-version="3.9.13 (main, Aug 25 2022, 23:51:50) [MSC v.1916 64 bit (AMD64)]" os-version="10" platform="Windows" cwd="C:\Users\lsevereijns\Documents\nafigator" machine-name="AMD64" user="" user-domain="" culture="en_US" uiculture="en_US" os-architecture="64bit" /><failure><message><![CDATA[]]></message><stack-trace><![CDATA[None]]></stack-trace></failure><reason><message><![CDATA[]]></message></reason><output><![CDATA[]]></output></test-case><test-case id="113" name="tests/test_nafigator.py::TestNafigator_docx::test_11_docx_raw" fullname="tests/test_nafigator.py::TestNafigator_docx::test_11_docx_raw" methodname="test_11_docx_raw" classname="TestNafigator_docx" runstate="Runnable" seed="1" result="Passed" label="" start-time="2023-03-16 09:12:07.530387" end-time="2023-03-16 09:12:07.532388" duration="0.002001" asserts="0"><properties><property name="python-version" value="3.9.13 (main, Aug 25 2022, 23:51:50) [MSC v.1916 64 bit (AMD64)]" /><property name="fspath" value="tests/test_nafigator.py" /></properties><environment framework-version="3.6.2" clr-version="3.9.13 (main, Aug 25 2022, 23:51:50) [MSC v.1916 64 bit (AMD64)]" os-version="10" platform="Windows" cwd="C:\Users\lsevereijns\Documents\nafigator" machine-name="AMD64" user="" user-domain="" culture="en_US" uiculture="en_US" os-architecture="64bit" /><failure><message><![CDATA[]]></message><stack-trace><![CDATA[None]]></stack-trace></failure><reason><message><![CDATA[]]></message></reason><output><![CDATA[]]></output></test-case><test-case id="114" name="tests/test_nafigator.py::TestNafigator_docx::test_1_docx_generate_naf" fullname="tests/test_nafigator.py::TestNafigator_docx::test_1_docx_generate_naf" methodname="test_1_docx_generate_naf" classname="TestNafigator_docx" runstate="Runnable" seed="1" result="Passed" label="" start-time="2023-03-16 09:12:07.532388" end-time="2023-03-16 09:12:10.353302" duration="2.820914" asserts="0"><properties><property name="python-version" value="3.9.13 (main, Aug 25 2022, 23:51:50) [MSC v.1916 64 bit (AMD64)]" /><property name="fspath" value="tests/test_nafigator.py" /></properties><environment framework-version="3.6.2" clr-version="3.9.13 (main, Aug 25 2022, 23:51:50) [MSC v.1916 64 bit (AMD64)]" os-version="10" platform="Windows" cwd="C:\Users\lsevereijns\Documents\nafigator" machine-name="AMD64" user="" user-domain="" culture="en_US" uiculture="en_US" os-architecture="64bit" /><failure><message><![CDATA[]]></message><stack-trace><![CDATA[None]]></stack-trace></failure><reason><message><![CDATA[]]></message></reason><output><![CDATA[]]></output></test-case><test-case id="115" name="tests/test_nafigator.py::TestNafigator_docx::test_2_docx_header_filedesc" fullname="tests/test_nafigator.py::TestNafigator_docx::test_2_docx_header_filedesc" methodname="test_2_docx_header_filedesc" classname="TestNafigator_docx" runstate="Runnable" seed="1" result="Passed" label="" start-time="2023-03-16 09:12:10.354303" end-time="2023-03-16 09:12:10.362304" duration="0.008001" asserts="0"><properties><property name="python-version" value="3.9.13 (main, Aug 25 2022, 23:51:50) [MSC v.1916 64 bit (AMD64)]" /><property name="fspath" value="tests/test_nafigator.py" /></properties><environment framework-version="3.6.2" clr-version="3.9.13 (main, Aug 25 2022, 23:51:50) [MSC v.1916 64 bit (AMD64)]" os-version="10" platform="Windows" cwd="C:\Users\lsevereijns\Documents\nafigator" machine-name="AMD64" user="" user-domain="" culture="en_US" uiculture="en_US" os-architecture="64bit" /><failure><message><![CDATA[]]></message><stack-trace><![CDATA[None]]></stack-trace></failure><reason><message><![CDATA[]]></message></reason><output><![CDATA[]]></output></test-case><test-case id="116" name="tests/test_nafigator.py::TestNafigator_docx::test_3_docx_header_public" fullname="tests/test_nafigator.py::TestNafigator_docx::test_3_docx_header_public" methodname="test_3_docx_header_public" classname="TestNafigator_docx" runstate="Runnable" seed="1" result="Passed" label="" start-time="2023-03-16 09:12:10.362304" end-time="2023-03-16 09:12:10.364306" duration="0.002002" asserts="0"><properties><property name="python-version" value="3.9.13 (main, Aug 25 2022, 23:51:50) [MSC v.1916 64 bit (AMD64)]" /><property name="fspath" value="tests/test_nafigator.py" /></properties><environment framework-version="3.6.2" clr-version="3.9.13 (main, Aug 25 2022, 23:51:50) [MSC v.1916 64 bit (AMD64)]" os-version="10" platform="Windows" cwd="C:\Users\lsevereijns\Documents\nafigator" machine-name="AMD64" user="" user-domain="" culture="en_US" uiculture="en_US" os-architecture="64bit" /><failure><message><![CDATA[]]></message><stack-trace><![CDATA[None]]></stack-trace></failure><reason><message><![CDATA[]]></message></reason><output><![CDATA[]]></output></test-case><test-case id="117" name="tests/test_nafigator.py::TestNafigator_docx::test_6_docx_entities" fullname="tests/test_nafigator.py::TestNafigator_docx::test_6_docx_entities" methodname="test_6_docx_entities" classname="TestNafigator_docx" runstate="Runnable" seed="1" result="Passed" label="" start-time="2023-03-16 09:12:10.365303" end-time="2023-03-16 09:12:10.366302" duration="0.000999" asserts="0"><properties><property name="python-version" value="3.9.13 (main, Aug 25 2022, 23:51:50) [MSC v.1916 64 bit (AMD64)]" /><property name="fspath" value="tests/test_nafigator.py" /></properties><environment framework-version="3.6.2" clr-version="3.9.13 (main, Aug 25 2022, 23:51:50) [MSC v.1916 64 bit (AMD64)]" os-version="10" platform="Windows" cwd="C:\Users\lsevereijns\Documents\nafigator" machine-name="AMD64" user="" user-domain="" culture="en_US" uiculture="en_US" os-architecture="64bit" /><failure><message><![CDATA[]]></message><stack-trace><![CDATA[None]]></stack-trace></failure><reason><message><![CDATA[]]></message></reason><output><![CDATA[]]></output></test-case><test-case id="118" name="tests/test_nafigator.py::TestNafigator_docx::test_7_docx_text" fullname="tests/test_nafigator.py::TestNafigator_docx::test_7_docx_text" methodname="test_7_docx_text" classname="TestNafigator_docx" runstate="Runnable" seed="1" result="Passed" label="" start-time="2023-03-16 09:12:10.367302" end-time="2023-03-16 09:12:10.386306" duration="0.019004" asserts="0"><properties><property name="python-version" value="3.9.13 (main, Aug 25 2022, 23:51:50) [MSC v.1916 64 bit (AMD64)]" /><property name="fspath" value="tests/test_nafigator.py" /></properties><environment framework-version="3.6.2" clr-version="3.9.13 (main, Aug 25 2022, 23:51:50) [MSC v.1916 64 bit (AMD64)]" os-version="10" platform="Windows" cwd="C:\Users\lsevereijns\Documents\nafigator" machine-name="AMD64" user="" user-domain="" culture="en_US" uiculture="en_US" os-architecture="64bit" /><failure><message><![CDATA[]]></message><stack-trace><![CDATA[None]]></stack-trace></failure><reason><message><![CDATA[]]></message></reason><output><![CDATA[]]></output></test-case><environment framework-version="3.6.2" clr-version="3.9.13 (main, Aug 25 2022, 23:51:50) [MSC v.1916 64 bit (AMD64)]" os-version="10" platform="Windows" cwd="C:\Users\lsevereijns\Documents\nafigator" machine-name="AMD64" user="" user-domain="" culture="en_US" uiculture="en_US" os-architecture="64bit" /></test-suite></test-run>