<test-run id="2" testcasecount="0" result="Passed" start-time="2023-03-15 14:04:11.159743" end-time="2023-03-15 14:04:14.342598" duration="3" total="0" passed="0" failed="0" inconclusive="0" skipped="0" asserts="0" clr-version="3.9.13 (main, Aug 25 2022, 23:51:50) [MSC v.1916 64 bit (AMD64)]" engine-version="3.6.2"><command-line>C:\ProgramData\Anaconda3\Scripts\pytest tests/</command-line><filter><test re="0">tests/</test></filter><test-suite id="tests/test_preprocessprocessor.py::TestConverter" name="tests/test_preprocessprocessor.py::TestConverter" fullname="tests/test_preprocessprocessor.py::TestConverter" methodname="" classname="" runstate="Runnable" type="Assembly" testcasecount="0" result="Passed" label="" start-time="0001-01-01 00:00:00.000000" end-time="0001-01-01 00:00:00.000000" duration="0.0" asserts="0" total="0" passed="0" failed="0" warnings="0" inconclusive="0" skipped="0"><properties><property name="python_version" value="3.9.13 (main, Aug 25 2022, 23:51:50) [MSC v.1916 64 bit (AMD64)]" /></properties><environment framework-version="3.6.2" clr-version="3.9.13 (main, Aug 25 2022, 23:51:50) [MSC v.1916 64 bit (AMD64)]" os-version="10" platform="Windows" cwd="C:\Users\lsevereijns\Documents\nafigator" machine-name="AMD64" user="" user-domain="" culture="en_US" uiculture="en_US" os-architecture="64bit" /></test-suite><test-suite id="tests/test_parse2naf.py::TestParse2naf" name="tests/test_parse2naf.py::TestParse2naf" fullname="tests/test_parse2naf.py::TestParse2naf" methodname="" classname="" runstate="Runnable" type="Assembly" testcasecount="0" result="Passed" label="The basic class that inherits unittest.TestCase" start-time="0001-01-01 00:00:00.000000" end-time="0001-01-01 00:00:00.000000" duration="0.0" asserts="0" total="0" passed="0" failed="0" warnings="0" inconclusive="0" skipped="0"><properties><property name="python_version" value="3.9.13 (main, Aug 25 2022, 23:51:50) [MSC v.1916 64 bit (AMD64)]" /></properties><environment framework-version="3.6.2" clr-version="3.9.13 (main, Aug 25 2022, 23:51:50) [MSC v.1916 64 bit (AMD64)]" os-version="10" platform="Windows" cwd="C:\Users\lsevereijns\Documents\nafigator" machine-name="AMD64" user="" user-domain="" culture="en_US" uiculture="en_US" os-architecture="64bit" /></test-suite><test-suite id="tests/test_nafdocument.py::TestNafDocument" name="tests/test_nafdocument.py::TestNafDocument" fullname="tests/test_nafdocument.py::TestNafDocument" methodname="" classname="" runstate="Runnable" type="Assembly" testcasecount="0" result="Passed" label="" start-time="0001-01-01 00:00:00.000000" end-time="0001-01-01 00:00:00.000000" duration="0.0" asserts="0" total="0" passed="0" failed="0" warnings="0" inconclusive="0" skipped="0"><properties><property name="python_version" value="3.9.13 (main, Aug 25 2022, 23:51:50) [MSC v.1916 64 bit (AMD64)]" /></properties><environment framework-version="3.6.2" clr-version="3.9.13 (main, Aug 25 2022, 23:51:50) [MSC v.1916 64 bit (AMD64)]" os-version="10" platform="Windows" cwd="C:\Users\lsevereijns\Documents\nafigator" machine-name="AMD64" user="" user-domain="" culture="en_US" uiculture="en_US" os-architecture="64bit" /></test-suite></test-run>